CRITICAL - 2023-09-03 10:58:52 --> Trying to get property 'first_name' of non-object
in APPPATH/Views/register/booking.php on line 42.
 1 APPPATH/Views/register/booking.php(42): CodeIgniter\Debug\Exceptions->errorHandler(8, 'Trying to get property \'first_name\' of non-object', '/Applications/MAMP/htdocs/keluargasehat/app/Views/register/booking.php', 42, [...])
 2 SYSTEMPATH/View/View.php(224): include('/Applications/MAMP/htdocs/keluargasehat/app/Views/register/booking.php')
 3 SYSTEMPATH/View/View.php(227): CodeIgniter\View\View->CodeIgniter\View\{closure}()
 4 SYSTEMPATH/Common.php(1176): CodeIgniter\View\View->render('register/booking', [], true)
 5 APPPATH/Views/layout/wrapper-2.php(9): view('register/booking')
 6 SYSTEMPATH/View/View.php(224): include('/Applications/MAMP/htdocs/keluargasehat/app/Views/layout/wrapper-2.php')
 7 SYSTEMPATH/View/View.php(227): CodeIgniter\View\View->CodeIgniter\View\{closure}()
 8 SYSTEMPATH/Common.php(1176): CodeIgniter\View\View->render('layout/wrapper-2', [], true)
 9 APPPATH/Controllers/Register.php(155): view('layout/wrapper-2', [...])
10 SYSTEMPATH/CodeIgniter.php(932): App\Controllers\Register->booking()
11 SYSTEMPATH/CodeIgniter.php(497): CodeIgniter\CodeIgniter->runController(Object(App\Controllers\Register))
12 SYSTEMPATH/CodeIgniter.php(366): CodeIgniter\CodeIgniter->handleRequest(null, Object(Config\Cache), false)
13 FCPATH/index.php(67): CodeIgniter\CodeIgniter->run()
14 ROOTPATH/index.php(6): require_once('/Applications/MAMP/htdocs/keluargasehat/public/index.php')
CRITICAL - 2023-09-03 11:20:49 --> Invalid file: "patient/booking/index.php"
in SYSTEMPATH/Exceptions/FrameworkException.php on line 33.
 1 SYSTEMPATH/View/View.php(212): CodeIgniter\Exceptions\FrameworkException::forInvalidFile('patient/booking/index.php')
 2 SYSTEMPATH/Common.php(1176): CodeIgniter\View\View->render('patient/booking/index', [], true)
 3 APPPATH/Views/patient/layout/wrapper.php(12): view('patient/booking/index')
 4 SYSTEMPATH/View/View.php(224): include('/Applications/MAMP/htdocs/keluargasehat/app/Views/patient/layout/wrapper.php')
 5 SYSTEMPATH/View/View.php(227): CodeIgniter\View\View->CodeIgniter\View\{closure}()
 6 SYSTEMPATH/Common.php(1176): CodeIgniter\View\View->render('patient/layout/wrapper', [], true)
 7 APPPATH/Controllers/Patient/Booking.php(16): view('patient/layout/wrapper', [...])
 8 SYSTEMPATH/CodeIgniter.php(932): App\Controllers\Patient\Booking->index()
 9 SYSTEMPATH/CodeIgniter.php(497): CodeIgniter\CodeIgniter->runController(Object(App\Controllers\Patient\Booking))
10 SYSTEMPATH/CodeIgniter.php(366): CodeIgniter\CodeIgniter->handleRequest(null, Object(Config\Cache), false)
11 FCPATH/index.php(67): CodeIgniter\CodeIgniter->run()
12 ROOTPATH/index.php(6): require_once('/Applications/MAMP/htdocs/keluargasehat/public/index.php')
CRITICAL - 2023-09-03 11:29:51 --> Invalid file: "patient/booking/history.php"
in SYSTEMPATH/Exceptions/FrameworkException.php on line 33.
 1 SYSTEMPATH/View/View.php(212): CodeIgniter\Exceptions\FrameworkException::forInvalidFile('patient/booking/history.php')
 2 SYSTEMPATH/Common.php(1176): CodeIgniter\View\View->render('patient/booking/history', [], true)
 3 APPPATH/Views/patient/layout/wrapper.php(12): view('patient/booking/history')
 4 SYSTEMPATH/View/View.php(224): include('/Applications/MAMP/htdocs/keluargasehat/app/Views/patient/layout/wrapper.php')
 5 SYSTEMPATH/View/View.php(227): CodeIgniter\View\View->CodeIgniter\View\{closure}()
 6 SYSTEMPATH/Common.php(1176): CodeIgniter\View\View->render('patient/layout/wrapper', [], true)
 7 APPPATH/Controllers/Patient/Booking.php(28): view('patient/layout/wrapper', [...])
 8 SYSTEMPATH/CodeIgniter.php(932): App\Controllers\Patient\Booking->history()
 9 SYSTEMPATH/CodeIgniter.php(497): CodeIgniter\CodeIgniter->runController(Object(App\Controllers\Patient\Booking))
10 SYSTEMPATH/CodeIgniter.php(366): CodeIgniter\CodeIgniter->handleRequest(null, Object(Config\Cache), false)
11 FCPATH/index.php(67): CodeIgniter\CodeIgniter->run()
12 ROOTPATH/index.php(6): require_once('/Applications/MAMP/htdocs/keluargasehat/public/index.php')
CRITICAL - 2023-09-03 11:32:02 --> Trying to get property 'first_name' of non-object
in APPPATH/Views/register/booking.php on line 42.
 1 APPPATH/Views/register/booking.php(42): CodeIgniter\Debug\Exceptions->errorHandler(8, 'Trying to get property \'first_name\' of non-object', '/Applications/MAMP/htdocs/keluargasehat/app/Views/register/booking.php', 42, [...])
 2 SYSTEMPATH/View/View.php(224): include('/Applications/MAMP/htdocs/keluargasehat/app/Views/register/booking.php')
 3 SYSTEMPATH/View/View.php(227): CodeIgniter\View\View->CodeIgniter\View\{closure}()
 4 SYSTEMPATH/Common.php(1176): CodeIgniter\View\View->render('register/booking', [], true)
 5 APPPATH/Views/layout/wrapper-2.php(9): view('register/booking')
 6 SYSTEMPATH/View/View.php(224): include('/Applications/MAMP/htdocs/keluargasehat/app/Views/layout/wrapper-2.php')
 7 SYSTEMPATH/View/View.php(227): CodeIgniter\View\View->CodeIgniter\View\{closure}()
 8 SYSTEMPATH/Common.php(1176): CodeIgniter\View\View->render('layout/wrapper-2', [], true)
 9 APPPATH/Controllers/Register.php(155): view('layout/wrapper-2', [...])
10 SYSTEMPATH/CodeIgniter.php(932): App\Controllers\Register->booking()
11 SYSTEMPATH/CodeIgniter.php(497): CodeIgniter\CodeIgniter->runController(Object(App\Controllers\Register))
12 SYSTEMPATH/CodeIgniter.php(366): CodeIgniter\CodeIgniter->handleRequest(null, Object(Config\Cache), false)
13 FCPATH/index.php(67): CodeIgniter\CodeIgniter->run()
14 ROOTPATH/index.php(6): require_once('/Applications/MAMP/htdocs/keluargasehat/public/index.php')
CRITICAL - 2023-09-03 11:34:49 --> Cannot use isset() on the result of an expression (you can use "null !== expression" instead)
in APPPATH/Controllers/Register.php on line 110.
 1 [internal function]: CodeIgniter\Debug\Exceptions->shutdownHandler()
CRITICAL - 2023-09-03 11:58:28 --> Call to undefined method App\Models\Vaccine_booking_model::patient
in SYSTEMPATH/Model.php on line 838.
 1 APPPATH/Controllers/Patient/Dasbor.php(21): CodeIgniter\Model->__call('patient', [...])
 2 SYSTEMPATH/CodeIgniter.php(932): App\Controllers\Patient\Dasbor->index()
 3 SYSTEMPATH/CodeIgniter.php(497): CodeIgniter\CodeIgniter->runController(Object(App\Controllers\Patient\Dasbor))
 4 SYSTEMPATH/CodeIgniter.php(366): CodeIgniter\CodeIgniter->handleRequest(null, Object(Config\Cache), false)
 5 FCPATH/index.php(67): CodeIgniter\CodeIgniter->run()
 6 ROOTPATH/index.php(6): require_once('/Applications/MAMP/htdocs/keluargasehat/public/index.php')
CRITICAL - 2023-09-03 12:40:23 --> syntax error, unexpected ''content'' (T_CONSTANT_ENCAPSED_STRING), expecting ']'
in APPPATH/Controllers/Patient/Dasbor.php on line 27.
 1 SYSTEMPATH/Router/Router.php(510): CodeIgniter\Router\AutoRouter->getRoute('patient/dasbor', 'get')
 2 SYSTEMPATH/Router/Router.php(208): CodeIgniter\Router\Router->autoRoute('patient/dasbor')
 3 SYSTEMPATH/CodeIgniter.php(813): CodeIgniter\Router\Router->handle('patient/dasbor')
 4 SYSTEMPATH/CodeIgniter.php(447): CodeIgniter\CodeIgniter->tryToRouteIt(Object(CodeIgniter\Router\RouteCollection))
 5 SYSTEMPATH/CodeIgniter.php(366): CodeIgniter\CodeIgniter->handleRequest(null, Object(Config\Cache), false)
 6 FCPATH/index.php(67): CodeIgniter\CodeIgniter->run()
 7 ROOTPATH/index.php(6): require_once('/Applications/MAMP/htdocs/keluargasehat/public/index.php')
CRITICAL - 2023-09-03 13:36:47 --> Undefined property: stdClass::$vaccine_type_name
in APPPATH/Views/patient/dasbor/index.php on line 60.
 1 APPPATH/Views/patient/dasbor/index.php(60): CodeIgniter\Debug\Exceptions->errorHandler(8, 'Undefined property: stdClass::$vaccine_type_name', '/Applications/MAMP/htdocs/keluargasehat/app/Views/patient/dasbor/index.php', 60, [...])
 2 SYSTEMPATH/View/View.php(224): include('/Applications/MAMP/htdocs/keluargasehat/app/Views/patient/dasbor/index.php')
 3 SYSTEMPATH/View/View.php(227): CodeIgniter\View\View->CodeIgniter\View\{closure}()
 4 SYSTEMPATH/Common.php(1176): CodeIgniter\View\View->render('patient/dasbor/index', [], true)
 5 APPPATH/Views/patient/layout/wrapper.php(12): view('patient/dasbor/index')
 6 SYSTEMPATH/View/View.php(224): include('/Applications/MAMP/htdocs/keluargasehat/app/Views/patient/layout/wrapper.php')
 7 SYSTEMPATH/View/View.php(227): CodeIgniter\View\View->CodeIgniter\View\{closure}()
 8 SYSTEMPATH/Common.php(1176): CodeIgniter\View\View->render('patient/layout/wrapper', [], true)
 9 APPPATH/Controllers/Patient/Dasbor.php(30): view('patient/layout/wrapper', [...])
10 SYSTEMPATH/CodeIgniter.php(932): App\Controllers\Patient\Dasbor->index()
11 SYSTEMPATH/CodeIgniter.php(497): CodeIgniter\CodeIgniter->runController(Object(App\Controllers\Patient\Dasbor))
12 SYSTEMPATH/CodeIgniter.php(366): CodeIgniter\CodeIgniter->handleRequest(null, Object(Config\Cache), false)
13 FCPATH/index.php(67): CodeIgniter\CodeIgniter->run()
14 ROOTPATH/index.php(6): require_once('/Applications/MAMP/htdocs/keluargasehat/public/index.php')
