CRITICAL - 2022-11-15 03:43:11 --> Trying to get property 'id_kelas' of non-object
in APPPATH/Controllers/Admin/Nilai.php on line 60.
 1 APPPATH/Controllers/Admin/Nilai.php(60): CodeIgniter\Debug\Exceptions->errorHandler(8, 'Trying to get property \'id_kelas\' of non-object', 'APPPATH/Controllers/Admin/Nilai.php', 60, [...])
 2 SYSTEMPATH/CodeIgniter.php(927): App\Controllers\Admin\Nilai->kelas('2', 'ajax.php')
 3 SYSTEMPATH/CodeIgniter.php(482): CodeIgniter\CodeIgniter->runController(Object(App\Controllers\Admin\Nilai))
 4 SYSTEMPATH/CodeIgniter.php(351): CodeIgniter\CodeIgniter->handleRequest(null, Object(Config\Cache), false)
 5 FCPATH/index.php(67): CodeIgniter\CodeIgniter->run()
 6 ROOTPATH/index.php(6): require_once('FCPATH/index.php')
CRITICAL - 2022-11-15 03:47:39 --> Invalid file: admin/surat/index.php
in SYSTEMPATH/Exceptions/FrameworkException.php on line 33.
 1 SYSTEMPATH/View/View.php(201): CodeIgniter\Exceptions\FrameworkException::forInvalidFile('admin/surat/index.php')
 2 SYSTEMPATH/Common.php(1134): CodeIgniter\View\View->render('admin/surat/index', [], true)
 3 APPPATH/Views/admin/layout/wrapper.php(13): view('admin/surat/index')
 4 SYSTEMPATH/View/View.php(213): include('APPPATH/Views/admin/layout/wrapper.php')
 5 SYSTEMPATH/View/View.php(216): CodeIgniter\View\View->CodeIgniter\View\{closure}()
 6 SYSTEMPATH/Common.php(1134): CodeIgniter\View\View->render('admin/layout/wrapper', [], true)
 7 APPPATH/Controllers/Admin/Surat.php(42): view('admin/layout/wrapper', [...])
 8 SYSTEMPATH/CodeIgniter.php(927): App\Controllers\Admin\Surat->index()
 9 SYSTEMPATH/CodeIgniter.php(482): CodeIgniter\CodeIgniter->runController(Object(App\Controllers\Admin\Surat))
10 SYSTEMPATH/CodeIgniter.php(351): CodeIgniter\CodeIgniter->handleRequest(null, Object(Config\Cache), false)
11 FCPATH/index.php(67): CodeIgniter\CodeIgniter->run()
12 ROOTPATH/index.php(6): require_once('FCPATH/index.php')
CRITICAL - 2022-11-15 03:56:31 --> Trying to get property 'id_surat' of non-object
in APPPATH/Controllers/Admin/Surat.php on line 51.
 1 APPPATH/Controllers/Admin/Surat.php(51): CodeIgniter\Debug\Exceptions->errorHandler(8, 'Trying to get property \'id_surat\' of non-object', 'APPPATH/Controllers/Admin/Surat.php', 51, [...])
 2 SYSTEMPATH/CodeIgniter.php(927): App\Controllers\Admin\Surat->urutkan()
 3 SYSTEMPATH/CodeIgniter.php(482): CodeIgniter\CodeIgniter->runController(Object(App\Controllers\Admin\Surat))
 4 SYSTEMPATH/CodeIgniter.php(351): CodeIgniter\CodeIgniter->handleRequest(null, Object(Config\Cache), false)
 5 FCPATH/index.php(67): CodeIgniter\CodeIgniter->run()
 6 ROOTPATH/index.php(6): require_once('FCPATH/index.php')
CRITICAL - 2022-11-15 04:09:25 --> Trying to get property 'nama_surat' of non-object
in APPPATH/Controllers/Admin/Surat.php on line 87.
 1 APPPATH/Controllers/Admin/Surat.php(87): CodeIgniter\Debug\Exceptions->errorHandler(8, 'Trying to get property \'nama_surat\' of non-object', 'APPPATH/Controllers/Admin/Surat.php', 87, [...])
 2 SYSTEMPATH/CodeIgniter.php(927): App\Controllers\Admin\Surat->edit('ajax.php')
 3 SYSTEMPATH/CodeIgniter.php(482): CodeIgniter\CodeIgniter->runController(Object(App\Controllers\Admin\Surat))
 4 SYSTEMPATH/CodeIgniter.php(351): CodeIgniter\CodeIgniter->handleRequest(null, Object(Config\Cache), false)
 5 FCPATH/index.php(67): CodeIgniter\CodeIgniter->run()
 6 ROOTPATH/index.php(6): require_once('FCPATH/index.php')
CRITICAL - 2022-11-15 04:09:56 --> Trying to get property 'nama_surat' of non-object
in APPPATH/Controllers/Admin/Surat.php on line 87.
 1 APPPATH/Controllers/Admin/Surat.php(87): CodeIgniter\Debug\Exceptions->errorHandler(8, 'Trying to get property \'nama_surat\' of non-object', 'APPPATH/Controllers/Admin/Surat.php', 87, [...])
 2 SYSTEMPATH/CodeIgniter.php(927): App\Controllers\Admin\Surat->edit('ajax.php')
 3 SYSTEMPATH/CodeIgniter.php(482): CodeIgniter\CodeIgniter->runController(Object(App\Controllers\Admin\Surat))
 4 SYSTEMPATH/CodeIgniter.php(351): CodeIgniter\CodeIgniter->handleRequest(null, Object(Config\Cache), false)
 5 FCPATH/index.php(67): CodeIgniter\CodeIgniter->run()
 6 ROOTPATH/index.php(6): require_once('FCPATH/index.php')
