CRITICAL - 2023-09-08 15:31:48 --> Invalid file: "patient/akun/password.php"
in SYSTEMPATH/Exceptions/FrameworkException.php on line 33.
 1 SYSTEMPATH/View/View.php(212): CodeIgniter\Exceptions\FrameworkException::forInvalidFile('patient/akun/password.php')
 2 SYSTEMPATH/Common.php(1176): CodeIgniter\View\View->render('patient/akun/password', [], true)
 3 APPPATH/Views/patient/layout/wrapper.php(12): view('patient/akun/password')
 4 SYSTEMPATH/View/View.php(224): include('/Applications/MAMP/htdocs/keluargasehat/app/Views/patient/layout/wrapper.php')
 5 SYSTEMPATH/View/View.php(227): CodeIgniter\View\View->CodeIgniter\View\{closure}()
 6 SYSTEMPATH/Common.php(1176): CodeIgniter\View\View->render('patient/layout/wrapper', [], true)
 7 APPPATH/Controllers/Patient/Akun.php(122): view('patient/layout/wrapper', [...])
 8 SYSTEMPATH/CodeIgniter.php(932): App\Controllers\Patient\Akun->password()
 9 SYSTEMPATH/CodeIgniter.php(497): CodeIgniter\CodeIgniter->runController(Object(App\Controllers\Patient\Akun))
10 SYSTEMPATH/CodeIgniter.php(366): CodeIgniter\CodeIgniter->handleRequest(null, Object(Config\Cache), false)
11 FCPATH/index.php(67): CodeIgniter\CodeIgniter->run()
12 ROOTPATH/index.php(6): require_once('/Applications/MAMP/htdocs/keluargasehat/public/index.php')
CRITICAL - 2023-09-08 16:04:57 --> Invalid file: "admin/vaccine_booking/index.php"
in SYSTEMPATH/Exceptions/FrameworkException.php on line 33.
 1 SYSTEMPATH/View/View.php(212): CodeIgniter\Exceptions\FrameworkException::forInvalidFile('admin/vaccine_booking/index.php')
 2 SYSTEMPATH/Common.php(1176): CodeIgniter\View\View->render('admin/vaccine_booking/index', [], true)
 3 APPPATH/Views/admin/layout/wrapper.php(13): view('admin/vaccine_booking/index')
 4 SYSTEMPATH/View/View.php(224): include('/Applications/MAMP/htdocs/keluargasehat/app/Views/admin/layout/wrapper.php')
 5 SYSTEMPATH/View/View.php(227): CodeIgniter\View\View->CodeIgniter\View\{closure}()
 6 SYSTEMPATH/Common.php(1176): CodeIgniter\View\View->render('admin/layout/wrapper', [], true)
 7 APPPATH/Controllers/Admin/Vaccine_booking.php(14): view('admin/layout/wrapper', [...])
 8 SYSTEMPATH/CodeIgniter.php(932): App\Controllers\Admin\Vaccine_booking->index()
 9 SYSTEMPATH/CodeIgniter.php(497): CodeIgniter\CodeIgniter->runController(Object(App\Controllers\Admin\Vaccine_booking))
10 SYSTEMPATH/CodeIgniter.php(366): CodeIgniter\CodeIgniter->handleRequest(null, Object(Config\Cache), false)
11 FCPATH/index.php(67): CodeIgniter\CodeIgniter->run()
12 ROOTPATH/index.php(6): require_once('/Applications/MAMP/htdocs/keluargasehat/public/index.php')
CRITICAL - 2023-09-08 16:24:27 --> Undefined property: stdClass::$id_vaccine_booking
in APPPATH/Views/admin/vaccine_booking/index.php on line 70.
 1 APPPATH/Views/admin/vaccine_booking/index.php(70): CodeIgniter\Debug\Exceptions->errorHandler(8, 'Undefined property: stdClass::$id_vaccine_booking', '/Applications/MAMP/htdocs/keluargasehat/app/Views/admin/vaccine_booking/index.php', 70, [...])
 2 SYSTEMPATH/View/View.php(224): include('/Applications/MAMP/htdocs/keluargasehat/app/Views/admin/vaccine_booking/index.php')
 3 SYSTEMPATH/View/View.php(227): CodeIgniter\View\View->CodeIgniter\View\{closure}()
 4 SYSTEMPATH/Common.php(1176): CodeIgniter\View\View->render('admin/vaccine_booking/index', [], true)
 5 APPPATH/Views/admin/layout/wrapper.php(13): view('admin/vaccine_booking/index')
 6 SYSTEMPATH/View/View.php(224): include('/Applications/MAMP/htdocs/keluargasehat/app/Views/admin/layout/wrapper.php')
 7 SYSTEMPATH/View/View.php(227): CodeIgniter\View\View->CodeIgniter\View\{closure}()
 8 SYSTEMPATH/Common.php(1176): CodeIgniter\View\View->render('admin/layout/wrapper', [], true)
 9 APPPATH/Controllers/Admin/Vaccine_booking.php(25): view('admin/layout/wrapper', [...])
10 SYSTEMPATH/CodeIgniter.php(932): App\Controllers\Admin\Vaccine_booking->index()
11 SYSTEMPATH/CodeIgniter.php(497): CodeIgniter\CodeIgniter->runController(Object(App\Controllers\Admin\Vaccine_booking))
12 SYSTEMPATH/CodeIgniter.php(366): CodeIgniter\CodeIgniter->handleRequest(null, Object(Config\Cache), false)
13 FCPATH/index.php(67): CodeIgniter\CodeIgniter->run()
14 ROOTPATH/index.php(6): require_once('/Applications/MAMP/htdocs/keluargasehat/public/index.php')
CRITICAL - 2023-09-08 16:53:46 --> Undefined property: stdClass::$id_vaccine_booking
in APPPATH/Views/admin/vaccine_booking/index.php on line 72.
 1 APPPATH/Views/admin/vaccine_booking/index.php(72): CodeIgniter\Debug\Exceptions->errorHandler(8, 'Undefined property: stdClass::$id_vaccine_booking', '/Applications/MAMP/htdocs/keluargasehat/app/Views/admin/vaccine_booking/index.php', 72, [...])
 2 SYSTEMPATH/View/View.php(224): include('/Applications/MAMP/htdocs/keluargasehat/app/Views/admin/vaccine_booking/index.php')
 3 SYSTEMPATH/View/View.php(227): CodeIgniter\View\View->CodeIgniter\View\{closure}()
 4 SYSTEMPATH/Common.php(1176): CodeIgniter\View\View->render('admin/vaccine_booking/index', [], true)
 5 APPPATH/Views/admin/layout/wrapper.php(13): view('admin/vaccine_booking/index')
 6 SYSTEMPATH/View/View.php(224): include('/Applications/MAMP/htdocs/keluargasehat/app/Views/admin/layout/wrapper.php')
 7 SYSTEMPATH/View/View.php(227): CodeIgniter\View\View->CodeIgniter\View\{closure}()
 8 SYSTEMPATH/Common.php(1176): CodeIgniter\View\View->render('admin/layout/wrapper', [], true)
 9 APPPATH/Controllers/Admin/Vaccine_booking.php(25): view('admin/layout/wrapper', [...])
10 SYSTEMPATH/CodeIgniter.php(932): App\Controllers\Admin\Vaccine_booking->index()
11 SYSTEMPATH/CodeIgniter.php(497): CodeIgniter\CodeIgniter->runController(Object(App\Controllers\Admin\Vaccine_booking))
12 SYSTEMPATH/CodeIgniter.php(366): CodeIgniter\CodeIgniter->handleRequest(null, Object(Config\Cache), false)
13 FCPATH/index.php(67): CodeIgniter\CodeIgniter->run()
14 ROOTPATH/index.php(6): require_once('/Applications/MAMP/htdocs/keluargasehat/public/index.php')
