CRITICAL - 2023-09-24 17:01:43 --> Trying to get property 'id_berita' of non-object
in APPPATH/Controllers/Layanan.php on line 49.
 1 APPPATH/Controllers/Layanan.php(49): CodeIgniter\Debug\Exceptions->errorHandler(8, 'Trying to get property \'id_berita\' of non-object', '/Applications/MAMP/htdocs/keluargasehat/app/Controllers/Layanan.php', 49, [...])
 2 SYSTEMPATH/CodeIgniter.php(932): App\Controllers\Layanan->detail('assets', 'img', 'cart', 'cart_1_2.jpg')
 3 SYSTEMPATH/CodeIgniter.php(497): CodeIgniter\CodeIgniter->runController(Object(App\Controllers\Layanan))
 4 SYSTEMPATH/CodeIgniter.php(366): CodeIgniter\CodeIgniter->handleRequest(null, Object(Config\Cache), false)
 5 FCPATH/index.php(67): CodeIgniter\CodeIgniter->run()
 6 ROOTPATH/index.php(6): require_once('/Applications/MAMP/htdocs/keluargasehat/public/index.php')
CRITICAL - 2023-09-24 17:01:43 --> Trying to get property 'id_berita' of non-object
in APPPATH/Controllers/Layanan.php on line 49.
 1 APPPATH/Controllers/Layanan.php(49): CodeIgniter\Debug\Exceptions->errorHandler(8, 'Trying to get property \'id_berita\' of non-object', '/Applications/MAMP/htdocs/keluargasehat/app/Controllers/Layanan.php', 49, [...])
 2 SYSTEMPATH/CodeIgniter.php(932): App\Controllers\Layanan->detail('assets', 'img', 'cart', 'cart_1_1.jpg')
 3 SYSTEMPATH/CodeIgniter.php(497): CodeIgniter\CodeIgniter->runController(Object(App\Controllers\Layanan))
 4 SYSTEMPATH/CodeIgniter.php(366): CodeIgniter\CodeIgniter->handleRequest(null, Object(Config\Cache), false)
 5 FCPATH/index.php(67): CodeIgniter\CodeIgniter->run()
 6 ROOTPATH/index.php(6): require_once('/Applications/MAMP/htdocs/keluargasehat/public/index.php')
CRITICAL - 2023-09-24 17:01:43 --> Trying to get property 'id_berita' of non-object
in APPPATH/Controllers/Layanan.php on line 49.
 1 APPPATH/Controllers/Layanan.php(49): CodeIgniter\Debug\Exceptions->errorHandler(8, 'Trying to get property \'id_berita\' of non-object', '/Applications/MAMP/htdocs/keluargasehat/app/Controllers/Layanan.php', 49, [...])
 2 SYSTEMPATH/CodeIgniter.php(932): App\Controllers\Layanan->detail('assets', 'img', 'cart', 'cart_1_5.jpg')
 3 SYSTEMPATH/CodeIgniter.php(497): CodeIgniter\CodeIgniter->runController(Object(App\Controllers\Layanan))
 4 SYSTEMPATH/CodeIgniter.php(366): CodeIgniter\CodeIgniter->handleRequest(null, Object(Config\Cache), false)
 5 FCPATH/index.php(67): CodeIgniter\CodeIgniter->run()
 6 ROOTPATH/index.php(6): require_once('/Applications/MAMP/htdocs/keluargasehat/public/index.php')
CRITICAL - 2023-09-24 17:01:43 --> Trying to get property 'id_berita' of non-object
in APPPATH/Controllers/Layanan.php on line 49.
 1 APPPATH/Controllers/Layanan.php(49): CodeIgniter\Debug\Exceptions->errorHandler(8, 'Trying to get property \'id_berita\' of non-object', '/Applications/MAMP/htdocs/keluargasehat/app/Controllers/Layanan.php', 49, [...])
 2 SYSTEMPATH/CodeIgniter.php(932): App\Controllers\Layanan->detail('assets', 'img', 'cart', 'cart_1_3.jpg')
 3 SYSTEMPATH/CodeIgniter.php(497): CodeIgniter\CodeIgniter->runController(Object(App\Controllers\Layanan))
 4 SYSTEMPATH/CodeIgniter.php(366): CodeIgniter\CodeIgniter->handleRequest(null, Object(Config\Cache), false)
 5 FCPATH/index.php(67): CodeIgniter\CodeIgniter->run()
 6 ROOTPATH/index.php(6): require_once('/Applications/MAMP/htdocs/keluargasehat/public/index.php')
CRITICAL - 2023-09-24 17:01:43 --> Trying to get property 'id_berita' of non-object
in APPPATH/Controllers/Layanan.php on line 49.
 1 APPPATH/Controllers/Layanan.php(49): CodeIgniter\Debug\Exceptions->errorHandler(8, 'Trying to get property \'id_berita\' of non-object', '/Applications/MAMP/htdocs/keluargasehat/app/Controllers/Layanan.php', 49, [...])
 2 SYSTEMPATH/CodeIgniter.php(932): App\Controllers\Layanan->detail('assets', 'img', 'cart', 'cart_1_4.jpg')
 3 SYSTEMPATH/CodeIgniter.php(497): CodeIgniter\CodeIgniter->runController(Object(App\Controllers\Layanan))
 4 SYSTEMPATH/CodeIgniter.php(366): CodeIgniter\CodeIgniter->handleRequest(null, Object(Config\Cache), false)
 5 FCPATH/index.php(67): CodeIgniter\CodeIgniter->run()
 6 ROOTPATH/index.php(6): require_once('/Applications/MAMP/htdocs/keluargasehat/public/index.php')
CRITICAL - 2023-09-24 17:01:48 --> Trying to get property 'id_berita' of non-object
in APPPATH/Controllers/Layanan.php on line 49.
 1 APPPATH/Controllers/Layanan.php(49): CodeIgniter\Debug\Exceptions->errorHandler(8, 'Trying to get property \'id_berita\' of non-object', '/Applications/MAMP/htdocs/keluargasehat/app/Controllers/Layanan.php', 49, [...])
 2 SYSTEMPATH/CodeIgniter.php(932): App\Controllers\Layanan->detail('assets', 'img', 'cart', 'cart_1_1.jpg')
 3 SYSTEMPATH/CodeIgniter.php(497): CodeIgniter\CodeIgniter->runController(Object(App\Controllers\Layanan))
 4 SYSTEMPATH/CodeIgniter.php(366): CodeIgniter\CodeIgniter->handleRequest(null, Object(Config\Cache), false)
 5 FCPATH/index.php(67): CodeIgniter\CodeIgniter->run()
 6 ROOTPATH/index.php(6): require_once('/Applications/MAMP/htdocs/keluargasehat/public/index.php')
CRITICAL - 2023-09-24 17:01:48 --> Trying to get property 'id_berita' of non-object
in APPPATH/Controllers/Layanan.php on line 49.
 1 APPPATH/Controllers/Layanan.php(49): CodeIgniter\Debug\Exceptions->errorHandler(8, 'Trying to get property \'id_berita\' of non-object', '/Applications/MAMP/htdocs/keluargasehat/app/Controllers/Layanan.php', 49, [...])
 2 SYSTEMPATH/CodeIgniter.php(932): App\Controllers\Layanan->detail('assets', 'img', 'cart', 'cart_1_2.jpg')
 3 SYSTEMPATH/CodeIgniter.php(497): CodeIgniter\CodeIgniter->runController(Object(App\Controllers\Layanan))
 4 SYSTEMPATH/CodeIgniter.php(366): CodeIgniter\CodeIgniter->handleRequest(null, Object(Config\Cache), false)
 5 FCPATH/index.php(67): CodeIgniter\CodeIgniter->run()
 6 ROOTPATH/index.php(6): require_once('/Applications/MAMP/htdocs/keluargasehat/public/index.php')
CRITICAL - 2023-09-24 17:01:48 --> Trying to get property 'id_berita' of non-object
in APPPATH/Controllers/Layanan.php on line 49.
 1 APPPATH/Controllers/Layanan.php(49): CodeIgniter\Debug\Exceptions->errorHandler(8, 'Trying to get property \'id_berita\' of non-object', '/Applications/MAMP/htdocs/keluargasehat/app/Controllers/Layanan.php', 49, [...])
 2 SYSTEMPATH/CodeIgniter.php(932): App\Controllers\Layanan->detail('assets', 'img', 'cart', 'cart_1_3.jpg')
 3 SYSTEMPATH/CodeIgniter.php(497): CodeIgniter\CodeIgniter->runController(Object(App\Controllers\Layanan))
 4 SYSTEMPATH/CodeIgniter.php(366): CodeIgniter\CodeIgniter->handleRequest(null, Object(Config\Cache), false)
 5 FCPATH/index.php(67): CodeIgniter\CodeIgniter->run()
 6 ROOTPATH/index.php(6): require_once('/Applications/MAMP/htdocs/keluargasehat/public/index.php')
CRITICAL - 2023-09-24 17:01:48 --> Trying to get property 'id_berita' of non-object
in APPPATH/Controllers/Layanan.php on line 49.
 1 APPPATH/Controllers/Layanan.php(49): CodeIgniter\Debug\Exceptions->errorHandler(8, 'Trying to get property \'id_berita\' of non-object', '/Applications/MAMP/htdocs/keluargasehat/app/Controllers/Layanan.php', 49, [...])
 2 SYSTEMPATH/CodeIgniter.php(932): App\Controllers\Layanan->detail('assets', 'img', 'cart', 'cart_1_5.jpg')
 3 SYSTEMPATH/CodeIgniter.php(497): CodeIgniter\CodeIgniter->runController(Object(App\Controllers\Layanan))
 4 SYSTEMPATH/CodeIgniter.php(366): CodeIgniter\CodeIgniter->handleRequest(null, Object(Config\Cache), false)
 5 FCPATH/index.php(67): CodeIgniter\CodeIgniter->run()
 6 ROOTPATH/index.php(6): require_once('/Applications/MAMP/htdocs/keluargasehat/public/index.php')
CRITICAL - 2023-09-24 17:01:48 --> Trying to get property 'id_berita' of non-object
in APPPATH/Controllers/Layanan.php on line 49.
 1 APPPATH/Controllers/Layanan.php(49): CodeIgniter\Debug\Exceptions->errorHandler(8, 'Trying to get property \'id_berita\' of non-object', '/Applications/MAMP/htdocs/keluargasehat/app/Controllers/Layanan.php', 49, [...])
 2 SYSTEMPATH/CodeIgniter.php(932): App\Controllers\Layanan->detail('assets', 'img', 'cart', 'cart_1_4.jpg')
 3 SYSTEMPATH/CodeIgniter.php(497): CodeIgniter\CodeIgniter->runController(Object(App\Controllers\Layanan))
 4 SYSTEMPATH/CodeIgniter.php(366): CodeIgniter\CodeIgniter->handleRequest(null, Object(Config\Cache), false)
 5 FCPATH/index.php(67): CodeIgniter\CodeIgniter->run()
 6 ROOTPATH/index.php(6): require_once('/Applications/MAMP/htdocs/keluargasehat/public/index.php')
CRITICAL - 2023-09-24 17:03:23 --> Trying to get property 'id_berita' of non-object
in APPPATH/Controllers/Layanan.php on line 49.
 1 APPPATH/Controllers/Layanan.php(49): CodeIgniter\Debug\Exceptions->errorHandler(8, 'Trying to get property \'id_berita\' of non-object', '/Applications/MAMP/htdocs/keluargasehat/app/Controllers/Layanan.php', 49, [...])
 2 SYSTEMPATH/CodeIgniter.php(932): App\Controllers\Layanan->detail('assets', 'img', 'cart', 'cart_1_1.jpg')
 3 SYSTEMPATH/CodeIgniter.php(497): CodeIgniter\CodeIgniter->runController(Object(App\Controllers\Layanan))
 4 SYSTEMPATH/CodeIgniter.php(366): CodeIgniter\CodeIgniter->handleRequest(null, Object(Config\Cache), false)
 5 FCPATH/index.php(67): CodeIgniter\CodeIgniter->run()
 6 ROOTPATH/index.php(6): require_once('/Applications/MAMP/htdocs/keluargasehat/public/index.php')
CRITICAL - 2023-09-24 17:03:23 --> Trying to get property 'id_berita' of non-object
in APPPATH/Controllers/Layanan.php on line 49.
 1 APPPATH/Controllers/Layanan.php(49): CodeIgniter\Debug\Exceptions->errorHandler(8, 'Trying to get property \'id_berita\' of non-object', '/Applications/MAMP/htdocs/keluargasehat/app/Controllers/Layanan.php', 49, [...])
 2 SYSTEMPATH/CodeIgniter.php(932): App\Controllers\Layanan->detail('assets', 'img', 'cart', 'cart_1_2.jpg')
 3 SYSTEMPATH/CodeIgniter.php(497): CodeIgniter\CodeIgniter->runController(Object(App\Controllers\Layanan))
 4 SYSTEMPATH/CodeIgniter.php(366): CodeIgniter\CodeIgniter->handleRequest(null, Object(Config\Cache), false)
 5 FCPATH/index.php(67): CodeIgniter\CodeIgniter->run()
 6 ROOTPATH/index.php(6): require_once('/Applications/MAMP/htdocs/keluargasehat/public/index.php')
CRITICAL - 2023-09-24 17:03:23 --> Trying to get property 'id_berita' of non-object
in APPPATH/Controllers/Layanan.php on line 49.
 1 APPPATH/Controllers/Layanan.php(49): CodeIgniter\Debug\Exceptions->errorHandler(8, 'Trying to get property \'id_berita\' of non-object', '/Applications/MAMP/htdocs/keluargasehat/app/Controllers/Layanan.php', 49, [...])
 2 SYSTEMPATH/CodeIgniter.php(932): App\Controllers\Layanan->detail('assets', 'img', 'cart', 'cart_1_5.jpg')
 3 SYSTEMPATH/CodeIgniter.php(497): CodeIgniter\CodeIgniter->runController(Object(App\Controllers\Layanan))
 4 SYSTEMPATH/CodeIgniter.php(366): CodeIgniter\CodeIgniter->handleRequest(null, Object(Config\Cache), false)
 5 FCPATH/index.php(67): CodeIgniter\CodeIgniter->run()
 6 ROOTPATH/index.php(6): require_once('/Applications/MAMP/htdocs/keluargasehat/public/index.php')
CRITICAL - 2023-09-24 17:03:23 --> Trying to get property 'id_berita' of non-object
in APPPATH/Controllers/Layanan.php on line 49.
 1 APPPATH/Controllers/Layanan.php(49): CodeIgniter\Debug\Exceptions->errorHandler(8, 'Trying to get property \'id_berita\' of non-object', '/Applications/MAMP/htdocs/keluargasehat/app/Controllers/Layanan.php', 49, [...])
 2 SYSTEMPATH/CodeIgniter.php(932): App\Controllers\Layanan->detail('assets', 'img', 'cart', 'cart_1_4.jpg')
 3 SYSTEMPATH/CodeIgniter.php(497): CodeIgniter\CodeIgniter->runController(Object(App\Controllers\Layanan))
 4 SYSTEMPATH/CodeIgniter.php(366): CodeIgniter\CodeIgniter->handleRequest(null, Object(Config\Cache), false)
 5 FCPATH/index.php(67): CodeIgniter\CodeIgniter->run()
 6 ROOTPATH/index.php(6): require_once('/Applications/MAMP/htdocs/keluargasehat/public/index.php')
CRITICAL - 2023-09-24 17:03:23 --> Trying to get property 'id_berita' of non-object
in APPPATH/Controllers/Layanan.php on line 49.
 1 APPPATH/Controllers/Layanan.php(49): CodeIgniter\Debug\Exceptions->errorHandler(8, 'Trying to get property \'id_berita\' of non-object', '/Applications/MAMP/htdocs/keluargasehat/app/Controllers/Layanan.php', 49, [...])
 2 SYSTEMPATH/CodeIgniter.php(932): App\Controllers\Layanan->detail('assets', 'img', 'cart', 'cart_1_3.jpg')
 3 SYSTEMPATH/CodeIgniter.php(497): CodeIgniter\CodeIgniter->runController(Object(App\Controllers\Layanan))
 4 SYSTEMPATH/CodeIgniter.php(366): CodeIgniter\CodeIgniter->handleRequest(null, Object(Config\Cache), false)
 5 FCPATH/index.php(67): CodeIgniter\CodeIgniter->run()
 6 ROOTPATH/index.php(6): require_once('/Applications/MAMP/htdocs/keluargasehat/public/index.php')
CRITICAL - 2023-09-24 17:03:37 --> Trying to get property 'id_berita' of non-object
in APPPATH/Controllers/Layanan.php on line 49.
 1 APPPATH/Controllers/Layanan.php(49): CodeIgniter\Debug\Exceptions->errorHandler(8, 'Trying to get property \'id_berita\' of non-object', '/Applications/MAMP/htdocs/keluargasehat/app/Controllers/Layanan.php', 49, [...])
 2 SYSTEMPATH/CodeIgniter.php(932): App\Controllers\Layanan->detail('assets', 'img', 'cart', 'cart_1_2.jpg')
 3 SYSTEMPATH/CodeIgniter.php(497): CodeIgniter\CodeIgniter->runController(Object(App\Controllers\Layanan))
 4 SYSTEMPATH/CodeIgniter.php(366): CodeIgniter\CodeIgniter->handleRequest(null, Object(Config\Cache), false)
 5 FCPATH/index.php(67): CodeIgniter\CodeIgniter->run()
 6 ROOTPATH/index.php(6): require_once('/Applications/MAMP/htdocs/keluargasehat/public/index.php')
CRITICAL - 2023-09-24 17:03:37 --> Trying to get property 'id_berita' of non-object
in APPPATH/Controllers/Layanan.php on line 49.
 1 APPPATH/Controllers/Layanan.php(49): CodeIgniter\Debug\Exceptions->errorHandler(8, 'Trying to get property \'id_berita\' of non-object', '/Applications/MAMP/htdocs/keluargasehat/app/Controllers/Layanan.php', 49, [...])
 2 SYSTEMPATH/CodeIgniter.php(932): App\Controllers\Layanan->detail('assets', 'img', 'cart', 'cart_1_1.jpg')
 3 SYSTEMPATH/CodeIgniter.php(497): CodeIgniter\CodeIgniter->runController(Object(App\Controllers\Layanan))
 4 SYSTEMPATH/CodeIgniter.php(366): CodeIgniter\CodeIgniter->handleRequest(null, Object(Config\Cache), false)
 5 FCPATH/index.php(67): CodeIgniter\CodeIgniter->run()
 6 ROOTPATH/index.php(6): require_once('/Applications/MAMP/htdocs/keluargasehat/public/index.php')
CRITICAL - 2023-09-24 17:03:37 --> Trying to get property 'id_berita' of non-object
in APPPATH/Controllers/Layanan.php on line 49.
 1 APPPATH/Controllers/Layanan.php(49): CodeIgniter\Debug\Exceptions->errorHandler(8, 'Trying to get property \'id_berita\' of non-object', '/Applications/MAMP/htdocs/keluargasehat/app/Controllers/Layanan.php', 49, [...])
 2 SYSTEMPATH/CodeIgniter.php(932): App\Controllers\Layanan->detail('assets', 'img', 'cart', 'cart_1_5.jpg')
 3 SYSTEMPATH/CodeIgniter.php(497): CodeIgniter\CodeIgniter->runController(Object(App\Controllers\Layanan))
 4 SYSTEMPATH/CodeIgniter.php(366): CodeIgniter\CodeIgniter->handleRequest(null, Object(Config\Cache), false)
 5 FCPATH/index.php(67): CodeIgniter\CodeIgniter->run()
 6 ROOTPATH/index.php(6): require_once('/Applications/MAMP/htdocs/keluargasehat/public/index.php')
CRITICAL - 2023-09-24 17:03:38 --> Trying to get property 'id_berita' of non-object
in APPPATH/Controllers/Layanan.php on line 49.
 1 APPPATH/Controllers/Layanan.php(49): CodeIgniter\Debug\Exceptions->errorHandler(8, 'Trying to get property \'id_berita\' of non-object', '/Applications/MAMP/htdocs/keluargasehat/app/Controllers/Layanan.php', 49, [...])
 2 SYSTEMPATH/CodeIgniter.php(932): App\Controllers\Layanan->detail('assets', 'img', 'cart', 'cart_1_3.jpg')
 3 SYSTEMPATH/CodeIgniter.php(497): CodeIgniter\CodeIgniter->runController(Object(App\Controllers\Layanan))
 4 SYSTEMPATH/CodeIgniter.php(366): CodeIgniter\CodeIgniter->handleRequest(null, Object(Config\Cache), false)
 5 FCPATH/index.php(67): CodeIgniter\CodeIgniter->run()
 6 ROOTPATH/index.php(6): require_once('/Applications/MAMP/htdocs/keluargasehat/public/index.php')
CRITICAL - 2023-09-24 17:03:38 --> Trying to get property 'id_berita' of non-object
in APPPATH/Controllers/Layanan.php on line 49.
 1 APPPATH/Controllers/Layanan.php(49): CodeIgniter\Debug\Exceptions->errorHandler(8, 'Trying to get property \'id_berita\' of non-object', '/Applications/MAMP/htdocs/keluargasehat/app/Controllers/Layanan.php', 49, [...])
 2 SYSTEMPATH/CodeIgniter.php(932): App\Controllers\Layanan->detail('assets', 'img', 'cart', 'cart_1_4.jpg')
 3 SYSTEMPATH/CodeIgniter.php(497): CodeIgniter\CodeIgniter->runController(Object(App\Controllers\Layanan))
 4 SYSTEMPATH/CodeIgniter.php(366): CodeIgniter\CodeIgniter->handleRequest(null, Object(Config\Cache), false)
 5 FCPATH/index.php(67): CodeIgniter\CodeIgniter->run()
 6 ROOTPATH/index.php(6): require_once('/Applications/MAMP/htdocs/keluargasehat/public/index.php')
CRITICAL - 2023-09-24 17:05:24 --> Trying to get property 'id_berita' of non-object
in APPPATH/Controllers/Layanan.php on line 49.
 1 APPPATH/Controllers/Layanan.php(49): CodeIgniter\Debug\Exceptions->errorHandler(8, 'Trying to get property \'id_berita\' of non-object', '/Applications/MAMP/htdocs/keluargasehat/app/Controllers/Layanan.php', 49, [...])
 2 SYSTEMPATH/CodeIgniter.php(932): App\Controllers\Layanan->detail('assets', 'img', 'cart', 'cart_1_1.jpg')
 3 SYSTEMPATH/CodeIgniter.php(497): CodeIgniter\CodeIgniter->runController(Object(App\Controllers\Layanan))
 4 SYSTEMPATH/CodeIgniter.php(366): CodeIgniter\CodeIgniter->handleRequest(null, Object(Config\Cache), false)
 5 FCPATH/index.php(67): CodeIgniter\CodeIgniter->run()
 6 ROOTPATH/index.php(6): require_once('/Applications/MAMP/htdocs/keluargasehat/public/index.php')
CRITICAL - 2023-09-24 17:05:24 --> Trying to get property 'id_berita' of non-object
in APPPATH/Controllers/Layanan.php on line 49.
 1 APPPATH/Controllers/Layanan.php(49): CodeIgniter\Debug\Exceptions->errorHandler(8, 'Trying to get property \'id_berita\' of non-object', '/Applications/MAMP/htdocs/keluargasehat/app/Controllers/Layanan.php', 49, [...])
 2 SYSTEMPATH/CodeIgniter.php(932): App\Controllers\Layanan->detail('assets', 'img', 'cart', 'cart_1_2.jpg')
 3 SYSTEMPATH/CodeIgniter.php(497): CodeIgniter\CodeIgniter->runController(Object(App\Controllers\Layanan))
 4 SYSTEMPATH/CodeIgniter.php(366): CodeIgniter\CodeIgniter->handleRequest(null, Object(Config\Cache), false)
 5 FCPATH/index.php(67): CodeIgniter\CodeIgniter->run()
 6 ROOTPATH/index.php(6): require_once('/Applications/MAMP/htdocs/keluargasehat/public/index.php')
CRITICAL - 2023-09-24 17:05:24 --> Trying to get property 'id_berita' of non-object
in APPPATH/Controllers/Layanan.php on line 49.
 1 APPPATH/Controllers/Layanan.php(49): CodeIgniter\Debug\Exceptions->errorHandler(8, 'Trying to get property \'id_berita\' of non-object', '/Applications/MAMP/htdocs/keluargasehat/app/Controllers/Layanan.php', 49, [...])
 2 SYSTEMPATH/CodeIgniter.php(932): App\Controllers\Layanan->detail('assets', 'img', 'cart', 'cart_1_4.jpg')
 3 SYSTEMPATH/CodeIgniter.php(497): CodeIgniter\CodeIgniter->runController(Object(App\Controllers\Layanan))
 4 SYSTEMPATH/CodeIgniter.php(366): CodeIgniter\CodeIgniter->handleRequest(null, Object(Config\Cache), false)
 5 FCPATH/index.php(67): CodeIgniter\CodeIgniter->run()
 6 ROOTPATH/index.php(6): require_once('/Applications/MAMP/htdocs/keluargasehat/public/index.php')
CRITICAL - 2023-09-24 17:05:24 --> Trying to get property 'id_berita' of non-object
in APPPATH/Controllers/Layanan.php on line 49.
 1 APPPATH/Controllers/Layanan.php(49): CodeIgniter\Debug\Exceptions->errorHandler(8, 'Trying to get property \'id_berita\' of non-object', '/Applications/MAMP/htdocs/keluargasehat/app/Controllers/Layanan.php', 49, [...])
 2 SYSTEMPATH/CodeIgniter.php(932): App\Controllers\Layanan->detail('assets', 'img', 'cart', 'cart_1_5.jpg')
 3 SYSTEMPATH/CodeIgniter.php(497): CodeIgniter\CodeIgniter->runController(Object(App\Controllers\Layanan))
 4 SYSTEMPATH/CodeIgniter.php(366): CodeIgniter\CodeIgniter->handleRequest(null, Object(Config\Cache), false)
 5 FCPATH/index.php(67): CodeIgniter\CodeIgniter->run()
 6 ROOTPATH/index.php(6): require_once('/Applications/MAMP/htdocs/keluargasehat/public/index.php')
CRITICAL - 2023-09-24 17:05:24 --> Trying to get property 'id_berita' of non-object
in APPPATH/Controllers/Layanan.php on line 49.
 1 APPPATH/Controllers/Layanan.php(49): CodeIgniter\Debug\Exceptions->errorHandler(8, 'Trying to get property \'id_berita\' of non-object', '/Applications/MAMP/htdocs/keluargasehat/app/Controllers/Layanan.php', 49, [...])
 2 SYSTEMPATH/CodeIgniter.php(932): App\Controllers\Layanan->detail('assets', 'img', 'cart', 'cart_1_3.jpg')
 3 SYSTEMPATH/CodeIgniter.php(497): CodeIgniter\CodeIgniter->runController(Object(App\Controllers\Layanan))
 4 SYSTEMPATH/CodeIgniter.php(366): CodeIgniter\CodeIgniter->handleRequest(null, Object(Config\Cache), false)
 5 FCPATH/index.php(67): CodeIgniter\CodeIgniter->run()
 6 ROOTPATH/index.php(6): require_once('/Applications/MAMP/htdocs/keluargasehat/public/index.php')
CRITICAL - 2023-09-24 17:05:38 --> Trying to get property 'id_berita' of non-object
in APPPATH/Controllers/Berita.php on line 100.
 1 APPPATH/Controllers/Berita.php(100): CodeIgniter\Debug\Exceptions->errorHandler(8, 'Trying to get property \'id_berita\' of non-object', '/Applications/MAMP/htdocs/keluargasehat/app/Controllers/Berita.php', 100, [...])
 2 SYSTEMPATH/CodeIgniter.php(932): App\Controllers\Berita->profil('assets', 'img', 'cart', 'cart_1_1.jpg')
 3 SYSTEMPATH/CodeIgniter.php(497): CodeIgniter\CodeIgniter->runController(Object(App\Controllers\Berita))
 4 SYSTEMPATH/CodeIgniter.php(366): CodeIgniter\CodeIgniter->handleRequest(null, Object(Config\Cache), false)
 5 FCPATH/index.php(67): CodeIgniter\CodeIgniter->run()
 6 ROOTPATH/index.php(6): require_once('/Applications/MAMP/htdocs/keluargasehat/public/index.php')
CRITICAL - 2023-09-24 17:05:38 --> Trying to get property 'id_berita' of non-object
in APPPATH/Controllers/Berita.php on line 100.
 1 APPPATH/Controllers/Berita.php(100): CodeIgniter\Debug\Exceptions->errorHandler(8, 'Trying to get property \'id_berita\' of non-object', '/Applications/MAMP/htdocs/keluargasehat/app/Controllers/Berita.php', 100, [...])
 2 SYSTEMPATH/CodeIgniter.php(932): App\Controllers\Berita->profil('assets', 'img', 'cart', 'cart_1_2.jpg')
 3 SYSTEMPATH/CodeIgniter.php(497): CodeIgniter\CodeIgniter->runController(Object(App\Controllers\Berita))
 4 SYSTEMPATH/CodeIgniter.php(366): CodeIgniter\CodeIgniter->handleRequest(null, Object(Config\Cache), false)
 5 FCPATH/index.php(67): CodeIgniter\CodeIgniter->run()
 6 ROOTPATH/index.php(6): require_once('/Applications/MAMP/htdocs/keluargasehat/public/index.php')
CRITICAL - 2023-09-24 17:05:38 --> Trying to get property 'id_berita' of non-object
in APPPATH/Controllers/Berita.php on line 100.
 1 APPPATH/Controllers/Berita.php(100): CodeIgniter\Debug\Exceptions->errorHandler(8, 'Trying to get property \'id_berita\' of non-object', '/Applications/MAMP/htdocs/keluargasehat/app/Controllers/Berita.php', 100, [...])
 2 SYSTEMPATH/CodeIgniter.php(932): App\Controllers\Berita->profil('assets', 'img', 'cart', 'cart_1_3.jpg')
 3 SYSTEMPATH/CodeIgniter.php(497): CodeIgniter\CodeIgniter->runController(Object(App\Controllers\Berita))
 4 SYSTEMPATH/CodeIgniter.php(366): CodeIgniter\CodeIgniter->handleRequest(null, Object(Config\Cache), false)
 5 FCPATH/index.php(67): CodeIgniter\CodeIgniter->run()
 6 ROOTPATH/index.php(6): require_once('/Applications/MAMP/htdocs/keluargasehat/public/index.php')
CRITICAL - 2023-09-24 17:05:38 --> Trying to get property 'id_berita' of non-object
in APPPATH/Controllers/Berita.php on line 100.
 1 APPPATH/Controllers/Berita.php(100): CodeIgniter\Debug\Exceptions->errorHandler(8, 'Trying to get property \'id_berita\' of non-object', '/Applications/MAMP/htdocs/keluargasehat/app/Controllers/Berita.php', 100, [...])
 2 SYSTEMPATH/CodeIgniter.php(932): App\Controllers\Berita->profil('assets', 'img', 'cart', 'cart_1_5.jpg')
 3 SYSTEMPATH/CodeIgniter.php(497): CodeIgniter\CodeIgniter->runController(Object(App\Controllers\Berita))
 4 SYSTEMPATH/CodeIgniter.php(366): CodeIgniter\CodeIgniter->handleRequest(null, Object(Config\Cache), false)
 5 FCPATH/index.php(67): CodeIgniter\CodeIgniter->run()
 6 ROOTPATH/index.php(6): require_once('/Applications/MAMP/htdocs/keluargasehat/public/index.php')
CRITICAL - 2023-09-24 17:05:38 --> Trying to get property 'id_berita' of non-object
in APPPATH/Controllers/Berita.php on line 100.
 1 APPPATH/Controllers/Berita.php(100): CodeIgniter\Debug\Exceptions->errorHandler(8, 'Trying to get property \'id_berita\' of non-object', '/Applications/MAMP/htdocs/keluargasehat/app/Controllers/Berita.php', 100, [...])
 2 SYSTEMPATH/CodeIgniter.php(932): App\Controllers\Berita->profil('assets', 'img', 'cart', 'cart_1_4.jpg')
 3 SYSTEMPATH/CodeIgniter.php(497): CodeIgniter\CodeIgniter->runController(Object(App\Controllers\Berita))
 4 SYSTEMPATH/CodeIgniter.php(366): CodeIgniter\CodeIgniter->handleRequest(null, Object(Config\Cache), false)
 5 FCPATH/index.php(67): CodeIgniter\CodeIgniter->run()
 6 ROOTPATH/index.php(6): require_once('/Applications/MAMP/htdocs/keluargasehat/public/index.php')
CRITICAL - 2023-09-24 17:08:51 --> Trying to get property 'id_kategori' of non-object
in APPPATH/Controllers/Berita.php on line 47.
 1 APPPATH/Controllers/Berita.php(47): CodeIgniter\Debug\Exceptions->errorHandler(8, 'Trying to get property \'id_kategori\' of non-object', '/Applications/MAMP/htdocs/keluargasehat/app/Controllers/Berita.php', 47, [...])
 2 SYSTEMPATH/CodeIgniter.php(932): App\Controllers\Berita->kategori('assets', 'img', 'cart', 'cart_1_2.jpg')
 3 SYSTEMPATH/CodeIgniter.php(497): CodeIgniter\CodeIgniter->runController(Object(App\Controllers\Berita))
 4 SYSTEMPATH/CodeIgniter.php(366): CodeIgniter\CodeIgniter->handleRequest(null, Object(Config\Cache), false)
 5 FCPATH/index.php(67): CodeIgniter\CodeIgniter->run()
 6 ROOTPATH/index.php(6): require_once('/Applications/MAMP/htdocs/keluargasehat/public/index.php')
CRITICAL - 2023-09-24 17:08:51 --> Trying to get property 'id_kategori' of non-object
in APPPATH/Controllers/Berita.php on line 47.
 1 APPPATH/Controllers/Berita.php(47): CodeIgniter\Debug\Exceptions->errorHandler(8, 'Trying to get property \'id_kategori\' of non-object', '/Applications/MAMP/htdocs/keluargasehat/app/Controllers/Berita.php', 47, [...])
 2 SYSTEMPATH/CodeIgniter.php(932): App\Controllers\Berita->kategori('assets', 'img', 'cart', 'cart_1_1.jpg')
 3 SYSTEMPATH/CodeIgniter.php(497): CodeIgniter\CodeIgniter->runController(Object(App\Controllers\Berita))
 4 SYSTEMPATH/CodeIgniter.php(366): CodeIgniter\CodeIgniter->handleRequest(null, Object(Config\Cache), false)
 5 FCPATH/index.php(67): CodeIgniter\CodeIgniter->run()
 6 ROOTPATH/index.php(6): require_once('/Applications/MAMP/htdocs/keluargasehat/public/index.php')
CRITICAL - 2023-09-24 17:08:51 --> Trying to get property 'id_kategori' of non-object
in APPPATH/Controllers/Berita.php on line 47.
 1 APPPATH/Controllers/Berita.php(47): CodeIgniter\Debug\Exceptions->errorHandler(8, 'Trying to get property \'id_kategori\' of non-object', '/Applications/MAMP/htdocs/keluargasehat/app/Controllers/Berita.php', 47, [...])
 2 SYSTEMPATH/CodeIgniter.php(932): App\Controllers\Berita->kategori('assets', 'img', 'cart', 'cart_1_5.jpg')
 3 SYSTEMPATH/CodeIgniter.php(497): CodeIgniter\CodeIgniter->runController(Object(App\Controllers\Berita))
 4 SYSTEMPATH/CodeIgniter.php(366): CodeIgniter\CodeIgniter->handleRequest(null, Object(Config\Cache), false)
 5 FCPATH/index.php(67): CodeIgniter\CodeIgniter->run()
 6 ROOTPATH/index.php(6): require_once('/Applications/MAMP/htdocs/keluargasehat/public/index.php')
CRITICAL - 2023-09-24 17:08:51 --> Trying to get property 'id_kategori' of non-object
in APPPATH/Controllers/Berita.php on line 47.
 1 APPPATH/Controllers/Berita.php(47): CodeIgniter\Debug\Exceptions->errorHandler(8, 'Trying to get property \'id_kategori\' of non-object', '/Applications/MAMP/htdocs/keluargasehat/app/Controllers/Berita.php', 47, [...])
 2 SYSTEMPATH/CodeIgniter.php(932): App\Controllers\Berita->kategori('assets', 'img', 'cart', 'cart_1_4.jpg')
 3 SYSTEMPATH/CodeIgniter.php(497): CodeIgniter\CodeIgniter->runController(Object(App\Controllers\Berita))
 4 SYSTEMPATH/CodeIgniter.php(366): CodeIgniter\CodeIgniter->handleRequest(null, Object(Config\Cache), false)
 5 FCPATH/index.php(67): CodeIgniter\CodeIgniter->run()
 6 ROOTPATH/index.php(6): require_once('/Applications/MAMP/htdocs/keluargasehat/public/index.php')
CRITICAL - 2023-09-24 17:08:51 --> Trying to get property 'id_kategori' of non-object
in APPPATH/Controllers/Berita.php on line 47.
 1 APPPATH/Controllers/Berita.php(47): CodeIgniter\Debug\Exceptions->errorHandler(8, 'Trying to get property \'id_kategori\' of non-object', '/Applications/MAMP/htdocs/keluargasehat/app/Controllers/Berita.php', 47, [...])
 2 SYSTEMPATH/CodeIgniter.php(932): App\Controllers\Berita->kategori('assets', 'img', 'cart', 'cart_1_3.jpg')
 3 SYSTEMPATH/CodeIgniter.php(497): CodeIgniter\CodeIgniter->runController(Object(App\Controllers\Berita))
 4 SYSTEMPATH/CodeIgniter.php(366): CodeIgniter\CodeIgniter->handleRequest(null, Object(Config\Cache), false)
 5 FCPATH/index.php(67): CodeIgniter\CodeIgniter->run()
 6 ROOTPATH/index.php(6): require_once('/Applications/MAMP/htdocs/keluargasehat/public/index.php')
