CRITICAL - 2022-11-20 04:09:16 --> Trying to get property 'id_aspek' of non-object
in APPPATH/Views/admin/raport/cetak_siswa.php on line 139.
 1 APPPATH/Views/admin/raport/cetak_siswa.php(139): CodeIgniter\Debug\Exceptions->errorHandler(8, 'Trying to get property \'id_aspek\' of non-object', 'APPPATH/Views/admin/raport/cetak_siswa.php', 139, [...])
 2 SYSTEMPATH/View/View.php(213): include('APPPATH/Views/admin/raport/cetak_siswa.php')
 3 SYSTEMPATH/View/View.php(216): CodeIgniter\View\View->CodeIgniter\View\{closure}()
 4 SYSTEMPATH/Common.php(1134): CodeIgniter\View\View->render('admin/raport/cetak_siswa', [], true)
 5 APPPATH/Controllers/Admin/Raport.php(497): view('admin/raport/cetak_siswa', [...])
 6 SYSTEMPATH/CodeIgniter.php(927): App\Controllers\Admin\Raport->unduh_siswa('2', '1', '1')
 7 SYSTEMPATH/CodeIgniter.php(482): CodeIgniter\CodeIgniter->runController(Object(App\Controllers\Admin\Raport))
 8 SYSTEMPATH/CodeIgniter.php(351): CodeIgniter\CodeIgniter->handleRequest(null, Object(Config\Cache), false)
 9 FCPATH/index.php(67): CodeIgniter\CodeIgniter->run()
10 ROOTPATH/index.php(6): require_once('FCPATH/index.php')
CRITICAL - 2022-11-20 05:07:06 --> syntax error, unexpected '$data' (T_VARIABLE)
in APPPATH/Controllers/Admin/Raport.php on line 476.
 1 SYSTEMPATH/Router/Router.php(499): CodeIgniter\Router\AutoRouter->getRoute('admin/raport/unduh_siswa/2/1/1')
 2 SYSTEMPATH/Router/Router.php(205): CodeIgniter\Router\Router->autoRoute('admin/raport/unduh_siswa/2/1/1')
 3 SYSTEMPATH/CodeIgniter.php(802): CodeIgniter\Router\Router->handle('admin/raport/unduh_siswa/2/1/1')
 4 SYSTEMPATH/CodeIgniter.php(430): CodeIgniter\CodeIgniter->tryToRouteIt(Object(CodeIgniter\Router\RouteCollection))
 5 SYSTEMPATH/CodeIgniter.php(351): CodeIgniter\CodeIgniter->handleRequest(null, Object(Config\Cache), false)
 6 FCPATH/index.php(67): CodeIgniter\CodeIgniter->run()
 7 ROOTPATH/index.php(6): require_once('FCPATH/index.php')
CRITICAL - 2022-11-20 05:07:06 --> syntax error, unexpected '$data' (T_VARIABLE)
in APPPATH/Controllers/Admin/Raport.php on line 476.
 1 SYSTEMPATH/Router/Router.php(499): CodeIgniter\Router\AutoRouter->getRoute('admin/raport/unduh_siswa/2/1/ajax.php')
 2 SYSTEMPATH/Router/Router.php(205): CodeIgniter\Router\Router->autoRoute('admin/raport/unduh_siswa/2/1/ajax.php')
 3 SYSTEMPATH/CodeIgniter.php(802): CodeIgniter\Router\Router->handle('admin/raport/unduh_siswa/2/1/ajax.php')
 4 SYSTEMPATH/CodeIgniter.php(430): CodeIgniter\CodeIgniter->tryToRouteIt(Object(CodeIgniter\Router\RouteCollection))
 5 SYSTEMPATH/CodeIgniter.php(351): CodeIgniter\CodeIgniter->handleRequest(null, Object(Config\Cache), false)
 6 FCPATH/index.php(67): CodeIgniter\CodeIgniter->run()
 7 ROOTPATH/index.php(6): require_once('FCPATH/index.php')
CRITICAL - 2022-11-20 05:07:16 --> Class 'Gambar_raport_model' not found
in APPPATH/Views/admin/raport/cetak_siswa.php on line 10.
 1 SYSTEMPATH/View/View.php(213): include()
 2 SYSTEMPATH/View/View.php(216): CodeIgniter\View\View->CodeIgniter\View\{closure}()
 3 SYSTEMPATH/Common.php(1134): CodeIgniter\View\View->render('admin/raport/cetak_siswa', [], true)
 4 APPPATH/Controllers/Admin/Raport.php(498): view('admin/raport/cetak_siswa', [...])
 5 SYSTEMPATH/CodeIgniter.php(927): App\Controllers\Admin\Raport->unduh_siswa('2', '1', '1')
 6 SYSTEMPATH/CodeIgniter.php(482): CodeIgniter\CodeIgniter->runController(Object(App\Controllers\Admin\Raport))
 7 SYSTEMPATH/CodeIgniter.php(351): CodeIgniter\CodeIgniter->handleRequest(null, Object(Config\Cache), false)
 8 FCPATH/index.php(67): CodeIgniter\CodeIgniter->run()
 9 ROOTPATH/index.php(6): require_once('FCPATH/index.php')
CRITICAL - 2022-11-20 05:07:16 --> Class 'Gambar_raport_model' not found
in APPPATH/Views/admin/raport/cetak_siswa.php on line 10.
 1 SYSTEMPATH/View/View.php(213): include()
 2 SYSTEMPATH/View/View.php(216): CodeIgniter\View\View->CodeIgniter\View\{closure}()
 3 SYSTEMPATH/Common.php(1134): CodeIgniter\View\View->render('admin/raport/cetak_siswa', [], true)
 4 APPPATH/Controllers/Admin/Raport.php(498): view('admin/raport/cetak_siswa', [...])
 5 SYSTEMPATH/CodeIgniter.php(927): App\Controllers\Admin\Raport->unduh_siswa('2', '1', 'ajax.php')
 6 SYSTEMPATH/CodeIgniter.php(482): CodeIgniter\CodeIgniter->runController(Object(App\Controllers\Admin\Raport))
 7 SYSTEMPATH/CodeIgniter.php(351): CodeIgniter\CodeIgniter->handleRequest(null, Object(Config\Cache), false)
 8 FCPATH/index.php(67): CodeIgniter\CodeIgniter->run()
 9 ROOTPATH/index.php(6): require_once('FCPATH/index.php')
CRITICAL - 2022-11-20 05:19:09 --> Object of class stdClass could not be converted to number
in APPPATH/Views/admin/raport/cetak_siswa.php on line 207.
 1 APPPATH/Views/admin/raport/cetak_siswa.php(207): CodeIgniter\Debug\Exceptions->errorHandler(8, 'Object of class stdClass could not be converted to number', 'APPPATH/Views/admin/raport/cetak_siswa.php', 207, [...])
 2 SYSTEMPATH/View/View.php(213): include('APPPATH/Views/admin/raport/cetak_siswa.php')
 3 SYSTEMPATH/View/View.php(216): CodeIgniter\View\View->CodeIgniter\View\{closure}()
 4 SYSTEMPATH/Common.php(1134): CodeIgniter\View\View->render('admin/raport/cetak_siswa', [], true)
 5 APPPATH/Controllers/Admin/Raport.php(498): view('admin/raport/cetak_siswa', [...])
 6 SYSTEMPATH/CodeIgniter.php(927): App\Controllers\Admin\Raport->unduh_siswa('2', '1', '1')
 7 SYSTEMPATH/CodeIgniter.php(482): CodeIgniter\CodeIgniter->runController(Object(App\Controllers\Admin\Raport))
 8 SYSTEMPATH/CodeIgniter.php(351): CodeIgniter\CodeIgniter->handleRequest(null, Object(Config\Cache), false)
 9 FCPATH/index.php(67): CodeIgniter\CodeIgniter->run()
10 ROOTPATH/index.php(6): require_once('FCPATH/index.php')
CRITICAL - 2022-11-20 05:31:15 --> syntax error, unexpected end of file
in APPPATH/Views/admin/raport/cetak_siswa.php on line 237.
 1 SYSTEMPATH/View/View.php(216): CodeIgniter\View\View->CodeIgniter\View\{closure}()
 2 SYSTEMPATH/Common.php(1134): CodeIgniter\View\View->render('admin/raport/cetak_siswa', [], true)
 3 APPPATH/Controllers/Admin/Raport.php(498): view('admin/raport/cetak_siswa', [...])
 4 SYSTEMPATH/CodeIgniter.php(927): App\Controllers\Admin\Raport->unduh_siswa('2', '1', '1')
 5 SYSTEMPATH/CodeIgniter.php(482): CodeIgniter\CodeIgniter->runController(Object(App\Controllers\Admin\Raport))
 6 SYSTEMPATH/CodeIgniter.php(351): CodeIgniter\CodeIgniter->handleRequest(null, Object(Config\Cache), false)
 7 FCPATH/index.php(67): CodeIgniter\CodeIgniter->run()
 8 ROOTPATH/index.php(6): require_once('FCPATH/index.php')
CRITICAL - 2022-11-20 05:31:16 --> syntax error, unexpected end of file
in APPPATH/Views/admin/raport/cetak_siswa.php on line 237.
 1 SYSTEMPATH/View/View.php(216): CodeIgniter\View\View->CodeIgniter\View\{closure}()
 2 SYSTEMPATH/Common.php(1134): CodeIgniter\View\View->render('admin/raport/cetak_siswa', [], true)
 3 APPPATH/Controllers/Admin/Raport.php(498): view('admin/raport/cetak_siswa', [...])
 4 SYSTEMPATH/CodeIgniter.php(927): App\Controllers\Admin\Raport->unduh_siswa('2', '1', 'ajax.php')
 5 SYSTEMPATH/CodeIgniter.php(482): CodeIgniter\CodeIgniter->runController(Object(App\Controllers\Admin\Raport))
 6 SYSTEMPATH/CodeIgniter.php(351): CodeIgniter\CodeIgniter->handleRequest(null, Object(Config\Cache), false)
 7 FCPATH/index.php(67): CodeIgniter\CodeIgniter->run()
 8 ROOTPATH/index.php(6): require_once('FCPATH/index.php')
CRITICAL - 2022-11-20 05:31:37 --> Object of class stdClass could not be converted to int
in APPPATH/Views/admin/raport/cetak_siswa.php on line 188.
 1 APPPATH/Views/admin/raport/cetak_siswa.php(188): CodeIgniter\Debug\Exceptions->errorHandler(8, 'Object of class stdClass could not be converted to int', 'APPPATH/Views/admin/raport/cetak_siswa.php', 188, [...])
 2 SYSTEMPATH/View/View.php(213): include('APPPATH/Views/admin/raport/cetak_siswa.php')
 3 SYSTEMPATH/View/View.php(216): CodeIgniter\View\View->CodeIgniter\View\{closure}()
 4 SYSTEMPATH/Common.php(1134): CodeIgniter\View\View->render('admin/raport/cetak_siswa', [], true)
 5 APPPATH/Controllers/Admin/Raport.php(498): view('admin/raport/cetak_siswa', [...])
 6 SYSTEMPATH/CodeIgniter.php(927): App\Controllers\Admin\Raport->unduh_siswa('2', '1', '1')
 7 SYSTEMPATH/CodeIgniter.php(482): CodeIgniter\CodeIgniter->runController(Object(App\Controllers\Admin\Raport))
 8 SYSTEMPATH/CodeIgniter.php(351): CodeIgniter\CodeIgniter->handleRequest(null, Object(Config\Cache), false)
 9 FCPATH/index.php(67): CodeIgniter\CodeIgniter->run()
10 ROOTPATH/index.php(6): require_once('FCPATH/index.php')
CRITICAL - 2022-11-20 05:31:51 --> Undefined variable: lebar
in APPPATH/Views/admin/raport/cetak_siswa.php on line 204.
 1 APPPATH/Views/admin/raport/cetak_siswa.php(204): CodeIgniter\Debug\Exceptions->errorHandler(8, 'Undefined variable: lebar', 'APPPATH/Views/admin/raport/cetak_siswa.php', 204, [...])
 2 SYSTEMPATH/View/View.php(213): include('APPPATH/Views/admin/raport/cetak_siswa.php')
 3 SYSTEMPATH/View/View.php(216): CodeIgniter\View\View->CodeIgniter\View\{closure}()
 4 SYSTEMPATH/Common.php(1134): CodeIgniter\View\View->render('admin/raport/cetak_siswa', [], true)
 5 APPPATH/Controllers/Admin/Raport.php(498): view('admin/raport/cetak_siswa', [...])
 6 SYSTEMPATH/CodeIgniter.php(927): App\Controllers\Admin\Raport->unduh_siswa('2', '1', '1')
 7 SYSTEMPATH/CodeIgniter.php(482): CodeIgniter\CodeIgniter->runController(Object(App\Controllers\Admin\Raport))
 8 SYSTEMPATH/CodeIgniter.php(351): CodeIgniter\CodeIgniter->handleRequest(null, Object(Config\Cache), false)
 9 FCPATH/index.php(67): CodeIgniter\CodeIgniter->run()
10 ROOTPATH/index.php(6): require_once('FCPATH/index.php')
CRITICAL - 2022-11-20 06:11:04 --> Undefined variable: m_nilai_ekstrakurikuler
in APPPATH/Views/admin/raport/cetak_siswa.php on line 293.
 1 APPPATH/Views/admin/raport/cetak_siswa.php(293): CodeIgniter\Debug\Exceptions->errorHandler(8, 'Undefined variable: m_nilai_ekstrakurikuler', 'APPPATH/Views/admin/raport/cetak_siswa.php', 293, [...])
 2 SYSTEMPATH/View/View.php(213): include('APPPATH/Views/admin/raport/cetak_siswa.php')
 3 SYSTEMPATH/View/View.php(216): CodeIgniter\View\View->CodeIgniter\View\{closure}()
 4 SYSTEMPATH/Common.php(1134): CodeIgniter\View\View->render('admin/raport/cetak_siswa', [], true)
 5 APPPATH/Controllers/Admin/Raport.php(498): view('admin/raport/cetak_siswa', [...])
 6 SYSTEMPATH/CodeIgniter.php(927): App\Controllers\Admin\Raport->unduh_siswa('2', '1', '1')
 7 SYSTEMPATH/CodeIgniter.php(482): CodeIgniter\CodeIgniter->runController(Object(App\Controllers\Admin\Raport))
 8 SYSTEMPATH/CodeIgniter.php(351): CodeIgniter\CodeIgniter->handleRequest(null, Object(Config\Cache), false)
 9 FCPATH/index.php(67): CodeIgniter\CodeIgniter->run()
10 ROOTPATH/index.php(6): require_once('FCPATH/index.php')
CRITICAL - 2022-11-20 06:11:05 --> Undefined variable: m_nilai_ekstrakurikuler
in APPPATH/Views/admin/raport/cetak_siswa.php on line 293.
 1 APPPATH/Views/admin/raport/cetak_siswa.php(293): CodeIgniter\Debug\Exceptions->errorHandler(8, 'Undefined variable: m_nilai_ekstrakurikuler', 'APPPATH/Views/admin/raport/cetak_siswa.php', 293, [...])
 2 SYSTEMPATH/View/View.php(213): include('APPPATH/Views/admin/raport/cetak_siswa.php')
 3 SYSTEMPATH/View/View.php(216): CodeIgniter\View\View->CodeIgniter\View\{closure}()
 4 SYSTEMPATH/Common.php(1134): CodeIgniter\View\View->render('admin/raport/cetak_siswa', [], true)
 5 APPPATH/Controllers/Admin/Raport.php(498): view('admin/raport/cetak_siswa', [...])
 6 SYSTEMPATH/CodeIgniter.php(927): App\Controllers\Admin\Raport->unduh_siswa('2', '1', 'ajax.php')
 7 SYSTEMPATH/CodeIgniter.php(482): CodeIgniter\CodeIgniter->runController(Object(App\Controllers\Admin\Raport))
 8 SYSTEMPATH/CodeIgniter.php(351): CodeIgniter\CodeIgniter->handleRequest(null, Object(Config\Cache), false)
 9 FCPATH/index.php(67): CodeIgniter\CodeIgniter->run()
10 ROOTPATH/index.php(6): require_once('FCPATH/index.php')
CRITICAL - 2022-11-20 06:11:51 --> syntax error, unexpected '<', expecting end of file
in APPPATH/Views/admin/raport/cetak_siswa.php on line 2.
 1 SYSTEMPATH/View/View.php(216): CodeIgniter\View\View->CodeIgniter\View\{closure}()
 2 SYSTEMPATH/Common.php(1134): CodeIgniter\View\View->render('admin/raport/cetak_siswa', [], true)
 3 APPPATH/Controllers/Admin/Raport.php(498): view('admin/raport/cetak_siswa', [...])
 4 SYSTEMPATH/CodeIgniter.php(927): App\Controllers\Admin\Raport->unduh_siswa('2', '1', '1')
 5 SYSTEMPATH/CodeIgniter.php(482): CodeIgniter\CodeIgniter->runController(Object(App\Controllers\Admin\Raport))
 6 SYSTEMPATH/CodeIgniter.php(351): CodeIgniter\CodeIgniter->handleRequest(null, Object(Config\Cache), false)
 7 FCPATH/index.php(67): CodeIgniter\CodeIgniter->run()
 8 ROOTPATH/index.php(6): require_once('FCPATH/index.php')
CRITICAL - 2022-11-20 06:11:51 --> syntax error, unexpected '<', expecting end of file
in APPPATH/Views/admin/raport/cetak_siswa.php on line 2.
 1 SYSTEMPATH/View/View.php(216): CodeIgniter\View\View->CodeIgniter\View\{closure}()
 2 SYSTEMPATH/Common.php(1134): CodeIgniter\View\View->render('admin/raport/cetak_siswa', [], true)
 3 APPPATH/Controllers/Admin/Raport.php(498): view('admin/raport/cetak_siswa', [...])
 4 SYSTEMPATH/CodeIgniter.php(927): App\Controllers\Admin\Raport->unduh_siswa('2', '1', 'ajax.php')
 5 SYSTEMPATH/CodeIgniter.php(482): CodeIgniter\CodeIgniter->runController(Object(App\Controllers\Admin\Raport))
 6 SYSTEMPATH/CodeIgniter.php(351): CodeIgniter\CodeIgniter->handleRequest(null, Object(Config\Cache), false)
 7 FCPATH/index.php(67): CodeIgniter\CodeIgniter->run()
 8 ROOTPATH/index.php(6): require_once('FCPATH/index.php')
CRITICAL - 2022-11-20 06:12:02 --> Undefined variable: sekolah
in APPPATH/Views/admin/raport/cetak_siswa.php on line 119.
 1 APPPATH/Views/admin/raport/cetak_siswa.php(119): CodeIgniter\Debug\Exceptions->errorHandler(8, 'Undefined variable: sekolah', 'APPPATH/Views/admin/raport/cetak_siswa.php', 119, [...])
 2 SYSTEMPATH/View/View.php(213): include('APPPATH/Views/admin/raport/cetak_siswa.php')
 3 SYSTEMPATH/View/View.php(216): CodeIgniter\View\View->CodeIgniter\View\{closure}()
 4 SYSTEMPATH/Common.php(1134): CodeIgniter\View\View->render('admin/raport/cetak_siswa', [], true)
 5 APPPATH/Controllers/Admin/Raport.php(498): view('admin/raport/cetak_siswa', [...])
 6 SYSTEMPATH/CodeIgniter.php(927): App\Controllers\Admin\Raport->unduh_siswa('2', '1', '1')
 7 SYSTEMPATH/CodeIgniter.php(482): CodeIgniter\CodeIgniter->runController(Object(App\Controllers\Admin\Raport))
 8 SYSTEMPATH/CodeIgniter.php(351): CodeIgniter\CodeIgniter->handleRequest(null, Object(Config\Cache), false)
 9 FCPATH/index.php(67): CodeIgniter\CodeIgniter->run()
10 ROOTPATH/index.php(6): require_once('FCPATH/index.php')
CRITICAL - 2022-11-20 06:12:03 --> Undefined variable: sekolah
in APPPATH/Views/admin/raport/cetak_siswa.php on line 119.
 1 APPPATH/Views/admin/raport/cetak_siswa.php(119): CodeIgniter\Debug\Exceptions->errorHandler(8, 'Undefined variable: sekolah', 'APPPATH/Views/admin/raport/cetak_siswa.php', 119, [...])
 2 SYSTEMPATH/View/View.php(213): include('APPPATH/Views/admin/raport/cetak_siswa.php')
 3 SYSTEMPATH/View/View.php(216): CodeIgniter\View\View->CodeIgniter\View\{closure}()
 4 SYSTEMPATH/Common.php(1134): CodeIgniter\View\View->render('admin/raport/cetak_siswa', [], true)
 5 APPPATH/Controllers/Admin/Raport.php(498): view('admin/raport/cetak_siswa', [...])
 6 SYSTEMPATH/CodeIgniter.php(927): App\Controllers\Admin\Raport->unduh_siswa('2', '1', 'ajax.php')
 7 SYSTEMPATH/CodeIgniter.php(482): CodeIgniter\CodeIgniter->runController(Object(App\Controllers\Admin\Raport))
 8 SYSTEMPATH/CodeIgniter.php(351): CodeIgniter\CodeIgniter->handleRequest(null, Object(Config\Cache), false)
 9 FCPATH/index.php(67): CodeIgniter\CodeIgniter->run()
10 ROOTPATH/index.php(6): require_once('FCPATH/index.php')
CRITICAL - 2022-11-20 06:12:44 --> syntax error, unexpected '<', expecting end of file
in APPPATH/Views/admin/raport/cetak_siswa.php on line 2.
 1 SYSTEMPATH/View/View.php(216): CodeIgniter\View\View->CodeIgniter\View\{closure}()
 2 SYSTEMPATH/Common.php(1134): CodeIgniter\View\View->render('admin/raport/cetak_siswa', [], true)
 3 APPPATH/Controllers/Admin/Raport.php(498): view('admin/raport/cetak_siswa', [...])
 4 SYSTEMPATH/CodeIgniter.php(927): App\Controllers\Admin\Raport->unduh_siswa('2', '1', '1')
 5 SYSTEMPATH/CodeIgniter.php(482): CodeIgniter\CodeIgniter->runController(Object(App\Controllers\Admin\Raport))
 6 SYSTEMPATH/CodeIgniter.php(351): CodeIgniter\CodeIgniter->handleRequest(null, Object(Config\Cache), false)
 7 FCPATH/index.php(67): CodeIgniter\CodeIgniter->run()
 8 ROOTPATH/index.php(6): require_once('FCPATH/index.php')
CRITICAL - 2022-11-20 06:12:44 --> syntax error, unexpected '<', expecting end of file
in APPPATH/Views/admin/raport/cetak_siswa.php on line 2.
 1 SYSTEMPATH/View/View.php(216): CodeIgniter\View\View->CodeIgniter\View\{closure}()
 2 SYSTEMPATH/Common.php(1134): CodeIgniter\View\View->render('admin/raport/cetak_siswa', [], true)
 3 APPPATH/Controllers/Admin/Raport.php(498): view('admin/raport/cetak_siswa', [...])
 4 SYSTEMPATH/CodeIgniter.php(927): App\Controllers\Admin\Raport->unduh_siswa('2', '1', 'ajax.php')
 5 SYSTEMPATH/CodeIgniter.php(482): CodeIgniter\CodeIgniter->runController(Object(App\Controllers\Admin\Raport))
 6 SYSTEMPATH/CodeIgniter.php(351): CodeIgniter\CodeIgniter->handleRequest(null, Object(Config\Cache), false)
 7 FCPATH/index.php(67): CodeIgniter\CodeIgniter->run()
 8 ROOTPATH/index.php(6): require_once('FCPATH/index.php')
CRITICAL - 2022-11-20 06:16:05 --> syntax error, unexpected '}'
in APPPATH/Views/admin/raport/cetak_siswa.php on line 357.
 1 SYSTEMPATH/View/View.php(216): CodeIgniter\View\View->CodeIgniter\View\{closure}()
 2 SYSTEMPATH/Common.php(1134): CodeIgniter\View\View->render('admin/raport/cetak_siswa', [], true)
 3 APPPATH/Controllers/Admin/Raport.php(498): view('admin/raport/cetak_siswa', [...])
 4 SYSTEMPATH/CodeIgniter.php(927): App\Controllers\Admin\Raport->unduh_siswa('2', '1', '1')
 5 SYSTEMPATH/CodeIgniter.php(482): CodeIgniter\CodeIgniter->runController(Object(App\Controllers\Admin\Raport))
 6 SYSTEMPATH/CodeIgniter.php(351): CodeIgniter\CodeIgniter->handleRequest(null, Object(Config\Cache), false)
 7 FCPATH/index.php(67): CodeIgniter\CodeIgniter->run()
 8 ROOTPATH/index.php(6): require_once('FCPATH/index.php')
CRITICAL - 2022-11-20 06:16:05 --> syntax error, unexpected '}'
in APPPATH/Views/admin/raport/cetak_siswa.php on line 357.
 1 SYSTEMPATH/View/View.php(216): CodeIgniter\View\View->CodeIgniter\View\{closure}()
 2 SYSTEMPATH/Common.php(1134): CodeIgniter\View\View->render('admin/raport/cetak_siswa', [], true)
 3 APPPATH/Controllers/Admin/Raport.php(498): view('admin/raport/cetak_siswa', [...])
 4 SYSTEMPATH/CodeIgniter.php(927): App\Controllers\Admin\Raport->unduh_siswa('2', '1', 'ajax.php')
 5 SYSTEMPATH/CodeIgniter.php(482): CodeIgniter\CodeIgniter->runController(Object(App\Controllers\Admin\Raport))
 6 SYSTEMPATH/CodeIgniter.php(351): CodeIgniter\CodeIgniter->handleRequest(null, Object(Config\Cache), false)
 7 FCPATH/index.php(67): CodeIgniter\CodeIgniter->run()
 8 ROOTPATH/index.php(6): require_once('FCPATH/index.php')
CRITICAL - 2022-11-20 06:59:21 --> Undefined variable: total_guru
in APPPATH/Views/admin/raport/cetak_siswa.php on line 377.
 1 APPPATH/Views/admin/raport/cetak_siswa.php(377): CodeIgniter\Debug\Exceptions->errorHandler(8, 'Undefined variable: total_guru', 'APPPATH/Views/admin/raport/cetak_siswa.php', 377, [...])
 2 SYSTEMPATH/View/View.php(213): include('APPPATH/Views/admin/raport/cetak_siswa.php')
 3 SYSTEMPATH/View/View.php(216): CodeIgniter\View\View->CodeIgniter\View\{closure}()
 4 SYSTEMPATH/Common.php(1134): CodeIgniter\View\View->render('admin/raport/cetak_siswa', [], true)
 5 APPPATH/Controllers/Admin/Raport.php(427): view('admin/raport/cetak_siswa', [...])
 6 SYSTEMPATH/CodeIgniter.php(927): App\Controllers\Admin\Raport->cetak_siswa('2', '1', '1')
 7 SYSTEMPATH/CodeIgniter.php(482): CodeIgniter\CodeIgniter->runController(Object(App\Controllers\Admin\Raport))
 8 SYSTEMPATH/CodeIgniter.php(351): CodeIgniter\CodeIgniter->handleRequest(null, Object(Config\Cache), false)
 9 FCPATH/index.php(67): CodeIgniter\CodeIgniter->run()
10 ROOTPATH/index.php(6): require_once('FCPATH/index.php')
CRITICAL - 2022-11-20 06:59:22 --> Undefined variable: total_guru
in APPPATH/Views/admin/raport/cetak_siswa.php on line 377.
 1 APPPATH/Views/admin/raport/cetak_siswa.php(377): CodeIgniter\Debug\Exceptions->errorHandler(8, 'Undefined variable: total_guru', 'APPPATH/Views/admin/raport/cetak_siswa.php', 377, [...])
 2 SYSTEMPATH/View/View.php(213): include('APPPATH/Views/admin/raport/cetak_siswa.php')
 3 SYSTEMPATH/View/View.php(216): CodeIgniter\View\View->CodeIgniter\View\{closure}()
 4 SYSTEMPATH/Common.php(1134): CodeIgniter\View\View->render('admin/raport/cetak_siswa', [], true)
 5 APPPATH/Controllers/Admin/Raport.php(427): view('admin/raport/cetak_siswa', [...])
 6 SYSTEMPATH/CodeIgniter.php(927): App\Controllers\Admin\Raport->cetak_siswa('2', '1', 'ajax.php')
 7 SYSTEMPATH/CodeIgniter.php(482): CodeIgniter\CodeIgniter->runController(Object(App\Controllers\Admin\Raport))
 8 SYSTEMPATH/CodeIgniter.php(351): CodeIgniter\CodeIgniter->handleRequest(null, Object(Config\Cache), false)
 9 FCPATH/index.php(67): CodeIgniter\CodeIgniter->run()
10 ROOTPATH/index.php(6): require_once('FCPATH/index.php')
CRITICAL - 2022-11-20 07:00:15 --> Trying to get property 'gambar' of non-object
in APPPATH/Controllers/Admin/Nilai.php on line 181.
 1 APPPATH/Controllers/Admin/Nilai.php(181): CodeIgniter\Debug\Exceptions->errorHandler(8, 'Trying to get property \'gambar\' of non-object', 'APPPATH/Controllers/Admin/Nilai.php', 181, [...])
 2 SYSTEMPATH/CodeIgniter.php(927): App\Controllers\Admin\Nilai->delete_gambar()
 3 SYSTEMPATH/CodeIgniter.php(482): CodeIgniter\CodeIgniter->runController(Object(App\Controllers\Admin\Nilai))
 4 SYSTEMPATH/CodeIgniter.php(351): CodeIgniter\CodeIgniter->handleRequest(null, Object(Config\Cache), false)
 5 FCPATH/index.php(67): CodeIgniter\CodeIgniter->run()
 6 ROOTPATH/index.php(6): require_once('FCPATH/index.php')
CRITICAL - 2022-11-20 07:00:22 --> Trying to get property 'gambar' of non-object
in APPPATH/Controllers/Admin/Nilai.php on line 181.
 1 APPPATH/Controllers/Admin/Nilai.php(181): CodeIgniter\Debug\Exceptions->errorHandler(8, 'Trying to get property \'gambar\' of non-object', 'APPPATH/Controllers/Admin/Nilai.php', 181, [...])
 2 SYSTEMPATH/CodeIgniter.php(927): App\Controllers\Admin\Nilai->delete_gambar()
 3 SYSTEMPATH/CodeIgniter.php(482): CodeIgniter\CodeIgniter->runController(Object(App\Controllers\Admin\Nilai))
 4 SYSTEMPATH/CodeIgniter.php(351): CodeIgniter\CodeIgniter->handleRequest(null, Object(Config\Cache), false)
 5 FCPATH/index.php(67): CodeIgniter\CodeIgniter->run()
 6 ROOTPATH/index.php(6): require_once('FCPATH/index.php')
CRITICAL - 2022-11-20 07:00:37 --> Trying to get property 'gambar' of non-object
in APPPATH/Controllers/Admin/Nilai.php on line 181.
 1 APPPATH/Controllers/Admin/Nilai.php(181): CodeIgniter\Debug\Exceptions->errorHandler(8, 'Trying to get property \'gambar\' of non-object', 'APPPATH/Controllers/Admin/Nilai.php', 181, [...])
 2 SYSTEMPATH/CodeIgniter.php(927): App\Controllers\Admin\Nilai->delete_gambar()
 3 SYSTEMPATH/CodeIgniter.php(482): CodeIgniter\CodeIgniter->runController(Object(App\Controllers\Admin\Nilai))
 4 SYSTEMPATH/CodeIgniter.php(351): CodeIgniter\CodeIgniter->handleRequest(null, Object(Config\Cache), false)
 5 FCPATH/index.php(67): CodeIgniter\CodeIgniter->run()
 6 ROOTPATH/index.php(6): require_once('FCPATH/index.php')
CRITICAL - 2022-11-20 20:02:17 --> Trying to get property 'nama' of non-object
in APPPATH/Views/admin/raport/cetak_siswa.php on line 533.
 1 APPPATH/Views/admin/raport/cetak_siswa.php(533): CodeIgniter\Debug\Exceptions->errorHandler(8, 'Trying to get property \'nama\' of non-object', 'APPPATH/Views/admin/raport/cetak_siswa.php', 533, [...])
 2 SYSTEMPATH/View/View.php(213): include('APPPATH/Views/admin/raport/cetak_siswa.php')
 3 SYSTEMPATH/View/View.php(216): CodeIgniter\View\View->CodeIgniter\View\{closure}()
 4 SYSTEMPATH/Common.php(1134): CodeIgniter\View\View->render('admin/raport/cetak_siswa', [], true)
 5 APPPATH/Controllers/Admin/Raport.php(501): view('admin/raport/cetak_siswa', [...])
 6 SYSTEMPATH/CodeIgniter.php(927): App\Controllers\Admin\Raport->unduh_siswa('2', '1', '1')
 7 SYSTEMPATH/CodeIgniter.php(482): CodeIgniter\CodeIgniter->runController(Object(App\Controllers\Admin\Raport))
 8 SYSTEMPATH/CodeIgniter.php(351): CodeIgniter\CodeIgniter->handleRequest(null, Object(Config\Cache), false)
 9 FCPATH/index.php(67): CodeIgniter\CodeIgniter->run()
10 ROOTPATH/index.php(6): require_once('FCPATH/index.php')
CRITICAL - 2022-11-20 20:02:18 --> Trying to get property 'nama' of non-object
in APPPATH/Views/admin/raport/cetak_siswa.php on line 533.
 1 APPPATH/Views/admin/raport/cetak_siswa.php(533): CodeIgniter\Debug\Exceptions->errorHandler(8, 'Trying to get property \'nama\' of non-object', 'APPPATH/Views/admin/raport/cetak_siswa.php', 533, [...])
 2 SYSTEMPATH/View/View.php(213): include('APPPATH/Views/admin/raport/cetak_siswa.php')
 3 SYSTEMPATH/View/View.php(216): CodeIgniter\View\View->CodeIgniter\View\{closure}()
 4 SYSTEMPATH/Common.php(1134): CodeIgniter\View\View->render('admin/raport/cetak_siswa', [], true)
 5 APPPATH/Controllers/Admin/Raport.php(501): view('admin/raport/cetak_siswa', [...])
 6 SYSTEMPATH/CodeIgniter.php(927): App\Controllers\Admin\Raport->unduh_siswa('2', '1', 'ajax.php')
 7 SYSTEMPATH/CodeIgniter.php(482): CodeIgniter\CodeIgniter->runController(Object(App\Controllers\Admin\Raport))
 8 SYSTEMPATH/CodeIgniter.php(351): CodeIgniter\CodeIgniter->handleRequest(null, Object(Config\Cache), false)
 9 FCPATH/index.php(67): CodeIgniter\CodeIgniter->run()
10 ROOTPATH/index.php(6): require_once('FCPATH/index.php')
CRITICAL - 2022-11-20 20:07:56 --> Class 'App\Controllers\Admin\Sekolah_model' not found
in APPPATH/Controllers/Admin/Raport.php on line 478.
 1 SYSTEMPATH/CodeIgniter.php(927): App\Controllers\Admin\Raport->unduh_siswa('2', '1', '1')
 2 SYSTEMPATH/CodeIgniter.php(482): CodeIgniter\CodeIgniter->runController(Object(App\Controllers\Admin\Raport))
 3 SYSTEMPATH/CodeIgniter.php(351): CodeIgniter\CodeIgniter->handleRequest(null, Object(Config\Cache), false)
 4 FCPATH/index.php(67): CodeIgniter\CodeIgniter->run()
 5 ROOTPATH/index.php(6): require_once('FCPATH/index.php')
CRITICAL - 2022-11-20 20:07:56 --> Class 'App\Controllers\Admin\Sekolah_model' not found
in APPPATH/Controllers/Admin/Raport.php on line 478.
 1 SYSTEMPATH/CodeIgniter.php(927): App\Controllers\Admin\Raport->unduh_siswa('2', '1', 'ajax.php')
 2 SYSTEMPATH/CodeIgniter.php(482): CodeIgniter\CodeIgniter->runController(Object(App\Controllers\Admin\Raport))
 3 SYSTEMPATH/CodeIgniter.php(351): CodeIgniter\CodeIgniter->handleRequest(null, Object(Config\Cache), false)
 4 FCPATH/index.php(67): CodeIgniter\CodeIgniter->run()
 5 ROOTPATH/index.php(6): require_once('FCPATH/index.php')
CRITICAL - 2022-11-20 20:09:22 --> Undefined offset: 2
in VENDORPATH/mpdf/mpdf/src/Mpdf.php on line 12958.
 1 VENDORPATH/mpdf/mpdf/src/Mpdf.php(12958): CodeIgniter\Debug\Exceptions->errorHandler(8, 'Undefined offset: 2', 'VENDORPATH/mpdf/mpdf/src/Mpdf.php', 12958, [...])
 2 APPPATH/Controllers/Admin/Raport.php(506): Mpdf\Mpdf->SetFooter('DIREKTORAT PENDIDIKAN DASAR  DAN MENENGAH YPI AL AZHAR| Hal. {PAGENO}')
 3 SYSTEMPATH/CodeIgniter.php(927): App\Controllers\Admin\Raport->unduh_siswa('2', '1', '1')
 4 SYSTEMPATH/CodeIgniter.php(482): CodeIgniter\CodeIgniter->runController(Object(App\Controllers\Admin\Raport))
 5 SYSTEMPATH/CodeIgniter.php(351): CodeIgniter\CodeIgniter->handleRequest(null, Object(Config\Cache), false)
 6 FCPATH/index.php(67): CodeIgniter\CodeIgniter->run()
 7 ROOTPATH/index.php(6): require_once('FCPATH/index.php')
CRITICAL - 2022-11-20 20:09:22 --> Undefined offset: 2
in VENDORPATH/mpdf/mpdf/src/Mpdf.php on line 12958.
 1 VENDORPATH/mpdf/mpdf/src/Mpdf.php(12958): CodeIgniter\Debug\Exceptions->errorHandler(8, 'Undefined offset: 2', 'VENDORPATH/mpdf/mpdf/src/Mpdf.php', 12958, [...])
 2 APPPATH/Controllers/Admin/Raport.php(506): Mpdf\Mpdf->SetFooter('DIREKTORAT PENDIDIKAN DASAR  DAN MENENGAH YPI AL AZHAR| Hal. {PAGENO}')
 3 SYSTEMPATH/CodeIgniter.php(927): App\Controllers\Admin\Raport->unduh_siswa('2', '1', 'ajax.php')
 4 SYSTEMPATH/CodeIgniter.php(482): CodeIgniter\CodeIgniter->runController(Object(App\Controllers\Admin\Raport))
 5 SYSTEMPATH/CodeIgniter.php(351): CodeIgniter\CodeIgniter->handleRequest(null, Object(Config\Cache), false)
 6 FCPATH/index.php(67): CodeIgniter\CodeIgniter->run()
 7 ROOTPATH/index.php(6): require_once('FCPATH/index.php')
CRITICAL - 2022-11-20 20:09:47 --> Undefined offset: 2
in VENDORPATH/mpdf/mpdf/src/Mpdf.php on line 12958.
 1 VENDORPATH/mpdf/mpdf/src/Mpdf.php(12958): CodeIgniter\Debug\Exceptions->errorHandler(8, 'Undefined offset: 2', 'VENDORPATH/mpdf/mpdf/src/Mpdf.php', 12958, [...])
 2 APPPATH/Controllers/Admin/Raport.php(506): Mpdf\Mpdf->SetFooter('DIREKTORAT PENDIDIKAN DASAR  DAN MENENGAH YPI AL AZHAR|{PAGENO}')
 3 SYSTEMPATH/CodeIgniter.php(927): App\Controllers\Admin\Raport->unduh_siswa('2', '1', '1')
 4 SYSTEMPATH/CodeIgniter.php(482): CodeIgniter\CodeIgniter->runController(Object(App\Controllers\Admin\Raport))
 5 SYSTEMPATH/CodeIgniter.php(351): CodeIgniter\CodeIgniter->handleRequest(null, Object(Config\Cache), false)
 6 FCPATH/index.php(67): CodeIgniter\CodeIgniter->run()
 7 ROOTPATH/index.php(6): require_once('FCPATH/index.php')
CRITICAL - 2022-11-20 20:09:48 --> Undefined offset: 2
in VENDORPATH/mpdf/mpdf/src/Mpdf.php on line 12958.
 1 VENDORPATH/mpdf/mpdf/src/Mpdf.php(12958): CodeIgniter\Debug\Exceptions->errorHandler(8, 'Undefined offset: 2', 'VENDORPATH/mpdf/mpdf/src/Mpdf.php', 12958, [...])
 2 APPPATH/Controllers/Admin/Raport.php(506): Mpdf\Mpdf->SetFooter('DIREKTORAT PENDIDIKAN DASAR  DAN MENENGAH YPI AL AZHAR|{PAGENO}')
 3 SYSTEMPATH/CodeIgniter.php(927): App\Controllers\Admin\Raport->unduh_siswa('2', '1', 'ajax.php')
 4 SYSTEMPATH/CodeIgniter.php(482): CodeIgniter\CodeIgniter->runController(Object(App\Controllers\Admin\Raport))
 5 SYSTEMPATH/CodeIgniter.php(351): CodeIgniter\CodeIgniter->handleRequest(null, Object(Config\Cache), false)
 6 FCPATH/index.php(67): CodeIgniter\CodeIgniter->run()
 7 ROOTPATH/index.php(6): require_once('FCPATH/index.php')
CRITICAL - 2022-11-20 21:24:34 --> syntax error, unexpected end of file
in APPPATH/Views/admin/raport/cetak_siswa.php on line 711.
 1 SYSTEMPATH/View/View.php(216): CodeIgniter\View\View->CodeIgniter\View\{closure}()
 2 SYSTEMPATH/Common.php(1134): CodeIgniter\View\View->render('admin/raport/cetak_siswa', [], true)
 3 APPPATH/Controllers/Admin/Raport.php(454): view('admin/raport/cetak_siswa', [...])
 4 SYSTEMPATH/CodeIgniter.php(927): App\Controllers\Admin\Raport->unduh_siswa('2', '1', '1')
 5 SYSTEMPATH/CodeIgniter.php(482): CodeIgniter\CodeIgniter->runController(Object(App\Controllers\Admin\Raport))
 6 SYSTEMPATH/CodeIgniter.php(351): CodeIgniter\CodeIgniter->handleRequest(null, Object(Config\Cache), false)
 7 FCPATH/index.php(67): CodeIgniter\CodeIgniter->run()
 8 ROOTPATH/index.php(6): require_once('FCPATH/index.php')
CRITICAL - 2022-11-20 21:24:35 --> syntax error, unexpected end of file
in APPPATH/Views/admin/raport/cetak_siswa.php on line 711.
 1 SYSTEMPATH/View/View.php(216): CodeIgniter\View\View->CodeIgniter\View\{closure}()
 2 SYSTEMPATH/Common.php(1134): CodeIgniter\View\View->render('admin/raport/cetak_siswa', [], true)
 3 APPPATH/Controllers/Admin/Raport.php(454): view('admin/raport/cetak_siswa', [...])
 4 SYSTEMPATH/CodeIgniter.php(927): App\Controllers\Admin\Raport->unduh_siswa('2', '1', 'ajax.php')
 5 SYSTEMPATH/CodeIgniter.php(482): CodeIgniter\CodeIgniter->runController(Object(App\Controllers\Admin\Raport))
 6 SYSTEMPATH/CodeIgniter.php(351): CodeIgniter\CodeIgniter->handleRequest(null, Object(Config\Cache), false)
 7 FCPATH/index.php(67): CodeIgniter\CodeIgniter->run()
 8 ROOTPATH/index.php(6): require_once('FCPATH/index.php')
