CRITICAL - 2022-09-26 05:54:56 --> Undefined property: stdClass::$agamaname
in APPPATH/Views/admin/agama/index.php on line 18.
 1 APPPATH/Views/admin/agama/index.php(18): CodeIgniter\Debug\Exceptions->errorHandler(8, 'Undefined property: stdClass::$agamaname', 'APPPATH/Views/admin/agama/index.php', 18, [...])
 2 SYSTEMPATH/View/View.php(213): include('APPPATH/Views/admin/agama/index.php')
 3 SYSTEMPATH/View/View.php(216): CodeIgniter\View\View->CodeIgniter\View\{closure}()
 4 SYSTEMPATH/Common.php(1142): CodeIgniter\View\View->render('admin/agama/index', [], true)
 5 APPPATH/Views/admin/layout/wrapper.php(13): view('admin/agama/index')
 6 SYSTEMPATH/View/View.php(213): include('APPPATH/Views/admin/layout/wrapper.php')
 7 SYSTEMPATH/View/View.php(216): CodeIgniter\View\View->CodeIgniter\View\{closure}()
 8 SYSTEMPATH/Common.php(1142): CodeIgniter\View\View->render('admin/layout/wrapper', [], true)
 9 APPPATH/Controllers/Admin/Agama.php(37): view('admin/layout/wrapper', [...])
10 SYSTEMPATH/CodeIgniter.php(907): App\Controllers\Admin\Agama->index()
11 SYSTEMPATH/CodeIgniter.php(457): CodeIgniter\CodeIgniter->runController(Object(App\Controllers\Admin\Agama))
12 SYSTEMPATH/CodeIgniter.php(340): CodeIgniter\CodeIgniter->handleRequest(null, Object(Config\Cache), false)
13 FCPATH/index.php(67): CodeIgniter\CodeIgniter->run()
14 ROOTPATH/index.php(6): require_once('FCPATH/index.php')
CRITICAL - 2022-09-26 05:56:46 --> Undefined property: stdClass::$nama
in APPPATH/Controllers/Admin/Agama.php on line 72.
 1 APPPATH/Controllers/Admin/Agama.php(72): CodeIgniter\Debug\Exceptions->errorHandler(8, 'Undefined property: stdClass::$nama', 'APPPATH/Controllers/Admin/Agama.php', 72, [...])
 2 SYSTEMPATH/CodeIgniter.php(907): App\Controllers\Admin\Agama->edit('2')
 3 SYSTEMPATH/CodeIgniter.php(457): CodeIgniter\CodeIgniter->runController(Object(App\Controllers\Admin\Agama))
 4 SYSTEMPATH/CodeIgniter.php(340): CodeIgniter\CodeIgniter->handleRequest(null, Object(Config\Cache), false)
 5 FCPATH/index.php(67): CodeIgniter\CodeIgniter->run()
 6 ROOTPATH/index.php(6): require_once('FCPATH/index.php')
CRITICAL - 2022-09-26 06:23:36 --> The behavior of unparenthesized expressions containing both '.' and '+'/'-' will change in PHP 8: '+'/'-' will take a higher precedence
in APPPATH/Views/admin/tahun/tambah.php on line 36.
 1 APPPATH/Views/admin/tahun/index.php(1): CodeIgniter\Debug\Exceptions->errorHandler(8192, 'The behavior of unparenthesized expressions containing both \'.\' and \'+\'/\'-\' will change in PHP 8: \'+\'/\'-\' will take a higher precedence', 'APPPATH/Views/admin/tahun/tambah.php', 36, [...])
 2 APPPATH/Views/admin/tahun/index.php(1): include()
 3 SYSTEMPATH/View/View.php(213): include('APPPATH/Views/admin/tahun/index.php')
 4 SYSTEMPATH/View/View.php(216): CodeIgniter\View\View->CodeIgniter\View\{closure}()
 5 SYSTEMPATH/Common.php(1142): CodeIgniter\View\View->render('admin/tahun/index', [], true)
 6 APPPATH/Views/admin/layout/wrapper.php(13): view('admin/tahun/index')
 7 SYSTEMPATH/View/View.php(213): include('APPPATH/Views/admin/layout/wrapper.php')
 8 SYSTEMPATH/View/View.php(216): CodeIgniter\View\View->CodeIgniter\View\{closure}()
 9 SYSTEMPATH/Common.php(1142): CodeIgniter\View\View->render('admin/layout/wrapper', [], true)
10 APPPATH/Controllers/Admin/Tahun.php(39): view('admin/layout/wrapper', [...])
11 SYSTEMPATH/CodeIgniter.php(907): App\Controllers\Admin\Tahun->index()
12 SYSTEMPATH/CodeIgniter.php(457): CodeIgniter\CodeIgniter->runController(Object(App\Controllers\Admin\Tahun))
13 SYSTEMPATH/CodeIgniter.php(340): CodeIgniter\CodeIgniter->handleRequest(null, Object(Config\Cache), false)
14 FCPATH/index.php(67): CodeIgniter\CodeIgniter->run()
15 ROOTPATH/index.php(6): require_once('FCPATH/index.php')
CRITICAL - 2022-09-26 08:21:23 --> Undefined variable: jenjang
in APPPATH/Views/admin/kelas/edit.php on line 18.
 1 APPPATH/Views/admin/kelas/edit.php(18): CodeIgniter\Debug\Exceptions->errorHandler(8, 'Undefined variable: jenjang', 'APPPATH/Views/admin/kelas/edit.php', 18, [...])
 2 SYSTEMPATH/View/View.php(213): include('APPPATH/Views/admin/kelas/edit.php')
 3 SYSTEMPATH/View/View.php(216): CodeIgniter\View\View->CodeIgniter\View\{closure}()
 4 SYSTEMPATH/Common.php(1142): CodeIgniter\View\View->render('admin/kelas/edit', [], true)
 5 APPPATH/Views/admin/layout/wrapper.php(13): view('admin/kelas/edit')
 6 SYSTEMPATH/View/View.php(213): include('APPPATH/Views/admin/layout/wrapper.php')
 7 SYSTEMPATH/View/View.php(216): CodeIgniter\View\View->CodeIgniter\View\{closure}()
 8 SYSTEMPATH/Common.php(1142): CodeIgniter\View\View->render('admin/layout/wrapper', [], true)
 9 APPPATH/Controllers/Admin/Kelas.php(79): view('admin/layout/wrapper', [...])
10 SYSTEMPATH/CodeIgniter.php(907): App\Controllers\Admin\Kelas->edit('2')
11 SYSTEMPATH/CodeIgniter.php(457): CodeIgniter\CodeIgniter->runController(Object(App\Controllers\Admin\Kelas))
12 SYSTEMPATH/CodeIgniter.php(340): CodeIgniter\CodeIgniter->handleRequest(null, Object(Config\Cache), false)
13 FCPATH/index.php(67): CodeIgniter\CodeIgniter->run()
14 ROOTPATH/index.php(6): require_once('FCPATH/index.php')
CRITICAL - 2022-09-26 08:36:02 --> Invalid file: admin/siswa/index.php
in SYSTEMPATH/Exceptions/FrameworkException.php on line 33.
 1 SYSTEMPATH/View/View.php(201): CodeIgniter\Exceptions\FrameworkException::forInvalidFile('admin/siswa/index.php')
 2 SYSTEMPATH/Common.php(1142): CodeIgniter\View\View->render('admin/siswa/index', [], true)
 3 APPPATH/Views/admin/layout/wrapper.php(13): view('admin/siswa/index')
 4 SYSTEMPATH/View/View.php(213): include('APPPATH/Views/admin/layout/wrapper.php')
 5 SYSTEMPATH/View/View.php(216): CodeIgniter\View\View->CodeIgniter\View\{closure}()
 6 SYSTEMPATH/Common.php(1142): CodeIgniter\View\View->render('admin/layout/wrapper', [], true)
 7 APPPATH/Controllers/Admin/Siswa.php(47): view('admin/layout/wrapper', [...])
 8 SYSTEMPATH/CodeIgniter.php(907): App\Controllers\Admin\Siswa->index()
 9 SYSTEMPATH/CodeIgniter.php(457): CodeIgniter\CodeIgniter->runController(Object(App\Controllers\Admin\Siswa))
10 SYSTEMPATH/CodeIgniter.php(340): CodeIgniter\CodeIgniter->handleRequest(null, Object(Config\Cache), false)
11 FCPATH/index.php(67): CodeIgniter\CodeIgniter->run()
12 ROOTPATH/index.php(6): require_once('FCPATH/index.php')
CRITICAL - 2022-09-26 09:19:37 --> Trying to get property 'id_siswa' of non-object
in APPPATH/Controllers/Admin/Siswa.php on line 56.
 1 APPPATH/Controllers/Admin/Siswa.php(56): CodeIgniter\Debug\Exceptions->errorHandler(8, 'Trying to get property \'id_siswa\' of non-object', 'APPPATH/Controllers/Admin/Siswa.php', 56, [...])
 2 SYSTEMPATH/CodeIgniter.php(907): App\Controllers\Admin\Siswa->tambah()
 3 SYSTEMPATH/CodeIgniter.php(457): CodeIgniter\CodeIgniter->runController(Object(App\Controllers\Admin\Siswa))
 4 SYSTEMPATH/CodeIgniter.php(340): CodeIgniter\CodeIgniter->handleRequest(null, Object(Config\Cache), false)
 5 FCPATH/index.php(67): CodeIgniter\CodeIgniter->run()
 6 ROOTPATH/index.php(6): require_once('FCPATH/index.php')
CRITICAL - 2022-09-26 10:49:22 --> Class 'App\Models\Hubungan_model' not found
in APPPATH/Controllers/Admin/Hubungan.php on line 14.
 1 SYSTEMPATH/CodeIgniter.php(907): App\Controllers\Admin\Hubungan->index()
 2 SYSTEMPATH/CodeIgniter.php(457): CodeIgniter\CodeIgniter->runController(Object(App\Controllers\Admin\Hubungan))
 3 SYSTEMPATH/CodeIgniter.php(340): CodeIgniter\CodeIgniter->handleRequest(null, Object(Config\Cache), false)
 4 FCPATH/index.php(67): CodeIgniter\CodeIgniter->run()
 5 ROOTPATH/index.php(6): require_once('FCPATH/index.php')
