CRITICAL - 2022-10-04 03:19:31 --> Too few arguments to function App\Models\Rombel_model::all_rombel(), 0 passed in /Applications/MAMP/htdocs/tk/app/Controllers/Admin/Rombel.php on line 18 and exactly 1 expected
in APPPATH/Models/Rombel_model.php on line 37.
 1 APPPATH/Controllers/Admin/Rombel.php(18): App\Models\Rombel_model->all_rombel()
 2 SYSTEMPATH/CodeIgniter.php(907): App\Controllers\Admin\Rombel->index()
 3 SYSTEMPATH/CodeIgniter.php(457): CodeIgniter\CodeIgniter->runController(Object(App\Controllers\Admin\Rombel))
 4 SYSTEMPATH/CodeIgniter.php(340): CodeIgniter\CodeIgniter->handleRequest(null, Object(Config\Cache), false)
 5 FCPATH/index.php(67): CodeIgniter\CodeIgniter->run()
 6 ROOTPATH/index.php(6): require_once('FCPATH/index.php')
ERROR - 2022-10-04 03:23:14 --> mysqli_sql_exception: Unknown column 'tahun.tahun' in 'order clause' in /Applications/MAMP/htdocs/tk/system/Database/MySQLi/Connection.php:292
Stack trace:
#0 /Applications/MAMP/htdocs/tk/system/Database/MySQLi/Connection.php(292): mysqli->query('SELECT `rombel`...', 0)
#1 /Applications/MAMP/htdocs/tk/system/Database/BaseConnection.php(693): CodeIgniter\Database\MySQLi\Connection->execute('SELECT `rombel`...')
#2 /Applications/MAMP/htdocs/tk/system/Database/BaseConnection.php(620): CodeIgniter\Database\BaseConnection->simpleQuery('SELECT `rombel`...')
#3 /Applications/MAMP/htdocs/tk/system/Database/BaseBuilder.php(1585): CodeIgniter\Database\BaseConnection->query('SELECT `rombel`...', Array, false)
#4 /Applications/MAMP/htdocs/tk/app/Models/Rombel_model.php(116): CodeIgniter\Database\BaseBuilder->get()
#5 /Applications/MAMP/htdocs/tk/app/Controllers/Admin/Rombel.php(17): App\Models\Rombel_model->akhir()
#6 /Applications/MAMP/htdocs/tk/system/CodeIgniter.php(907): App\Controllers\Admin\Rombel->index()
#7 /Applications/MAMP/htdocs/tk/system/CodeIgniter.php(457): CodeIgniter\CodeIgniter->runController(Object(App\Controllers\Admin\Rombel))
#8 /Applications/MAMP/htdocs/tk/system/CodeIgniter.php(340): CodeIgniter\CodeIgniter->handleRequest(NULL, Object(Config\Cache), false)
#9 /Applications/MAMP/htdocs/tk/public/index.php(67): CodeIgniter\CodeIgniter->run()
#10 /Applications/MAMP/htdocs/tk/index.php(6): require_once('/Applications/M...')
#11 {main}
CRITICAL - 2022-10-04 03:23:14 --> Unknown column 'tahun.tahun' in 'order clause'
in SYSTEMPATH/Database/MySQLi/Connection.php on line 292.
 1 SYSTEMPATH/Database/MySQLi/Connection.php(292): mysqli->query('SELECT `rombel`.*, `kelas`.`nama_kelas`, `kelas`.`keterangan` AS `keterangan_kelas`, `tahun`.`nama_tahun`, `tahun`.`tahun_mulai`, `tahun`.`tahun_selesai`
FROM `rombel`
JOIN `kelas` ON `kelas`.`id_kelas` = `rombel`.`id_kelas`
JOIN `tahun` ON `tahun`.`id_tahun` = `rombel`.`id_tahun`
ORDER BY `tahun`.`tahun` DESC', 0)
 2 SYSTEMPATH/Database/BaseConnection.php(693): CodeIgniter\Database\MySQLi\Connection->execute('SELECT `rombel`.*, `kelas`.`nama_kelas`, `kelas`.`keterangan` AS `keterangan_kelas`, `tahun`.`nama_tahun`, `tahun`.`tahun_mulai`, `tahun`.`tahun_selesai`
FROM `rombel`
JOIN `kelas` ON `kelas`.`id_kelas` = `rombel`.`id_kelas`
JOIN `tahun` ON `tahun`.`id_tahun` = `rombel`.`id_tahun`
ORDER BY `tahun`.`tahun` DESC')
 3 SYSTEMPATH/Database/BaseConnection.php(620): CodeIgniter\Database\BaseConnection->simpleQuery('SELECT `rombel`.*, `kelas`.`nama_kelas`, `kelas`.`keterangan` AS `keterangan_kelas`, `tahun`.`nama_tahun`, `tahun`.`tahun_mulai`, `tahun`.`tahun_selesai`
FROM `rombel`
JOIN `kelas` ON `kelas`.`id_kelas` = `rombel`.`id_kelas`
JOIN `tahun` ON `tahun`.`id_tahun` = `rombel`.`id_tahun`
ORDER BY `tahun`.`tahun` DESC')
 4 SYSTEMPATH/Database/BaseBuilder.php(1585): CodeIgniter\Database\BaseConnection->query('SELECT `rombel`.*, `kelas`.`nama_kelas`, `kelas`.`keterangan` AS `keterangan_kelas`, `tahun`.`nama_tahun`, `tahun`.`tahun_mulai`, `tahun`.`tahun_selesai`
FROM `rombel`
JOIN `kelas` ON `kelas`.`id_kelas` = `rombel`.`id_kelas`
JOIN `tahun` ON `tahun`.`id_tahun` = `rombel`.`id_tahun`
ORDER BY `tahun`.`tahun` DESC', [], false)
 5 APPPATH/Models/Rombel_model.php(116): CodeIgniter\Database\BaseBuilder->get()
 6 APPPATH/Controllers/Admin/Rombel.php(17): App\Models\Rombel_model->akhir()
 7 SYSTEMPATH/CodeIgniter.php(907): App\Controllers\Admin\Rombel->index()
 8 SYSTEMPATH/CodeIgniter.php(457): CodeIgniter\CodeIgniter->runController(Object(App\Controllers\Admin\Rombel))
 9 SYSTEMPATH/CodeIgniter.php(340): CodeIgniter\CodeIgniter->handleRequest(null, Object(Config\Cache), false)
10 FCPATH/index.php(67): CodeIgniter\CodeIgniter->run()
11 ROOTPATH/index.php(6): require_once('FCPATH/index.php')
CRITICAL - 2022-10-04 03:23:40 --> Invalid argument supplied for foreach()
in APPPATH/Views/admin/rombel/index.php on line 15.
 1 APPPATH/Views/admin/rombel/index.php(15): CodeIgniter\Debug\Exceptions->errorHandler(2, 'Invalid argument supplied for foreach()', 'APPPATH/Views/admin/rombel/index.php', 15, [...])
 2 SYSTEMPATH/View/View.php(213): include('APPPATH/Views/admin/rombel/index.php')
 3 SYSTEMPATH/View/View.php(216): CodeIgniter\View\View->CodeIgniter\View\{closure}()
 4 SYSTEMPATH/Common.php(1142): CodeIgniter\View\View->render('admin/rombel/index', [], true)
 5 APPPATH/Views/admin/layout/wrapper.php(13): view('admin/rombel/index')
 6 SYSTEMPATH/View/View.php(213): include('APPPATH/Views/admin/layout/wrapper.php')
 7 SYSTEMPATH/View/View.php(216): CodeIgniter\View\View->CodeIgniter\View\{closure}()
 8 SYSTEMPATH/Common.php(1142): CodeIgniter\View\View->render('admin/layout/wrapper', [], true)
 9 APPPATH/Controllers/Admin/Rombel.php(35): view('admin/layout/wrapper', [...])
10 SYSTEMPATH/CodeIgniter.php(907): App\Controllers\Admin\Rombel->index()
11 SYSTEMPATH/CodeIgniter.php(457): CodeIgniter\CodeIgniter->runController(Object(App\Controllers\Admin\Rombel))
12 SYSTEMPATH/CodeIgniter.php(340): CodeIgniter\CodeIgniter->handleRequest(null, Object(Config\Cache), false)
13 FCPATH/index.php(67): CodeIgniter\CodeIgniter->run()
14 ROOTPATH/index.php(6): require_once('FCPATH/index.php')
CRITICAL - 2022-10-04 03:33:15 --> Call to undefined method App\Models\Rombel_model::all_rombel
in SYSTEMPATH/Model.php on line 774.
 1 APPPATH/Controllers/Admin/Rombel.php(45): CodeIgniter\Model->__call('all_rombel', [])
 2 SYSTEMPATH/CodeIgniter.php(907): App\Controllers\Admin\Rombel->tambah()
 3 SYSTEMPATH/CodeIgniter.php(457): CodeIgniter\CodeIgniter->runController(Object(App\Controllers\Admin\Rombel))
 4 SYSTEMPATH/CodeIgniter.php(340): CodeIgniter\CodeIgniter->handleRequest(null, Object(Config\Cache), false)
 5 FCPATH/index.php(67): CodeIgniter\CodeIgniter->run()
 6 ROOTPATH/index.php(6): require_once('FCPATH/index.php')
CRITICAL - 2022-10-04 03:35:46 --> Undefined variable: kelas
in APPPATH/Controllers/Admin/Rombel.php on line 71.
 1 APPPATH/Controllers/Admin/Rombel.php(71): CodeIgniter\Debug\Exceptions->errorHandler(8, 'Undefined variable: kelas', 'APPPATH/Controllers/Admin/Rombel.php', 71, [...])
 2 SYSTEMPATH/CodeIgniter.php(907): App\Controllers\Admin\Rombel->tambah()
 3 SYSTEMPATH/CodeIgniter.php(457): CodeIgniter\CodeIgniter->runController(Object(App\Controllers\Admin\Rombel))
 4 SYSTEMPATH/CodeIgniter.php(340): CodeIgniter\CodeIgniter->handleRequest(null, Object(Config\Cache), false)
 5 FCPATH/index.php(67): CodeIgniter\CodeIgniter->run()
 6 ROOTPATH/index.php(6): require_once('FCPATH/index.php')
CRITICAL - 2022-10-04 03:43:57 --> Undefined variable: tahun
in APPPATH/Views/admin/rombel/index.php on line 12.
 1 APPPATH/Views/admin/rombel/index.php(12): CodeIgniter\Debug\Exceptions->errorHandler(8, 'Undefined variable: tahun', 'APPPATH/Views/admin/rombel/index.php', 12, [...])
 2 SYSTEMPATH/View/View.php(213): include('APPPATH/Views/admin/rombel/index.php')
 3 SYSTEMPATH/View/View.php(216): CodeIgniter\View\View->CodeIgniter\View\{closure}()
 4 SYSTEMPATH/Common.php(1142): CodeIgniter\View\View->render('admin/rombel/index', [], true)
 5 APPPATH/Views/admin/layout/wrapper.php(13): view('admin/rombel/index')
 6 SYSTEMPATH/View/View.php(213): include('APPPATH/Views/admin/layout/wrapper.php')
 7 SYSTEMPATH/View/View.php(216): CodeIgniter\View\View->CodeIgniter\View\{closure}()
 8 SYSTEMPATH/Common.php(1142): CodeIgniter\View\View->render('admin/layout/wrapper', [], true)
 9 APPPATH/Controllers/Admin/Rombel.php(37): view('admin/layout/wrapper', [...])
10 SYSTEMPATH/CodeIgniter.php(907): App\Controllers\Admin\Rombel->index()
11 SYSTEMPATH/CodeIgniter.php(457): CodeIgniter\CodeIgniter->runController(Object(App\Controllers\Admin\Rombel))
12 SYSTEMPATH/CodeIgniter.php(340): CodeIgniter\CodeIgniter->handleRequest(null, Object(Config\Cache), false)
13 FCPATH/index.php(67): CodeIgniter\CodeIgniter->run()
14 ROOTPATH/index.php(6): require_once('FCPATH/index.php')
CRITICAL - 2022-10-04 03:44:15 --> Undefined variable: tahun
in APPPATH/Views/admin/rombel/index.php on line 12.
 1 APPPATH/Views/admin/rombel/index.php(12): CodeIgniter\Debug\Exceptions->errorHandler(8, 'Undefined variable: tahun', 'APPPATH/Views/admin/rombel/index.php', 12, [...])
 2 SYSTEMPATH/View/View.php(213): include('APPPATH/Views/admin/rombel/index.php')
 3 SYSTEMPATH/View/View.php(216): CodeIgniter\View\View->CodeIgniter\View\{closure}()
 4 SYSTEMPATH/Common.php(1142): CodeIgniter\View\View->render('admin/rombel/index', [], true)
 5 APPPATH/Views/admin/layout/wrapper.php(13): view('admin/rombel/index')
 6 SYSTEMPATH/View/View.php(213): include('APPPATH/Views/admin/layout/wrapper.php')
 7 SYSTEMPATH/View/View.php(216): CodeIgniter\View\View->CodeIgniter\View\{closure}()
 8 SYSTEMPATH/Common.php(1142): CodeIgniter\View\View->render('admin/layout/wrapper', [], true)
 9 APPPATH/Controllers/Admin/Rombel.php(37): view('admin/layout/wrapper', [...])
10 SYSTEMPATH/CodeIgniter.php(907): App\Controllers\Admin\Rombel->index()
11 SYSTEMPATH/CodeIgniter.php(457): CodeIgniter\CodeIgniter->runController(Object(App\Controllers\Admin\Rombel))
12 SYSTEMPATH/CodeIgniter.php(340): CodeIgniter\CodeIgniter->handleRequest(null, Object(Config\Cache), false)
13 FCPATH/index.php(67): CodeIgniter\CodeIgniter->run()
14 ROOTPATH/index.php(6): require_once('FCPATH/index.php')
CRITICAL - 2022-10-04 03:44:41 --> Undefined variable: tahun
in APPPATH/Controllers/Admin/Rombel.php on line 36.
 1 APPPATH/Controllers/Admin/Rombel.php(36): CodeIgniter\Debug\Exceptions->errorHandler(8, 'Undefined variable: tahun', 'APPPATH/Controllers/Admin/Rombel.php', 36, [...])
 2 SYSTEMPATH/CodeIgniter.php(907): App\Controllers\Admin\Rombel->index()
 3 SYSTEMPATH/CodeIgniter.php(457): CodeIgniter\CodeIgniter->runController(Object(App\Controllers\Admin\Rombel))
 4 SYSTEMPATH/CodeIgniter.php(340): CodeIgniter\CodeIgniter->handleRequest(null, Object(Config\Cache), false)
 5 FCPATH/index.php(67): CodeIgniter\CodeIgniter->run()
 6 ROOTPATH/index.php(6): require_once('FCPATH/index.php')
CRITICAL - 2022-10-04 03:47:17 --> Undefined index: tahun
in APPPATH/Controllers/Admin/Rombel.php on line 48.
 1 APPPATH/Controllers/Admin/Rombel.php(48): CodeIgniter\Debug\Exceptions->errorHandler(8, 'Undefined index: tahun', 'APPPATH/Controllers/Admin/Rombel.php', 48, [])
 2 SYSTEMPATH/CodeIgniter.php(907): App\Controllers\Admin\Rombel->kelola()
 3 SYSTEMPATH/CodeIgniter.php(457): CodeIgniter\CodeIgniter->runController(Object(App\Controllers\Admin\Rombel))
 4 SYSTEMPATH/CodeIgniter.php(340): CodeIgniter\CodeIgniter->handleRequest(null, Object(Config\Cache), false)
 5 FCPATH/index.php(67): CodeIgniter\CodeIgniter->run()
 6 ROOTPATH/index.php(6): require_once('FCPATH/index.php')
CRITICAL - 2022-10-04 03:50:55 --> Undefined variable: akhir
in APPPATH/Controllers/Admin/Rombel.php on line 53.
 1 APPPATH/Controllers/Admin/Rombel.php(53): CodeIgniter\Debug\Exceptions->errorHandler(8, 'Undefined variable: akhir', 'APPPATH/Controllers/Admin/Rombel.php', 53, [...])
 2 SYSTEMPATH/CodeIgniter.php(907): App\Controllers\Admin\Rombel->kelola()
 3 SYSTEMPATH/CodeIgniter.php(457): CodeIgniter\CodeIgniter->runController(Object(App\Controllers\Admin\Rombel))
 4 SYSTEMPATH/CodeIgniter.php(340): CodeIgniter\CodeIgniter->handleRequest(null, Object(Config\Cache), false)
 5 FCPATH/index.php(67): CodeIgniter\CodeIgniter->run()
 6 ROOTPATH/index.php(6): require_once('FCPATH/index.php')
CRITICAL - 2022-10-04 03:51:14 --> Trying to get property 'id_tahun' of non-object
in APPPATH/Controllers/Admin/Rombel.php on line 54.
 1 APPPATH/Controllers/Admin/Rombel.php(54): CodeIgniter\Debug\Exceptions->errorHandler(8, 'Trying to get property \'id_tahun\' of non-object', 'APPPATH/Controllers/Admin/Rombel.php', 54, [...])
 2 SYSTEMPATH/CodeIgniter.php(907): App\Controllers\Admin\Rombel->kelola()
 3 SYSTEMPATH/CodeIgniter.php(457): CodeIgniter\CodeIgniter->runController(Object(App\Controllers\Admin\Rombel))
 4 SYSTEMPATH/CodeIgniter.php(340): CodeIgniter\CodeIgniter->handleRequest(null, Object(Config\Cache), false)
 5 FCPATH/index.php(67): CodeIgniter\CodeIgniter->run()
 6 ROOTPATH/index.php(6): require_once('FCPATH/index.php')
CRITICAL - 2022-10-04 03:51:41 --> Too few arguments to function App\Models\Rombel_model::tahun(), 0 passed in /Applications/MAMP/htdocs/tk/app/Controllers/Admin/Rombel.php on line 56 and exactly 1 expected
in APPPATH/Models/Rombel_model.php on line 37.
 1 APPPATH/Controllers/Admin/Rombel.php(56): App\Models\Rombel_model->tahun()
 2 SYSTEMPATH/CodeIgniter.php(907): App\Controllers\Admin\Rombel->kelola()
 3 SYSTEMPATH/CodeIgniter.php(457): CodeIgniter\CodeIgniter->runController(Object(App\Controllers\Admin\Rombel))
 4 SYSTEMPATH/CodeIgniter.php(340): CodeIgniter\CodeIgniter->handleRequest(null, Object(Config\Cache), false)
 5 FCPATH/index.php(67): CodeIgniter\CodeIgniter->run()
 6 ROOTPATH/index.php(6): require_once('FCPATH/index.php')
CRITICAL - 2022-10-04 03:55:49 --> Undefined variable: m_kelas
in APPPATH/Views/admin/rombel/kelola.php on line 48.
 1 APPPATH/Views/admin/rombel/kelola.php(48): CodeIgniter\Debug\Exceptions->errorHandler(8, 'Undefined variable: m_kelas', 'APPPATH/Views/admin/rombel/kelola.php', 48, [...])
 2 SYSTEMPATH/View/View.php(213): include('APPPATH/Views/admin/rombel/kelola.php')
 3 SYSTEMPATH/View/View.php(216): CodeIgniter\View\View->CodeIgniter\View\{closure}()
 4 SYSTEMPATH/Common.php(1142): CodeIgniter\View\View->render('admin/rombel/kelola', [], true)
 5 APPPATH/Views/admin/layout/wrapper.php(13): view('admin/rombel/kelola')
 6 SYSTEMPATH/View/View.php(213): include('APPPATH/Views/admin/layout/wrapper.php')
 7 SYSTEMPATH/View/View.php(216): CodeIgniter\View\View->CodeIgniter\View\{closure}()
 8 SYSTEMPATH/Common.php(1142): CodeIgniter\View\View->render('admin/layout/wrapper', [], true)
 9 APPPATH/Controllers/Admin/Rombel.php(64): view('admin/layout/wrapper', [...])
10 SYSTEMPATH/CodeIgniter.php(907): App\Controllers\Admin\Rombel->kelola()
11 SYSTEMPATH/CodeIgniter.php(457): CodeIgniter\CodeIgniter->runController(Object(App\Controllers\Admin\Rombel))
12 SYSTEMPATH/CodeIgniter.php(340): CodeIgniter\CodeIgniter->handleRequest(null, Object(Config\Cache), false)
13 FCPATH/index.php(67): CodeIgniter\CodeIgniter->run()
14 ROOTPATH/index.php(6): require_once('FCPATH/index.php')
