CRITICAL - 2022-09-10 08:21:35 --> Trying to get property 'judul_berita' of non-object
in APPPATH/Controllers/Admin/Berita.php on line 284.
 1 APPPATH/Controllers/Admin/Berita.php(284): CodeIgniter\Debug\Exceptions->errorHandler(8, 'Trying to get property \'judul_berita\' of non-object', 'APPPATH/Controllers/Admin/Berita.php', 284, [...])
 2 SYSTEMPATH/CodeIgniter.php(907): App\Controllers\Admin\Berita->edit('ajax.php')
 3 SYSTEMPATH/CodeIgniter.php(457): CodeIgniter\CodeIgniter->runController(Object(App\Controllers\Admin\Berita))
 4 SYSTEMPATH/CodeIgniter.php(340): CodeIgniter\CodeIgniter->handleRequest(null, Object(Config\Cache), false)
 5 FCPATH/index.php(67): CodeIgniter\CodeIgniter->run()
 6 ROOTPATH/index.php(6): require_once('FCPATH/index.php')
CRITICAL - 2022-09-10 10:53:43 --> Undefined variable: pager
in APPPATH/Controllers/Admin/Staff.php on line 36.
 1 APPPATH/Controllers/Admin/Staff.php(36): CodeIgniter\Debug\Exceptions->errorHandler(8, 'Undefined variable: pager', 'APPPATH/Controllers/Admin/Staff.php', 36, [...])
 2 SYSTEMPATH/CodeIgniter.php(907): App\Controllers\Admin\Staff->index()
 3 SYSTEMPATH/CodeIgniter.php(457): CodeIgniter\CodeIgniter->runController(Object(App\Controllers\Admin\Staff))
 4 SYSTEMPATH/CodeIgniter.php(340): CodeIgniter\CodeIgniter->handleRequest(null, Object(Config\Cache), false)
 5 FCPATH/index.php(67): CodeIgniter\CodeIgniter->run()
 6 ROOTPATH/index.php(6): require_once('FCPATH/index.php')
CRITICAL - 2022-09-10 11:04:25 --> Class 'App\Controllers\Admin\Kategori_model' not found
in APPPATH/Controllers/Admin/Staff.php on line 56.
 1 SYSTEMPATH/CodeIgniter.php(907): App\Controllers\Admin\Staff->proses()
 2 SYSTEMPATH/CodeIgniter.php(457): CodeIgniter\CodeIgniter->runController(Object(App\Controllers\Admin\Staff))
 3 SYSTEMPATH/CodeIgniter.php(340): CodeIgniter\CodeIgniter->handleRequest(null, Object(Config\Cache), false)
 4 FCPATH/index.php(67): CodeIgniter\CodeIgniter->run()
 5 ROOTPATH/index.php(6): require_once('FCPATH/index.php')
CRITICAL - 2022-09-10 11:05:37 --> Trying to get property 'nama' of non-object
in APPPATH/Controllers/Admin/Staff.php on line 263.
 1 APPPATH/Controllers/Admin/Staff.php(263): CodeIgniter\Debug\Exceptions->errorHandler(8, 'Trying to get property \'nama\' of non-object', 'APPPATH/Controllers/Admin/Staff.php', 263, [...])
 2 SYSTEMPATH/CodeIgniter.php(907): App\Controllers\Admin\Staff->edit('ajax.php')
 3 SYSTEMPATH/CodeIgniter.php(457): CodeIgniter\CodeIgniter->runController(Object(App\Controllers\Admin\Staff))
 4 SYSTEMPATH/CodeIgniter.php(340): CodeIgniter\CodeIgniter->handleRequest(null, Object(Config\Cache), false)
 5 FCPATH/index.php(67): CodeIgniter\CodeIgniter->run()
 6 ROOTPATH/index.php(6): require_once('FCPATH/index.php')
CRITICAL - 2022-09-10 11:06:04 --> Trying to get property 'nama' of non-object
in APPPATH/Controllers/Admin/Staff.php on line 263.
 1 APPPATH/Controllers/Admin/Staff.php(263): CodeIgniter\Debug\Exceptions->errorHandler(8, 'Trying to get property \'nama\' of non-object', 'APPPATH/Controllers/Admin/Staff.php', 263, [...])
 2 SYSTEMPATH/CodeIgniter.php(907): App\Controllers\Admin\Staff->edit('ajax.php')
 3 SYSTEMPATH/CodeIgniter.php(457): CodeIgniter\CodeIgniter->runController(Object(App\Controllers\Admin\Staff))
 4 SYSTEMPATH/CodeIgniter.php(340): CodeIgniter\CodeIgniter->handleRequest(null, Object(Config\Cache), false)
 5 FCPATH/index.php(67): CodeIgniter\CodeIgniter->run()
 6 ROOTPATH/index.php(6): require_once('FCPATH/index.php')
CRITICAL - 2022-09-10 11:06:39 --> Trying to get property 'nama' of non-object
in APPPATH/Controllers/Admin/Staff.php on line 263.
 1 APPPATH/Controllers/Admin/Staff.php(263): CodeIgniter\Debug\Exceptions->errorHandler(8, 'Trying to get property \'nama\' of non-object', 'APPPATH/Controllers/Admin/Staff.php', 263, [...])
 2 SYSTEMPATH/CodeIgniter.php(907): App\Controllers\Admin\Staff->edit('ajax.php')
 3 SYSTEMPATH/CodeIgniter.php(457): CodeIgniter\CodeIgniter->runController(Object(App\Controllers\Admin\Staff))
 4 SYSTEMPATH/CodeIgniter.php(340): CodeIgniter\CodeIgniter->handleRequest(null, Object(Config\Cache), false)
 5 FCPATH/index.php(67): CodeIgniter\CodeIgniter->run()
 6 ROOTPATH/index.php(6): require_once('FCPATH/index.php')
CRITICAL - 2022-09-10 11:07:10 --> Trying to get property 'nama' of non-object
in APPPATH/Controllers/Admin/Staff.php on line 263.
 1 APPPATH/Controllers/Admin/Staff.php(263): CodeIgniter\Debug\Exceptions->errorHandler(8, 'Trying to get property \'nama\' of non-object', 'APPPATH/Controllers/Admin/Staff.php', 263, [...])
 2 SYSTEMPATH/CodeIgniter.php(907): App\Controllers\Admin\Staff->edit('ajax.php')
 3 SYSTEMPATH/CodeIgniter.php(457): CodeIgniter\CodeIgniter->runController(Object(App\Controllers\Admin\Staff))
 4 SYSTEMPATH/CodeIgniter.php(340): CodeIgniter\CodeIgniter->handleRequest(null, Object(Config\Cache), false)
 5 FCPATH/index.php(67): CodeIgniter\CodeIgniter->run()
 6 ROOTPATH/index.php(6): require_once('FCPATH/index.php')
CRITICAL - 2022-09-10 11:07:16 --> Trying to get property 'nama' of non-object
in APPPATH/Controllers/Admin/Staff.php on line 263.
 1 APPPATH/Controllers/Admin/Staff.php(263): CodeIgniter\Debug\Exceptions->errorHandler(8, 'Trying to get property \'nama\' of non-object', 'APPPATH/Controllers/Admin/Staff.php', 263, [...])
 2 SYSTEMPATH/CodeIgniter.php(907): App\Controllers\Admin\Staff->edit('ajax.php')
 3 SYSTEMPATH/CodeIgniter.php(457): CodeIgniter\CodeIgniter->runController(Object(App\Controllers\Admin\Staff))
 4 SYSTEMPATH/CodeIgniter.php(340): CodeIgniter\CodeIgniter->handleRequest(null, Object(Config\Cache), false)
 5 FCPATH/index.php(67): CodeIgniter\CodeIgniter->run()
 6 ROOTPATH/index.php(6): require_once('FCPATH/index.php')
CRITICAL - 2022-09-10 11:07:32 --> Trying to get property 'nama' of non-object
in APPPATH/Controllers/Admin/Staff.php on line 264.
 1 APPPATH/Controllers/Admin/Staff.php(264): CodeIgniter\Debug\Exceptions->errorHandler(8, 'Trying to get property \'nama\' of non-object', 'APPPATH/Controllers/Admin/Staff.php', 264, [...])
 2 SYSTEMPATH/CodeIgniter.php(907): App\Controllers\Admin\Staff->edit('ajax.php')
 3 SYSTEMPATH/CodeIgniter.php(457): CodeIgniter\CodeIgniter->runController(Object(App\Controllers\Admin\Staff))
 4 SYSTEMPATH/CodeIgniter.php(340): CodeIgniter\CodeIgniter->handleRequest(null, Object(Config\Cache), false)
 5 FCPATH/index.php(67): CodeIgniter\CodeIgniter->run()
 6 ROOTPATH/index.php(6): require_once('FCPATH/index.php')
CRITICAL - 2022-09-10 11:07:56 --> Trying to get property 'nama' of non-object
in APPPATH/Controllers/Admin/Staff.php on line 263.
 1 APPPATH/Controllers/Admin/Staff.php(263): CodeIgniter\Debug\Exceptions->errorHandler(8, 'Trying to get property \'nama\' of non-object', 'APPPATH/Controllers/Admin/Staff.php', 263, [...])
 2 SYSTEMPATH/CodeIgniter.php(907): App\Controllers\Admin\Staff->edit('ajax.php')
 3 SYSTEMPATH/CodeIgniter.php(457): CodeIgniter\CodeIgniter->runController(Object(App\Controllers\Admin\Staff))
 4 SYSTEMPATH/CodeIgniter.php(340): CodeIgniter\CodeIgniter->handleRequest(null, Object(Config\Cache), false)
 5 FCPATH/index.php(67): CodeIgniter\CodeIgniter->run()
 6 ROOTPATH/index.php(6): require_once('FCPATH/index.php')
CRITICAL - 2022-09-10 11:09:26 --> Trying to get property 'nama' of non-object
in APPPATH/Controllers/Admin/Staff.php on line 263.
 1 APPPATH/Controllers/Admin/Staff.php(263): CodeIgniter\Debug\Exceptions->errorHandler(8, 'Trying to get property \'nama\' of non-object', 'APPPATH/Controllers/Admin/Staff.php', 263, [...])
 2 SYSTEMPATH/CodeIgniter.php(907): App\Controllers\Admin\Staff->edit('ajax.php')
 3 SYSTEMPATH/CodeIgniter.php(457): CodeIgniter\CodeIgniter->runController(Object(App\Controllers\Admin\Staff))
 4 SYSTEMPATH/CodeIgniter.php(340): CodeIgniter\CodeIgniter->handleRequest(null, Object(Config\Cache), false)
 5 FCPATH/index.php(67): CodeIgniter\CodeIgniter->run()
 6 ROOTPATH/index.php(6): require_once('FCPATH/index.php')
CRITICAL - 2022-09-10 11:18:14 --> Class 'App\Models\Kategori_galeri_model' not found
in APPPATH/Controllers/Admin/Kategori_galeri.php on line 14.
 1 SYSTEMPATH/CodeIgniter.php(907): App\Controllers\Admin\Kategori_galeri->index()
 2 SYSTEMPATH/CodeIgniter.php(457): CodeIgniter\CodeIgniter->runController(Object(App\Controllers\Admin\Kategori_galeri))
 3 SYSTEMPATH/CodeIgniter.php(340): CodeIgniter\CodeIgniter->handleRequest(null, Object(Config\Cache), false)
 4 FCPATH/index.php(67): CodeIgniter\CodeIgniter->run()
 5 ROOTPATH/index.php(6): require_once('FCPATH/index.php')
CRITICAL - 2022-09-10 11:18:41 --> syntax error, unexpected 'slug_kategori_galeri' (T_STRING), expecting ']'
in APPPATH/Views/admin/kategori_galeri/index.php on line 17.
 1 SYSTEMPATH/View/View.php(216): CodeIgniter\View\View->CodeIgniter\View\{closure}()
 2 SYSTEMPATH/Common.php(1142): CodeIgniter\View\View->render('admin/kategori_galeri/index', [], true)
 3 APPPATH/Views/admin/layout/wrapper.php(13): view('admin/kategori_galeri/index')
 4 SYSTEMPATH/View/View.php(213): include('APPPATH/Views/admin/layout/wrapper.php')
 5 SYSTEMPATH/View/View.php(216): CodeIgniter\View\View->CodeIgniter\View\{closure}()
 6 SYSTEMPATH/Common.php(1142): CodeIgniter\View\View->render('admin/layout/wrapper', [], true)
 7 APPPATH/Controllers/Admin/Kategori_galeri.php(74): view('admin/layout/wrapper', [...])
 8 SYSTEMPATH/CodeIgniter.php(907): App\Controllers\Admin\Kategori_galeri->index()
 9 SYSTEMPATH/CodeIgniter.php(457): CodeIgniter\CodeIgniter->runController(Object(App\Controllers\Admin\Kategori_galeri))
10 SYSTEMPATH/CodeIgniter.php(340): CodeIgniter\CodeIgniter->handleRequest(null, Object(Config\Cache), false)
11 FCPATH/index.php(67): CodeIgniter\CodeIgniter->run()
12 ROOTPATH/index.php(6): require_once('FCPATH/index.php')
ERROR - 2022-09-10 11:19:25 --> mysqli_sql_exception: Table 'javawebmedia_jw.galeri' doesn't exist in /Applications/MAMP/htdocs/jw/system/Database/MySQLi/Connection.php:292
Stack trace:
#0 /Applications/MAMP/htdocs/jw/system/Database/MySQLi/Connection.php(292): mysqli->query('SELECT COUNT(*)...', 0)
#1 /Applications/MAMP/htdocs/jw/system/Database/BaseConnection.php(693): CodeIgniter\Database\MySQLi\Connection->execute('SELECT COUNT(*)...')
#2 /Applications/MAMP/htdocs/jw/system/Database/BaseConnection.php(620): CodeIgniter\Database\BaseConnection->simpleQuery('SELECT COUNT(*)...')
#3 /Applications/MAMP/htdocs/jw/system/Database/BaseBuilder.php(1585): CodeIgniter\Database\BaseConnection->query('SELECT COUNT(*)...', Array, false)
#4 /Applications/MAMP/htdocs/jw/app/Models/Kategori_galeri_model.php(35): CodeIgniter\Database\BaseBuilder->get()
#5 /Applications/MAMP/htdocs/jw/app/Views/admin/kategori_galeri/index.php(17): App\Models\Kategori_galeri_model->galeri('6')
#6 /Applications/MAMP/htdocs/jw/system/View/View.php(213): include('/Applications/M...')
#7 /Applications/MAMP/htdocs/jw/system/View/View.php(216): CodeIgniter\View\View->CodeIgniter\View\{closure}()
#8 /Applications/MAMP/htdocs/jw/system/Common.php(1142): CodeIgniter\View\View->render('admin/kategori_...', Array, true)
#9 /Applications/MAMP/htdocs/jw/app/Views/admin/layout/wrapper.php(13): view('admin/kategori_...')
#10 /Applications/MAMP/htdocs/jw/system/View/View.php(213): include('/Applications/M...')
#11 /Applications/MAMP/htdocs/jw/system/View/View.php(216): CodeIgniter\View\View->CodeIgniter\View\{closure}()
#12 /Applications/MAMP/htdocs/jw/system/Common.php(1142): CodeIgniter\View\View->render('admin/layout/wr...', Array, true)
#13 /Applications/MAMP/htdocs/jw/app/Controllers/Admin/Kategori_galeri.php(74): view('admin/layout/wr...', Array)
#14 /Applications/MAMP/htdocs/jw/system/CodeIgniter.php(907): App\Controllers\Admin\Kategori_galeri->index()
#15 /Applications/MAMP/htdocs/jw/system/CodeIgniter.php(457): CodeIgniter\CodeIgniter->runController(Object(App\Controllers\Admin\Kategori_galeri))
#16 /Applications/MAMP/htdocs/jw/system/CodeIgniter.php(340): CodeIgniter\CodeIgniter->handleRequest(NULL, Object(Config\Cache), false)
#17 /Applications/MAMP/htdocs/jw/public/index.php(67): CodeIgniter\CodeIgniter->run()
#18 /Applications/MAMP/htdocs/jw/index.php(6): require_once('/Applications/M...')
#19 {main}
CRITICAL - 2022-09-10 11:19:25 --> Table 'javawebmedia_jw.galeri' doesn't exist
in SYSTEMPATH/Database/MySQLi/Connection.php on line 292.
 1 SYSTEMPATH/Database/MySQLi/Connection.php(292): mysqli->query('SELECT COUNT(*) AS total
FROM `galeri`
WHERE `id_kategori_galeri` = \'6\'', 0)
 2 SYSTEMPATH/Database/BaseConnection.php(693): CodeIgniter\Database\MySQLi\Connection->execute('SELECT COUNT(*) AS total
FROM `galeri`
WHERE `id_kategori_galeri` = \'6\'')
 3 SYSTEMPATH/Database/BaseConnection.php(620): CodeIgniter\Database\BaseConnection->simpleQuery('SELECT COUNT(*) AS total
FROM `galeri`
WHERE `id_kategori_galeri` = \'6\'')
 4 SYSTEMPATH/Database/BaseBuilder.php(1585): CodeIgniter\Database\BaseConnection->query('SELECT COUNT(*) AS total
FROM `galeri`
WHERE `id_kategori_galeri` = :id_kategori_galeri:', [...], false)
 5 APPPATH/Models/Kategori_galeri_model.php(35): CodeIgniter\Database\BaseBuilder->get()
 6 APPPATH/Views/admin/kategori_galeri/index.php(17): App\Models\Kategori_galeri_model->galeri('6')
 7 SYSTEMPATH/View/View.php(213): include('APPPATH/Views/admin/kategori_galeri/index.php')
 8 SYSTEMPATH/View/View.php(216): CodeIgniter\View\View->CodeIgniter\View\{closure}()
 9 SYSTEMPATH/Common.php(1142): CodeIgniter\View\View->render('admin/kategori_galeri/index', [], true)
10 APPPATH/Views/admin/layout/wrapper.php(13): view('admin/kategori_galeri/index')
11 SYSTEMPATH/View/View.php(213): include('APPPATH/Views/admin/layout/wrapper.php')
12 SYSTEMPATH/View/View.php(216): CodeIgniter\View\View->CodeIgniter\View\{closure}()
13 SYSTEMPATH/Common.php(1142): CodeIgniter\View\View->render('admin/layout/wrapper', [], true)
14 APPPATH/Controllers/Admin/Kategori_galeri.php(74): view('admin/layout/wrapper', [...])
15 SYSTEMPATH/CodeIgniter.php(907): App\Controllers\Admin\Kategori_galeri->index()
16 SYSTEMPATH/CodeIgniter.php(457): CodeIgniter\CodeIgniter->runController(Object(App\Controllers\Admin\Kategori_galeri))
17 SYSTEMPATH/CodeIgniter.php(340): CodeIgniter\CodeIgniter->handleRequest(null, Object(Config\Cache), false)
18 FCPATH/index.php(67): CodeIgniter\CodeIgniter->run()
19 ROOTPATH/index.php(6): require_once('FCPATH/index.php')
CRITICAL - 2022-09-10 11:19:57 --> Undefined property: stdClass::$gambar
in APPPATH/Views/admin/kategori_galeri/index.php on line 22.
 1 APPPATH/Views/admin/kategori_galeri/index.php(22): CodeIgniter\Debug\Exceptions->errorHandler(8, 'Undefined property: stdClass::$gambar', 'APPPATH/Views/admin/kategori_galeri/index.php', 22, [...])
 2 SYSTEMPATH/View/View.php(213): include('APPPATH/Views/admin/kategori_galeri/index.php')
 3 SYSTEMPATH/View/View.php(216): CodeIgniter\View\View->CodeIgniter\View\{closure}()
 4 SYSTEMPATH/Common.php(1142): CodeIgniter\View\View->render('admin/kategori_galeri/index', [], true)
 5 APPPATH/Views/admin/layout/wrapper.php(13): view('admin/kategori_galeri/index')
 6 SYSTEMPATH/View/View.php(213): include('APPPATH/Views/admin/layout/wrapper.php')
 7 SYSTEMPATH/View/View.php(216): CodeIgniter\View\View->CodeIgniter\View\{closure}()
 8 SYSTEMPATH/Common.php(1142): CodeIgniter\View\View->render('admin/layout/wrapper', [], true)
 9 APPPATH/Controllers/Admin/Kategori_galeri.php(74): view('admin/layout/wrapper', [...])
10 SYSTEMPATH/CodeIgniter.php(907): App\Controllers\Admin\Kategori_galeri->index()
11 SYSTEMPATH/CodeIgniter.php(457): CodeIgniter\CodeIgniter->runController(Object(App\Controllers\Admin\Kategori_galeri))
12 SYSTEMPATH/CodeIgniter.php(340): CodeIgniter\CodeIgniter->handleRequest(null, Object(Config\Cache), false)
13 FCPATH/index.php(67): CodeIgniter\CodeIgniter->run()
14 ROOTPATH/index.php(6): require_once('FCPATH/index.php')
CRITICAL - 2022-09-10 11:20:42 --> Undefined property: stdClass::$gambar
in APPPATH/Views/admin/kategori_galeri/index.php on line 22.
 1 APPPATH/Views/admin/kategori_galeri/index.php(22): CodeIgniter\Debug\Exceptions->errorHandler(8, 'Undefined property: stdClass::$gambar', 'APPPATH/Views/admin/kategori_galeri/index.php', 22, [...])
 2 SYSTEMPATH/View/View.php(213): include('APPPATH/Views/admin/kategori_galeri/index.php')
 3 SYSTEMPATH/View/View.php(216): CodeIgniter\View\View->CodeIgniter\View\{closure}()
 4 SYSTEMPATH/Common.php(1142): CodeIgniter\View\View->render('admin/kategori_galeri/index', [], true)
 5 APPPATH/Views/admin/layout/wrapper.php(13): view('admin/kategori_galeri/index')
 6 SYSTEMPATH/View/View.php(213): include('APPPATH/Views/admin/layout/wrapper.php')
 7 SYSTEMPATH/View/View.php(216): CodeIgniter\View\View->CodeIgniter\View\{closure}()
 8 SYSTEMPATH/Common.php(1142): CodeIgniter\View\View->render('admin/layout/wrapper', [], true)
 9 APPPATH/Controllers/Admin/Kategori_galeri.php(74): view('admin/layout/wrapper', [...])
10 SYSTEMPATH/CodeIgniter.php(907): App\Controllers\Admin\Kategori_galeri->index()
11 SYSTEMPATH/CodeIgniter.php(457): CodeIgniter\CodeIgniter->runController(Object(App\Controllers\Admin\Kategori_galeri))
12 SYSTEMPATH/CodeIgniter.php(340): CodeIgniter\CodeIgniter->handleRequest(null, Object(Config\Cache), false)
13 FCPATH/index.php(67): CodeIgniter\CodeIgniter->run()
14 ROOTPATH/index.php(6): require_once('FCPATH/index.php')
CRITICAL - 2022-09-10 11:22:23 --> Trying to get property 'nama_kategori_galeri' of non-object
in APPPATH/Controllers/Admin/Kategori_galeri.php on line 136.
 1 APPPATH/Controllers/Admin/Kategori_galeri.php(136): CodeIgniter\Debug\Exceptions->errorHandler(8, 'Trying to get property \'nama_kategori_galeri\' of non-object', 'APPPATH/Controllers/Admin/Kategori_galeri.php', 136, [...])
 2 SYSTEMPATH/CodeIgniter.php(907): App\Controllers\Admin\Kategori_galeri->edit('ajax.php')
 3 SYSTEMPATH/CodeIgniter.php(457): CodeIgniter\CodeIgniter->runController(Object(App\Controllers\Admin\Kategori_galeri))
 4 SYSTEMPATH/CodeIgniter.php(340): CodeIgniter\CodeIgniter->handleRequest(null, Object(Config\Cache), false)
 5 FCPATH/index.php(67): CodeIgniter\CodeIgniter->run()
 6 ROOTPATH/index.php(6): require_once('FCPATH/index.php')
CRITICAL - 2022-09-10 11:23:54 --> Invalid file: admin/galeri/index.php
in SYSTEMPATH/Exceptions/FrameworkException.php on line 33.
 1 SYSTEMPATH/View/View.php(201): CodeIgniter\Exceptions\FrameworkException::forInvalidFile('admin/galeri/index.php')
 2 SYSTEMPATH/Common.php(1142): CodeIgniter\View\View->render('admin/galeri/index', [], true)
 3 APPPATH/Views/admin/layout/wrapper.php(13): view('admin/galeri/index')
 4 SYSTEMPATH/View/View.php(213): include('APPPATH/Views/admin/layout/wrapper.php')
 5 SYSTEMPATH/View/View.php(216): CodeIgniter\View\View->CodeIgniter\View\{closure}()
 6 SYSTEMPATH/Common.php(1142): CodeIgniter\View\View->render('admin/layout/wrapper', [], true)
 7 APPPATH/Controllers/Admin/Galeri.php(24): view('admin/layout/wrapper', [...])
 8 SYSTEMPATH/CodeIgniter.php(907): App\Controllers\Admin\Galeri->index()
 9 SYSTEMPATH/CodeIgniter.php(457): CodeIgniter\CodeIgniter->runController(Object(App\Controllers\Admin\Galeri))
10 SYSTEMPATH/CodeIgniter.php(340): CodeIgniter\CodeIgniter->handleRequest(null, Object(Config\Cache), false)
11 FCPATH/index.php(67): CodeIgniter\CodeIgniter->run()
12 ROOTPATH/index.php(6): require_once('FCPATH/index.php')
CRITICAL - 2022-09-10 11:30:42 --> Undefined property: stdClass::$nama
in APPPATH/Views/admin/galeri/index.php on line 36.
 1 APPPATH/Views/admin/galeri/index.php(36): CodeIgniter\Debug\Exceptions->errorHandler(8, 'Undefined property: stdClass::$nama', 'APPPATH/Views/admin/galeri/index.php', 36, [...])
 2 SYSTEMPATH/View/View.php(213): include('APPPATH/Views/admin/galeri/index.php')
 3 SYSTEMPATH/View/View.php(216): CodeIgniter\View\View->CodeIgniter\View\{closure}()
 4 SYSTEMPATH/Common.php(1142): CodeIgniter\View\View->render('admin/galeri/index', [], true)
 5 APPPATH/Views/admin/layout/wrapper.php(13): view('admin/galeri/index')
 6 SYSTEMPATH/View/View.php(213): include('APPPATH/Views/admin/layout/wrapper.php')
 7 SYSTEMPATH/View/View.php(216): CodeIgniter\View\View->CodeIgniter\View\{closure}()
 8 SYSTEMPATH/Common.php(1142): CodeIgniter\View\View->render('admin/layout/wrapper', [], true)
 9 APPPATH/Controllers/Admin/Galeri.php(48): view('admin/layout/wrapper', [...])
10 SYSTEMPATH/CodeIgniter.php(907): App\Controllers\Admin\Galeri->index()
11 SYSTEMPATH/CodeIgniter.php(457): CodeIgniter\CodeIgniter->runController(Object(App\Controllers\Admin\Galeri))
12 SYSTEMPATH/CodeIgniter.php(340): CodeIgniter\CodeIgniter->handleRequest(null, Object(Config\Cache), false)
13 FCPATH/index.php(67): CodeIgniter\CodeIgniter->run()
14 ROOTPATH/index.php(6): require_once('FCPATH/index.php')
CRITICAL - 2022-09-10 12:19:19 --> Call to undefined method App\Models\Galeri_model::total_cari
in SYSTEMPATH/Model.php on line 774.
 1 APPPATH/Controllers/Admin/Galeri.php(23): CodeIgniter\Model->__call('total_cari', [...])
 2 SYSTEMPATH/CodeIgniter.php(907): App\Controllers\Admin\Galeri->index()
 3 SYSTEMPATH/CodeIgniter.php(457): CodeIgniter\CodeIgniter->runController(Object(App\Controllers\Admin\Galeri))
 4 SYSTEMPATH/CodeIgniter.php(340): CodeIgniter\CodeIgniter->handleRequest(null, Object(Config\Cache), false)
 5 FCPATH/index.php(67): CodeIgniter\CodeIgniter->run()
 6 ROOTPATH/index.php(6): require_once('FCPATH/index.php')
CRITICAL - 2022-09-10 12:27:44 --> Trying to get property 'judul_galeri' of non-object
in APPPATH/Controllers/Admin/Galeri.php on line 173.
 1 APPPATH/Controllers/Admin/Galeri.php(173): CodeIgniter\Debug\Exceptions->errorHandler(8, 'Trying to get property \'judul_galeri\' of non-object', 'APPPATH/Controllers/Admin/Galeri.php', 173, [...])
 2 SYSTEMPATH/CodeIgniter.php(907): App\Controllers\Admin\Galeri->edit('37')
 3 SYSTEMPATH/CodeIgniter.php(457): CodeIgniter\CodeIgniter->runController(Object(App\Controllers\Admin\Galeri))
 4 SYSTEMPATH/CodeIgniter.php(340): CodeIgniter\CodeIgniter->handleRequest(null, Object(Config\Cache), false)
 5 FCPATH/index.php(67): CodeIgniter\CodeIgniter->run()
 6 ROOTPATH/index.php(6): require_once('FCPATH/index.php')
CRITICAL - 2022-09-10 12:27:44 --> Trying to get property 'judul_galeri' of non-object
in APPPATH/Controllers/Admin/Galeri.php on line 173.
 1 APPPATH/Controllers/Admin/Galeri.php(173): CodeIgniter\Debug\Exceptions->errorHandler(8, 'Trying to get property \'judul_galeri\' of non-object', 'APPPATH/Controllers/Admin/Galeri.php', 173, [...])
 2 SYSTEMPATH/CodeIgniter.php(907): App\Controllers\Admin\Galeri->edit('ajax.php')
 3 SYSTEMPATH/CodeIgniter.php(457): CodeIgniter\CodeIgniter->runController(Object(App\Controllers\Admin\Galeri))
 4 SYSTEMPATH/CodeIgniter.php(340): CodeIgniter\CodeIgniter->handleRequest(null, Object(Config\Cache), false)
 5 FCPATH/index.php(67): CodeIgniter\CodeIgniter->run()
 6 ROOTPATH/index.php(6): require_once('FCPATH/index.php')
CRITICAL - 2022-09-10 12:28:25 --> Trying to get property 'judul_galeri' of non-object
in APPPATH/Controllers/Admin/Galeri.php on line 173.
 1 APPPATH/Controllers/Admin/Galeri.php(173): CodeIgniter\Debug\Exceptions->errorHandler(8, 'Trying to get property \'judul_galeri\' of non-object', 'APPPATH/Controllers/Admin/Galeri.php', 173, [...])
 2 SYSTEMPATH/CodeIgniter.php(907): App\Controllers\Admin\Galeri->edit('ajax.php')
 3 SYSTEMPATH/CodeIgniter.php(457): CodeIgniter\CodeIgniter->runController(Object(App\Controllers\Admin\Galeri))
 4 SYSTEMPATH/CodeIgniter.php(340): CodeIgniter\CodeIgniter->handleRequest(null, Object(Config\Cache), false)
 5 FCPATH/index.php(67): CodeIgniter\CodeIgniter->run()
 6 ROOTPATH/index.php(6): require_once('FCPATH/index.php')
CRITICAL - 2022-09-10 14:32:07 --> Trying to get property 'judul_galeri' of non-object
in APPPATH/Controllers/Admin/Galeri.php on line 173.
 1 APPPATH/Controllers/Admin/Galeri.php(173): CodeIgniter\Debug\Exceptions->errorHandler(8, 'Trying to get property \'judul_galeri\' of non-object', 'APPPATH/Controllers/Admin/Galeri.php', 173, [...])
 2 SYSTEMPATH/CodeIgniter.php(907): App\Controllers\Admin\Galeri->edit('ajax.php')
 3 SYSTEMPATH/CodeIgniter.php(457): CodeIgniter\CodeIgniter->runController(Object(App\Controllers\Admin\Galeri))
 4 SYSTEMPATH/CodeIgniter.php(340): CodeIgniter\CodeIgniter->handleRequest(null, Object(Config\Cache), false)
 5 FCPATH/index.php(67): CodeIgniter\CodeIgniter->run()
 6 ROOTPATH/index.php(6): require_once('FCPATH/index.php')
CRITICAL - 2022-09-10 14:32:36 --> Trying to get property 'judul_galeri' of non-object
in APPPATH/Controllers/Admin/Galeri.php on line 173.
 1 APPPATH/Controllers/Admin/Galeri.php(173): CodeIgniter\Debug\Exceptions->errorHandler(8, 'Trying to get property \'judul_galeri\' of non-object', 'APPPATH/Controllers/Admin/Galeri.php', 173, [...])
 2 SYSTEMPATH/CodeIgniter.php(907): App\Controllers\Admin\Galeri->edit('ajax.php')
 3 SYSTEMPATH/CodeIgniter.php(457): CodeIgniter\CodeIgniter->runController(Object(App\Controllers\Admin\Galeri))
 4 SYSTEMPATH/CodeIgniter.php(340): CodeIgniter\CodeIgniter->handleRequest(null, Object(Config\Cache), false)
 5 FCPATH/index.php(67): CodeIgniter\CodeIgniter->run()
 6 ROOTPATH/index.php(6): require_once('FCPATH/index.php')
CRITICAL - 2022-09-10 14:32:54 --> Trying to get property 'judul_galeri' of non-object
in APPPATH/Controllers/Admin/Galeri.php on line 173.
 1 APPPATH/Controllers/Admin/Galeri.php(173): CodeIgniter\Debug\Exceptions->errorHandler(8, 'Trying to get property \'judul_galeri\' of non-object', 'APPPATH/Controllers/Admin/Galeri.php', 173, [...])
 2 SYSTEMPATH/CodeIgniter.php(907): App\Controllers\Admin\Galeri->edit('ajax.php')
 3 SYSTEMPATH/CodeIgniter.php(457): CodeIgniter\CodeIgniter->runController(Object(App\Controllers\Admin\Galeri))
 4 SYSTEMPATH/CodeIgniter.php(340): CodeIgniter\CodeIgniter->handleRequest(null, Object(Config\Cache), false)
 5 FCPATH/index.php(67): CodeIgniter\CodeIgniter->run()
 6 ROOTPATH/index.php(6): require_once('FCPATH/index.php')
CRITICAL - 2022-09-10 14:33:17 --> Trying to get property 'judul_galeri' of non-object
in APPPATH/Controllers/Admin/Galeri.php on line 173.
 1 APPPATH/Controllers/Admin/Galeri.php(173): CodeIgniter\Debug\Exceptions->errorHandler(8, 'Trying to get property \'judul_galeri\' of non-object', 'APPPATH/Controllers/Admin/Galeri.php', 173, [...])
 2 SYSTEMPATH/CodeIgniter.php(907): App\Controllers\Admin\Galeri->edit('ajax.php')
 3 SYSTEMPATH/CodeIgniter.php(457): CodeIgniter\CodeIgniter->runController(Object(App\Controllers\Admin\Galeri))
 4 SYSTEMPATH/CodeIgniter.php(340): CodeIgniter\CodeIgniter->handleRequest(null, Object(Config\Cache), false)
 5 FCPATH/index.php(67): CodeIgniter\CodeIgniter->run()
 6 ROOTPATH/index.php(6): require_once('FCPATH/index.php')
CRITICAL - 2022-09-10 14:33:48 --> Trying to get property 'judul_berita' of non-object
in APPPATH/Controllers/Admin/Berita.php on line 282.
 1 APPPATH/Controllers/Admin/Berita.php(282): CodeIgniter\Debug\Exceptions->errorHandler(8, 'Trying to get property \'judul_berita\' of non-object', 'APPPATH/Controllers/Admin/Berita.php', 282, [...])
 2 SYSTEMPATH/CodeIgniter.php(907): App\Controllers\Admin\Berita->edit('ajax.php')
 3 SYSTEMPATH/CodeIgniter.php(457): CodeIgniter\CodeIgniter->runController(Object(App\Controllers\Admin\Berita))
 4 SYSTEMPATH/CodeIgniter.php(340): CodeIgniter\CodeIgniter->handleRequest(null, Object(Config\Cache), false)
 5 FCPATH/index.php(67): CodeIgniter\CodeIgniter->run()
 6 ROOTPATH/index.php(6): require_once('FCPATH/index.php')
CRITICAL - 2022-09-10 14:34:05 --> Trying to get property 'judul_berita' of non-object
in APPPATH/Controllers/Admin/Berita.php on line 282.
 1 APPPATH/Controllers/Admin/Berita.php(282): CodeIgniter\Debug\Exceptions->errorHandler(8, 'Trying to get property \'judul_berita\' of non-object', 'APPPATH/Controllers/Admin/Berita.php', 282, [...])
 2 SYSTEMPATH/CodeIgniter.php(907): App\Controllers\Admin\Berita->edit('ajax.php')
 3 SYSTEMPATH/CodeIgniter.php(457): CodeIgniter\CodeIgniter->runController(Object(App\Controllers\Admin\Berita))
 4 SYSTEMPATH/CodeIgniter.php(340): CodeIgniter\CodeIgniter->handleRequest(null, Object(Config\Cache), false)
 5 FCPATH/index.php(67): CodeIgniter\CodeIgniter->run()
 6 ROOTPATH/index.php(6): require_once('FCPATH/index.php')
CRITICAL - 2022-09-10 14:34:23 --> Trying to get property 'judul_berita' of non-object
in APPPATH/Controllers/Admin/Berita.php on line 282.
 1 APPPATH/Controllers/Admin/Berita.php(282): CodeIgniter\Debug\Exceptions->errorHandler(8, 'Trying to get property \'judul_berita\' of non-object', 'APPPATH/Controllers/Admin/Berita.php', 282, [...])
 2 SYSTEMPATH/CodeIgniter.php(907): App\Controllers\Admin\Berita->edit('ajax.php')
 3 SYSTEMPATH/CodeIgniter.php(457): CodeIgniter\CodeIgniter->runController(Object(App\Controllers\Admin\Berita))
 4 SYSTEMPATH/CodeIgniter.php(340): CodeIgniter\CodeIgniter->handleRequest(null, Object(Config\Cache), false)
 5 FCPATH/index.php(67): CodeIgniter\CodeIgniter->run()
 6 ROOTPATH/index.php(6): require_once('FCPATH/index.php')
CRITICAL - 2022-09-10 14:34:52 --> Trying to get property 'judul_berita' of non-object
in APPPATH/Controllers/Admin/Berita.php on line 282.
 1 APPPATH/Controllers/Admin/Berita.php(282): CodeIgniter\Debug\Exceptions->errorHandler(8, 'Trying to get property \'judul_berita\' of non-object', 'APPPATH/Controllers/Admin/Berita.php', 282, [...])
 2 SYSTEMPATH/CodeIgniter.php(907): App\Controllers\Admin\Berita->edit('ajax.php')
 3 SYSTEMPATH/CodeIgniter.php(457): CodeIgniter\CodeIgniter->runController(Object(App\Controllers\Admin\Berita))
 4 SYSTEMPATH/CodeIgniter.php(340): CodeIgniter\CodeIgniter->handleRequest(null, Object(Config\Cache), false)
 5 FCPATH/index.php(67): CodeIgniter\CodeIgniter->run()
 6 ROOTPATH/index.php(6): require_once('FCPATH/index.php')
CRITICAL - 2022-09-10 14:36:04 --> Trying to get property 'nama_kategori_galeri' of non-object
in APPPATH/Controllers/Admin/Kategori_galeri.php on line 136.
 1 APPPATH/Controllers/Admin/Kategori_galeri.php(136): CodeIgniter\Debug\Exceptions->errorHandler(8, 'Trying to get property \'nama_kategori_galeri\' of non-object', 'APPPATH/Controllers/Admin/Kategori_galeri.php', 136, [...])
 2 SYSTEMPATH/CodeIgniter.php(907): App\Controllers\Admin\Kategori_galeri->edit('ajax.php')
 3 SYSTEMPATH/CodeIgniter.php(457): CodeIgniter\CodeIgniter->runController(Object(App\Controllers\Admin\Kategori_galeri))
 4 SYSTEMPATH/CodeIgniter.php(340): CodeIgniter\CodeIgniter->handleRequest(null, Object(Config\Cache), false)
 5 FCPATH/index.php(67): CodeIgniter\CodeIgniter->run()
 6 ROOTPATH/index.php(6): require_once('FCPATH/index.php')
CRITICAL - 2022-09-10 14:36:19 --> Trying to get property 'nama_kategori_galeri' of non-object
in APPPATH/Controllers/Admin/Kategori_galeri.php on line 136.
 1 APPPATH/Controllers/Admin/Kategori_galeri.php(136): CodeIgniter\Debug\Exceptions->errorHandler(8, 'Trying to get property \'nama_kategori_galeri\' of non-object', 'APPPATH/Controllers/Admin/Kategori_galeri.php', 136, [...])
 2 SYSTEMPATH/CodeIgniter.php(907): App\Controllers\Admin\Kategori_galeri->edit('ajax.php')
 3 SYSTEMPATH/CodeIgniter.php(457): CodeIgniter\CodeIgniter->runController(Object(App\Controllers\Admin\Kategori_galeri))
 4 SYSTEMPATH/CodeIgniter.php(340): CodeIgniter\CodeIgniter->handleRequest(null, Object(Config\Cache), false)
 5 FCPATH/index.php(67): CodeIgniter\CodeIgniter->run()
 6 ROOTPATH/index.php(6): require_once('FCPATH/index.php')
CRITICAL - 2022-09-10 14:37:14 --> Class 'App\Models\Kategori_download_model' not found
in APPPATH/Controllers/Admin/Download.php on line 16.
 1 SYSTEMPATH/CodeIgniter.php(907): App\Controllers\Admin\Download->index()
 2 SYSTEMPATH/CodeIgniter.php(457): CodeIgniter\CodeIgniter->runController(Object(App\Controllers\Admin\Download))
 3 SYSTEMPATH/CodeIgniter.php(340): CodeIgniter\CodeIgniter->handleRequest(null, Object(Config\Cache), false)
 4 FCPATH/index.php(67): CodeIgniter\CodeIgniter->run()
 5 ROOTPATH/index.php(6): require_once('FCPATH/index.php')
CRITICAL - 2022-09-10 14:40:01 --> Class 'App\Models\Kategori_download_model' not found
in APPPATH/Controllers/Admin/Download.php on line 16.
 1 SYSTEMPATH/CodeIgniter.php(907): App\Controllers\Admin\Download->index()
 2 SYSTEMPATH/CodeIgniter.php(457): CodeIgniter\CodeIgniter->runController(Object(App\Controllers\Admin\Download))
 3 SYSTEMPATH/CodeIgniter.php(340): CodeIgniter\CodeIgniter->handleRequest(null, Object(Config\Cache), false)
 4 FCPATH/index.php(67): CodeIgniter\CodeIgniter->run()
 5 ROOTPATH/index.php(6): require_once('FCPATH/index.php')
CRITICAL - 2022-09-10 14:41:32 --> syntax error, unexpected 'slug_kategori_download' (T_STRING), expecting ']'
in APPPATH/Views/admin/kategori_download/index.php on line 17.
 1 SYSTEMPATH/View/View.php(216): CodeIgniter\View\View->CodeIgniter\View\{closure}()
 2 SYSTEMPATH/Common.php(1142): CodeIgniter\View\View->render('admin/kategori_download/index', [], true)
 3 APPPATH/Views/admin/layout/wrapper.php(13): view('admin/kategori_download/index')
 4 SYSTEMPATH/View/View.php(213): include('APPPATH/Views/admin/layout/wrapper.php')
 5 SYSTEMPATH/View/View.php(216): CodeIgniter\View\View->CodeIgniter\View\{closure}()
 6 SYSTEMPATH/Common.php(1142): CodeIgniter\View\View->render('admin/layout/wrapper', [], true)
 7 APPPATH/Controllers/Admin/Kategori_download.php(74): view('admin/layout/wrapper', [...])
 8 SYSTEMPATH/CodeIgniter.php(907): App\Controllers\Admin\Kategori_download->index()
 9 SYSTEMPATH/CodeIgniter.php(457): CodeIgniter\CodeIgniter->runController(Object(App\Controllers\Admin\Kategori_download))
10 SYSTEMPATH/CodeIgniter.php(340): CodeIgniter\CodeIgniter->handleRequest(null, Object(Config\Cache), false)
11 FCPATH/index.php(67): CodeIgniter\CodeIgniter->run()
12 ROOTPATH/index.php(6): require_once('FCPATH/index.php')
ERROR - 2022-09-10 14:42:16 --> mysqli_sql_exception: Table 'javawebmedia_jw.download' doesn't exist in /Applications/MAMP/htdocs/jw/system/Database/MySQLi/Connection.php:292
Stack trace:
#0 /Applications/MAMP/htdocs/jw/system/Database/MySQLi/Connection.php(292): mysqli->query('SELECT COUNT(*)...', 0)
#1 /Applications/MAMP/htdocs/jw/system/Database/BaseConnection.php(693): CodeIgniter\Database\MySQLi\Connection->execute('SELECT COUNT(*)...')
#2 /Applications/MAMP/htdocs/jw/system/Database/BaseConnection.php(620): CodeIgniter\Database\BaseConnection->simpleQuery('SELECT COUNT(*)...')
#3 /Applications/MAMP/htdocs/jw/system/Database/BaseBuilder.php(1585): CodeIgniter\Database\BaseConnection->query('SELECT COUNT(*)...', Array, false)
#4 /Applications/MAMP/htdocs/jw/app/Models/Kategori_download_model.php(35): CodeIgniter\Database\BaseBuilder->get()
#5 /Applications/MAMP/htdocs/jw/app/Views/admin/kategori_download/index.php(17): App\Models\Kategori_download_model->download('2')
#6 /Applications/MAMP/htdocs/jw/system/View/View.php(213): include('/Applications/M...')
#7 /Applications/MAMP/htdocs/jw/system/View/View.php(216): CodeIgniter\View\View->CodeIgniter\View\{closure}()
#8 /Applications/MAMP/htdocs/jw/system/Common.php(1142): CodeIgniter\View\View->render('admin/kategori_...', Array, true)
#9 /Applications/MAMP/htdocs/jw/app/Views/admin/layout/wrapper.php(13): view('admin/kategori_...')
#10 /Applications/MAMP/htdocs/jw/system/View/View.php(213): include('/Applications/M...')
#11 /Applications/MAMP/htdocs/jw/system/View/View.php(216): CodeIgniter\View\View->CodeIgniter\View\{closure}()
#12 /Applications/MAMP/htdocs/jw/system/Common.php(1142): CodeIgniter\View\View->render('admin/layout/wr...', Array, true)
#13 /Applications/MAMP/htdocs/jw/app/Controllers/Admin/Kategori_download.php(74): view('admin/layout/wr...', Array)
#14 /Applications/MAMP/htdocs/jw/system/CodeIgniter.php(907): App\Controllers\Admin\Kategori_download->index()
#15 /Applications/MAMP/htdocs/jw/system/CodeIgniter.php(457): CodeIgniter\CodeIgniter->runController(Object(App\Controllers\Admin\Kategori_download))
#16 /Applications/MAMP/htdocs/jw/system/CodeIgniter.php(340): CodeIgniter\CodeIgniter->handleRequest(NULL, Object(Config\Cache), false)
#17 /Applications/MAMP/htdocs/jw/public/index.php(67): CodeIgniter\CodeIgniter->run()
#18 /Applications/MAMP/htdocs/jw/index.php(6): require_once('/Applications/M...')
#19 {main}
CRITICAL - 2022-09-10 14:42:16 --> Table 'javawebmedia_jw.download' doesn't exist
in SYSTEMPATH/Database/MySQLi/Connection.php on line 292.
 1 SYSTEMPATH/Database/MySQLi/Connection.php(292): mysqli->query('SELECT COUNT(*) AS total
FROM `download`
WHERE `id_kategori_download` = \'2\'', 0)
 2 SYSTEMPATH/Database/BaseConnection.php(693): CodeIgniter\Database\MySQLi\Connection->execute('SELECT COUNT(*) AS total
FROM `download`
WHERE `id_kategori_download` = \'2\'')
 3 SYSTEMPATH/Database/BaseConnection.php(620): CodeIgniter\Database\BaseConnection->simpleQuery('SELECT COUNT(*) AS total
FROM `download`
WHERE `id_kategori_download` = \'2\'')
 4 SYSTEMPATH/Database/BaseBuilder.php(1585): CodeIgniter\Database\BaseConnection->query('SELECT COUNT(*) AS total
FROM `download`
WHERE `id_kategori_download` = :id_kategori_download:', [...], false)
 5 APPPATH/Models/Kategori_download_model.php(35): CodeIgniter\Database\BaseBuilder->get()
 6 APPPATH/Views/admin/kategori_download/index.php(17): App\Models\Kategori_download_model->download('2')
 7 SYSTEMPATH/View/View.php(213): include('APPPATH/Views/admin/kategori_download/index.php')
 8 SYSTEMPATH/View/View.php(216): CodeIgniter\View\View->CodeIgniter\View\{closure}()
 9 SYSTEMPATH/Common.php(1142): CodeIgniter\View\View->render('admin/kategori_download/index', [], true)
10 APPPATH/Views/admin/layout/wrapper.php(13): view('admin/kategori_download/index')
11 SYSTEMPATH/View/View.php(213): include('APPPATH/Views/admin/layout/wrapper.php')
12 SYSTEMPATH/View/View.php(216): CodeIgniter\View\View->CodeIgniter\View\{closure}()
13 SYSTEMPATH/Common.php(1142): CodeIgniter\View\View->render('admin/layout/wrapper', [], true)
14 APPPATH/Controllers/Admin/Kategori_download.php(74): view('admin/layout/wrapper', [...])
15 SYSTEMPATH/CodeIgniter.php(907): App\Controllers\Admin\Kategori_download->index()
16 SYSTEMPATH/CodeIgniter.php(457): CodeIgniter\CodeIgniter->runController(Object(App\Controllers\Admin\Kategori_download))
17 SYSTEMPATH/CodeIgniter.php(340): CodeIgniter\CodeIgniter->handleRequest(null, Object(Config\Cache), false)
18 FCPATH/index.php(67): CodeIgniter\CodeIgniter->run()
19 ROOTPATH/index.php(6): require_once('FCPATH/index.php')
ERROR - 2022-09-10 14:42:53 --> mysqli_sql_exception: Table 'javawebmedia_jw.download' doesn't exist in /Applications/MAMP/htdocs/jw/system/Database/MySQLi/Connection.php:292
Stack trace:
#0 /Applications/MAMP/htdocs/jw/system/Database/MySQLi/Connection.php(292): mysqli->query('SELECT COUNT(*)...', 0)
#1 /Applications/MAMP/htdocs/jw/system/Database/BaseConnection.php(693): CodeIgniter\Database\MySQLi\Connection->execute('SELECT COUNT(*)...')
#2 /Applications/MAMP/htdocs/jw/system/Database/BaseConnection.php(620): CodeIgniter\Database\BaseConnection->simpleQuery('SELECT COUNT(*)...')
#3 /Applications/MAMP/htdocs/jw/system/Database/BaseBuilder.php(1585): CodeIgniter\Database\BaseConnection->query('SELECT COUNT(*)...', Array, false)
#4 /Applications/MAMP/htdocs/jw/app/Models/Kategori_download_model.php(35): CodeIgniter\Database\BaseBuilder->get()
#5 /Applications/MAMP/htdocs/jw/app/Views/admin/kategori_download/index.php(17): App\Models\Kategori_download_model->download('3')
#6 /Applications/MAMP/htdocs/jw/system/View/View.php(213): include('/Applications/M...')
#7 /Applications/MAMP/htdocs/jw/system/View/View.php(216): CodeIgniter\View\View->CodeIgniter\View\{closure}()
#8 /Applications/MAMP/htdocs/jw/system/Common.php(1142): CodeIgniter\View\View->render('admin/kategori_...', Array, true)
#9 /Applications/MAMP/htdocs/jw/app/Views/admin/layout/wrapper.php(13): view('admin/kategori_...')
#10 /Applications/MAMP/htdocs/jw/system/View/View.php(213): include('/Applications/M...')
#11 /Applications/MAMP/htdocs/jw/system/View/View.php(216): CodeIgniter\View\View->CodeIgniter\View\{closure}()
#12 /Applications/MAMP/htdocs/jw/system/Common.php(1142): CodeIgniter\View\View->render('admin/layout/wr...', Array, true)
#13 /Applications/MAMP/htdocs/jw/app/Controllers/Admin/Kategori_download.php(74): view('admin/layout/wr...', Array)
#14 /Applications/MAMP/htdocs/jw/system/CodeIgniter.php(907): App\Controllers\Admin\Kategori_download->index()
#15 /Applications/MAMP/htdocs/jw/system/CodeIgniter.php(457): CodeIgniter\CodeIgniter->runController(Object(App\Controllers\Admin\Kategori_download))
#16 /Applications/MAMP/htdocs/jw/system/CodeIgniter.php(340): CodeIgniter\CodeIgniter->handleRequest(NULL, Object(Config\Cache), false)
#17 /Applications/MAMP/htdocs/jw/public/index.php(67): CodeIgniter\CodeIgniter->run()
#18 /Applications/MAMP/htdocs/jw/index.php(6): require_once('/Applications/M...')
#19 {main}
CRITICAL - 2022-09-10 14:42:53 --> Table 'javawebmedia_jw.download' doesn't exist
in SYSTEMPATH/Database/MySQLi/Connection.php on line 292.
 1 SYSTEMPATH/Database/MySQLi/Connection.php(292): mysqli->query('SELECT COUNT(*) AS total
FROM `download`
WHERE `id_kategori_download` = \'3\'', 0)
 2 SYSTEMPATH/Database/BaseConnection.php(693): CodeIgniter\Database\MySQLi\Connection->execute('SELECT COUNT(*) AS total
FROM `download`
WHERE `id_kategori_download` = \'3\'')
 3 SYSTEMPATH/Database/BaseConnection.php(620): CodeIgniter\Database\BaseConnection->simpleQuery('SELECT COUNT(*) AS total
FROM `download`
WHERE `id_kategori_download` = \'3\'')
 4 SYSTEMPATH/Database/BaseBuilder.php(1585): CodeIgniter\Database\BaseConnection->query('SELECT COUNT(*) AS total
FROM `download`
WHERE `id_kategori_download` = :id_kategori_download:', [...], false)
 5 APPPATH/Models/Kategori_download_model.php(35): CodeIgniter\Database\BaseBuilder->get()
 6 APPPATH/Views/admin/kategori_download/index.php(17): App\Models\Kategori_download_model->download('3')
 7 SYSTEMPATH/View/View.php(213): include('APPPATH/Views/admin/kategori_download/index.php')
 8 SYSTEMPATH/View/View.php(216): CodeIgniter\View\View->CodeIgniter\View\{closure}()
 9 SYSTEMPATH/Common.php(1142): CodeIgniter\View\View->render('admin/kategori_download/index', [], true)
10 APPPATH/Views/admin/layout/wrapper.php(13): view('admin/kategori_download/index')
11 SYSTEMPATH/View/View.php(213): include('APPPATH/Views/admin/layout/wrapper.php')
12 SYSTEMPATH/View/View.php(216): CodeIgniter\View\View->CodeIgniter\View\{closure}()
13 SYSTEMPATH/Common.php(1142): CodeIgniter\View\View->render('admin/layout/wrapper', [], true)
14 APPPATH/Controllers/Admin/Kategori_download.php(74): view('admin/layout/wrapper', [...])
15 SYSTEMPATH/CodeIgniter.php(907): App\Controllers\Admin\Kategori_download->index()
16 SYSTEMPATH/CodeIgniter.php(457): CodeIgniter\CodeIgniter->runController(Object(App\Controllers\Admin\Kategori_download))
17 SYSTEMPATH/CodeIgniter.php(340): CodeIgniter\CodeIgniter->handleRequest(null, Object(Config\Cache), false)
18 FCPATH/index.php(67): CodeIgniter\CodeIgniter->run()
19 ROOTPATH/index.php(6): require_once('FCPATH/index.php')
CRITICAL - 2022-09-10 14:43:29 --> syntax error, unexpected 'judul_download' (T_STRING), expecting ']'
in APPPATH/Views/admin/download/index.php on line 28.
 1 SYSTEMPATH/View/View.php(216): CodeIgniter\View\View->CodeIgniter\View\{closure}()
 2 SYSTEMPATH/Common.php(1142): CodeIgniter\View\View->render('admin/download/index', [], true)
 3 APPPATH/Views/admin/layout/wrapper.php(13): view('admin/download/index')
 4 SYSTEMPATH/View/View.php(213): include('APPPATH/Views/admin/layout/wrapper.php')
 5 SYSTEMPATH/View/View.php(216): CodeIgniter\View\View->CodeIgniter\View\{closure}()
 6 SYSTEMPATH/Common.php(1142): CodeIgniter\View\View->render('admin/layout/wrapper', [], true)
 7 APPPATH/Controllers/Admin/Download.php(24): view('admin/layout/wrapper', [...])
 8 SYSTEMPATH/CodeIgniter.php(907): App\Controllers\Admin\Download->index()
 9 SYSTEMPATH/CodeIgniter.php(457): CodeIgniter\CodeIgniter->runController(Object(App\Controllers\Admin\Download))
10 SYSTEMPATH/CodeIgniter.php(340): CodeIgniter\CodeIgniter->handleRequest(null, Object(Config\Cache), false)
11 FCPATH/index.php(67): CodeIgniter\CodeIgniter->run()
12 ROOTPATH/index.php(6): require_once('FCPATH/index.php')
CRITICAL - 2022-09-10 14:44:12 --> syntax error, unexpected 'judul_download' (T_STRING), expecting ']'
in APPPATH/Views/admin/download/index.php on line 28.
 1 SYSTEMPATH/View/View.php(216): CodeIgniter\View\View->CodeIgniter\View\{closure}()
 2 SYSTEMPATH/Common.php(1142): CodeIgniter\View\View->render('admin/download/index', [], true)
 3 APPPATH/Views/admin/layout/wrapper.php(13): view('admin/download/index')
 4 SYSTEMPATH/View/View.php(213): include('APPPATH/Views/admin/layout/wrapper.php')
 5 SYSTEMPATH/View/View.php(216): CodeIgniter\View\View->CodeIgniter\View\{closure}()
 6 SYSTEMPATH/Common.php(1142): CodeIgniter\View\View->render('admin/layout/wrapper', [], true)
 7 APPPATH/Controllers/Admin/Download.php(24): view('admin/layout/wrapper', [...])
 8 SYSTEMPATH/CodeIgniter.php(907): App\Controllers\Admin\Download->index()
 9 SYSTEMPATH/CodeIgniter.php(457): CodeIgniter\CodeIgniter->runController(Object(App\Controllers\Admin\Download))
10 SYSTEMPATH/CodeIgniter.php(340): CodeIgniter\CodeIgniter->handleRequest(null, Object(Config\Cache), false)
11 FCPATH/index.php(67): CodeIgniter\CodeIgniter->run()
12 ROOTPATH/index.php(6): require_once('FCPATH/index.php')
CRITICAL - 2022-09-10 14:44:26 --> syntax error, unexpected 'judul_download' (T_STRING), expecting ']'
in APPPATH/Views/admin/download/index.php on line 28.
 1 SYSTEMPATH/View/View.php(216): CodeIgniter\View\View->CodeIgniter\View\{closure}()
 2 SYSTEMPATH/Common.php(1142): CodeIgniter\View\View->render('admin/download/index', [], true)
 3 APPPATH/Views/admin/layout/wrapper.php(13): view('admin/download/index')
 4 SYSTEMPATH/View/View.php(213): include('APPPATH/Views/admin/layout/wrapper.php')
 5 SYSTEMPATH/View/View.php(216): CodeIgniter\View\View->CodeIgniter\View\{closure}()
 6 SYSTEMPATH/Common.php(1142): CodeIgniter\View\View->render('admin/layout/wrapper', [], true)
 7 APPPATH/Controllers/Admin/Download.php(24): view('admin/layout/wrapper', [...])
 8 SYSTEMPATH/CodeIgniter.php(907): App\Controllers\Admin\Download->index()
 9 SYSTEMPATH/CodeIgniter.php(457): CodeIgniter\CodeIgniter->runController(Object(App\Controllers\Admin\Download))
10 SYSTEMPATH/CodeIgniter.php(340): CodeIgniter\CodeIgniter->handleRequest(null, Object(Config\Cache), false)
11 FCPATH/index.php(67): CodeIgniter\CodeIgniter->run()
12 ROOTPATH/index.php(6): require_once('FCPATH/index.php')
CRITICAL - 2022-09-10 14:45:20 --> Undefined variable: berita
in APPPATH/Views/admin/download/index.php on line 66.
 1 APPPATH/Views/admin/download/index.php(66): CodeIgniter\Debug\Exceptions->errorHandler(8, 'Undefined variable: berita', 'APPPATH/Views/admin/download/index.php', 66, [...])
 2 SYSTEMPATH/View/View.php(213): include('APPPATH/Views/admin/download/index.php')
 3 SYSTEMPATH/View/View.php(216): CodeIgniter\View\View->CodeIgniter\View\{closure}()
 4 SYSTEMPATH/Common.php(1142): CodeIgniter\View\View->render('admin/download/index', [], true)
 5 APPPATH/Views/admin/layout/wrapper.php(13): view('admin/download/index')
 6 SYSTEMPATH/View/View.php(213): include('APPPATH/Views/admin/layout/wrapper.php')
 7 SYSTEMPATH/View/View.php(216): CodeIgniter\View\View->CodeIgniter\View\{closure}()
 8 SYSTEMPATH/Common.php(1142): CodeIgniter\View\View->render('admin/layout/wrapper', [], true)
 9 APPPATH/Controllers/Admin/Download.php(24): view('admin/layout/wrapper', [...])
10 SYSTEMPATH/CodeIgniter.php(907): App\Controllers\Admin\Download->index()
11 SYSTEMPATH/CodeIgniter.php(457): CodeIgniter\CodeIgniter->runController(Object(App\Controllers\Admin\Download))
12 SYSTEMPATH/CodeIgniter.php(340): CodeIgniter\CodeIgniter->handleRequest(null, Object(Config\Cache), false)
13 FCPATH/index.php(67): CodeIgniter\CodeIgniter->run()
14 ROOTPATH/index.php(6): require_once('FCPATH/index.php')
CRITICAL - 2022-09-10 14:46:51 --> Undefined property: stdClass::$tanggal_publish
in APPPATH/Views/admin/download/index.php on line 84.
 1 APPPATH/Views/admin/download/index.php(84): CodeIgniter\Debug\Exceptions->errorHandler(8, 'Undefined property: stdClass::$tanggal_publish', 'APPPATH/Views/admin/download/index.php', 84, [...])
 2 SYSTEMPATH/View/View.php(213): include('APPPATH/Views/admin/download/index.php')
 3 SYSTEMPATH/View/View.php(216): CodeIgniter\View\View->CodeIgniter\View\{closure}()
 4 SYSTEMPATH/Common.php(1142): CodeIgniter\View\View->render('admin/download/index', [], true)
 5 APPPATH/Views/admin/layout/wrapper.php(13): view('admin/download/index')
 6 SYSTEMPATH/View/View.php(213): include('APPPATH/Views/admin/layout/wrapper.php')
 7 SYSTEMPATH/View/View.php(216): CodeIgniter\View\View->CodeIgniter\View\{closure}()
 8 SYSTEMPATH/Common.php(1142): CodeIgniter\View\View->render('admin/layout/wrapper', [], true)
 9 APPPATH/Controllers/Admin/Download.php(24): view('admin/layout/wrapper', [...])
10 SYSTEMPATH/CodeIgniter.php(907): App\Controllers\Admin\Download->index()
11 SYSTEMPATH/CodeIgniter.php(457): CodeIgniter\CodeIgniter->runController(Object(App\Controllers\Admin\Download))
12 SYSTEMPATH/CodeIgniter.php(340): CodeIgniter\CodeIgniter->handleRequest(null, Object(Config\Cache), false)
13 FCPATH/index.php(67): CodeIgniter\CodeIgniter->run()
14 ROOTPATH/index.php(6): require_once('FCPATH/index.php')
CRITICAL - 2022-09-10 14:47:42 --> Undefined property: stdClass::$urutan
in APPPATH/Views/admin/download/index.php on line 86.
 1 APPPATH/Views/admin/download/index.php(86): CodeIgniter\Debug\Exceptions->errorHandler(8, 'Undefined property: stdClass::$urutan', 'APPPATH/Views/admin/download/index.php', 86, [...])
 2 SYSTEMPATH/View/View.php(213): include('APPPATH/Views/admin/download/index.php')
 3 SYSTEMPATH/View/View.php(216): CodeIgniter\View\View->CodeIgniter\View\{closure}()
 4 SYSTEMPATH/Common.php(1142): CodeIgniter\View\View->render('admin/download/index', [], true)
 5 APPPATH/Views/admin/layout/wrapper.php(13): view('admin/download/index')
 6 SYSTEMPATH/View/View.php(213): include('APPPATH/Views/admin/layout/wrapper.php')
 7 SYSTEMPATH/View/View.php(216): CodeIgniter\View\View->CodeIgniter\View\{closure}()
 8 SYSTEMPATH/Common.php(1142): CodeIgniter\View\View->render('admin/layout/wrapper', [], true)
 9 APPPATH/Controllers/Admin/Download.php(24): view('admin/layout/wrapper', [...])
10 SYSTEMPATH/CodeIgniter.php(907): App\Controllers\Admin\Download->index()
11 SYSTEMPATH/CodeIgniter.php(457): CodeIgniter\CodeIgniter->runController(Object(App\Controllers\Admin\Download))
12 SYSTEMPATH/CodeIgniter.php(340): CodeIgniter\CodeIgniter->handleRequest(null, Object(Config\Cache), false)
13 FCPATH/index.php(67): CodeIgniter\CodeIgniter->run()
14 ROOTPATH/index.php(6): require_once('FCPATH/index.php')
CRITICAL - 2022-09-10 14:48:00 --> Undefined property: stdClass::$status_download
in APPPATH/Views/admin/download/index.php on line 102.
 1 APPPATH/Views/admin/download/index.php(102): CodeIgniter\Debug\Exceptions->errorHandler(8, 'Undefined property: stdClass::$status_download', 'APPPATH/Views/admin/download/index.php', 102, [...])
 2 SYSTEMPATH/View/View.php(213): include('APPPATH/Views/admin/download/index.php')
 3 SYSTEMPATH/View/View.php(216): CodeIgniter\View\View->CodeIgniter\View\{closure}()
 4 SYSTEMPATH/Common.php(1142): CodeIgniter\View\View->render('admin/download/index', [], true)
 5 APPPATH/Views/admin/layout/wrapper.php(13): view('admin/download/index')
 6 SYSTEMPATH/View/View.php(213): include('APPPATH/Views/admin/layout/wrapper.php')
 7 SYSTEMPATH/View/View.php(216): CodeIgniter\View\View->CodeIgniter\View\{closure}()
 8 SYSTEMPATH/Common.php(1142): CodeIgniter\View\View->render('admin/layout/wrapper', [], true)
 9 APPPATH/Controllers/Admin/Download.php(24): view('admin/layout/wrapper', [...])
10 SYSTEMPATH/CodeIgniter.php(907): App\Controllers\Admin\Download->index()
11 SYSTEMPATH/CodeIgniter.php(457): CodeIgniter\CodeIgniter->runController(Object(App\Controllers\Admin\Download))
12 SYSTEMPATH/CodeIgniter.php(340): CodeIgniter\CodeIgniter->handleRequest(null, Object(Config\Cache), false)
13 FCPATH/index.php(67): CodeIgniter\CodeIgniter->run()
14 ROOTPATH/index.php(6): require_once('FCPATH/index.php')
CRITICAL - 2022-09-10 14:50:07 --> Undefined property: stdClass::$slug_download
in APPPATH/Views/admin/download/index.php on line 100.
 1 APPPATH/Views/admin/download/index.php(100): CodeIgniter\Debug\Exceptions->errorHandler(8, 'Undefined property: stdClass::$slug_download', 'APPPATH/Views/admin/download/index.php', 100, [...])
 2 SYSTEMPATH/View/View.php(213): include('APPPATH/Views/admin/download/index.php')
 3 SYSTEMPATH/View/View.php(216): CodeIgniter\View\View->CodeIgniter\View\{closure}()
 4 SYSTEMPATH/Common.php(1142): CodeIgniter\View\View->render('admin/download/index', [], true)
 5 APPPATH/Views/admin/layout/wrapper.php(13): view('admin/download/index')
 6 SYSTEMPATH/View/View.php(213): include('APPPATH/Views/admin/layout/wrapper.php')
 7 SYSTEMPATH/View/View.php(216): CodeIgniter\View\View->CodeIgniter\View\{closure}()
 8 SYSTEMPATH/Common.php(1142): CodeIgniter\View\View->render('admin/layout/wrapper', [], true)
 9 APPPATH/Controllers/Admin/Download.php(24): view('admin/layout/wrapper', [...])
10 SYSTEMPATH/CodeIgniter.php(907): App\Controllers\Admin\Download->index()
11 SYSTEMPATH/CodeIgniter.php(457): CodeIgniter\CodeIgniter->runController(Object(App\Controllers\Admin\Download))
12 SYSTEMPATH/CodeIgniter.php(340): CodeIgniter\CodeIgniter->handleRequest(null, Object(Config\Cache), false)
13 FCPATH/index.php(67): CodeIgniter\CodeIgniter->run()
14 ROOTPATH/index.php(6): require_once('FCPATH/index.php')
ERROR - 2022-09-10 14:54:04 --> mysqli_sql_exception: Unknown column 'download.tanggal_publish' in 'order clause' in /Applications/MAMP/htdocs/jw/system/Database/MySQLi/Connection.php:292
Stack trace:
#0 /Applications/MAMP/htdocs/jw/system/Database/MySQLi/Connection.php(292): mysqli->query('SELECT `downloa...', 0)
#1 /Applications/MAMP/htdocs/jw/system/Database/BaseConnection.php(693): CodeIgniter\Database\MySQLi\Connection->execute('SELECT `downloa...')
#2 /Applications/MAMP/htdocs/jw/system/Database/BaseConnection.php(620): CodeIgniter\Database\BaseConnection->simpleQuery('SELECT `downloa...')
#3 /Applications/MAMP/htdocs/jw/system/Database/BaseBuilder.php(1585): CodeIgniter\Database\BaseConnection->query('SELECT `downloa...', Array, false)
#4 /Applications/MAMP/htdocs/jw/system/Model.php(772): CodeIgniter\Database\BaseBuilder->get()
#5 /Applications/MAMP/htdocs/jw/app/Models/Download_model.php(168): CodeIgniter\Model->__call('get', Array)
#6 /Applications/MAMP/htdocs/jw/app/Controllers/Admin/Download.php(67): App\Models\Download_model->kategori_download_all('2', '25', 0)
#7 /Applications/MAMP/htdocs/jw/system/CodeIgniter.php(907): App\Controllers\Admin\Download->kategori_download('2')
#8 /Applications/MAMP/htdocs/jw/system/CodeIgniter.php(457): CodeIgniter\CodeIgniter->runController(Object(App\Controllers\Admin\Download))
#9 /Applications/MAMP/htdocs/jw/system/CodeIgniter.php(340): CodeIgniter\CodeIgniter->handleRequest(NULL, Object(Config\Cache), false)
#10 /Applications/MAMP/htdocs/jw/public/index.php(67): CodeIgniter\CodeIgniter->run()
#11 /Applications/MAMP/htdocs/jw/index.php(6): require_once('/Applications/M...')
#12 {main}
CRITICAL - 2022-09-10 14:54:04 --> Unknown column 'download.tanggal_publish' in 'order clause'
in SYSTEMPATH/Database/MySQLi/Connection.php on line 292.
 1 SYSTEMPATH/Database/MySQLi/Connection.php(292): mysqli->query('SELECT `download`.*, `kategori_download`.`nama_kategori_download`, `kategori_download`.`slug_kategori_download`, `users`.`nama`
FROM `download`
LEFT JOIN `kategori_download` ON `kategori_download`.`id_kategori_download` = `download`.`id_kategori_download`
LEFT JOIN `users` ON `users`.`id_user` = `download`.`id_user`
WHERE `download`.`id_kategori_download` = \'2\'
ORDER BY `download`.`tanggal_publish` DESC
 LIMIT 25', 0)
 2 SYSTEMPATH/Database/BaseConnection.php(693): CodeIgniter\Database\MySQLi\Connection->execute('SELECT `download`.*, `kategori_download`.`nama_kategori_download`, `kategori_download`.`slug_kategori_download`, `users`.`nama`
FROM `download`
LEFT JOIN `kategori_download` ON `kategori_download`.`id_kategori_download` = `download`.`id_kategori_download`
LEFT JOIN `users` ON `users`.`id_user` = `download`.`id_user`
WHERE `download`.`id_kategori_download` = \'2\'
ORDER BY `download`.`tanggal_publish` DESC
 LIMIT 25')
 3 SYSTEMPATH/Database/BaseConnection.php(620): CodeIgniter\Database\BaseConnection->simpleQuery('SELECT `download`.*, `kategori_download`.`nama_kategori_download`, `kategori_download`.`slug_kategori_download`, `users`.`nama`
FROM `download`
LEFT JOIN `kategori_download` ON `kategori_download`.`id_kategori_download` = `download`.`id_kategori_download`
LEFT JOIN `users` ON `users`.`id_user` = `download`.`id_user`
WHERE `download`.`id_kategori_download` = \'2\'
ORDER BY `download`.`tanggal_publish` DESC
 LIMIT 25')
 4 SYSTEMPATH/Database/BaseBuilder.php(1585): CodeIgniter\Database\BaseConnection->query('SELECT `download`.*, `kategori_download`.`nama_kategori_download`, `kategori_download`.`slug_kategori_download`, `users`.`nama`
FROM `download`
LEFT JOIN `kategori_download` ON `kategori_download`.`id_kategori_download` = `download`.`id_kategori_download`
LEFT JOIN `users` ON `users`.`id_user` = `download`.`id_user`
WHERE `download`.`id_kategori_download` = :download.id_kategori_download:
ORDER BY `download`.`tanggal_publish` DESC
 LIMIT 25', [...], false)
 5 SYSTEMPATH/Model.php(772): CodeIgniter\Database\BaseBuilder->get()
 6 APPPATH/Models/Download_model.php(168): CodeIgniter\Model->__call('get', [])
 7 APPPATH/Controllers/Admin/Download.php(67): App\Models\Download_model->kategori_download_all('2', '25', 0)
 8 SYSTEMPATH/CodeIgniter.php(907): App\Controllers\Admin\Download->kategori_download('2')
 9 SYSTEMPATH/CodeIgniter.php(457): CodeIgniter\CodeIgniter->runController(Object(App\Controllers\Admin\Download))
10 SYSTEMPATH/CodeIgniter.php(340): CodeIgniter\CodeIgniter->handleRequest(null, Object(Config\Cache), false)
11 FCPATH/index.php(67): CodeIgniter\CodeIgniter->run()
12 ROOTPATH/index.php(6): require_once('FCPATH/index.php')
ERROR - 2022-09-10 14:54:05 --> mysqli_sql_exception: Unknown column 'download.tanggal_publish' in 'order clause' in /Applications/MAMP/htdocs/jw/system/Database/MySQLi/Connection.php:292
Stack trace:
#0 /Applications/MAMP/htdocs/jw/system/Database/MySQLi/Connection.php(292): mysqli->query('SELECT `downloa...', 0)
#1 /Applications/MAMP/htdocs/jw/system/Database/BaseConnection.php(693): CodeIgniter\Database\MySQLi\Connection->execute('SELECT `downloa...')
#2 /Applications/MAMP/htdocs/jw/system/Database/BaseConnection.php(620): CodeIgniter\Database\BaseConnection->simpleQuery('SELECT `downloa...')
#3 /Applications/MAMP/htdocs/jw/system/Database/BaseBuilder.php(1585): CodeIgniter\Database\BaseConnection->query('SELECT `downloa...', Array, false)
#4 /Applications/MAMP/htdocs/jw/system/Model.php(772): CodeIgniter\Database\BaseBuilder->get()
#5 /Applications/MAMP/htdocs/jw/app/Models/Download_model.php(168): CodeIgniter\Model->__call('get', Array)
#6 /Applications/MAMP/htdocs/jw/app/Controllers/Admin/Download.php(67): App\Models\Download_model->kategori_download_all('ajax.php', '25', 0)
#7 /Applications/MAMP/htdocs/jw/system/CodeIgniter.php(907): App\Controllers\Admin\Download->kategori_download('ajax.php')
#8 /Applications/MAMP/htdocs/jw/system/CodeIgniter.php(457): CodeIgniter\CodeIgniter->runController(Object(App\Controllers\Admin\Download))
#9 /Applications/MAMP/htdocs/jw/system/CodeIgniter.php(340): CodeIgniter\CodeIgniter->handleRequest(NULL, Object(Config\Cache), false)
#10 /Applications/MAMP/htdocs/jw/public/index.php(67): CodeIgniter\CodeIgniter->run()
#11 /Applications/MAMP/htdocs/jw/index.php(6): require_once('/Applications/M...')
#12 {main}
CRITICAL - 2022-09-10 14:54:05 --> Unknown column 'download.tanggal_publish' in 'order clause'
in SYSTEMPATH/Database/MySQLi/Connection.php on line 292.
 1 SYSTEMPATH/Database/MySQLi/Connection.php(292): mysqli->query('SELECT `download`.*, `kategori_download`.`nama_kategori_download`, `kategori_download`.`slug_kategori_download`, `users`.`nama`
FROM `download`
LEFT JOIN `kategori_download` ON `kategori_download`.`id_kategori_download` = `download`.`id_kategori_download`
LEFT JOIN `users` ON `users`.`id_user` = `download`.`id_user`
WHERE `download`.`id_kategori_download` = \'ajax.php\'
ORDER BY `download`.`tanggal_publish` DESC
 LIMIT 25', 0)
 2 SYSTEMPATH/Database/BaseConnection.php(693): CodeIgniter\Database\MySQLi\Connection->execute('SELECT `download`.*, `kategori_download`.`nama_kategori_download`, `kategori_download`.`slug_kategori_download`, `users`.`nama`
FROM `download`
LEFT JOIN `kategori_download` ON `kategori_download`.`id_kategori_download` = `download`.`id_kategori_download`
LEFT JOIN `users` ON `users`.`id_user` = `download`.`id_user`
WHERE `download`.`id_kategori_download` = \'ajax.php\'
ORDER BY `download`.`tanggal_publish` DESC
 LIMIT 25')
 3 SYSTEMPATH/Database/BaseConnection.php(620): CodeIgniter\Database\BaseConnection->simpleQuery('SELECT `download`.*, `kategori_download`.`nama_kategori_download`, `kategori_download`.`slug_kategori_download`, `users`.`nama`
FROM `download`
LEFT JOIN `kategori_download` ON `kategori_download`.`id_kategori_download` = `download`.`id_kategori_download`
LEFT JOIN `users` ON `users`.`id_user` = `download`.`id_user`
WHERE `download`.`id_kategori_download` = \'ajax.php\'
ORDER BY `download`.`tanggal_publish` DESC
 LIMIT 25')
 4 SYSTEMPATH/Database/BaseBuilder.php(1585): CodeIgniter\Database\BaseConnection->query('SELECT `download`.*, `kategori_download`.`nama_kategori_download`, `kategori_download`.`slug_kategori_download`, `users`.`nama`
FROM `download`
LEFT JOIN `kategori_download` ON `kategori_download`.`id_kategori_download` = `download`.`id_kategori_download`
LEFT JOIN `users` ON `users`.`id_user` = `download`.`id_user`
WHERE `download`.`id_kategori_download` = :download.id_kategori_download:
ORDER BY `download`.`tanggal_publish` DESC
 LIMIT 25', [...], false)
 5 SYSTEMPATH/Model.php(772): CodeIgniter\Database\BaseBuilder->get()
 6 APPPATH/Models/Download_model.php(168): CodeIgniter\Model->__call('get', [])
 7 APPPATH/Controllers/Admin/Download.php(67): App\Models\Download_model->kategori_download_all('ajax.php', '25', 0)
 8 SYSTEMPATH/CodeIgniter.php(907): App\Controllers\Admin\Download->kategori_download('ajax.php')
 9 SYSTEMPATH/CodeIgniter.php(457): CodeIgniter\CodeIgniter->runController(Object(App\Controllers\Admin\Download))
10 SYSTEMPATH/CodeIgniter.php(340): CodeIgniter\CodeIgniter->handleRequest(null, Object(Config\Cache), false)
11 FCPATH/index.php(67): CodeIgniter\CodeIgniter->run()
12 ROOTPATH/index.php(6): require_once('FCPATH/index.php')
CRITICAL - 2022-09-10 14:54:34 --> Trying to get property 'nama_kategori_download' of non-object
in APPPATH/Controllers/Admin/Download.php on line 69.
 1 APPPATH/Controllers/Admin/Download.php(69): CodeIgniter\Debug\Exceptions->errorHandler(8, 'Trying to get property \'nama_kategori_download\' of non-object', 'APPPATH/Controllers/Admin/Download.php', 69, [...])
 2 SYSTEMPATH/CodeIgniter.php(907): App\Controllers\Admin\Download->kategori_download('ajax.php')
 3 SYSTEMPATH/CodeIgniter.php(457): CodeIgniter\CodeIgniter->runController(Object(App\Controllers\Admin\Download))
 4 SYSTEMPATH/CodeIgniter.php(340): CodeIgniter\CodeIgniter->handleRequest(null, Object(Config\Cache), false)
 5 FCPATH/index.php(67): CodeIgniter\CodeIgniter->run()
 6 ROOTPATH/index.php(6): require_once('FCPATH/index.php')
CRITICAL - 2022-09-10 14:55:08 --> Trying to get property 'nama' of non-object
in APPPATH/Controllers/Admin/Download.php on line 110.
 1 APPPATH/Controllers/Admin/Download.php(110): CodeIgniter\Debug\Exceptions->errorHandler(8, 'Trying to get property \'nama\' of non-object', 'APPPATH/Controllers/Admin/Download.php', 110, [...])
 2 SYSTEMPATH/CodeIgniter.php(907): App\Controllers\Admin\Download->author('ajax.php')
 3 SYSTEMPATH/CodeIgniter.php(457): CodeIgniter\CodeIgniter->runController(Object(App\Controllers\Admin\Download))
 4 SYSTEMPATH/CodeIgniter.php(340): CodeIgniter\CodeIgniter->handleRequest(null, Object(Config\Cache), false)
 5 FCPATH/index.php(67): CodeIgniter\CodeIgniter->run()
 6 ROOTPATH/index.php(6): require_once('FCPATH/index.php')
CRITICAL - 2022-09-10 14:56:00 --> Trying to get property 'nama' of non-object
in APPPATH/Controllers/Admin/Download.php on line 110.
 1 APPPATH/Controllers/Admin/Download.php(110): CodeIgniter\Debug\Exceptions->errorHandler(8, 'Trying to get property \'nama\' of non-object', 'APPPATH/Controllers/Admin/Download.php', 110, [...])
 2 SYSTEMPATH/CodeIgniter.php(907): App\Controllers\Admin\Download->author('ajax.php')
 3 SYSTEMPATH/CodeIgniter.php(457): CodeIgniter\CodeIgniter->runController(Object(App\Controllers\Admin\Download))
 4 SYSTEMPATH/CodeIgniter.php(340): CodeIgniter\CodeIgniter->handleRequest(null, Object(Config\Cache), false)
 5 FCPATH/index.php(67): CodeIgniter\CodeIgniter->run()
 6 ROOTPATH/index.php(6): require_once('FCPATH/index.php')
CRITICAL - 2022-09-10 14:56:22 --> Trying to get property 'nama' of non-object
in APPPATH/Controllers/Admin/Download.php on line 110.
 1 APPPATH/Controllers/Admin/Download.php(110): CodeIgniter\Debug\Exceptions->errorHandler(8, 'Trying to get property \'nama\' of non-object', 'APPPATH/Controllers/Admin/Download.php', 110, [...])
 2 SYSTEMPATH/CodeIgniter.php(907): App\Controllers\Admin\Download->author('ajax.php')
 3 SYSTEMPATH/CodeIgniter.php(457): CodeIgniter\CodeIgniter->runController(Object(App\Controllers\Admin\Download))
 4 SYSTEMPATH/CodeIgniter.php(340): CodeIgniter\CodeIgniter->handleRequest(null, Object(Config\Cache), false)
 5 FCPATH/index.php(67): CodeIgniter\CodeIgniter->run()
 6 ROOTPATH/index.php(6): require_once('FCPATH/index.php')
CRITICAL - 2022-09-10 14:57:27 --> Cannot use object of type stdClass as array
in APPPATH/Views/admin/download/index.php on line 84.
 1 SYSTEMPATH/View/View.php(213): include()
 2 SYSTEMPATH/View/View.php(216): CodeIgniter\View\View->CodeIgniter\View\{closure}()
 3 SYSTEMPATH/Common.php(1142): CodeIgniter\View\View->render('admin/download/index', [], true)
 4 APPPATH/Views/admin/layout/wrapper.php(13): view('admin/download/index')
 5 SYSTEMPATH/View/View.php(213): include('APPPATH/Views/admin/layout/wrapper.php')
 6 SYSTEMPATH/View/View.php(216): CodeIgniter\View\View->CodeIgniter\View\{closure}()
 7 SYSTEMPATH/Common.php(1142): CodeIgniter\View\View->render('admin/layout/wrapper', [], true)
 8 APPPATH/Controllers/Admin/Download.php(114): view('admin/layout/wrapper', [...])
 9 SYSTEMPATH/CodeIgniter.php(907): App\Controllers\Admin\Download->author('1')
10 SYSTEMPATH/CodeIgniter.php(457): CodeIgniter\CodeIgniter->runController(Object(App\Controllers\Admin\Download))
11 SYSTEMPATH/CodeIgniter.php(340): CodeIgniter\CodeIgniter->handleRequest(null, Object(Config\Cache), false)
12 FCPATH/index.php(67): CodeIgniter\CodeIgniter->run()
13 ROOTPATH/index.php(6): require_once('FCPATH/index.php')
CRITICAL - 2022-09-10 14:57:27 --> Trying to get property 'nama' of non-object
in APPPATH/Controllers/Admin/Download.php on line 110.
 1 APPPATH/Controllers/Admin/Download.php(110): CodeIgniter\Debug\Exceptions->errorHandler(8, 'Trying to get property \'nama\' of non-object', 'APPPATH/Controllers/Admin/Download.php', 110, [...])
 2 SYSTEMPATH/CodeIgniter.php(907): App\Controllers\Admin\Download->author('ajax.php')
 3 SYSTEMPATH/CodeIgniter.php(457): CodeIgniter\CodeIgniter->runController(Object(App\Controllers\Admin\Download))
 4 SYSTEMPATH/CodeIgniter.php(340): CodeIgniter\CodeIgniter->handleRequest(null, Object(Config\Cache), false)
 5 FCPATH/index.php(67): CodeIgniter\CodeIgniter->run()
 6 ROOTPATH/index.php(6): require_once('FCPATH/index.php')
CRITICAL - 2022-09-10 14:57:40 --> Trying to get property 'nama' of non-object
in APPPATH/Controllers/Admin/Download.php on line 110.
 1 APPPATH/Controllers/Admin/Download.php(110): CodeIgniter\Debug\Exceptions->errorHandler(8, 'Trying to get property \'nama\' of non-object', 'APPPATH/Controllers/Admin/Download.php', 110, [...])
 2 SYSTEMPATH/CodeIgniter.php(907): App\Controllers\Admin\Download->author('ajax.php')
 3 SYSTEMPATH/CodeIgniter.php(457): CodeIgniter\CodeIgniter->runController(Object(App\Controllers\Admin\Download))
 4 SYSTEMPATH/CodeIgniter.php(340): CodeIgniter\CodeIgniter->handleRequest(null, Object(Config\Cache), false)
 5 FCPATH/index.php(67): CodeIgniter\CodeIgniter->run()
 6 ROOTPATH/index.php(6): require_once('FCPATH/index.php')
CRITICAL - 2022-09-10 15:01:43 --> Trying to get property 'judul_download' of non-object
in APPPATH/Controllers/Admin/Download.php on line 259.
 1 APPPATH/Controllers/Admin/Download.php(259): CodeIgniter\Debug\Exceptions->errorHandler(8, 'Trying to get property \'judul_download\' of non-object', 'APPPATH/Controllers/Admin/Download.php', 259, [...])
 2 SYSTEMPATH/CodeIgniter.php(907): App\Controllers\Admin\Download->edit('ajax.php')
 3 SYSTEMPATH/CodeIgniter.php(457): CodeIgniter\CodeIgniter->runController(Object(App\Controllers\Admin\Download))
 4 SYSTEMPATH/CodeIgniter.php(340): CodeIgniter\CodeIgniter->handleRequest(null, Object(Config\Cache), false)
 5 FCPATH/index.php(67): CodeIgniter\CodeIgniter->run()
 6 ROOTPATH/index.php(6): require_once('FCPATH/index.php')
CRITICAL - 2022-09-10 15:02:25 --> Cannot use object of type stdClass as array
in APPPATH/Views/admin/download/index.php on line 76.
 1 SYSTEMPATH/View/View.php(213): include()
 2 SYSTEMPATH/View/View.php(216): CodeIgniter\View\View->CodeIgniter\View\{closure}()
 3 SYSTEMPATH/Common.php(1142): CodeIgniter\View\View->render('admin/download/index', [], true)
 4 APPPATH/Views/admin/layout/wrapper.php(13): view('admin/download/index')
 5 SYSTEMPATH/View/View.php(213): include('APPPATH/Views/admin/layout/wrapper.php')
 6 SYSTEMPATH/View/View.php(216): CodeIgniter\View\View->CodeIgniter\View\{closure}()
 7 SYSTEMPATH/Common.php(1142): CodeIgniter\View\View->render('admin/layout/wrapper', [], true)
 8 APPPATH/Controllers/Admin/Download.php(50): view('admin/layout/wrapper', [...])
 9 SYSTEMPATH/CodeIgniter.php(907): App\Controllers\Admin\Download->index()
10 SYSTEMPATH/CodeIgniter.php(457): CodeIgniter\CodeIgniter->runController(Object(App\Controllers\Admin\Download))
11 SYSTEMPATH/CodeIgniter.php(340): CodeIgniter\CodeIgniter->handleRequest(null, Object(Config\Cache), false)
12 FCPATH/index.php(67): CodeIgniter\CodeIgniter->run()
13 ROOTPATH/index.php(6): require_once('FCPATH/index.php')
CRITICAL - 2022-09-10 15:07:23 --> Call to undefined function App\Controllers\Admin\checklogin()
in APPPATH/Controllers/Admin/Download.php on line 292.
 1 SYSTEMPATH/CodeIgniter.php(907): App\Controllers\Admin\Download->unduh('9')
 2 SYSTEMPATH/CodeIgniter.php(457): CodeIgniter\CodeIgniter->runController(Object(App\Controllers\Admin\Download))
 3 SYSTEMPATH/CodeIgniter.php(340): CodeIgniter\CodeIgniter->handleRequest(null, Object(Config\Cache), false)
 4 FCPATH/index.php(67): CodeIgniter\CodeIgniter->run()
 5 ROOTPATH/index.php(6): require_once('FCPATH/index.php')
CRITICAL - 2022-09-10 15:07:23 --> Call to undefined function App\Controllers\Admin\checklogin()
in APPPATH/Controllers/Admin/Download.php on line 292.
 1 SYSTEMPATH/CodeIgniter.php(907): App\Controllers\Admin\Download->unduh('ajax.php')
 2 SYSTEMPATH/CodeIgniter.php(457): CodeIgniter\CodeIgniter->runController(Object(App\Controllers\Admin\Download))
 3 SYSTEMPATH/CodeIgniter.php(340): CodeIgniter\CodeIgniter->handleRequest(null, Object(Config\Cache), false)
 4 FCPATH/index.php(67): CodeIgniter\CodeIgniter->run()
 5 ROOTPATH/index.php(6): require_once('FCPATH/index.php')
CRITICAL - 2022-09-10 15:07:39 --> Call to undefined method App\Libraries\Website::checklogin()
in APPPATH/Controllers/Admin/Download.php on line 292.
 1 SYSTEMPATH/CodeIgniter.php(907): App\Controllers\Admin\Download->unduh('9')
 2 SYSTEMPATH/CodeIgniter.php(457): CodeIgniter\CodeIgniter->runController(Object(App\Controllers\Admin\Download))
 3 SYSTEMPATH/CodeIgniter.php(340): CodeIgniter\CodeIgniter->handleRequest(null, Object(Config\Cache), false)
 4 FCPATH/index.php(67): CodeIgniter\CodeIgniter->run()
 5 ROOTPATH/index.php(6): require_once('FCPATH/index.php')
CRITICAL - 2022-09-10 15:07:39 --> Call to undefined method App\Libraries\Website::checklogin()
in APPPATH/Controllers/Admin/Download.php on line 292.
 1 SYSTEMPATH/CodeIgniter.php(907): App\Controllers\Admin\Download->unduh('ajax.php')
 2 SYSTEMPATH/CodeIgniter.php(457): CodeIgniter\CodeIgniter->runController(Object(App\Controllers\Admin\Download))
 3 SYSTEMPATH/CodeIgniter.php(340): CodeIgniter\CodeIgniter->handleRequest(null, Object(Config\Cache), false)
 4 FCPATH/index.php(67): CodeIgniter\CodeIgniter->run()
 5 ROOTPATH/index.php(6): require_once('FCPATH/index.php')
CRITICAL - 2022-09-10 15:07:48 --> Cannot use object of type stdClass as array
in APPPATH/Controllers/Admin/Download.php on line 297.
 1 SYSTEMPATH/CodeIgniter.php(907): App\Controllers\Admin\Download->unduh('9')
 2 SYSTEMPATH/CodeIgniter.php(457): CodeIgniter\CodeIgniter->runController(Object(App\Controllers\Admin\Download))
 3 SYSTEMPATH/CodeIgniter.php(340): CodeIgniter\CodeIgniter->handleRequest(null, Object(Config\Cache), false)
 4 FCPATH/index.php(67): CodeIgniter\CodeIgniter->run()
 5 ROOTPATH/index.php(6): require_once('FCPATH/index.php')
CRITICAL - 2022-09-10 15:07:48 --> Trying to access array offset on value of type null
in APPPATH/Controllers/Admin/Download.php on line 297.
 1 APPPATH/Controllers/Admin/Download.php(297): CodeIgniter\Debug\Exceptions->errorHandler(8, 'Trying to access array offset on value of type null', 'APPPATH/Controllers/Admin/Download.php', 297, [...])
 2 SYSTEMPATH/CodeIgniter.php(907): App\Controllers\Admin\Download->unduh('ajax.php')
 3 SYSTEMPATH/CodeIgniter.php(457): CodeIgniter\CodeIgniter->runController(Object(App\Controllers\Admin\Download))
 4 SYSTEMPATH/CodeIgniter.php(340): CodeIgniter\CodeIgniter->handleRequest(null, Object(Config\Cache), false)
 5 FCPATH/index.php(67): CodeIgniter\CodeIgniter->run()
 6 ROOTPATH/index.php(6): require_once('FCPATH/index.php')
CRITICAL - 2022-09-10 15:08:25 --> File not found: ../assets/upload/file/Daftar_Harga_Kursus_2020_v2.pdf
in SYSTEMPATH/Files/File.php on line 46.
 1 SYSTEMPATH/Files/File.php(46): CodeIgniter\Files\Exceptions\FileNotFoundException::forFileNotFound('../assets/upload/file/Daftar_Harga_Kursus_2020_v2.pdf')
 2 SYSTEMPATH/HTTP/DownloadResponse.php(97): CodeIgniter\Files\File->__construct('../assets/upload/file/Daftar_Harga_Kursus_2020_v2.pdf', true)
 3 SYSTEMPATH/HTTP/ResponseTrait.php(781): CodeIgniter\HTTP\DownloadResponse->setFilePath('../assets/upload/file/Daftar_Harga_Kursus_2020_v2.pdf')
 4 APPPATH/Controllers/Admin/Download.php(297): CodeIgniter\HTTP\Response->download('Daftar_Harga_Kursus_2020_v2.pdf', null)
 5 SYSTEMPATH/CodeIgniter.php(907): App\Controllers\Admin\Download->unduh('3')
 6 SYSTEMPATH/CodeIgniter.php(457): CodeIgniter\CodeIgniter->runController(Object(App\Controllers\Admin\Download))
 7 SYSTEMPATH/CodeIgniter.php(340): CodeIgniter\CodeIgniter->handleRequest(null, Object(Config\Cache), false)
 8 FCPATH/index.php(67): CodeIgniter\CodeIgniter->run()
 9 ROOTPATH/index.php(6): require_once('FCPATH/index.php')
CRITICAL - 2022-09-10 15:08:26 --> Trying to get property 'gambar' of non-object
in APPPATH/Controllers/Admin/Download.php on line 297.
 1 APPPATH/Controllers/Admin/Download.php(297): CodeIgniter\Debug\Exceptions->errorHandler(8, 'Trying to get property \'gambar\' of non-object', 'APPPATH/Controllers/Admin/Download.php', 297, [...])
 2 SYSTEMPATH/CodeIgniter.php(907): App\Controllers\Admin\Download->unduh('ajax.php')
 3 SYSTEMPATH/CodeIgniter.php(457): CodeIgniter\CodeIgniter->runController(Object(App\Controllers\Admin\Download))
 4 SYSTEMPATH/CodeIgniter.php(340): CodeIgniter\CodeIgniter->handleRequest(null, Object(Config\Cache), false)
 5 FCPATH/index.php(67): CodeIgniter\CodeIgniter->run()
 6 ROOTPATH/index.php(6): require_once('FCPATH/index.php')
CRITICAL - 2022-09-10 15:11:38 --> File not found: ../assets/upload/file/Daftar_Harga_Kursus_2020_v2.pdf
in SYSTEMPATH/Files/File.php on line 46.
 1 SYSTEMPATH/Files/File.php(46): CodeIgniter\Files\Exceptions\FileNotFoundException::forFileNotFound('../assets/upload/file/Daftar_Harga_Kursus_2020_v2.pdf')
 2 SYSTEMPATH/HTTP/DownloadResponse.php(97): CodeIgniter\Files\File->__construct('../assets/upload/file/Daftar_Harga_Kursus_2020_v2.pdf', true)
 3 SYSTEMPATH/HTTP/ResponseTrait.php(781): CodeIgniter\HTTP\DownloadResponse->setFilePath('../assets/upload/file/Daftar_Harga_Kursus_2020_v2.pdf')
 4 APPPATH/Controllers/Admin/Download.php(301): CodeIgniter\HTTP\Response->download('Daftar_Harga_Kursus_2020_v2.pdf', null)
 5 SYSTEMPATH/CodeIgniter.php(907): App\Controllers\Admin\Download->unduh('3')
 6 SYSTEMPATH/CodeIgniter.php(457): CodeIgniter\CodeIgniter->runController(Object(App\Controllers\Admin\Download))
 7 SYSTEMPATH/CodeIgniter.php(340): CodeIgniter\CodeIgniter->handleRequest(null, Object(Config\Cache), false)
 8 FCPATH/index.php(67): CodeIgniter\CodeIgniter->run()
 9 ROOTPATH/index.php(6): require_once('FCPATH/index.php')
CRITICAL - 2022-09-10 15:11:38 --> Trying to get property 'gambar' of non-object
in APPPATH/Controllers/Admin/Download.php on line 297.
 1 APPPATH/Controllers/Admin/Download.php(297): CodeIgniter\Debug\Exceptions->errorHandler(8, 'Trying to get property \'gambar\' of non-object', 'APPPATH/Controllers/Admin/Download.php', 297, [...])
 2 SYSTEMPATH/CodeIgniter.php(907): App\Controllers\Admin\Download->unduh('ajax.php')
 3 SYSTEMPATH/CodeIgniter.php(457): CodeIgniter\CodeIgniter->runController(Object(App\Controllers\Admin\Download))
 4 SYSTEMPATH/CodeIgniter.php(340): CodeIgniter\CodeIgniter->handleRequest(null, Object(Config\Cache), false)
 5 FCPATH/index.php(67): CodeIgniter\CodeIgniter->run()
 6 ROOTPATH/index.php(6): require_once('FCPATH/index.php')
CRITICAL - 2022-09-10 15:17:09 --> Trying to get property 'judul_download' of non-object
in APPPATH/Controllers/Admin/Download.php on line 227.
 1 APPPATH/Controllers/Admin/Download.php(227): CodeIgniter\Debug\Exceptions->errorHandler(8, 'Trying to get property \'judul_download\' of non-object', 'APPPATH/Controllers/Admin/Download.php', 227, [...])
 2 SYSTEMPATH/CodeIgniter.php(907): App\Controllers\Admin\Download->edit('ajax.php')
 3 SYSTEMPATH/CodeIgniter.php(457): CodeIgniter\CodeIgniter->runController(Object(App\Controllers\Admin\Download))
 4 SYSTEMPATH/CodeIgniter.php(340): CodeIgniter\CodeIgniter->handleRequest(null, Object(Config\Cache), false)
 5 FCPATH/index.php(67): CodeIgniter\CodeIgniter->run()
 6 ROOTPATH/index.php(6): require_once('FCPATH/index.php')
CRITICAL - 2022-09-10 15:17:11 --> Trying to get property 'judul_download' of non-object
in APPPATH/Controllers/Admin/Download.php on line 227.
 1 APPPATH/Controllers/Admin/Download.php(227): CodeIgniter\Debug\Exceptions->errorHandler(8, 'Trying to get property \'judul_download\' of non-object', 'APPPATH/Controllers/Admin/Download.php', 227, [...])
 2 SYSTEMPATH/CodeIgniter.php(907): App\Controllers\Admin\Download->edit('ajax.php')
 3 SYSTEMPATH/CodeIgniter.php(457): CodeIgniter\CodeIgniter->runController(Object(App\Controllers\Admin\Download))
 4 SYSTEMPATH/CodeIgniter.php(340): CodeIgniter\CodeIgniter->handleRequest(null, Object(Config\Cache), false)
 5 FCPATH/index.php(67): CodeIgniter\CodeIgniter->run()
 6 ROOTPATH/index.php(6): require_once('FCPATH/index.php')
CRITICAL - 2022-09-10 15:18:10 --> Trying to get property 'judul_download' of non-object
in APPPATH/Controllers/Admin/Download.php on line 227.
 1 APPPATH/Controllers/Admin/Download.php(227): CodeIgniter\Debug\Exceptions->errorHandler(8, 'Trying to get property \'judul_download\' of non-object', 'APPPATH/Controllers/Admin/Download.php', 227, [...])
 2 SYSTEMPATH/CodeIgniter.php(907): App\Controllers\Admin\Download->edit('ajax.php')
 3 SYSTEMPATH/CodeIgniter.php(457): CodeIgniter\CodeIgniter->runController(Object(App\Controllers\Admin\Download))
 4 SYSTEMPATH/CodeIgniter.php(340): CodeIgniter\CodeIgniter->handleRequest(null, Object(Config\Cache), false)
 5 FCPATH/index.php(67): CodeIgniter\CodeIgniter->run()
 6 ROOTPATH/index.php(6): require_once('FCPATH/index.php')
CRITICAL - 2022-09-10 15:18:48 --> Trying to get property 'judul_download' of non-object
in APPPATH/Controllers/Admin/Download.php on line 227.
 1 APPPATH/Controllers/Admin/Download.php(227): CodeIgniter\Debug\Exceptions->errorHandler(8, 'Trying to get property \'judul_download\' of non-object', 'APPPATH/Controllers/Admin/Download.php', 227, [...])
 2 SYSTEMPATH/CodeIgniter.php(907): App\Controllers\Admin\Download->edit('ajax.php')
 3 SYSTEMPATH/CodeIgniter.php(457): CodeIgniter\CodeIgniter->runController(Object(App\Controllers\Admin\Download))
 4 SYSTEMPATH/CodeIgniter.php(340): CodeIgniter\CodeIgniter->handleRequest(null, Object(Config\Cache), false)
 5 FCPATH/index.php(67): CodeIgniter\CodeIgniter->run()
 6 ROOTPATH/index.php(6): require_once('FCPATH/index.php')
CRITICAL - 2022-09-10 15:19:27 --> Trying to get property 'judul_download' of non-object
in APPPATH/Controllers/Admin/Download.php on line 226.
 1 APPPATH/Controllers/Admin/Download.php(226): CodeIgniter\Debug\Exceptions->errorHandler(8, 'Trying to get property \'judul_download\' of non-object', 'APPPATH/Controllers/Admin/Download.php', 226, [...])
 2 SYSTEMPATH/CodeIgniter.php(907): App\Controllers\Admin\Download->edit('ajax.php')
 3 SYSTEMPATH/CodeIgniter.php(457): CodeIgniter\CodeIgniter->runController(Object(App\Controllers\Admin\Download))
 4 SYSTEMPATH/CodeIgniter.php(340): CodeIgniter\CodeIgniter->handleRequest(null, Object(Config\Cache), false)
 5 FCPATH/index.php(67): CodeIgniter\CodeIgniter->run()
 6 ROOTPATH/index.php(6): require_once('FCPATH/index.php')
CRITICAL - 2022-09-10 15:19:42 --> Trying to get property 'judul_download' of non-object
in APPPATH/Controllers/Admin/Download.php on line 226.
 1 APPPATH/Controllers/Admin/Download.php(226): CodeIgniter\Debug\Exceptions->errorHandler(8, 'Trying to get property \'judul_download\' of non-object', 'APPPATH/Controllers/Admin/Download.php', 226, [...])
 2 SYSTEMPATH/CodeIgniter.php(907): App\Controllers\Admin\Download->edit('ajax.php')
 3 SYSTEMPATH/CodeIgniter.php(457): CodeIgniter\CodeIgniter->runController(Object(App\Controllers\Admin\Download))
 4 SYSTEMPATH/CodeIgniter.php(340): CodeIgniter\CodeIgniter->handleRequest(null, Object(Config\Cache), false)
 5 FCPATH/index.php(67): CodeIgniter\CodeIgniter->run()
 6 ROOTPATH/index.php(6): require_once('FCPATH/index.php')
CRITICAL - 2022-09-10 15:24:14 --> Trying to get property 'judul_download' of non-object
in APPPATH/Controllers/Admin/Download.php on line 230.
 1 APPPATH/Controllers/Admin/Download.php(230): CodeIgniter\Debug\Exceptions->errorHandler(8, 'Trying to get property \'judul_download\' of non-object', 'APPPATH/Controllers/Admin/Download.php', 230, [...])
 2 SYSTEMPATH/CodeIgniter.php(907): App\Controllers\Admin\Download->edit('9')
 3 SYSTEMPATH/CodeIgniter.php(457): CodeIgniter\CodeIgniter->runController(Object(App\Controllers\Admin\Download))
 4 SYSTEMPATH/CodeIgniter.php(340): CodeIgniter\CodeIgniter->handleRequest(null, Object(Config\Cache), false)
 5 FCPATH/index.php(67): CodeIgniter\CodeIgniter->run()
 6 ROOTPATH/index.php(6): require_once('FCPATH/index.php')
CRITICAL - 2022-09-10 15:24:15 --> Trying to get property 'judul_download' of non-object
in APPPATH/Controllers/Admin/Download.php on line 230.
 1 APPPATH/Controllers/Admin/Download.php(230): CodeIgniter\Debug\Exceptions->errorHandler(8, 'Trying to get property \'judul_download\' of non-object', 'APPPATH/Controllers/Admin/Download.php', 230, [...])
 2 SYSTEMPATH/CodeIgniter.php(907): App\Controllers\Admin\Download->edit('ajax.php')
 3 SYSTEMPATH/CodeIgniter.php(457): CodeIgniter\CodeIgniter->runController(Object(App\Controllers\Admin\Download))
 4 SYSTEMPATH/CodeIgniter.php(340): CodeIgniter\CodeIgniter->handleRequest(null, Object(Config\Cache), false)
 5 FCPATH/index.php(67): CodeIgniter\CodeIgniter->run()
 6 ROOTPATH/index.php(6): require_once('FCPATH/index.php')
CRITICAL - 2022-09-10 15:25:22 --> Trying to get property 'judul_download' of non-object
in APPPATH/Controllers/Admin/Download.php on line 230.
 1 APPPATH/Controllers/Admin/Download.php(230): CodeIgniter\Debug\Exceptions->errorHandler(8, 'Trying to get property \'judul_download\' of non-object', 'APPPATH/Controllers/Admin/Download.php', 230, [...])
 2 SYSTEMPATH/CodeIgniter.php(907): App\Controllers\Admin\Download->edit('ajax.php')
 3 SYSTEMPATH/CodeIgniter.php(457): CodeIgniter\CodeIgniter->runController(Object(App\Controllers\Admin\Download))
 4 SYSTEMPATH/CodeIgniter.php(340): CodeIgniter\CodeIgniter->handleRequest(null, Object(Config\Cache), false)
 5 FCPATH/index.php(67): CodeIgniter\CodeIgniter->run()
 6 ROOTPATH/index.php(6): require_once('FCPATH/index.php')
CRITICAL - 2022-09-10 15:25:30 --> Undefined variable: file
in APPPATH/Controllers/Admin/Download.php on line 197.
 1 APPPATH/Controllers/Admin/Download.php(197): CodeIgniter\Debug\Exceptions->errorHandler(8, 'Undefined variable: file', 'APPPATH/Controllers/Admin/Download.php', 197, [...])
 2 SYSTEMPATH/CodeIgniter.php(907): App\Controllers\Admin\Download->edit('10')
 3 SYSTEMPATH/CodeIgniter.php(457): CodeIgniter\CodeIgniter->runController(Object(App\Controllers\Admin\Download))
 4 SYSTEMPATH/CodeIgniter.php(340): CodeIgniter\CodeIgniter->handleRequest(null, Object(Config\Cache), false)
 5 FCPATH/index.php(67): CodeIgniter\CodeIgniter->run()
 6 ROOTPATH/index.php(6): require_once('FCPATH/index.php')
CRITICAL - 2022-09-10 15:25:30 --> Trying to get property 'judul_download' of non-object
in APPPATH/Controllers/Admin/Download.php on line 230.
 1 APPPATH/Controllers/Admin/Download.php(230): CodeIgniter\Debug\Exceptions->errorHandler(8, 'Trying to get property \'judul_download\' of non-object', 'APPPATH/Controllers/Admin/Download.php', 230, [...])
 2 SYSTEMPATH/CodeIgniter.php(907): App\Controllers\Admin\Download->edit('ajax.php')
 3 SYSTEMPATH/CodeIgniter.php(457): CodeIgniter\CodeIgniter->runController(Object(App\Controllers\Admin\Download))
 4 SYSTEMPATH/CodeIgniter.php(340): CodeIgniter\CodeIgniter->handleRequest(null, Object(Config\Cache), false)
 5 FCPATH/index.php(67): CodeIgniter\CodeIgniter->run()
 6 ROOTPATH/index.php(6): require_once('FCPATH/index.php')
CRITICAL - 2022-09-10 15:33:01 --> syntax error, unexpected ''website'' (T_CONSTANT_ENCAPSED_STRING), expecting ')'
in APPPATH/Controllers/Admin/Download.php on line 152.
 1 SYSTEMPATH/Router/Router.php(499): CodeIgniter\Router\AutoRouter->getRoute('admin/download')
 2 SYSTEMPATH/Router/Router.php(205): CodeIgniter\Router\Router->autoRoute('admin/download')
 3 SYSTEMPATH/CodeIgniter.php(782): CodeIgniter\Router\Router->handle('admin/download')
 4 SYSTEMPATH/CodeIgniter.php(406): CodeIgniter\CodeIgniter->tryToRouteIt(Object(CodeIgniter\Router\RouteCollection))
 5 SYSTEMPATH/CodeIgniter.php(340): CodeIgniter\CodeIgniter->handleRequest(null, Object(Config\Cache), false)
 6 FCPATH/index.php(67): CodeIgniter\CodeIgniter->run()
 7 ROOTPATH/index.php(6): require_once('FCPATH/index.php')
CRITICAL - 2022-09-10 15:33:17 --> syntax error, unexpected ''website'' (T_CONSTANT_ENCAPSED_STRING), expecting ')'
in APPPATH/Controllers/Admin/Download.php on line 152.
 1 SYSTEMPATH/Router/Router.php(499): CodeIgniter\Router\AutoRouter->getRoute('admin/download')
 2 SYSTEMPATH/Router/Router.php(205): CodeIgniter\Router\Router->autoRoute('admin/download')
 3 SYSTEMPATH/CodeIgniter.php(782): CodeIgniter\Router\Router->handle('admin/download')
 4 SYSTEMPATH/CodeIgniter.php(406): CodeIgniter\CodeIgniter->tryToRouteIt(Object(CodeIgniter\Router\RouteCollection))
 5 SYSTEMPATH/CodeIgniter.php(340): CodeIgniter\CodeIgniter->handleRequest(null, Object(Config\Cache), false)
 6 FCPATH/index.php(67): CodeIgniter\CodeIgniter->run()
 7 ROOTPATH/index.php(6): require_once('FCPATH/index.php')
CRITICAL - 2022-09-10 15:35:16 --> Trying to get property 'judul_download' of non-object
in APPPATH/Controllers/Admin/Download.php on line 234.
 1 APPPATH/Controllers/Admin/Download.php(234): CodeIgniter\Debug\Exceptions->errorHandler(8, 'Trying to get property \'judul_download\' of non-object', 'APPPATH/Controllers/Admin/Download.php', 234, [...])
 2 SYSTEMPATH/CodeIgniter.php(907): App\Controllers\Admin\Download->edit('ajax.php')
 3 SYSTEMPATH/CodeIgniter.php(457): CodeIgniter\CodeIgniter->runController(Object(App\Controllers\Admin\Download))
 4 SYSTEMPATH/CodeIgniter.php(340): CodeIgniter\CodeIgniter->handleRequest(null, Object(Config\Cache), false)
 5 FCPATH/index.php(67): CodeIgniter\CodeIgniter->run()
 6 ROOTPATH/index.php(6): require_once('FCPATH/index.php')
CRITICAL - 2022-09-10 15:36:05 --> Trying to get property 'judul_download' of non-object
in APPPATH/Controllers/Admin/Download.php on line 234.
 1 APPPATH/Controllers/Admin/Download.php(234): CodeIgniter\Debug\Exceptions->errorHandler(8, 'Trying to get property \'judul_download\' of non-object', 'APPPATH/Controllers/Admin/Download.php', 234, [...])
 2 SYSTEMPATH/CodeIgniter.php(907): App\Controllers\Admin\Download->edit('ajax.php')
 3 SYSTEMPATH/CodeIgniter.php(457): CodeIgniter\CodeIgniter->runController(Object(App\Controllers\Admin\Download))
 4 SYSTEMPATH/CodeIgniter.php(340): CodeIgniter\CodeIgniter->handleRequest(null, Object(Config\Cache), false)
 5 FCPATH/index.php(67): CodeIgniter\CodeIgniter->run()
 6 ROOTPATH/index.php(6): require_once('FCPATH/index.php')
CRITICAL - 2022-09-10 15:36:16 --> Trying to get property 'judul_download' of non-object
in APPPATH/Controllers/Admin/Download.php on line 234.
 1 APPPATH/Controllers/Admin/Download.php(234): CodeIgniter\Debug\Exceptions->errorHandler(8, 'Trying to get property \'judul_download\' of non-object', 'APPPATH/Controllers/Admin/Download.php', 234, [...])
 2 SYSTEMPATH/CodeIgniter.php(907): App\Controllers\Admin\Download->edit('ajax.php')
 3 SYSTEMPATH/CodeIgniter.php(457): CodeIgniter\CodeIgniter->runController(Object(App\Controllers\Admin\Download))
 4 SYSTEMPATH/CodeIgniter.php(340): CodeIgniter\CodeIgniter->handleRequest(null, Object(Config\Cache), false)
 5 FCPATH/index.php(67): CodeIgniter\CodeIgniter->run()
 6 ROOTPATH/index.php(6): require_once('FCPATH/index.php')
CRITICAL - 2022-09-10 15:36:29 --> Trying to get property 'judul_download' of non-object
in APPPATH/Controllers/Admin/Download.php on line 234.
 1 APPPATH/Controllers/Admin/Download.php(234): CodeIgniter\Debug\Exceptions->errorHandler(8, 'Trying to get property \'judul_download\' of non-object', 'APPPATH/Controllers/Admin/Download.php', 234, [...])
 2 SYSTEMPATH/CodeIgniter.php(907): App\Controllers\Admin\Download->edit('ajax.php')
 3 SYSTEMPATH/CodeIgniter.php(457): CodeIgniter\CodeIgniter->runController(Object(App\Controllers\Admin\Download))
 4 SYSTEMPATH/CodeIgniter.php(340): CodeIgniter\CodeIgniter->handleRequest(null, Object(Config\Cache), false)
 5 FCPATH/index.php(67): CodeIgniter\CodeIgniter->run()
 6 ROOTPATH/index.php(6): require_once('FCPATH/index.php')
CRITICAL - 2022-09-10 15:38:05 --> Trying to get property 'judul_download' of non-object
in APPPATH/Controllers/Admin/Download.php on line 234.
 1 APPPATH/Controllers/Admin/Download.php(234): CodeIgniter\Debug\Exceptions->errorHandler(8, 'Trying to get property \'judul_download\' of non-object', 'APPPATH/Controllers/Admin/Download.php', 234, [...])
 2 SYSTEMPATH/CodeIgniter.php(907): App\Controllers\Admin\Download->edit('ajax.php')
 3 SYSTEMPATH/CodeIgniter.php(457): CodeIgniter\CodeIgniter->runController(Object(App\Controllers\Admin\Download))
 4 SYSTEMPATH/CodeIgniter.php(340): CodeIgniter\CodeIgniter->handleRequest(null, Object(Config\Cache), false)
 5 FCPATH/index.php(67): CodeIgniter\CodeIgniter->run()
 6 ROOTPATH/index.php(6): require_once('FCPATH/index.php')
CRITICAL - 2022-09-10 15:42:53 --> Trying to get property 'judul_download' of non-object
in APPPATH/Controllers/Admin/Download.php on line 234.
 1 APPPATH/Controllers/Admin/Download.php(234): CodeIgniter\Debug\Exceptions->errorHandler(8, 'Trying to get property \'judul_download\' of non-object', 'APPPATH/Controllers/Admin/Download.php', 234, [...])
 2 SYSTEMPATH/CodeIgniter.php(907): App\Controllers\Admin\Download->edit('ajax.php')
 3 SYSTEMPATH/CodeIgniter.php(457): CodeIgniter\CodeIgniter->runController(Object(App\Controllers\Admin\Download))
 4 SYSTEMPATH/CodeIgniter.php(340): CodeIgniter\CodeIgniter->handleRequest(null, Object(Config\Cache), false)
 5 FCPATH/index.php(67): CodeIgniter\CodeIgniter->run()
 6 ROOTPATH/index.php(6): require_once('FCPATH/index.php')
CRITICAL - 2022-09-10 15:50:08 --> Trying to get property 'judul_berita' of non-object
in APPPATH/Controllers/Admin/Berita.php on line 282.
 1 APPPATH/Controllers/Admin/Berita.php(282): CodeIgniter\Debug\Exceptions->errorHandler(8, 'Trying to get property \'judul_berita\' of non-object', 'APPPATH/Controllers/Admin/Berita.php', 282, [...])
 2 SYSTEMPATH/CodeIgniter.php(907): App\Controllers\Admin\Berita->edit('ajax.php')
 3 SYSTEMPATH/CodeIgniter.php(457): CodeIgniter\CodeIgniter->runController(Object(App\Controllers\Admin\Berita))
 4 SYSTEMPATH/CodeIgniter.php(340): CodeIgniter\CodeIgniter->handleRequest(null, Object(Config\Cache), false)
 5 FCPATH/index.php(67): CodeIgniter\CodeIgniter->run()
 6 ROOTPATH/index.php(6): require_once('FCPATH/index.php')
CRITICAL - 2022-09-10 16:05:44 --> Trying to get property 'judul_berita' of non-object
in APPPATH/Controllers/Admin/Berita.php on line 282.
 1 APPPATH/Controllers/Admin/Berita.php(282): CodeIgniter\Debug\Exceptions->errorHandler(8, 'Trying to get property \'judul_berita\' of non-object', 'APPPATH/Controllers/Admin/Berita.php', 282, [...])
 2 SYSTEMPATH/CodeIgniter.php(907): App\Controllers\Admin\Berita->edit('ajax.php')
 3 SYSTEMPATH/CodeIgniter.php(457): CodeIgniter\CodeIgniter->runController(Object(App\Controllers\Admin\Berita))
 4 SYSTEMPATH/CodeIgniter.php(340): CodeIgniter\CodeIgniter->handleRequest(null, Object(Config\Cache), false)
 5 FCPATH/index.php(67): CodeIgniter\CodeIgniter->run()
 6 ROOTPATH/index.php(6): require_once('FCPATH/index.php')
