CRITICAL - 2022-09-12 16:05:06 --> syntax error, unexpected 'nama_kategori_produk' (T_STRING), expecting ']'
in APPPATH/Views/admin/kategori_produk/index.php on line 22.
 1 SYSTEMPATH/View/View.php(216): CodeIgniter\View\View->CodeIgniter\View\{closure}()
 2 SYSTEMPATH/Common.php(1142): CodeIgniter\View\View->render('admin/kategori_produk/index', [], true)
 3 APPPATH/Views/admin/layout/wrapper.php(13): view('admin/kategori_produk/index')
 4 SYSTEMPATH/View/View.php(213): include('APPPATH/Views/admin/layout/wrapper.php')
 5 SYSTEMPATH/View/View.php(216): CodeIgniter\View\View->CodeIgniter\View\{closure}()
 6 SYSTEMPATH/Common.php(1142): CodeIgniter\View\View->render('admin/layout/wrapper', [], true)
 7 APPPATH/Controllers/Admin/Kategori_produk.php(74): view('admin/layout/wrapper', [...])
 8 SYSTEMPATH/CodeIgniter.php(907): App\Controllers\Admin\Kategori_produk->index()
 9 SYSTEMPATH/CodeIgniter.php(457): CodeIgniter\CodeIgniter->runController(Object(App\Controllers\Admin\Kategori_produk))
10 SYSTEMPATH/CodeIgniter.php(340): CodeIgniter\CodeIgniter->handleRequest(null, Object(Config\Cache), false)
11 FCPATH/index.php(67): CodeIgniter\CodeIgniter->run()
12 ROOTPATH/index.php(6): require_once('FCPATH/index.php')
CRITICAL - 2022-09-12 16:06:02 --> syntax error, unexpected 'nama_kategori_produk' (T_STRING), expecting ']'
in APPPATH/Views/admin/kategori_produk/index.php on line 22.
 1 SYSTEMPATH/View/View.php(216): CodeIgniter\View\View->CodeIgniter\View\{closure}()
 2 SYSTEMPATH/Common.php(1142): CodeIgniter\View\View->render('admin/kategori_produk/index', [], true)
 3 APPPATH/Views/admin/layout/wrapper.php(13): view('admin/kategori_produk/index')
 4 SYSTEMPATH/View/View.php(213): include('APPPATH/Views/admin/layout/wrapper.php')
 5 SYSTEMPATH/View/View.php(216): CodeIgniter\View\View->CodeIgniter\View\{closure}()
 6 SYSTEMPATH/Common.php(1142): CodeIgniter\View\View->render('admin/layout/wrapper', [], true)
 7 APPPATH/Controllers/Admin/Kategori_produk.php(74): view('admin/layout/wrapper', [...])
 8 SYSTEMPATH/CodeIgniter.php(907): App\Controllers\Admin\Kategori_produk->index()
 9 SYSTEMPATH/CodeIgniter.php(457): CodeIgniter\CodeIgniter->runController(Object(App\Controllers\Admin\Kategori_produk))
10 SYSTEMPATH/CodeIgniter.php(340): CodeIgniter\CodeIgniter->handleRequest(null, Object(Config\Cache), false)
11 FCPATH/index.php(67): CodeIgniter\CodeIgniter->run()
12 ROOTPATH/index.php(6): require_once('FCPATH/index.php')
CRITICAL - 2022-09-12 16:59:36 --> Trying to get property 'nama_kategori_produk' of non-object
in APPPATH/Controllers/Admin/Kategori_produk.php on line 136.
 1 APPPATH/Controllers/Admin/Kategori_produk.php(136): CodeIgniter\Debug\Exceptions->errorHandler(8, 'Trying to get property \'nama_kategori_produk\' of non-object', 'APPPATH/Controllers/Admin/Kategori_produk.php', 136, [...])
 2 SYSTEMPATH/CodeIgniter.php(907): App\Controllers\Admin\Kategori_produk->edit('ajax.php')
 3 SYSTEMPATH/CodeIgniter.php(457): CodeIgniter\CodeIgniter->runController(Object(App\Controllers\Admin\Kategori_produk))
 4 SYSTEMPATH/CodeIgniter.php(340): CodeIgniter\CodeIgniter->handleRequest(null, Object(Config\Cache), false)
 5 FCPATH/index.php(67): CodeIgniter\CodeIgniter->run()
 6 ROOTPATH/index.php(6): require_once('FCPATH/index.php')
CRITICAL - 2022-09-12 16:59:53 --> Trying to get property 'nama_kategori_produk' of non-object
in APPPATH/Controllers/Admin/Kategori_produk.php on line 136.
 1 APPPATH/Controllers/Admin/Kategori_produk.php(136): CodeIgniter\Debug\Exceptions->errorHandler(8, 'Trying to get property \'nama_kategori_produk\' of non-object', 'APPPATH/Controllers/Admin/Kategori_produk.php', 136, [...])
 2 SYSTEMPATH/CodeIgniter.php(907): App\Controllers\Admin\Kategori_produk->edit('ajax.php')
 3 SYSTEMPATH/CodeIgniter.php(457): CodeIgniter\CodeIgniter->runController(Object(App\Controllers\Admin\Kategori_produk))
 4 SYSTEMPATH/CodeIgniter.php(340): CodeIgniter\CodeIgniter->handleRequest(null, Object(Config\Cache), false)
 5 FCPATH/index.php(67): CodeIgniter\CodeIgniter->run()
 6 ROOTPATH/index.php(6): require_once('FCPATH/index.php')
CRITICAL - 2022-09-12 17:00:07 --> Trying to get property 'nama_kategori_produk' of non-object
in APPPATH/Controllers/Admin/Kategori_produk.php on line 136.
 1 APPPATH/Controllers/Admin/Kategori_produk.php(136): CodeIgniter\Debug\Exceptions->errorHandler(8, 'Trying to get property \'nama_kategori_produk\' of non-object', 'APPPATH/Controllers/Admin/Kategori_produk.php', 136, [...])
 2 SYSTEMPATH/CodeIgniter.php(907): App\Controllers\Admin\Kategori_produk->edit('ajax.php')
 3 SYSTEMPATH/CodeIgniter.php(457): CodeIgniter\CodeIgniter->runController(Object(App\Controllers\Admin\Kategori_produk))
 4 SYSTEMPATH/CodeIgniter.php(340): CodeIgniter\CodeIgniter->handleRequest(null, Object(Config\Cache), false)
 5 FCPATH/index.php(67): CodeIgniter\CodeIgniter->run()
 6 ROOTPATH/index.php(6): require_once('FCPATH/index.php')
CRITICAL - 2022-09-12 17:00:58 --> Trying to get property 'nama_kategori_produk' of non-object
in APPPATH/Controllers/Admin/Kategori_produk.php on line 136.
 1 APPPATH/Controllers/Admin/Kategori_produk.php(136): CodeIgniter\Debug\Exceptions->errorHandler(8, 'Trying to get property \'nama_kategori_produk\' of non-object', 'APPPATH/Controllers/Admin/Kategori_produk.php', 136, [...])
 2 SYSTEMPATH/CodeIgniter.php(907): App\Controllers\Admin\Kategori_produk->edit('ajax.php')
 3 SYSTEMPATH/CodeIgniter.php(457): CodeIgniter\CodeIgniter->runController(Object(App\Controllers\Admin\Kategori_produk))
 4 SYSTEMPATH/CodeIgniter.php(340): CodeIgniter\CodeIgniter->handleRequest(null, Object(Config\Cache), false)
 5 FCPATH/index.php(67): CodeIgniter\CodeIgniter->run()
 6 ROOTPATH/index.php(6): require_once('FCPATH/index.php')
CRITICAL - 2022-09-12 17:02:38 --> syntax error, unexpected 'nama_kategori_produk' (T_STRING), expecting ']'
in APPPATH/Views/admin/produk/index.php on line 35.
 1 SYSTEMPATH/View/View.php(216): CodeIgniter\View\View->CodeIgniter\View\{closure}()
 2 SYSTEMPATH/Common.php(1142): CodeIgniter\View\View->render('admin/produk/index', [], true)
 3 APPPATH/Views/admin/layout/wrapper.php(13): view('admin/produk/index')
 4 SYSTEMPATH/View/View.php(213): include('APPPATH/Views/admin/layout/wrapper.php')
 5 SYSTEMPATH/View/View.php(216): CodeIgniter\View\View->CodeIgniter\View\{closure}()
 6 SYSTEMPATH/Common.php(1142): CodeIgniter\View\View->render('admin/layout/wrapper', [], true)
 7 APPPATH/Controllers/Admin/Produk.php(31): view('admin/layout/wrapper', [...])
 8 SYSTEMPATH/CodeIgniter.php(907): App\Controllers\Admin\Produk->index()
 9 SYSTEMPATH/CodeIgniter.php(457): CodeIgniter\CodeIgniter->runController(Object(App\Controllers\Admin\Produk))
10 SYSTEMPATH/CodeIgniter.php(340): CodeIgniter\CodeIgniter->handleRequest(null, Object(Config\Cache), false)
11 FCPATH/index.php(67): CodeIgniter\CodeIgniter->run()
12 ROOTPATH/index.php(6): require_once('FCPATH/index.php')
CRITICAL - 2022-09-12 17:03:50 --> syntax error, unexpected ''])) { echo $_GET->keywords'' (T_CONSTANT_ENCAPSED_STRING), expecting ')'
in APPPATH/Views/admin/produk/index.php on line 10.
 1 SYSTEMPATH/View/View.php(216): CodeIgniter\View\View->CodeIgniter\View\{closure}()
 2 SYSTEMPATH/Common.php(1142): CodeIgniter\View\View->render('admin/produk/index', [], true)
 3 APPPATH/Views/admin/layout/wrapper.php(13): view('admin/produk/index')
 4 SYSTEMPATH/View/View.php(213): include('APPPATH/Views/admin/layout/wrapper.php')
 5 SYSTEMPATH/View/View.php(216): CodeIgniter\View\View->CodeIgniter\View\{closure}()
 6 SYSTEMPATH/Common.php(1142): CodeIgniter\View\View->render('admin/layout/wrapper', [], true)
 7 APPPATH/Controllers/Admin/Produk.php(31): view('admin/layout/wrapper', [...])
 8 SYSTEMPATH/CodeIgniter.php(907): App\Controllers\Admin\Produk->index()
 9 SYSTEMPATH/CodeIgniter.php(457): CodeIgniter\CodeIgniter->runController(Object(App\Controllers\Admin\Produk))
10 SYSTEMPATH/CodeIgniter.php(340): CodeIgniter\CodeIgniter->handleRequest(null, Object(Config\Cache), false)
11 FCPATH/index.php(67): CodeIgniter\CodeIgniter->run()
12 ROOTPATH/index.php(6): require_once('FCPATH/index.php')
CRITICAL - 2022-09-12 17:04:24 --> syntax error, unexpected ''];' (T_CONSTANT_ENCAPSED_STRING)
in APPPATH/Views/admin/produk/index.php on line 107.
 1 SYSTEMPATH/View/View.php(216): CodeIgniter\View\View->CodeIgniter\View\{closure}()
 2 SYSTEMPATH/Common.php(1142): CodeIgniter\View\View->render('admin/produk/index', [], true)
 3 APPPATH/Views/admin/layout/wrapper.php(13): view('admin/produk/index')
 4 SYSTEMPATH/View/View.php(213): include('APPPATH/Views/admin/layout/wrapper.php')
 5 SYSTEMPATH/View/View.php(216): CodeIgniter\View\View->CodeIgniter\View\{closure}()
 6 SYSTEMPATH/Common.php(1142): CodeIgniter\View\View->render('admin/layout/wrapper', [], true)
 7 APPPATH/Controllers/Admin/Produk.php(31): view('admin/layout/wrapper', [...])
 8 SYSTEMPATH/CodeIgniter.php(907): App\Controllers\Admin\Produk->index()
 9 SYSTEMPATH/CodeIgniter.php(457): CodeIgniter\CodeIgniter->runController(Object(App\Controllers\Admin\Produk))
10 SYSTEMPATH/CodeIgniter.php(340): CodeIgniter\CodeIgniter->handleRequest(null, Object(Config\Cache), false)
11 FCPATH/index.php(67): CodeIgniter\CodeIgniter->run()
12 ROOTPATH/index.php(6): require_once('FCPATH/index.php')
CRITICAL - 2022-09-12 17:04:51 --> Trying to get property 'id_produk' of non-object
in APPPATH/Views/admin/produk/index.php on line 91.
 1 APPPATH/Views/admin/produk/index.php(91): CodeIgniter\Debug\Exceptions->errorHandler(8, 'Trying to get property \'id_produk\' of non-object', 'APPPATH/Views/admin/produk/index.php', 91, [...])
 2 SYSTEMPATH/View/View.php(213): include('APPPATH/Views/admin/produk/index.php')
 3 SYSTEMPATH/View/View.php(216): CodeIgniter\View\View->CodeIgniter\View\{closure}()
 4 SYSTEMPATH/Common.php(1142): CodeIgniter\View\View->render('admin/produk/index', [], true)
 5 APPPATH/Views/admin/layout/wrapper.php(13): view('admin/produk/index')
 6 SYSTEMPATH/View/View.php(213): include('APPPATH/Views/admin/layout/wrapper.php')
 7 SYSTEMPATH/View/View.php(216): CodeIgniter\View\View->CodeIgniter\View\{closure}()
 8 SYSTEMPATH/Common.php(1142): CodeIgniter\View\View->render('admin/layout/wrapper', [], true)
 9 APPPATH/Controllers/Admin/Produk.php(31): view('admin/layout/wrapper', [...])
10 SYSTEMPATH/CodeIgniter.php(907): App\Controllers\Admin\Produk->index()
11 SYSTEMPATH/CodeIgniter.php(457): CodeIgniter\CodeIgniter->runController(Object(App\Controllers\Admin\Produk))
12 SYSTEMPATH/CodeIgniter.php(340): CodeIgniter\CodeIgniter->handleRequest(null, Object(Config\Cache), false)
13 FCPATH/index.php(67): CodeIgniter\CodeIgniter->run()
14 ROOTPATH/index.php(6): require_once('FCPATH/index.php')
CRITICAL - 2022-09-12 17:06:24 --> Trying to get property 'id_produk' of non-object
in APPPATH/Views/admin/produk/index.php on line 92.
 1 APPPATH/Views/admin/produk/index.php(92): CodeIgniter\Debug\Exceptions->errorHandler(8, 'Trying to get property \'id_produk\' of non-object', 'APPPATH/Views/admin/produk/index.php', 92, [...])
 2 SYSTEMPATH/View/View.php(213): include('APPPATH/Views/admin/produk/index.php')
 3 SYSTEMPATH/View/View.php(216): CodeIgniter\View\View->CodeIgniter\View\{closure}()
 4 SYSTEMPATH/Common.php(1142): CodeIgniter\View\View->render('admin/produk/index', [], true)
 5 APPPATH/Views/admin/layout/wrapper.php(13): view('admin/produk/index')
 6 SYSTEMPATH/View/View.php(213): include('APPPATH/Views/admin/layout/wrapper.php')
 7 SYSTEMPATH/View/View.php(216): CodeIgniter\View\View->CodeIgniter\View\{closure}()
 8 SYSTEMPATH/Common.php(1142): CodeIgniter\View\View->render('admin/layout/wrapper', [], true)
 9 APPPATH/Controllers/Admin/Produk.php(31): view('admin/layout/wrapper', [...])
10 SYSTEMPATH/CodeIgniter.php(907): App\Controllers\Admin\Produk->index()
11 SYSTEMPATH/CodeIgniter.php(457): CodeIgniter\CodeIgniter->runController(Object(App\Controllers\Admin\Produk))
12 SYSTEMPATH/CodeIgniter.php(340): CodeIgniter\CodeIgniter->handleRequest(null, Object(Config\Cache), false)
13 FCPATH/index.php(67): CodeIgniter\CodeIgniter->run()
14 ROOTPATH/index.php(6): require_once('FCPATH/index.php')
CRITICAL - 2022-09-12 17:06:58 --> Class 'App\Models\Lokasi_produk_model' not found
in APPPATH/Views/admin/produk/index.php on line 95.
 1 SYSTEMPATH/View/View.php(213): include()
 2 SYSTEMPATH/View/View.php(216): CodeIgniter\View\View->CodeIgniter\View\{closure}()
 3 SYSTEMPATH/Common.php(1142): CodeIgniter\View\View->render('admin/produk/index', [], true)
 4 APPPATH/Views/admin/layout/wrapper.php(13): view('admin/produk/index')
 5 SYSTEMPATH/View/View.php(213): include('APPPATH/Views/admin/layout/wrapper.php')
 6 SYSTEMPATH/View/View.php(216): CodeIgniter\View\View->CodeIgniter\View\{closure}()
 7 SYSTEMPATH/Common.php(1142): CodeIgniter\View\View->render('admin/layout/wrapper', [], true)
 8 APPPATH/Controllers/Admin/Produk.php(31): view('admin/layout/wrapper', [...])
 9 SYSTEMPATH/CodeIgniter.php(907): App\Controllers\Admin\Produk->index()
10 SYSTEMPATH/CodeIgniter.php(457): CodeIgniter\CodeIgniter->runController(Object(App\Controllers\Admin\Produk))
11 SYSTEMPATH/CodeIgniter.php(340): CodeIgniter\CodeIgniter->handleRequest(null, Object(Config\Cache), false)
12 FCPATH/index.php(67): CodeIgniter\CodeIgniter->run()
13 ROOTPATH/index.php(6): require_once('FCPATH/index.php')
CRITICAL - 2022-09-12 17:07:15 --> Class 'App\Models\Lokasi_produk_model' not found
in APPPATH/Views/admin/produk/index.php on line 95.
 1 SYSTEMPATH/View/View.php(213): include()
 2 SYSTEMPATH/View/View.php(216): CodeIgniter\View\View->CodeIgniter\View\{closure}()
 3 SYSTEMPATH/Common.php(1142): CodeIgniter\View\View->render('admin/produk/index', [], true)
 4 APPPATH/Views/admin/layout/wrapper.php(13): view('admin/produk/index')
 5 SYSTEMPATH/View/View.php(213): include('APPPATH/Views/admin/layout/wrapper.php')
 6 SYSTEMPATH/View/View.php(216): CodeIgniter\View\View->CodeIgniter\View\{closure}()
 7 SYSTEMPATH/Common.php(1142): CodeIgniter\View\View->render('admin/layout/wrapper', [], true)
 8 APPPATH/Controllers/Admin/Produk.php(29): view('admin/layout/wrapper', [...])
 9 SYSTEMPATH/CodeIgniter.php(907): App\Controllers\Admin\Produk->index()
10 SYSTEMPATH/CodeIgniter.php(457): CodeIgniter\CodeIgniter->runController(Object(App\Controllers\Admin\Produk))
11 SYSTEMPATH/CodeIgniter.php(340): CodeIgniter\CodeIgniter->handleRequest(null, Object(Config\Cache), false)
12 FCPATH/index.php(67): CodeIgniter\CodeIgniter->run()
13 ROOTPATH/index.php(6): require_once('FCPATH/index.php')
CRITICAL - 2022-09-12 17:07:34 --> Undefined variable: lokasinya
in APPPATH/Views/admin/produk/index.php on line 123.
 1 APPPATH/Views/admin/produk/index.php(123): CodeIgniter\Debug\Exceptions->errorHandler(8, 'Undefined variable: lokasinya', 'APPPATH/Views/admin/produk/index.php', 123, [...])
 2 SYSTEMPATH/View/View.php(213): include('APPPATH/Views/admin/produk/index.php')
 3 SYSTEMPATH/View/View.php(216): CodeIgniter\View\View->CodeIgniter\View\{closure}()
 4 SYSTEMPATH/Common.php(1142): CodeIgniter\View\View->render('admin/produk/index', [], true)
 5 APPPATH/Views/admin/layout/wrapper.php(13): view('admin/produk/index')
 6 SYSTEMPATH/View/View.php(213): include('APPPATH/Views/admin/layout/wrapper.php')
 7 SYSTEMPATH/View/View.php(216): CodeIgniter\View\View->CodeIgniter\View\{closure}()
 8 SYSTEMPATH/Common.php(1142): CodeIgniter\View\View->render('admin/layout/wrapper', [], true)
 9 APPPATH/Controllers/Admin/Produk.php(29): view('admin/layout/wrapper', [...])
10 SYSTEMPATH/CodeIgniter.php(907): App\Controllers\Admin\Produk->index()
11 SYSTEMPATH/CodeIgniter.php(457): CodeIgniter\CodeIgniter->runController(Object(App\Controllers\Admin\Produk))
12 SYSTEMPATH/CodeIgniter.php(340): CodeIgniter\CodeIgniter->handleRequest(null, Object(Config\Cache), false)
13 FCPATH/index.php(67): CodeIgniter\CodeIgniter->run()
14 ROOTPATH/index.php(6): require_once('FCPATH/index.php')
CRITICAL - 2022-09-12 17:07:51 --> Undefined variable: lokasi
in APPPATH/Views/admin/produk/index.php on line 134.
 1 APPPATH/Views/admin/produk/index.php(134): CodeIgniter\Debug\Exceptions->errorHandler(8, 'Undefined variable: lokasi', 'APPPATH/Views/admin/produk/index.php', 134, [...])
 2 SYSTEMPATH/View/View.php(213): include('APPPATH/Views/admin/produk/index.php')
 3 SYSTEMPATH/View/View.php(216): CodeIgniter\View\View->CodeIgniter\View\{closure}()
 4 SYSTEMPATH/Common.php(1142): CodeIgniter\View\View->render('admin/produk/index', [], true)
 5 APPPATH/Views/admin/layout/wrapper.php(13): view('admin/produk/index')
 6 SYSTEMPATH/View/View.php(213): include('APPPATH/Views/admin/layout/wrapper.php')
 7 SYSTEMPATH/View/View.php(216): CodeIgniter\View\View->CodeIgniter\View\{closure}()
 8 SYSTEMPATH/Common.php(1142): CodeIgniter\View\View->render('admin/layout/wrapper', [], true)
 9 APPPATH/Controllers/Admin/Produk.php(29): view('admin/layout/wrapper', [...])
10 SYSTEMPATH/CodeIgniter.php(907): App\Controllers\Admin\Produk->index()
11 SYSTEMPATH/CodeIgniter.php(457): CodeIgniter\CodeIgniter->runController(Object(App\Controllers\Admin\Produk))
12 SYSTEMPATH/CodeIgniter.php(340): CodeIgniter\CodeIgniter->handleRequest(null, Object(Config\Cache), false)
13 FCPATH/index.php(67): CodeIgniter\CodeIgniter->run()
14 ROOTPATH/index.php(6): require_once('FCPATH/index.php')
CRITICAL - 2022-09-12 17:08:23 --> Class 'App\Controllers\Admin\Desa_model' not found
in APPPATH/Controllers/Admin/Produk.php on line 130.
 1 SYSTEMPATH/CodeIgniter.php(907): App\Controllers\Admin\Produk->tambah()
 2 SYSTEMPATH/CodeIgniter.php(457): CodeIgniter\CodeIgniter->runController(Object(App\Controllers\Admin\Produk))
 3 SYSTEMPATH/CodeIgniter.php(340): CodeIgniter\CodeIgniter->handleRequest(null, Object(Config\Cache), false)
 4 FCPATH/index.php(67): CodeIgniter\CodeIgniter->run()
 5 ROOTPATH/index.php(6): require_once('FCPATH/index.php')
CRITICAL - 2022-09-12 17:09:36 --> Class 'App\Controllers\Admin\Desa_model' not found
in APPPATH/Controllers/Admin/Produk.php on line 130.
 1 SYSTEMPATH/CodeIgniter.php(907): App\Controllers\Admin\Produk->tambah()
 2 SYSTEMPATH/CodeIgniter.php(457): CodeIgniter\CodeIgniter->runController(Object(App\Controllers\Admin\Produk))
 3 SYSTEMPATH/CodeIgniter.php(340): CodeIgniter\CodeIgniter->handleRequest(null, Object(Config\Cache), false)
 4 FCPATH/index.php(67): CodeIgniter\CodeIgniter->run()
 5 ROOTPATH/index.php(6): require_once('FCPATH/index.php')
CRITICAL - 2022-09-12 17:10:22 --> Undefined variable: desa
in APPPATH/Controllers/Admin/Produk.php on line 208.
 1 APPPATH/Controllers/Admin/Produk.php(208): CodeIgniter\Debug\Exceptions->errorHandler(8, 'Undefined variable: desa', 'APPPATH/Controllers/Admin/Produk.php', 208, [...])
 2 SYSTEMPATH/CodeIgniter.php(907): App\Controllers\Admin\Produk->tambah()
 3 SYSTEMPATH/CodeIgniter.php(457): CodeIgniter\CodeIgniter->runController(Object(App\Controllers\Admin\Produk))
 4 SYSTEMPATH/CodeIgniter.php(340): CodeIgniter\CodeIgniter->handleRequest(null, Object(Config\Cache), false)
 5 FCPATH/index.php(67): CodeIgniter\CodeIgniter->run()
 6 ROOTPATH/index.php(6): require_once('FCPATH/index.php')
CRITICAL - 2022-09-12 17:10:32 --> Undefined variable: desa
in APPPATH/Views/admin/produk/tambah.php on line 44.
 1 APPPATH/Views/admin/produk/tambah.php(44): CodeIgniter\Debug\Exceptions->errorHandler(8, 'Undefined variable: desa', 'APPPATH/Views/admin/produk/tambah.php', 44, [...])
 2 SYSTEMPATH/View/View.php(213): include('APPPATH/Views/admin/produk/tambah.php')
 3 SYSTEMPATH/View/View.php(216): CodeIgniter\View\View->CodeIgniter\View\{closure}()
 4 SYSTEMPATH/Common.php(1142): CodeIgniter\View\View->render('admin/produk/tambah', [], true)
 5 APPPATH/Views/admin/layout/wrapper.php(13): view('admin/produk/tambah')
 6 SYSTEMPATH/View/View.php(213): include('APPPATH/Views/admin/layout/wrapper.php')
 7 SYSTEMPATH/View/View.php(216): CodeIgniter\View\View->CodeIgniter\View\{closure}()
 8 SYSTEMPATH/Common.php(1142): CodeIgniter\View\View->render('admin/layout/wrapper', [], true)
 9 APPPATH/Controllers/Admin/Produk.php(210): view('admin/layout/wrapper', [...])
10 SYSTEMPATH/CodeIgniter.php(907): App\Controllers\Admin\Produk->tambah()
11 SYSTEMPATH/CodeIgniter.php(457): CodeIgniter\CodeIgniter->runController(Object(App\Controllers\Admin\Produk))
12 SYSTEMPATH/CodeIgniter.php(340): CodeIgniter\CodeIgniter->handleRequest(null, Object(Config\Cache), false)
13 FCPATH/index.php(67): CodeIgniter\CodeIgniter->run()
14 ROOTPATH/index.php(6): require_once('FCPATH/index.php')
CRITICAL - 2022-09-12 17:14:07 --> Cannot use object of type stdClass as array
in APPPATH/Controllers/Admin/Produk.php on line 417.
 1 SYSTEMPATH/CodeIgniter.php(907): App\Controllers\Admin\Produk->gambar('2')
 2 SYSTEMPATH/CodeIgniter.php(457): CodeIgniter\CodeIgniter->runController(Object(App\Controllers\Admin\Produk))
 3 SYSTEMPATH/CodeIgniter.php(340): CodeIgniter\CodeIgniter->handleRequest(null, Object(Config\Cache), false)
 4 FCPATH/index.php(67): CodeIgniter\CodeIgniter->run()
 5 ROOTPATH/index.php(6): require_once('FCPATH/index.php')
CRITICAL - 2022-09-12 17:14:07 --> Trying to access array offset on value of type null
in APPPATH/Controllers/Admin/Produk.php on line 417.
 1 APPPATH/Controllers/Admin/Produk.php(417): CodeIgniter\Debug\Exceptions->errorHandler(8, 'Trying to access array offset on value of type null', 'APPPATH/Controllers/Admin/Produk.php', 417, [...])
 2 SYSTEMPATH/CodeIgniter.php(907): App\Controllers\Admin\Produk->gambar('ajax.php')
 3 SYSTEMPATH/CodeIgniter.php(457): CodeIgniter\CodeIgniter->runController(Object(App\Controllers\Admin\Produk))
 4 SYSTEMPATH/CodeIgniter.php(340): CodeIgniter\CodeIgniter->handleRequest(null, Object(Config\Cache), false)
 5 FCPATH/index.php(67): CodeIgniter\CodeIgniter->run()
 6 ROOTPATH/index.php(6): require_once('FCPATH/index.php')
CRITICAL - 2022-09-12 17:15:02 --> syntax error, unexpected ''])) { echo set_value('' (T_CONSTANT_ENCAPSED_STRING), expecting ')'
in APPPATH/Views/admin/produk/gambar.php on line 52.
 1 SYSTEMPATH/View/View.php(216): CodeIgniter\View\View->CodeIgniter\View\{closure}()
 2 SYSTEMPATH/Common.php(1142): CodeIgniter\View\View->render('admin/produk/gambar', [], true)
 3 APPPATH/Views/admin/layout/wrapper.php(13): view('admin/produk/gambar')
 4 SYSTEMPATH/View/View.php(213): include('APPPATH/Views/admin/layout/wrapper.php')
 5 SYSTEMPATH/View/View.php(216): CodeIgniter\View\View->CodeIgniter\View\{closure}()
 6 SYSTEMPATH/Common.php(1142): CodeIgniter\View\View->render('admin/layout/wrapper', [], true)
 7 APPPATH/Controllers/Admin/Produk.php(423): view('admin/layout/wrapper', [...])
 8 SYSTEMPATH/CodeIgniter.php(907): App\Controllers\Admin\Produk->gambar('2')
 9 SYSTEMPATH/CodeIgniter.php(457): CodeIgniter\CodeIgniter->runController(Object(App\Controllers\Admin\Produk))
10 SYSTEMPATH/CodeIgniter.php(340): CodeIgniter\CodeIgniter->handleRequest(null, Object(Config\Cache), false)
11 FCPATH/index.php(67): CodeIgniter\CodeIgniter->run()
12 ROOTPATH/index.php(6): require_once('FCPATH/index.php')
CRITICAL - 2022-09-12 17:15:02 --> Trying to get property 'nama_produk' of non-object
in APPPATH/Controllers/Admin/Produk.php on line 417.
 1 APPPATH/Controllers/Admin/Produk.php(417): CodeIgniter\Debug\Exceptions->errorHandler(8, 'Trying to get property \'nama_produk\' of non-object', 'APPPATH/Controllers/Admin/Produk.php', 417, [...])
 2 SYSTEMPATH/CodeIgniter.php(907): App\Controllers\Admin\Produk->gambar('ajax.php')
 3 SYSTEMPATH/CodeIgniter.php(457): CodeIgniter\CodeIgniter->runController(Object(App\Controllers\Admin\Produk))
 4 SYSTEMPATH/CodeIgniter.php(340): CodeIgniter\CodeIgniter->handleRequest(null, Object(Config\Cache), false)
 5 FCPATH/index.php(67): CodeIgniter\CodeIgniter->run()
 6 ROOTPATH/index.php(6): require_once('FCPATH/index.php')
CRITICAL - 2022-09-12 17:15:50 --> syntax error, unexpected ''] != "") { ?>' (T_CONSTANT_ENCAPSED_STRING)
in APPPATH/Views/admin/produk/gambar.php on line 86.
 1 SYSTEMPATH/View/View.php(216): CodeIgniter\View\View->CodeIgniter\View\{closure}()
 2 SYSTEMPATH/Common.php(1142): CodeIgniter\View\View->render('admin/produk/gambar', [], true)
 3 APPPATH/Views/admin/layout/wrapper.php(13): view('admin/produk/gambar')
 4 SYSTEMPATH/View/View.php(213): include('APPPATH/Views/admin/layout/wrapper.php')
 5 SYSTEMPATH/View/View.php(216): CodeIgniter\View\View->CodeIgniter\View\{closure}()
 6 SYSTEMPATH/Common.php(1142): CodeIgniter\View\View->render('admin/layout/wrapper', [], true)
 7 APPPATH/Controllers/Admin/Produk.php(423): view('admin/layout/wrapper', [...])
 8 SYSTEMPATH/CodeIgniter.php(907): App\Controllers\Admin\Produk->gambar('2')
 9 SYSTEMPATH/CodeIgniter.php(457): CodeIgniter\CodeIgniter->runController(Object(App\Controllers\Admin\Produk))
10 SYSTEMPATH/CodeIgniter.php(340): CodeIgniter\CodeIgniter->handleRequest(null, Object(Config\Cache), false)
11 FCPATH/index.php(67): CodeIgniter\CodeIgniter->run()
12 ROOTPATH/index.php(6): require_once('FCPATH/index.php')
CRITICAL - 2022-09-12 17:15:51 --> Trying to get property 'nama_produk' of non-object
in APPPATH/Controllers/Admin/Produk.php on line 417.
 1 APPPATH/Controllers/Admin/Produk.php(417): CodeIgniter\Debug\Exceptions->errorHandler(8, 'Trying to get property \'nama_produk\' of non-object', 'APPPATH/Controllers/Admin/Produk.php', 417, [...])
 2 SYSTEMPATH/CodeIgniter.php(907): App\Controllers\Admin\Produk->gambar('ajax.php')
 3 SYSTEMPATH/CodeIgniter.php(457): CodeIgniter\CodeIgniter->runController(Object(App\Controllers\Admin\Produk))
 4 SYSTEMPATH/CodeIgniter.php(340): CodeIgniter\CodeIgniter->handleRequest(null, Object(Config\Cache), false)
 5 FCPATH/index.php(67): CodeIgniter\CodeIgniter->run()
 6 ROOTPATH/index.php(6): require_once('FCPATH/index.php')
CRITICAL - 2022-09-12 17:16:14 --> syntax error, unexpected ''] != "") { ?>' (T_CONSTANT_ENCAPSED_STRING)
in APPPATH/Views/admin/produk/gambar.php on line 101.
 1 SYSTEMPATH/View/View.php(216): CodeIgniter\View\View->CodeIgniter\View\{closure}()
 2 SYSTEMPATH/Common.php(1142): CodeIgniter\View\View->render('admin/produk/gambar', [], true)
 3 APPPATH/Views/admin/layout/wrapper.php(13): view('admin/produk/gambar')
 4 SYSTEMPATH/View/View.php(213): include('APPPATH/Views/admin/layout/wrapper.php')
 5 SYSTEMPATH/View/View.php(216): CodeIgniter\View\View->CodeIgniter\View\{closure}()
 6 SYSTEMPATH/Common.php(1142): CodeIgniter\View\View->render('admin/layout/wrapper', [], true)
 7 APPPATH/Controllers/Admin/Produk.php(423): view('admin/layout/wrapper', [...])
 8 SYSTEMPATH/CodeIgniter.php(907): App\Controllers\Admin\Produk->gambar('2')
 9 SYSTEMPATH/CodeIgniter.php(457): CodeIgniter\CodeIgniter->runController(Object(App\Controllers\Admin\Produk))
10 SYSTEMPATH/CodeIgniter.php(340): CodeIgniter\CodeIgniter->handleRequest(null, Object(Config\Cache), false)
11 FCPATH/index.php(67): CodeIgniter\CodeIgniter->run()
12 ROOTPATH/index.php(6): require_once('FCPATH/index.php')
CRITICAL - 2022-09-12 17:16:14 --> Trying to get property 'nama_produk' of non-object
in APPPATH/Controllers/Admin/Produk.php on line 417.
 1 APPPATH/Controllers/Admin/Produk.php(417): CodeIgniter\Debug\Exceptions->errorHandler(8, 'Trying to get property \'nama_produk\' of non-object', 'APPPATH/Controllers/Admin/Produk.php', 417, [...])
 2 SYSTEMPATH/CodeIgniter.php(907): App\Controllers\Admin\Produk->gambar('ajax.php')
 3 SYSTEMPATH/CodeIgniter.php(457): CodeIgniter\CodeIgniter->runController(Object(App\Controllers\Admin\Produk))
 4 SYSTEMPATH/CodeIgniter.php(340): CodeIgniter\CodeIgniter->handleRequest(null, Object(Config\Cache), false)
 5 FCPATH/index.php(67): CodeIgniter\CodeIgniter->run()
 6 ROOTPATH/index.php(6): require_once('FCPATH/index.php')
CRITICAL - 2022-09-12 17:16:40 --> Trying to get property 'nama_produk' of non-object
in APPPATH/Controllers/Admin/Produk.php on line 417.
 1 APPPATH/Controllers/Admin/Produk.php(417): CodeIgniter\Debug\Exceptions->errorHandler(8, 'Trying to get property \'nama_produk\' of non-object', 'APPPATH/Controllers/Admin/Produk.php', 417, [...])
 2 SYSTEMPATH/CodeIgniter.php(907): App\Controllers\Admin\Produk->gambar('ajax.php')
 3 SYSTEMPATH/CodeIgniter.php(457): CodeIgniter\CodeIgniter->runController(Object(App\Controllers\Admin\Produk))
 4 SYSTEMPATH/CodeIgniter.php(340): CodeIgniter\CodeIgniter->handleRequest(null, Object(Config\Cache), false)
 5 FCPATH/index.php(67): CodeIgniter\CodeIgniter->run()
 6 ROOTPATH/index.php(6): require_once('FCPATH/index.php')
CRITICAL - 2022-09-12 17:23:03 --> Class 'App\Controllers\Admin\Desa_model' not found
in APPPATH/Controllers/Admin/Produk.php on line 219.
 1 SYSTEMPATH/CodeIgniter.php(907): App\Controllers\Admin\Produk->edit('2')
 2 SYSTEMPATH/CodeIgniter.php(457): CodeIgniter\CodeIgniter->runController(Object(App\Controllers\Admin\Produk))
 3 SYSTEMPATH/CodeIgniter.php(340): CodeIgniter\CodeIgniter->handleRequest(null, Object(Config\Cache), false)
 4 FCPATH/index.php(67): CodeIgniter\CodeIgniter->run()
 5 ROOTPATH/index.php(6): require_once('FCPATH/index.php')
CRITICAL - 2022-09-12 17:23:03 --> Class 'App\Controllers\Admin\Desa_model' not found
in APPPATH/Controllers/Admin/Produk.php on line 219.
 1 SYSTEMPATH/CodeIgniter.php(907): App\Controllers\Admin\Produk->edit('ajax.php')
 2 SYSTEMPATH/CodeIgniter.php(457): CodeIgniter\CodeIgniter->runController(Object(App\Controllers\Admin\Produk))
 3 SYSTEMPATH/CodeIgniter.php(340): CodeIgniter\CodeIgniter->handleRequest(null, Object(Config\Cache), false)
 4 FCPATH/index.php(67): CodeIgniter\CodeIgniter->run()
 5 ROOTPATH/index.php(6): require_once('FCPATH/index.php')
CRITICAL - 2022-09-12 17:24:06 --> syntax error, unexpected ''] == $produk->id_kategori_pro' (T_CONSTANT_ENCAPSED_STRING)
in APPPATH/Views/admin/produk/edit.php on line 26.
 1 SYSTEMPATH/View/View.php(216): CodeIgniter\View\View->CodeIgniter\View\{closure}()
 2 SYSTEMPATH/Common.php(1142): CodeIgniter\View\View->render('admin/produk/edit', [], true)
 3 APPPATH/Views/admin/layout/wrapper.php(13): view('admin/produk/edit')
 4 SYSTEMPATH/View/View.php(213): include('APPPATH/Views/admin/layout/wrapper.php')
 5 SYSTEMPATH/View/View.php(216): CodeIgniter\View\View->CodeIgniter\View\{closure}()
 6 SYSTEMPATH/Common.php(1142): CodeIgniter\View\View->render('admin/layout/wrapper', [], true)
 7 APPPATH/Controllers/Admin/Produk.php(297): view('admin/layout/wrapper', [...])
 8 SYSTEMPATH/CodeIgniter.php(907): App\Controllers\Admin\Produk->edit('2')
 9 SYSTEMPATH/CodeIgniter.php(457): CodeIgniter\CodeIgniter->runController(Object(App\Controllers\Admin\Produk))
10 SYSTEMPATH/CodeIgniter.php(340): CodeIgniter\CodeIgniter->handleRequest(null, Object(Config\Cache), false)
11 FCPATH/index.php(67): CodeIgniter\CodeIgniter->run()
12 ROOTPATH/index.php(6): require_once('FCPATH/index.php')
CRITICAL - 2022-09-12 17:24:06 --> Trying to get property 'nama_produk' of non-object
in APPPATH/Controllers/Admin/Produk.php on line 292.
 1 APPPATH/Controllers/Admin/Produk.php(292): CodeIgniter\Debug\Exceptions->errorHandler(8, 'Trying to get property \'nama_produk\' of non-object', 'APPPATH/Controllers/Admin/Produk.php', 292, [...])
 2 SYSTEMPATH/CodeIgniter.php(907): App\Controllers\Admin\Produk->edit('ajax.php')
 3 SYSTEMPATH/CodeIgniter.php(457): CodeIgniter\CodeIgniter->runController(Object(App\Controllers\Admin\Produk))
 4 SYSTEMPATH/CodeIgniter.php(340): CodeIgniter\CodeIgniter->handleRequest(null, Object(Config\Cache), false)
 5 FCPATH/index.php(67): CodeIgniter\CodeIgniter->run()
 6 ROOTPATH/index.php(6): require_once('FCPATH/index.php')
CRITICAL - 2022-09-12 17:24:26 --> syntax error, unexpected ''];' (T_CONSTANT_ENCAPSED_STRING)
in APPPATH/Views/admin/produk/edit.php on line 62.
 1 SYSTEMPATH/View/View.php(216): CodeIgniter\View\View->CodeIgniter\View\{closure}()
 2 SYSTEMPATH/Common.php(1142): CodeIgniter\View\View->render('admin/produk/edit', [], true)
 3 APPPATH/Views/admin/layout/wrapper.php(13): view('admin/produk/edit')
 4 SYSTEMPATH/View/View.php(213): include('APPPATH/Views/admin/layout/wrapper.php')
 5 SYSTEMPATH/View/View.php(216): CodeIgniter\View\View->CodeIgniter\View\{closure}()
 6 SYSTEMPATH/Common.php(1142): CodeIgniter\View\View->render('admin/layout/wrapper', [], true)
 7 APPPATH/Controllers/Admin/Produk.php(297): view('admin/layout/wrapper', [...])
 8 SYSTEMPATH/CodeIgniter.php(907): App\Controllers\Admin\Produk->edit('2')
 9 SYSTEMPATH/CodeIgniter.php(457): CodeIgniter\CodeIgniter->runController(Object(App\Controllers\Admin\Produk))
10 SYSTEMPATH/CodeIgniter.php(340): CodeIgniter\CodeIgniter->handleRequest(null, Object(Config\Cache), false)
11 FCPATH/index.php(67): CodeIgniter\CodeIgniter->run()
12 ROOTPATH/index.php(6): require_once('FCPATH/index.php')
CRITICAL - 2022-09-12 17:24:27 --> Trying to get property 'nama_produk' of non-object
in APPPATH/Controllers/Admin/Produk.php on line 292.
 1 APPPATH/Controllers/Admin/Produk.php(292): CodeIgniter\Debug\Exceptions->errorHandler(8, 'Trying to get property \'nama_produk\' of non-object', 'APPPATH/Controllers/Admin/Produk.php', 292, [...])
 2 SYSTEMPATH/CodeIgniter.php(907): App\Controllers\Admin\Produk->edit('ajax.php')
 3 SYSTEMPATH/CodeIgniter.php(457): CodeIgniter\CodeIgniter->runController(Object(App\Controllers\Admin\Produk))
 4 SYSTEMPATH/CodeIgniter.php(340): CodeIgniter\CodeIgniter->handleRequest(null, Object(Config\Cache), false)
 5 FCPATH/index.php(67): CodeIgniter\CodeIgniter->run()
 6 ROOTPATH/index.php(6): require_once('FCPATH/index.php')
CRITICAL - 2022-09-12 17:24:42 --> Undefined property: stdClass::$jenis_produk
in APPPATH/Views/admin/produk/edit.php on line 35.
 1 APPPATH/Views/admin/produk/edit.php(35): CodeIgniter\Debug\Exceptions->errorHandler(8, 'Undefined property: stdClass::$jenis_produk', 'APPPATH/Views/admin/produk/edit.php', 35, [...])
 2 SYSTEMPATH/View/View.php(213): include('APPPATH/Views/admin/produk/edit.php')
 3 SYSTEMPATH/View/View.php(216): CodeIgniter\View\View->CodeIgniter\View\{closure}()
 4 SYSTEMPATH/Common.php(1142): CodeIgniter\View\View->render('admin/produk/edit', [], true)
 5 APPPATH/Views/admin/layout/wrapper.php(13): view('admin/produk/edit')
 6 SYSTEMPATH/View/View.php(213): include('APPPATH/Views/admin/layout/wrapper.php')
 7 SYSTEMPATH/View/View.php(216): CodeIgniter\View\View->CodeIgniter\View\{closure}()
 8 SYSTEMPATH/Common.php(1142): CodeIgniter\View\View->render('admin/layout/wrapper', [], true)
 9 APPPATH/Controllers/Admin/Produk.php(297): view('admin/layout/wrapper', [...])
10 SYSTEMPATH/CodeIgniter.php(907): App\Controllers\Admin\Produk->edit('2')
11 SYSTEMPATH/CodeIgniter.php(457): CodeIgniter\CodeIgniter->runController(Object(App\Controllers\Admin\Produk))
12 SYSTEMPATH/CodeIgniter.php(340): CodeIgniter\CodeIgniter->handleRequest(null, Object(Config\Cache), false)
13 FCPATH/index.php(67): CodeIgniter\CodeIgniter->run()
14 ROOTPATH/index.php(6): require_once('FCPATH/index.php')
CRITICAL - 2022-09-12 17:24:42 --> Trying to get property 'nama_produk' of non-object
in APPPATH/Controllers/Admin/Produk.php on line 292.
 1 APPPATH/Controllers/Admin/Produk.php(292): CodeIgniter\Debug\Exceptions->errorHandler(8, 'Trying to get property \'nama_produk\' of non-object', 'APPPATH/Controllers/Admin/Produk.php', 292, [...])
 2 SYSTEMPATH/CodeIgniter.php(907): App\Controllers\Admin\Produk->edit('ajax.php')
 3 SYSTEMPATH/CodeIgniter.php(457): CodeIgniter\CodeIgniter->runController(Object(App\Controllers\Admin\Produk))
 4 SYSTEMPATH/CodeIgniter.php(340): CodeIgniter\CodeIgniter->handleRequest(null, Object(Config\Cache), false)
 5 FCPATH/index.php(67): CodeIgniter\CodeIgniter->run()
 6 ROOTPATH/index.php(6): require_once('FCPATH/index.php')
CRITICAL - 2022-09-12 17:26:21 --> Call to undefined function tanggal_id()
in APPPATH/Views/admin/produk/edit.php on line 112.
 1 SYSTEMPATH/View/View.php(213): include()
 2 SYSTEMPATH/View/View.php(216): CodeIgniter\View\View->CodeIgniter\View\{closure}()
 3 SYSTEMPATH/Common.php(1142): CodeIgniter\View\View->render('admin/produk/edit', [], true)
 4 APPPATH/Views/admin/layout/wrapper.php(13): view('admin/produk/edit')
 5 SYSTEMPATH/View/View.php(213): include('APPPATH/Views/admin/layout/wrapper.php')
 6 SYSTEMPATH/View/View.php(216): CodeIgniter\View\View->CodeIgniter\View\{closure}()
 7 SYSTEMPATH/Common.php(1142): CodeIgniter\View\View->render('admin/layout/wrapper', [], true)
 8 APPPATH/Controllers/Admin/Produk.php(297): view('admin/layout/wrapper', [...])
 9 SYSTEMPATH/CodeIgniter.php(907): App\Controllers\Admin\Produk->edit('2')
10 SYSTEMPATH/CodeIgniter.php(457): CodeIgniter\CodeIgniter->runController(Object(App\Controllers\Admin\Produk))
11 SYSTEMPATH/CodeIgniter.php(340): CodeIgniter\CodeIgniter->handleRequest(null, Object(Config\Cache), false)
12 FCPATH/index.php(67): CodeIgniter\CodeIgniter->run()
13 ROOTPATH/index.php(6): require_once('FCPATH/index.php')
CRITICAL - 2022-09-12 17:26:22 --> Trying to get property 'nama_produk' of non-object
in APPPATH/Controllers/Admin/Produk.php on line 292.
 1 APPPATH/Controllers/Admin/Produk.php(292): CodeIgniter\Debug\Exceptions->errorHandler(8, 'Trying to get property \'nama_produk\' of non-object', 'APPPATH/Controllers/Admin/Produk.php', 292, [...])
 2 SYSTEMPATH/CodeIgniter.php(907): App\Controllers\Admin\Produk->edit('ajax.php')
 3 SYSTEMPATH/CodeIgniter.php(457): CodeIgniter\CodeIgniter->runController(Object(App\Controllers\Admin\Produk))
 4 SYSTEMPATH/CodeIgniter.php(340): CodeIgniter\CodeIgniter->handleRequest(null, Object(Config\Cache), false)
 5 FCPATH/index.php(67): CodeIgniter\CodeIgniter->run()
 6 ROOTPATH/index.php(6): require_once('FCPATH/index.php')
CRITICAL - 2022-09-12 17:26:49 --> Trying to get property 'nama_produk' of non-object
in APPPATH/Controllers/Admin/Produk.php on line 292.
 1 APPPATH/Controllers/Admin/Produk.php(292): CodeIgniter\Debug\Exceptions->errorHandler(8, 'Trying to get property \'nama_produk\' of non-object', 'APPPATH/Controllers/Admin/Produk.php', 292, [...])
 2 SYSTEMPATH/CodeIgniter.php(907): App\Controllers\Admin\Produk->edit('ajax.php')
 3 SYSTEMPATH/CodeIgniter.php(457): CodeIgniter\CodeIgniter->runController(Object(App\Controllers\Admin\Produk))
 4 SYSTEMPATH/CodeIgniter.php(340): CodeIgniter\CodeIgniter->handleRequest(null, Object(Config\Cache), false)
 5 FCPATH/index.php(67): CodeIgniter\CodeIgniter->run()
 6 ROOTPATH/index.php(6): require_once('FCPATH/index.php')
CRITICAL - 2022-09-12 17:26:56 --> Call to undefined function App\Controllers\Admin\tanggal_input()
in APPPATH/Controllers/Admin/Produk.php on line 282.
 1 SYSTEMPATH/CodeIgniter.php(907): App\Controllers\Admin\Produk->edit('2')
 2 SYSTEMPATH/CodeIgniter.php(457): CodeIgniter\CodeIgniter->runController(Object(App\Controllers\Admin\Produk))
 3 SYSTEMPATH/CodeIgniter.php(340): CodeIgniter\CodeIgniter->handleRequest(null, Object(Config\Cache), false)
 4 FCPATH/index.php(67): CodeIgniter\CodeIgniter->run()
 5 ROOTPATH/index.php(6): require_once('FCPATH/index.php')
CRITICAL - 2022-09-12 17:26:57 --> Trying to get property 'nama_produk' of non-object
in APPPATH/Controllers/Admin/Produk.php on line 292.
 1 APPPATH/Controllers/Admin/Produk.php(292): CodeIgniter\Debug\Exceptions->errorHandler(8, 'Trying to get property \'nama_produk\' of non-object', 'APPPATH/Controllers/Admin/Produk.php', 292, [...])
 2 SYSTEMPATH/CodeIgniter.php(907): App\Controllers\Admin\Produk->edit('ajax.php')
 3 SYSTEMPATH/CodeIgniter.php(457): CodeIgniter\CodeIgniter->runController(Object(App\Controllers\Admin\Produk))
 4 SYSTEMPATH/CodeIgniter.php(340): CodeIgniter\CodeIgniter->handleRequest(null, Object(Config\Cache), false)
 5 FCPATH/index.php(67): CodeIgniter\CodeIgniter->run()
 6 ROOTPATH/index.php(6): require_once('FCPATH/index.php')
CRITICAL - 2022-09-12 17:30:16 --> Trying to get property 'nama_produk' of non-object
in APPPATH/Controllers/Admin/Produk.php on line 292.
 1 APPPATH/Controllers/Admin/Produk.php(292): CodeIgniter\Debug\Exceptions->errorHandler(8, 'Trying to get property \'nama_produk\' of non-object', 'APPPATH/Controllers/Admin/Produk.php', 292, [...])
 2 SYSTEMPATH/CodeIgniter.php(907): App\Controllers\Admin\Produk->edit('ajax.php')
 3 SYSTEMPATH/CodeIgniter.php(457): CodeIgniter\CodeIgniter->runController(Object(App\Controllers\Admin\Produk))
 4 SYSTEMPATH/CodeIgniter.php(340): CodeIgniter\CodeIgniter->handleRequest(null, Object(Config\Cache), false)
 5 FCPATH/index.php(67): CodeIgniter\CodeIgniter->run()
 6 ROOTPATH/index.php(6): require_once('FCPATH/index.php')
CRITICAL - 2022-09-12 17:43:07 --> Cannot use object of type stdClass as array
in APPPATH/Controllers/Admin/Produk.php on line 62.
 1 SYSTEMPATH/CodeIgniter.php(907): App\Controllers\Admin\Produk->kategori('1')
 2 SYSTEMPATH/CodeIgniter.php(457): CodeIgniter\CodeIgniter->runController(Object(App\Controllers\Admin\Produk))
 3 SYSTEMPATH/CodeIgniter.php(340): CodeIgniter\CodeIgniter->handleRequest(null, Object(Config\Cache), false)
 4 FCPATH/index.php(67): CodeIgniter\CodeIgniter->run()
 5 ROOTPATH/index.php(6): require_once('FCPATH/index.php')
CRITICAL - 2022-09-12 17:43:07 --> Trying to access array offset on value of type null
in APPPATH/Controllers/Admin/Produk.php on line 62.
 1 APPPATH/Controllers/Admin/Produk.php(62): CodeIgniter\Debug\Exceptions->errorHandler(8, 'Trying to access array offset on value of type null', 'APPPATH/Controllers/Admin/Produk.php', 62, [...])
 2 SYSTEMPATH/CodeIgniter.php(907): App\Controllers\Admin\Produk->kategori('ajax.php')
 3 SYSTEMPATH/CodeIgniter.php(457): CodeIgniter\CodeIgniter->runController(Object(App\Controllers\Admin\Produk))
 4 SYSTEMPATH/CodeIgniter.php(340): CodeIgniter\CodeIgniter->handleRequest(null, Object(Config\Cache), false)
 5 FCPATH/index.php(67): CodeIgniter\CodeIgniter->run()
 6 ROOTPATH/index.php(6): require_once('FCPATH/index.php')
CRITICAL - 2022-09-12 17:43:32 --> Trying to get property 'nama_kategori_produk' of non-object
in APPPATH/Controllers/Admin/Produk.php on line 62.
 1 APPPATH/Controllers/Admin/Produk.php(62): CodeIgniter\Debug\Exceptions->errorHandler(8, 'Trying to get property \'nama_kategori_produk\' of non-object', 'APPPATH/Controllers/Admin/Produk.php', 62, [...])
 2 SYSTEMPATH/CodeIgniter.php(907): App\Controllers\Admin\Produk->kategori('ajax.php')
 3 SYSTEMPATH/CodeIgniter.php(457): CodeIgniter\CodeIgniter->runController(Object(App\Controllers\Admin\Produk))
 4 SYSTEMPATH/CodeIgniter.php(340): CodeIgniter\CodeIgniter->handleRequest(null, Object(Config\Cache), false)
 5 FCPATH/index.php(67): CodeIgniter\CodeIgniter->run()
 6 ROOTPATH/index.php(6): require_once('FCPATH/index.php')
CRITICAL - 2022-09-12 17:43:41 --> Trying to get property 'nama_kategori_produk' of non-object
in APPPATH/Controllers/Admin/Produk.php on line 62.
 1 APPPATH/Controllers/Admin/Produk.php(62): CodeIgniter\Debug\Exceptions->errorHandler(8, 'Trying to get property \'nama_kategori_produk\' of non-object', 'APPPATH/Controllers/Admin/Produk.php', 62, [...])
 2 SYSTEMPATH/CodeIgniter.php(907): App\Controllers\Admin\Produk->kategori('ajax.php')
 3 SYSTEMPATH/CodeIgniter.php(457): CodeIgniter\CodeIgniter->runController(Object(App\Controllers\Admin\Produk))
 4 SYSTEMPATH/CodeIgniter.php(340): CodeIgniter\CodeIgniter->handleRequest(null, Object(Config\Cache), false)
 5 FCPATH/index.php(67): CodeIgniter\CodeIgniter->run()
 6 ROOTPATH/index.php(6): require_once('FCPATH/index.php')
CRITICAL - 2022-09-12 17:49:08 --> Trying to get property 'nama_kategori_produk' of non-object
in APPPATH/Controllers/Admin/Produk.php on line 62.
 1 APPPATH/Controllers/Admin/Produk.php(62): CodeIgniter\Debug\Exceptions->errorHandler(8, 'Trying to get property \'nama_kategori_produk\' of non-object', 'APPPATH/Controllers/Admin/Produk.php', 62, [...])
 2 SYSTEMPATH/CodeIgniter.php(907): App\Controllers\Admin\Produk->kategori('ajax.php')
 3 SYSTEMPATH/CodeIgniter.php(457): CodeIgniter\CodeIgniter->runController(Object(App\Controllers\Admin\Produk))
 4 SYSTEMPATH/CodeIgniter.php(340): CodeIgniter\CodeIgniter->handleRequest(null, Object(Config\Cache), false)
 5 FCPATH/index.php(67): CodeIgniter\CodeIgniter->run()
 6 ROOTPATH/index.php(6): require_once('FCPATH/index.php')
CRITICAL - 2022-09-12 17:56:53 --> sizeof(): Parameter must be an array or an object that implements Countable
in APPPATH/Controllers/Admin/Produk.php on line 540.
 1 [internal function]: CodeIgniter\Debug\Exceptions->errorHandler(2, 'sizeof(): Parameter must be an array or an object that implements Countable', 'APPPATH/Controllers/Admin/Produk.php', 540, [...])
 2 APPPATH/Controllers/Admin/Produk.php(540): sizeof(null)
 3 SYSTEMPATH/CodeIgniter.php(907): App\Controllers\Admin\Produk->proses()
 4 SYSTEMPATH/CodeIgniter.php(457): CodeIgniter\CodeIgniter->runController(Object(App\Controllers\Admin\Produk))
 5 SYSTEMPATH/CodeIgniter.php(340): CodeIgniter\CodeIgniter->handleRequest(null, Object(Config\Cache), false)
 6 FCPATH/index.php(67): CodeIgniter\CodeIgniter->run()
 7 ROOTPATH/index.php(6): require_once('FCPATH/index.php')
CRITICAL - 2022-09-12 18:21:05 --> Trying to get property 'nama_produk' of non-object
in APPPATH/Controllers/Admin/Produk.php on line 292.
 1 APPPATH/Controllers/Admin/Produk.php(292): CodeIgniter\Debug\Exceptions->errorHandler(8, 'Trying to get property \'nama_produk\' of non-object', 'APPPATH/Controllers/Admin/Produk.php', 292, [...])
 2 SYSTEMPATH/CodeIgniter.php(907): App\Controllers\Admin\Produk->edit('ajax.php')
 3 SYSTEMPATH/CodeIgniter.php(457): CodeIgniter\CodeIgniter->runController(Object(App\Controllers\Admin\Produk))
 4 SYSTEMPATH/CodeIgniter.php(340): CodeIgniter\CodeIgniter->handleRequest(null, Object(Config\Cache), false)
 5 FCPATH/index.php(67): CodeIgniter\CodeIgniter->run()
 6 ROOTPATH/index.php(6): require_once('FCPATH/index.php')
CRITICAL - 2022-09-12 18:21:39 --> Trying to get property 'nama_produk' of non-object
in APPPATH/Controllers/Admin/Produk.php on line 292.
 1 APPPATH/Controllers/Admin/Produk.php(292): CodeIgniter\Debug\Exceptions->errorHandler(8, 'Trying to get property \'nama_produk\' of non-object', 'APPPATH/Controllers/Admin/Produk.php', 292, [...])
 2 SYSTEMPATH/CodeIgniter.php(907): App\Controllers\Admin\Produk->edit('ajax.php')
 3 SYSTEMPATH/CodeIgniter.php(457): CodeIgniter\CodeIgniter->runController(Object(App\Controllers\Admin\Produk))
 4 SYSTEMPATH/CodeIgniter.php(340): CodeIgniter\CodeIgniter->handleRequest(null, Object(Config\Cache), false)
 5 FCPATH/index.php(67): CodeIgniter\CodeIgniter->run()
 6 ROOTPATH/index.php(6): require_once('FCPATH/index.php')
CRITICAL - 2022-09-12 18:21:52 --> Trying to get property 'nama_produk' of non-object
in APPPATH/Controllers/Admin/Produk.php on line 292.
 1 APPPATH/Controllers/Admin/Produk.php(292): CodeIgniter\Debug\Exceptions->errorHandler(8, 'Trying to get property \'nama_produk\' of non-object', 'APPPATH/Controllers/Admin/Produk.php', 292, [...])
 2 SYSTEMPATH/CodeIgniter.php(907): App\Controllers\Admin\Produk->edit('ajax.php')
 3 SYSTEMPATH/CodeIgniter.php(457): CodeIgniter\CodeIgniter->runController(Object(App\Controllers\Admin\Produk))
 4 SYSTEMPATH/CodeIgniter.php(340): CodeIgniter\CodeIgniter->handleRequest(null, Object(Config\Cache), false)
 5 FCPATH/index.php(67): CodeIgniter\CodeIgniter->run()
 6 ROOTPATH/index.php(6): require_once('FCPATH/index.php')
CRITICAL - 2022-09-12 18:22:01 --> Trying to get property 'nama_produk' of non-object
in APPPATH/Controllers/Admin/Produk.php on line 292.
 1 APPPATH/Controllers/Admin/Produk.php(292): CodeIgniter\Debug\Exceptions->errorHandler(8, 'Trying to get property \'nama_produk\' of non-object', 'APPPATH/Controllers/Admin/Produk.php', 292, [...])
 2 SYSTEMPATH/CodeIgniter.php(907): App\Controllers\Admin\Produk->edit('ajax.php')
 3 SYSTEMPATH/CodeIgniter.php(457): CodeIgniter\CodeIgniter->runController(Object(App\Controllers\Admin\Produk))
 4 SYSTEMPATH/CodeIgniter.php(340): CodeIgniter\CodeIgniter->handleRequest(null, Object(Config\Cache), false)
 5 FCPATH/index.php(67): CodeIgniter\CodeIgniter->run()
 6 ROOTPATH/index.php(6): require_once('FCPATH/index.php')
CRITICAL - 2022-09-12 18:23:04 --> Undefined property: stdClass::$status_berita
in APPPATH/Views/admin/produk/index.php on line 132.
 1 APPPATH/Views/admin/produk/index.php(132): CodeIgniter\Debug\Exceptions->errorHandler(8, 'Undefined property: stdClass::$status_berita', 'APPPATH/Views/admin/produk/index.php', 132, [...])
 2 SYSTEMPATH/View/View.php(213): include('APPPATH/Views/admin/produk/index.php')
 3 SYSTEMPATH/View/View.php(216): CodeIgniter\View\View->CodeIgniter\View\{closure}()
 4 SYSTEMPATH/Common.php(1142): CodeIgniter\View\View->render('admin/produk/index', [], true)
 5 APPPATH/Views/admin/layout/wrapper.php(13): view('admin/produk/index')
 6 SYSTEMPATH/View/View.php(213): include('APPPATH/Views/admin/layout/wrapper.php')
 7 SYSTEMPATH/View/View.php(216): CodeIgniter\View\View->CodeIgniter\View\{closure}()
 8 SYSTEMPATH/Common.php(1142): CodeIgniter\View\View->render('admin/layout/wrapper', [], true)
 9 APPPATH/Controllers/Admin/Produk.php(29): view('admin/layout/wrapper', [...])
10 SYSTEMPATH/CodeIgniter.php(907): App\Controllers\Admin\Produk->index()
11 SYSTEMPATH/CodeIgniter.php(457): CodeIgniter\CodeIgniter->runController(Object(App\Controllers\Admin\Produk))
12 SYSTEMPATH/CodeIgniter.php(340): CodeIgniter\CodeIgniter->handleRequest(null, Object(Config\Cache), false)
13 FCPATH/index.php(67): CodeIgniter\CodeIgniter->run()
14 ROOTPATH/index.php(6): require_once('FCPATH/index.php')
