ERROR - 2022-12-04 09:34:24 --> mysqli_sql_exception: Table 'tapaksuci_segu.sekolah' doesn't exist in /Applications/MAMP/htdocs/segu/system/Database/MySQLi/Connection.php:292
Stack trace:
#0 /Applications/MAMP/htdocs/segu/system/Database/MySQLi/Connection.php(292): mysqli->query('SELECT *\nFROM `...', 0)
#1 /Applications/MAMP/htdocs/segu/system/Database/BaseConnection.php(666): CodeIgniter\Database\MySQLi\Connection->execute('SELECT *\nFROM `...')
#2 /Applications/MAMP/htdocs/segu/system/Database/BaseConnection.php(593): CodeIgniter\Database\BaseConnection->simpleQuery('SELECT *\nFROM `...')
#3 /Applications/MAMP/htdocs/segu/system/Database/BaseBuilder.php(1585): CodeIgniter\Database\BaseConnection->query('SELECT *\nFROM `...', Array, false)
#4 /Applications/MAMP/htdocs/segu/app/Models/Sekolah_model.php(14): CodeIgniter\Database\BaseBuilder->get()
#5 /Applications/MAMP/htdocs/segu/app/Libraries/Website.php(36): App\Models\Sekolah_model->listing()
#6 /Applications/MAMP/htdocs/segu/app/Views/admin/dasbor/index.php(2): App\Libraries\Website->namasekolah()
#7 /Applications/MAMP/htdocs/segu/system/View/View.php(213): include('/Applications/M...')
#8 /Applications/MAMP/htdocs/segu/system/View/View.php(216): CodeIgniter\View\View->CodeIgniter\View\{closure}()
#9 /Applications/MAMP/htdocs/segu/system/Common.php(1134): CodeIgniter\View\View->render('admin/dasbor/in...', Array, true)
#10 /Applications/MAMP/htdocs/segu/app/Views/admin/layout/wrapper.php(13): view('admin/dasbor/in...')
#11 /Applications/MAMP/htdocs/segu/system/View/View.php(213): include('/Applications/M...')
#12 /Applications/MAMP/htdocs/segu/system/View/View.php(216): CodeIgniter\View\View->CodeIgniter\View\{closure}()
#13 /Applications/MAMP/htdocs/segu/system/Common.php(1134): CodeIgniter\View\View->render('admin/layout/wr...', Array, true)
#14 /Applications/MAMP/htdocs/segu/app/Controllers/Admin/Dasbor.php(14): view('admin/layout/wr...', Array)
#15 /Applications/MAMP/htdocs/segu/system/CodeIgniter.php(927): App\Controllers\Admin\Dasbor->index()
#16 /Applications/MAMP/htdocs/segu/system/CodeIgniter.php(482): CodeIgniter\CodeIgniter->runController(Object(App\Controllers\Admin\Dasbor))
#17 /Applications/MAMP/htdocs/segu/system/CodeIgniter.php(351): CodeIgniter\CodeIgniter->handleRequest(NULL, Object(Config\Cache), false)
#18 /Applications/MAMP/htdocs/segu/public/index.php(67): CodeIgniter\CodeIgniter->run()
#19 /Applications/MAMP/htdocs/segu/index.php(6): require_once('/Applications/M...')
#20 {main}
CRITICAL - 2022-12-04 09:34:24 --> Table 'tapaksuci_segu.sekolah' doesn't exist
in SYSTEMPATH/Database/MySQLi/Connection.php on line 292.
 1 SYSTEMPATH/Database/MySQLi/Connection.php(292): mysqli->query('SELECT *
FROM `sekolah`', 0)
 2 SYSTEMPATH/Database/BaseConnection.php(666): CodeIgniter\Database\MySQLi\Connection->execute('SELECT *
FROM `sekolah`')
 3 SYSTEMPATH/Database/BaseConnection.php(593): CodeIgniter\Database\BaseConnection->simpleQuery('SELECT *
FROM `sekolah`')
 4 SYSTEMPATH/Database/BaseBuilder.php(1585): CodeIgniter\Database\BaseConnection->query('SELECT *
FROM `sekolah`', [], false)
 5 APPPATH/Models/Sekolah_model.php(14): CodeIgniter\Database\BaseBuilder->get()
 6 APPPATH/Libraries/Website.php(36): App\Models\Sekolah_model->listing()
 7 APPPATH/Views/admin/dasbor/index.php(2): App\Libraries\Website->namasekolah()
 8 SYSTEMPATH/View/View.php(213): include('APPPATH/Views/admin/dasbor/index.php')
 9 SYSTEMPATH/View/View.php(216): CodeIgniter\View\View->CodeIgniter\View\{closure}()
10 SYSTEMPATH/Common.php(1134): CodeIgniter\View\View->render('admin/dasbor/index', [], true)
11 APPPATH/Views/admin/layout/wrapper.php(13): view('admin/dasbor/index')
12 SYSTEMPATH/View/View.php(213): include('APPPATH/Views/admin/layout/wrapper.php')
13 SYSTEMPATH/View/View.php(216): CodeIgniter\View\View->CodeIgniter\View\{closure}()
14 SYSTEMPATH/Common.php(1134): CodeIgniter\View\View->render('admin/layout/wrapper', [], true)
15 APPPATH/Controllers/Admin/Dasbor.php(14): view('admin/layout/wrapper', [...])
16 SYSTEMPATH/CodeIgniter.php(927): App\Controllers\Admin\Dasbor->index()
17 SYSTEMPATH/CodeIgniter.php(482): CodeIgniter\CodeIgniter->runController(Object(App\Controllers\Admin\Dasbor))
18 SYSTEMPATH/CodeIgniter.php(351): CodeIgniter\CodeIgniter->handleRequest(null, Object(Config\Cache), false)
19 FCPATH/index.php(67): CodeIgniter\CodeIgniter->run()
20 ROOTPATH/index.php(6): require_once('FCPATH/index.php')
CRITICAL - 2022-12-04 10:12:56 --> Call to undefined method App\Libraries\Website::website()
in APPPATH/Views/layout/footer.php on line 75.
 1 APPPATH/Views/layout/wrapper.php(12): include()
 2 SYSTEMPATH/View/View.php(213): include('APPPATH/Views/layout/wrapper.php')
 3 SYSTEMPATH/View/View.php(216): CodeIgniter\View\View->CodeIgniter\View\{closure}()
 4 SYSTEMPATH/Common.php(1134): CodeIgniter\View\View->render('layout/wrapper', [], true)
 5 APPPATH/Controllers/Home.php(19): view('layout/wrapper', [...])
 6 SYSTEMPATH/CodeIgniter.php(927): App\Controllers\Home->index()
 7 SYSTEMPATH/CodeIgniter.php(482): CodeIgniter\CodeIgniter->runController(Object(App\Controllers\Home))
 8 SYSTEMPATH/CodeIgniter.php(351): CodeIgniter\CodeIgniter->handleRequest(null, Object(Config\Cache), false)
 9 FCPATH/index.php(67): CodeIgniter\CodeIgniter->run()
10 ROOTPATH/index.php(6): require_once('FCPATH/index.php')
CRITICAL - 2022-12-04 10:13:29 --> Call to undefined method App\Libraries\Website::website()
in APPPATH/Views/layout/footer.php on line 75.
 1 APPPATH/Views/layout/wrapper.php(12): include()
 2 SYSTEMPATH/View/View.php(213): include('APPPATH/Views/layout/wrapper.php')
 3 SYSTEMPATH/View/View.php(216): CodeIgniter\View\View->CodeIgniter\View\{closure}()
 4 SYSTEMPATH/Common.php(1134): CodeIgniter\View\View->render('layout/wrapper', [], true)
 5 APPPATH/Controllers/Home.php(19): view('layout/wrapper', [...])
 6 SYSTEMPATH/CodeIgniter.php(927): App\Controllers\Home->index()
 7 SYSTEMPATH/CodeIgniter.php(482): CodeIgniter\CodeIgniter->runController(Object(App\Controllers\Home))
 8 SYSTEMPATH/CodeIgniter.php(351): CodeIgniter\CodeIgniter->handleRequest(null, Object(Config\Cache), false)
 9 FCPATH/index.php(67): CodeIgniter\CodeIgniter->run()
10 ROOTPATH/index.php(6): require_once('FCPATH/index.php')
CRITICAL - 2022-12-04 10:15:44 --> Call to undefined method App\Libraries\Website::website()
in APPPATH/Views/layout/footer.php on line 79.
 1 APPPATH/Views/layout/wrapper.php(12): include()
 2 SYSTEMPATH/View/View.php(213): include('APPPATH/Views/layout/wrapper.php')
 3 SYSTEMPATH/View/View.php(216): CodeIgniter\View\View->CodeIgniter\View\{closure}()
 4 SYSTEMPATH/Common.php(1134): CodeIgniter\View\View->render('layout/wrapper', [], true)
 5 APPPATH/Controllers/Home.php(19): view('layout/wrapper', [...])
 6 SYSTEMPATH/CodeIgniter.php(927): App\Controllers\Home->index()
 7 SYSTEMPATH/CodeIgniter.php(482): CodeIgniter\CodeIgniter->runController(Object(App\Controllers\Home))
 8 SYSTEMPATH/CodeIgniter.php(351): CodeIgniter\CodeIgniter->handleRequest(null, Object(Config\Cache), false)
 9 FCPATH/index.php(67): CodeIgniter\CodeIgniter->run()
10 ROOTPATH/index.php(6): require_once('FCPATH/index.php')
CRITICAL - 2022-12-04 16:20:37 --> Trying to get property 'judul_berita' of non-object
in APPPATH/Controllers/Admin/Berita.php on line 282.
 1 APPPATH/Controllers/Admin/Berita.php(282): CodeIgniter\Debug\Exceptions->errorHandler(8, 'Trying to get property \'judul_berita\' of non-object', 'APPPATH/Controllers/Admin/Berita.php', 282, [...])
 2 SYSTEMPATH/CodeIgniter.php(927): App\Controllers\Admin\Berita->edit('ajax.php')
 3 SYSTEMPATH/CodeIgniter.php(482): CodeIgniter\CodeIgniter->runController(Object(App\Controllers\Admin\Berita))
 4 SYSTEMPATH/CodeIgniter.php(351): CodeIgniter\CodeIgniter->handleRequest(null, Object(Config\Cache), false)
 5 FCPATH/index.php(67): CodeIgniter\CodeIgniter->run()
 6 ROOTPATH/index.php(6): require_once('FCPATH/index.php')
CRITICAL - 2022-12-04 16:21:19 --> Undefined property: stdClass::$file_ext
in APPPATH/Views/admin/download/index.php on line 91.
 1 APPPATH/Views/admin/download/index.php(91): CodeIgniter\Debug\Exceptions->errorHandler(8, 'Undefined property: stdClass::$file_ext', 'APPPATH/Views/admin/download/index.php', 91, [...])
 2 SYSTEMPATH/View/View.php(213): include('APPPATH/Views/admin/download/index.php')
 3 SYSTEMPATH/View/View.php(216): CodeIgniter\View\View->CodeIgniter\View\{closure}()
 4 SYSTEMPATH/Common.php(1134): CodeIgniter\View\View->render('admin/download/index', [], true)
 5 APPPATH/Views/admin/layout/wrapper.php(13): view('admin/download/index')
 6 SYSTEMPATH/View/View.php(213): include('APPPATH/Views/admin/layout/wrapper.php')
 7 SYSTEMPATH/View/View.php(216): CodeIgniter\View\View->CodeIgniter\View\{closure}()
 8 SYSTEMPATH/Common.php(1134): CodeIgniter\View\View->render('admin/layout/wrapper', [], true)
 9 APPPATH/Controllers/Admin/Download.php(50): view('admin/layout/wrapper', [...])
10 SYSTEMPATH/CodeIgniter.php(927): App\Controllers\Admin\Download->index()
11 SYSTEMPATH/CodeIgniter.php(482): CodeIgniter\CodeIgniter->runController(Object(App\Controllers\Admin\Download))
12 SYSTEMPATH/CodeIgniter.php(351): CodeIgniter\CodeIgniter->handleRequest(null, Object(Config\Cache), false)
13 FCPATH/index.php(67): CodeIgniter\CodeIgniter->run()
14 ROOTPATH/index.php(6): require_once('FCPATH/index.php')
ERROR - 2022-12-04 16:23:24 --> mysqli_sql_exception: Table 'tapaksuci_segu.kategori_cabang' doesn't exist in /Applications/MAMP/htdocs/segu/system/Database/MySQLi/Connection.php:292
Stack trace:
#0 /Applications/MAMP/htdocs/segu/system/Database/MySQLi/Connection.php(292): mysqli->query('SELECT *\nFROM `...', 0)
#1 /Applications/MAMP/htdocs/segu/system/Database/BaseConnection.php(666): CodeIgniter\Database\MySQLi\Connection->execute('SELECT *\nFROM `...')
#2 /Applications/MAMP/htdocs/segu/system/Database/BaseConnection.php(593): CodeIgniter\Database\BaseConnection->simpleQuery('SELECT *\nFROM `...')
#3 /Applications/MAMP/htdocs/segu/system/Database/BaseBuilder.php(1585): CodeIgniter\Database\BaseConnection->query('SELECT *\nFROM `...', Array, false)
#4 /Applications/MAMP/htdocs/segu/app/Models/Kategori_cabang_model.php(25): CodeIgniter\Database\BaseBuilder->get()
#5 /Applications/MAMP/htdocs/segu/app/Controllers/Admin/Cabang.php(18): App\Models\Kategori_cabang_model->listing()
#6 /Applications/MAMP/htdocs/segu/system/CodeIgniter.php(927): App\Controllers\Admin\Cabang->index()
#7 /Applications/MAMP/htdocs/segu/system/CodeIgniter.php(482): CodeIgniter\CodeIgniter->runController(Object(App\Controllers\Admin\Cabang))
#8 /Applications/MAMP/htdocs/segu/system/CodeIgniter.php(351): CodeIgniter\CodeIgniter->handleRequest(NULL, Object(Config\Cache), false)
#9 /Applications/MAMP/htdocs/segu/public/index.php(67): CodeIgniter\CodeIgniter->run()
#10 /Applications/MAMP/htdocs/segu/index.php(6): require_once('/Applications/M...')
#11 {main}
CRITICAL - 2022-12-04 16:23:24 --> Table 'tapaksuci_segu.kategori_cabang' doesn't exist
in SYSTEMPATH/Database/MySQLi/Connection.php on line 292.
 1 SYSTEMPATH/Database/MySQLi/Connection.php(292): mysqli->query('SELECT *
FROM `kategori_cabang`
ORDER BY `kategori_cabang`.`id_kategori_cabang` DESC', 0)
 2 SYSTEMPATH/Database/BaseConnection.php(666): CodeIgniter\Database\MySQLi\Connection->execute('SELECT *
FROM `kategori_cabang`
ORDER BY `kategori_cabang`.`id_kategori_cabang` DESC')
 3 SYSTEMPATH/Database/BaseConnection.php(593): CodeIgniter\Database\BaseConnection->simpleQuery('SELECT *
FROM `kategori_cabang`
ORDER BY `kategori_cabang`.`id_kategori_cabang` DESC')
 4 SYSTEMPATH/Database/BaseBuilder.php(1585): CodeIgniter\Database\BaseConnection->query('SELECT *
FROM `kategori_cabang`
ORDER BY `kategori_cabang`.`id_kategori_cabang` DESC', [], false)
 5 APPPATH/Models/Kategori_cabang_model.php(25): CodeIgniter\Database\BaseBuilder->get()
 6 APPPATH/Controllers/Admin/Cabang.php(18): App\Models\Kategori_cabang_model->listing()
 7 SYSTEMPATH/CodeIgniter.php(927): App\Controllers\Admin\Cabang->index()
 8 SYSTEMPATH/CodeIgniter.php(482): CodeIgniter\CodeIgniter->runController(Object(App\Controllers\Admin\Cabang))
 9 SYSTEMPATH/CodeIgniter.php(351): CodeIgniter\CodeIgniter->handleRequest(null, Object(Config\Cache), false)
10 FCPATH/index.php(67): CodeIgniter\CodeIgniter->run()
11 ROOTPATH/index.php(6): require_once('FCPATH/index.php')
CRITICAL - 2022-12-04 17:44:59 --> Call to undefined function App\Controllers\Admin\checklogin()
in APPPATH/Controllers/Admin/Agenda.php on line 18.
 1 SYSTEMPATH/CodeIgniter.php(927): App\Controllers\Admin\Agenda->index()
 2 SYSTEMPATH/CodeIgniter.php(482): CodeIgniter\CodeIgniter->runController(Object(App\Controllers\Admin\Agenda))
 3 SYSTEMPATH/CodeIgniter.php(351): CodeIgniter\CodeIgniter->handleRequest(null, Object(Config\Cache), false)
 4 FCPATH/index.php(67): CodeIgniter\CodeIgniter->run()
 5 ROOTPATH/index.php(6): require_once('FCPATH/index.php')
CRITICAL - 2022-12-04 17:45:37 --> Call to undefined function App\Controllers\Admin\checklogin()
in APPPATH/Controllers/Admin/Agenda.php on line 18.
 1 SYSTEMPATH/CodeIgniter.php(927): App\Controllers\Admin\Agenda->index()
 2 SYSTEMPATH/CodeIgniter.php(482): CodeIgniter\CodeIgniter->runController(Object(App\Controllers\Admin\Agenda))
 3 SYSTEMPATH/CodeIgniter.php(351): CodeIgniter\CodeIgniter->handleRequest(null, Object(Config\Cache), false)
 4 FCPATH/index.php(67): CodeIgniter\CodeIgniter->run()
 5 ROOTPATH/index.php(6): require_once('FCPATH/index.php')
CRITICAL - 2022-12-04 17:45:55 --> Call to undefined function App\Controllers\Admin\checklogin()
in APPPATH/Controllers/Admin/Agenda.php on line 127.
 1 SYSTEMPATH/CodeIgniter.php(927): App\Controllers\Admin\Agenda->tambah()
 2 SYSTEMPATH/CodeIgniter.php(482): CodeIgniter\CodeIgniter->runController(Object(App\Controllers\Admin\Agenda))
 3 SYSTEMPATH/CodeIgniter.php(351): CodeIgniter\CodeIgniter->handleRequest(null, Object(Config\Cache), false)
 4 FCPATH/index.php(67): CodeIgniter\CodeIgniter->run()
 5 ROOTPATH/index.php(6): require_once('FCPATH/index.php')
CRITICAL - 2022-12-04 18:35:11 --> Class 'App\Models\Lokasi_agenda_model' not found
in APPPATH/Views/admin/agenda/index.php on line 91.
 1 SYSTEMPATH/View/View.php(213): include()
 2 SYSTEMPATH/View/View.php(216): CodeIgniter\View\View->CodeIgniter\View\{closure}()
 3 SYSTEMPATH/Common.php(1134): CodeIgniter\View\View->render('admin/agenda/index', [], true)
 4 APPPATH/Views/admin/layout/wrapper.php(13): view('admin/agenda/index')
 5 SYSTEMPATH/View/View.php(213): include('APPPATH/Views/admin/layout/wrapper.php')
 6 SYSTEMPATH/View/View.php(216): CodeIgniter\View\View->CodeIgniter\View\{closure}()
 7 SYSTEMPATH/Common.php(1134): CodeIgniter\View\View->render('admin/layout/wrapper', [], true)
 8 APPPATH/Controllers/Admin/Agenda.php(30): view('admin/layout/wrapper', [...])
 9 SYSTEMPATH/CodeIgniter.php(927): App\Controllers\Admin\Agenda->index()
10 SYSTEMPATH/CodeIgniter.php(482): CodeIgniter\CodeIgniter->runController(Object(App\Controllers\Admin\Agenda))
11 SYSTEMPATH/CodeIgniter.php(351): CodeIgniter\CodeIgniter->handleRequest(null, Object(Config\Cache), false)
12 FCPATH/index.php(67): CodeIgniter\CodeIgniter->run()
13 ROOTPATH/index.php(6): require_once('FCPATH/index.php')
CRITICAL - 2022-12-04 18:35:33 --> Class 'App\Models\Lokasi_agenda_model' not found
in APPPATH/Views/admin/agenda/index.php on line 91.
 1 SYSTEMPATH/View/View.php(213): include()
 2 SYSTEMPATH/View/View.php(216): CodeIgniter\View\View->CodeIgniter\View\{closure}()
 3 SYSTEMPATH/Common.php(1134): CodeIgniter\View\View->render('admin/agenda/index', [], true)
 4 APPPATH/Views/admin/layout/wrapper.php(13): view('admin/agenda/index')
 5 SYSTEMPATH/View/View.php(213): include('APPPATH/Views/admin/layout/wrapper.php')
 6 SYSTEMPATH/View/View.php(216): CodeIgniter\View\View->CodeIgniter\View\{closure}()
 7 SYSTEMPATH/Common.php(1134): CodeIgniter\View\View->render('admin/layout/wrapper', [], true)
 8 APPPATH/Controllers/Admin/Agenda.php(29): view('admin/layout/wrapper', [...])
 9 SYSTEMPATH/CodeIgniter.php(927): App\Controllers\Admin\Agenda->index()
10 SYSTEMPATH/CodeIgniter.php(482): CodeIgniter\CodeIgniter->runController(Object(App\Controllers\Admin\Agenda))
11 SYSTEMPATH/CodeIgniter.php(351): CodeIgniter\CodeIgniter->handleRequest(null, Object(Config\Cache), false)
12 FCPATH/index.php(67): CodeIgniter\CodeIgniter->run()
13 ROOTPATH/index.php(6): require_once('FCPATH/index.php')
CRITICAL - 2022-12-04 18:36:04 --> Call to undefined function tanggal_id()
in APPPATH/Views/admin/agenda/index.php on line 119.
 1 SYSTEMPATH/View/View.php(213): include()
 2 SYSTEMPATH/View/View.php(216): CodeIgniter\View\View->CodeIgniter\View\{closure}()
 3 SYSTEMPATH/Common.php(1134): CodeIgniter\View\View->render('admin/agenda/index', [], true)
 4 APPPATH/Views/admin/layout/wrapper.php(13): view('admin/agenda/index')
 5 SYSTEMPATH/View/View.php(213): include('APPPATH/Views/admin/layout/wrapper.php')
 6 SYSTEMPATH/View/View.php(216): CodeIgniter\View\View->CodeIgniter\View\{closure}()
 7 SYSTEMPATH/Common.php(1134): CodeIgniter\View\View->render('admin/layout/wrapper', [], true)
 8 APPPATH/Controllers/Admin/Agenda.php(29): view('admin/layout/wrapper', [...])
 9 SYSTEMPATH/CodeIgniter.php(927): App\Controllers\Admin\Agenda->index()
10 SYSTEMPATH/CodeIgniter.php(482): CodeIgniter\CodeIgniter->runController(Object(App\Controllers\Admin\Agenda))
11 SYSTEMPATH/CodeIgniter.php(351): CodeIgniter\CodeIgniter->handleRequest(null, Object(Config\Cache), false)
12 FCPATH/index.php(67): CodeIgniter\CodeIgniter->run()
13 ROOTPATH/index.php(6): require_once('FCPATH/index.php')
CRITICAL - 2022-12-04 18:36:31 --> syntax error, unexpected '?>', expecting ')'
in APPPATH/Views/admin/agenda/index.php on line 119.
 1 SYSTEMPATH/View/View.php(216): CodeIgniter\View\View->CodeIgniter\View\{closure}()
 2 SYSTEMPATH/Common.php(1134): CodeIgniter\View\View->render('admin/agenda/index', [], true)
 3 APPPATH/Views/admin/layout/wrapper.php(13): view('admin/agenda/index')
 4 SYSTEMPATH/View/View.php(213): include('APPPATH/Views/admin/layout/wrapper.php')
 5 SYSTEMPATH/View/View.php(216): CodeIgniter\View\View->CodeIgniter\View\{closure}()
 6 SYSTEMPATH/Common.php(1134): CodeIgniter\View\View->render('admin/layout/wrapper', [], true)
 7 APPPATH/Controllers/Admin/Agenda.php(29): view('admin/layout/wrapper', [...])
 8 SYSTEMPATH/CodeIgniter.php(927): App\Controllers\Admin\Agenda->index()
 9 SYSTEMPATH/CodeIgniter.php(482): CodeIgniter\CodeIgniter->runController(Object(App\Controllers\Admin\Agenda))
10 SYSTEMPATH/CodeIgniter.php(351): CodeIgniter\CodeIgniter->handleRequest(null, Object(Config\Cache), false)
11 FCPATH/index.php(67): CodeIgniter\CodeIgniter->run()
12 ROOTPATH/index.php(6): require_once('FCPATH/index.php')
CRITICAL - 2022-12-04 18:36:47 --> Undefined variable: lokasi
in APPPATH/Views/admin/agenda/index.php on line 142.
 1 APPPATH/Views/admin/agenda/index.php(142): CodeIgniter\Debug\Exceptions->errorHandler(8, 'Undefined variable: lokasi', 'APPPATH/Views/admin/agenda/index.php', 142, [...])
 2 SYSTEMPATH/View/View.php(213): include('APPPATH/Views/admin/agenda/index.php')
 3 SYSTEMPATH/View/View.php(216): CodeIgniter\View\View->CodeIgniter\View\{closure}()
 4 SYSTEMPATH/Common.php(1134): CodeIgniter\View\View->render('admin/agenda/index', [], true)
 5 APPPATH/Views/admin/layout/wrapper.php(13): view('admin/agenda/index')
 6 SYSTEMPATH/View/View.php(213): include('APPPATH/Views/admin/layout/wrapper.php')
 7 SYSTEMPATH/View/View.php(216): CodeIgniter\View\View->CodeIgniter\View\{closure}()
 8 SYSTEMPATH/Common.php(1134): CodeIgniter\View\View->render('admin/layout/wrapper', [], true)
 9 APPPATH/Controllers/Admin/Agenda.php(29): view('admin/layout/wrapper', [...])
10 SYSTEMPATH/CodeIgniter.php(927): App\Controllers\Admin\Agenda->index()
11 SYSTEMPATH/CodeIgniter.php(482): CodeIgniter\CodeIgniter->runController(Object(App\Controllers\Admin\Agenda))
12 SYSTEMPATH/CodeIgniter.php(351): CodeIgniter\CodeIgniter->handleRequest(null, Object(Config\Cache), false)
13 FCPATH/index.php(67): CodeIgniter\CodeIgniter->run()
14 ROOTPATH/index.php(6): require_once('FCPATH/index.php')
CRITICAL - 2022-12-04 18:40:15 --> Class 'App\Models\Gambar_agenda_model' not found
in APPPATH/Controllers/Admin/Agenda.php on line 310.
 1 SYSTEMPATH/CodeIgniter.php(927): App\Controllers\Admin\Agenda->gambar('1')
 2 SYSTEMPATH/CodeIgniter.php(482): CodeIgniter\CodeIgniter->runController(Object(App\Controllers\Admin\Agenda))
 3 SYSTEMPATH/CodeIgniter.php(351): CodeIgniter\CodeIgniter->handleRequest(null, Object(Config\Cache), false)
 4 FCPATH/index.php(67): CodeIgniter\CodeIgniter->run()
 5 ROOTPATH/index.php(6): require_once('FCPATH/index.php')
CRITICAL - 2022-12-04 18:40:15 --> Class 'App\Models\Gambar_agenda_model' not found
in APPPATH/Controllers/Admin/Agenda.php on line 310.
 1 SYSTEMPATH/CodeIgniter.php(927): App\Controllers\Admin\Agenda->gambar('ajax.php')
 2 SYSTEMPATH/CodeIgniter.php(482): CodeIgniter\CodeIgniter->runController(Object(App\Controllers\Admin\Agenda))
 3 SYSTEMPATH/CodeIgniter.php(351): CodeIgniter\CodeIgniter->handleRequest(null, Object(Config\Cache), false)
 4 FCPATH/index.php(67): CodeIgniter\CodeIgniter->run()
 5 ROOTPATH/index.php(6): require_once('FCPATH/index.php')
CRITICAL - 2022-12-04 18:41:01 --> Trying to access array offset on value of type null
in APPPATH/Controllers/Admin/Agenda.php on line 390.
 1 APPPATH/Controllers/Admin/Agenda.php(390): CodeIgniter\Debug\Exceptions->errorHandler(8, 'Trying to access array offset on value of type null', 'APPPATH/Controllers/Admin/Agenda.php', 390, [...])
 2 SYSTEMPATH/CodeIgniter.php(927): App\Controllers\Admin\Agenda->gambar('ajax.php')
 3 SYSTEMPATH/CodeIgniter.php(482): CodeIgniter\CodeIgniter->runController(Object(App\Controllers\Admin\Agenda))
 4 SYSTEMPATH/CodeIgniter.php(351): CodeIgniter\CodeIgniter->handleRequest(null, Object(Config\Cache), false)
 5 FCPATH/index.php(67): CodeIgniter\CodeIgniter->run()
 6 ROOTPATH/index.php(6): require_once('FCPATH/index.php')
CRITICAL - 2022-12-04 18:41:11 --> Call to undefined function tanggal_id()
in APPPATH/Views/admin/agenda/edit.php on line 74.
 1 SYSTEMPATH/View/View.php(213): include()
 2 SYSTEMPATH/View/View.php(216): CodeIgniter\View\View->CodeIgniter\View\{closure}()
 3 SYSTEMPATH/Common.php(1134): CodeIgniter\View\View->render('admin/agenda/edit', [], true)
 4 APPPATH/Views/admin/layout/wrapper.php(13): view('admin/agenda/edit')
 5 SYSTEMPATH/View/View.php(213): include('APPPATH/Views/admin/layout/wrapper.php')
 6 SYSTEMPATH/View/View.php(216): CodeIgniter\View\View->CodeIgniter\View\{closure}()
 7 SYSTEMPATH/Common.php(1134): CodeIgniter\View\View->render('admin/layout/wrapper', [], true)
 8 APPPATH/Controllers/Admin/Agenda.php(301): view('admin/layout/wrapper', [...])
 9 SYSTEMPATH/CodeIgniter.php(927): App\Controllers\Admin\Agenda->edit('1')
10 SYSTEMPATH/CodeIgniter.php(482): CodeIgniter\CodeIgniter->runController(Object(App\Controllers\Admin\Agenda))
11 SYSTEMPATH/CodeIgniter.php(351): CodeIgniter\CodeIgniter->handleRequest(null, Object(Config\Cache), false)
12 FCPATH/index.php(67): CodeIgniter\CodeIgniter->run()
13 ROOTPATH/index.php(6): require_once('FCPATH/index.php')
CRITICAL - 2022-12-04 18:41:12 --> Trying to access array offset on value of type null
in APPPATH/Controllers/Admin/Agenda.php on line 296.
 1 APPPATH/Controllers/Admin/Agenda.php(296): CodeIgniter\Debug\Exceptions->errorHandler(8, 'Trying to access array offset on value of type null', 'APPPATH/Controllers/Admin/Agenda.php', 296, [...])
 2 SYSTEMPATH/CodeIgniter.php(927): App\Controllers\Admin\Agenda->edit('ajax.php')
 3 SYSTEMPATH/CodeIgniter.php(482): CodeIgniter\CodeIgniter->runController(Object(App\Controllers\Admin\Agenda))
 4 SYSTEMPATH/CodeIgniter.php(351): CodeIgniter\CodeIgniter->handleRequest(null, Object(Config\Cache), false)
 5 FCPATH/index.php(67): CodeIgniter\CodeIgniter->run()
 6 ROOTPATH/index.php(6): require_once('FCPATH/index.php')
CRITICAL - 2022-12-04 18:41:23 --> Trying to access array offset on value of type null
in APPPATH/Controllers/Admin/Agenda.php on line 296.
 1 APPPATH/Controllers/Admin/Agenda.php(296): CodeIgniter\Debug\Exceptions->errorHandler(8, 'Trying to access array offset on value of type null', 'APPPATH/Controllers/Admin/Agenda.php', 296, [...])
 2 SYSTEMPATH/CodeIgniter.php(927): App\Controllers\Admin\Agenda->edit('ajax.php')
 3 SYSTEMPATH/CodeIgniter.php(482): CodeIgniter\CodeIgniter->runController(Object(App\Controllers\Admin\Agenda))
 4 SYSTEMPATH/CodeIgniter.php(351): CodeIgniter\CodeIgniter->handleRequest(null, Object(Config\Cache), false)
 5 FCPATH/index.php(67): CodeIgniter\CodeIgniter->run()
 6 ROOTPATH/index.php(6): require_once('FCPATH/index.php')
CRITICAL - 2022-12-04 18:41:41 --> Trying to access array offset on value of type null
in APPPATH/Controllers/Admin/Agenda.php on line 296.
 1 APPPATH/Controllers/Admin/Agenda.php(296): CodeIgniter\Debug\Exceptions->errorHandler(8, 'Trying to access array offset on value of type null', 'APPPATH/Controllers/Admin/Agenda.php', 296, [...])
 2 SYSTEMPATH/CodeIgniter.php(927): App\Controllers\Admin\Agenda->edit('ajax.php')
 3 SYSTEMPATH/CodeIgniter.php(482): CodeIgniter\CodeIgniter->runController(Object(App\Controllers\Admin\Agenda))
 4 SYSTEMPATH/CodeIgniter.php(351): CodeIgniter\CodeIgniter->handleRequest(null, Object(Config\Cache), false)
 5 FCPATH/index.php(67): CodeIgniter\CodeIgniter->run()
 6 ROOTPATH/index.php(6): require_once('FCPATH/index.php')
CRITICAL - 2022-12-04 18:42:42 --> Trying to access array offset on value of type null
in APPPATH/Controllers/Admin/Agenda.php on line 296.
 1 APPPATH/Controllers/Admin/Agenda.php(296): CodeIgniter\Debug\Exceptions->errorHandler(8, 'Trying to access array offset on value of type null', 'APPPATH/Controllers/Admin/Agenda.php', 296, [...])
 2 SYSTEMPATH/CodeIgniter.php(927): App\Controllers\Admin\Agenda->edit('ajax.php')
 3 SYSTEMPATH/CodeIgniter.php(482): CodeIgniter\CodeIgniter->runController(Object(App\Controllers\Admin\Agenda))
 4 SYSTEMPATH/CodeIgniter.php(351): CodeIgniter\CodeIgniter->handleRequest(null, Object(Config\Cache), false)
 5 FCPATH/index.php(67): CodeIgniter\CodeIgniter->run()
 6 ROOTPATH/index.php(6): require_once('FCPATH/index.php')
CRITICAL - 2022-12-04 18:43:12 --> Trying to access array offset on value of type null
in APPPATH/Controllers/Admin/Agenda.php on line 296.
 1 APPPATH/Controllers/Admin/Agenda.php(296): CodeIgniter\Debug\Exceptions->errorHandler(8, 'Trying to access array offset on value of type null', 'APPPATH/Controllers/Admin/Agenda.php', 296, [...])
 2 SYSTEMPATH/CodeIgniter.php(927): App\Controllers\Admin\Agenda->edit('ajax.php')
 3 SYSTEMPATH/CodeIgniter.php(482): CodeIgniter\CodeIgniter->runController(Object(App\Controllers\Admin\Agenda))
 4 SYSTEMPATH/CodeIgniter.php(351): CodeIgniter\CodeIgniter->handleRequest(null, Object(Config\Cache), false)
 5 FCPATH/index.php(67): CodeIgniter\CodeIgniter->run()
 6 ROOTPATH/index.php(6): require_once('FCPATH/index.php')
CRITICAL - 2022-12-04 18:43:26 --> Trying to access array offset on value of type null
in APPPATH/Controllers/Admin/Agenda.php on line 296.
 1 APPPATH/Controllers/Admin/Agenda.php(296): CodeIgniter\Debug\Exceptions->errorHandler(8, 'Trying to access array offset on value of type null', 'APPPATH/Controllers/Admin/Agenda.php', 296, [...])
 2 SYSTEMPATH/CodeIgniter.php(927): App\Controllers\Admin\Agenda->edit('ajax.php')
 3 SYSTEMPATH/CodeIgniter.php(482): CodeIgniter\CodeIgniter->runController(Object(App\Controllers\Admin\Agenda))
 4 SYSTEMPATH/CodeIgniter.php(351): CodeIgniter\CodeIgniter->handleRequest(null, Object(Config\Cache), false)
 5 FCPATH/index.php(67): CodeIgniter\CodeIgniter->run()
 6 ROOTPATH/index.php(6): require_once('FCPATH/index.php')
