CRITICAL - 2022-12-18 15:45:39 --> Class 'App\Models\Client_model' not found
in APPPATH/Controllers/Signin.php on line 25.
 1 SYSTEMPATH/CodeIgniter.php(927): App\Controllers\Signin->index()
 2 SYSTEMPATH/CodeIgniter.php(482): CodeIgniter\CodeIgniter->runController(Object(App\Controllers\Signin))
 3 SYSTEMPATH/CodeIgniter.php(351): CodeIgniter\CodeIgniter->handleRequest(null, Object(Config\Cache), false)
 4 FCPATH/index.php(67): CodeIgniter\CodeIgniter->run()
 5 ROOTPATH/index.php(6): require_once('FCPATH/index.php')
CRITICAL - 2022-12-18 15:48:36 --> Invalid file: signin/index.php
in SYSTEMPATH/Exceptions/FrameworkException.php on line 33.
 1 SYSTEMPATH/View/View.php(201): CodeIgniter\Exceptions\FrameworkException::forInvalidFile('signin/index.php')
 2 SYSTEMPATH/Common.php(1134): CodeIgniter\View\View->render('signin/index', [], true)
 3 APPPATH/Controllers/Signin.php(66): view('signin/index', [...])
 4 SYSTEMPATH/CodeIgniter.php(927): App\Controllers\Signin->index()
 5 SYSTEMPATH/CodeIgniter.php(482): CodeIgniter\CodeIgniter->runController(Object(App\Controllers\Signin))
 6 SYSTEMPATH/CodeIgniter.php(351): CodeIgniter\CodeIgniter->handleRequest(null, Object(Config\Cache), false)
 7 FCPATH/index.php(67): CodeIgniter\CodeIgniter->run()
 8 ROOTPATH/index.php(6): require_once('FCPATH/index.php')
CRITICAL - 2022-12-18 15:52:44 --> Undefined variable: content
in APPPATH/Views/layout/wrapper-2.php on line 8.
 1 APPPATH/Views/layout/wrapper-2.php(8): CodeIgniter\Debug\Exceptions->errorHandler(8, 'Undefined variable: content', 'APPPATH/Views/layout/wrapper-2.php', 8, [...])
 2 SYSTEMPATH/View/View.php(213): include('APPPATH/Views/layout/wrapper-2.php')
 3 SYSTEMPATH/View/View.php(216): CodeIgniter\View\View->CodeIgniter\View\{closure}()
 4 SYSTEMPATH/Common.php(1134): CodeIgniter\View\View->render('layout/wrapper-2', [], true)
 5 APPPATH/Controllers/Signin.php(66): view('layout/wrapper-2', [...])
 6 SYSTEMPATH/CodeIgniter.php(927): App\Controllers\Signin->index()
 7 SYSTEMPATH/CodeIgniter.php(482): CodeIgniter\CodeIgniter->runController(Object(App\Controllers\Signin))
 8 SYSTEMPATH/CodeIgniter.php(351): CodeIgniter\CodeIgniter->handleRequest(null, Object(Config\Cache), false)
 9 FCPATH/index.php(67): CodeIgniter\CodeIgniter->run()
10 ROOTPATH/index.php(6): require_once('FCPATH/index.php')
CRITICAL - 2022-12-18 16:18:07 --> Invalid file: register/index.php
in SYSTEMPATH/Exceptions/FrameworkException.php on line 33.
 1 SYSTEMPATH/View/View.php(201): CodeIgniter\Exceptions\FrameworkException::forInvalidFile('register/index.php')
 2 SYSTEMPATH/Common.php(1134): CodeIgniter\View\View->render('register/index', [], true)
 3 APPPATH/Views/layout/wrapper-2.php(9): view('register/index')
 4 SYSTEMPATH/View/View.php(213): include('APPPATH/Views/layout/wrapper-2.php')
 5 SYSTEMPATH/View/View.php(216): CodeIgniter\View\View->CodeIgniter\View\{closure}()
 6 SYSTEMPATH/Common.php(1134): CodeIgniter\View\View->render('layout/wrapper-2', [], true)
 7 APPPATH/Controllers/Register.php(67): view('layout/wrapper-2', [...])
 8 SYSTEMPATH/CodeIgniter.php(927): App\Controllers\Register->index()
 9 SYSTEMPATH/CodeIgniter.php(482): CodeIgniter\CodeIgniter->runController(Object(App\Controllers\Register))
10 SYSTEMPATH/CodeIgniter.php(351): CodeIgniter\CodeIgniter->handleRequest(null, Object(Config\Cache), false)
11 FCPATH/index.php(67): CodeIgniter\CodeIgniter->run()
12 ROOTPATH/index.php(6): require_once('FCPATH/index.php')
ERROR - 2022-12-18 17:04:26 --> mysqli_sql_exception: Unknown column 'id_staff' in 'field list' in /Applications/MAMP/htdocs/segu/system/Database/MySQLi/Connection.php:292
Stack trace:
#0 /Applications/MAMP/htdocs/segu/system/Database/MySQLi/Connection.php(292): mysqli->query('INSERT INTO `cl...', 0)
#1 /Applications/MAMP/htdocs/segu/system/Database/BaseConnection.php(666): CodeIgniter\Database\MySQLi\Connection->execute('INSERT INTO `cl...')
#2 /Applications/MAMP/htdocs/segu/system/Database/BaseConnection.php(593): CodeIgniter\Database\BaseConnection->simpleQuery('INSERT INTO `cl...')
#3 /Applications/MAMP/htdocs/segu/system/Database/BaseBuilder.php(1916): CodeIgniter\Database\BaseConnection->query('INSERT INTO `cl...', Array, false)
#4 /Applications/MAMP/htdocs/segu/app/Models/Client_model.php(72): CodeIgniter\Database\BaseBuilder->insert(Array)
#5 /Applications/MAMP/htdocs/segu/app/Controllers/Register.php(69): App\Models\Client_model->tambah(Array)
#6 /Applications/MAMP/htdocs/segu/system/CodeIgniter.php(927): App\Controllers\Register->index()
#7 /Applications/MAMP/htdocs/segu/system/CodeIgniter.php(482): CodeIgniter\CodeIgniter->runController(Object(App\Controllers\Register))
#8 /Applications/MAMP/htdocs/segu/system/CodeIgniter.php(351): CodeIgniter\CodeIgniter->handleRequest(NULL, Object(Config\Cache), false)
#9 /Applications/MAMP/htdocs/segu/public/index.php(67): CodeIgniter\CodeIgniter->run()
#10 /Applications/MAMP/htdocs/segu/index.php(6): require_once('/Applications/M...')
#11 {main}
CRITICAL - 2022-12-18 17:04:26 --> Unknown column 'id_staff' in 'field list'
in SYSTEMPATH/Database/MySQLi/Connection.php on line 292.
 1 SYSTEMPATH/Database/MySQLi/Connection.php(292): mysqli->query('INSERT INTO `client` (`id_staff`, `nama`, `email`, `username`, `password`, `akses_level`, `tanggal_post`) VALUES (NULL, \'adadada\', \'lalu-kekah@bkkbn.go.idw\', NULL, \'1ac1f34abe8fcced2ab68edfd4418405f8cc47ce\', NULL, \'2022-12-18 17:04:26\')', 0)
 2 SYSTEMPATH/Database/BaseConnection.php(666): CodeIgniter\Database\MySQLi\Connection->execute('INSERT INTO `client` (`id_staff`, `nama`, `email`, `username`, `password`, `akses_level`, `tanggal_post`) VALUES (NULL, \'adadada\', \'lalu-kekah@bkkbn.go.idw\', NULL, \'1ac1f34abe8fcced2ab68edfd4418405f8cc47ce\', NULL, \'2022-12-18 17:04:26\')')
 3 SYSTEMPATH/Database/BaseConnection.php(593): CodeIgniter\Database\BaseConnection->simpleQuery('INSERT INTO `client` (`id_staff`, `nama`, `email`, `username`, `password`, `akses_level`, `tanggal_post`) VALUES (NULL, \'adadada\', \'lalu-kekah@bkkbn.go.idw\', NULL, \'1ac1f34abe8fcced2ab68edfd4418405f8cc47ce\', NULL, \'2022-12-18 17:04:26\')')
 4 SYSTEMPATH/Database/BaseBuilder.php(1916): CodeIgniter\Database\BaseConnection->query('INSERT INTO `client` (`id_staff`, `nama`, `email`, `username`, `password`, `akses_level`, `tanggal_post`) VALUES (:id_staff:, :nama:, :email:, :username:, :password:, :akses_level:, :tanggal_post:)', [...], false)
 5 APPPATH/Models/Client_model.php(72): CodeIgniter\Database\BaseBuilder->insert([...])
 6 APPPATH/Controllers/Register.php(69): App\Models\Client_model->tambah([...])
 7 SYSTEMPATH/CodeIgniter.php(927): App\Controllers\Register->index()
 8 SYSTEMPATH/CodeIgniter.php(482): CodeIgniter\CodeIgniter->runController(Object(App\Controllers\Register))
 9 SYSTEMPATH/CodeIgniter.php(351): CodeIgniter\CodeIgniter->handleRequest(null, Object(Config\Cache), false)
10 FCPATH/index.php(67): CodeIgniter\CodeIgniter->run()
11 ROOTPATH/index.php(6): require_once('FCPATH/index.php')
ERROR - 2022-12-18 17:23:48 --> mysqli_sql_exception: Unknown column 'username' in 'field list' in /Applications/MAMP/htdocs/segu/system/Database/MySQLi/Connection.php:292
Stack trace:
#0 /Applications/MAMP/htdocs/segu/system/Database/MySQLi/Connection.php(292): mysqli->query('INSERT INTO `cl...', 0)
#1 /Applications/MAMP/htdocs/segu/system/Database/BaseConnection.php(666): CodeIgniter\Database\MySQLi\Connection->execute('INSERT INTO `cl...')
#2 /Applications/MAMP/htdocs/segu/system/Database/BaseConnection.php(593): CodeIgniter\Database\BaseConnection->simpleQuery('INSERT INTO `cl...')
#3 /Applications/MAMP/htdocs/segu/system/Database/BaseBuilder.php(1916): CodeIgniter\Database\BaseConnection->query('INSERT INTO `cl...', Array, false)
#4 /Applications/MAMP/htdocs/segu/app/Models/Client_model.php(72): CodeIgniter\Database\BaseBuilder->insert(Array)
#5 /Applications/MAMP/htdocs/segu/app/Controllers/Register.php(72): App\Models\Client_model->tambah(Array)
#6 /Applications/MAMP/htdocs/segu/system/CodeIgniter.php(927): App\Controllers\Register->index()
#7 /Applications/MAMP/htdocs/segu/system/CodeIgniter.php(482): CodeIgniter\CodeIgniter->runController(Object(App\Controllers\Register))
#8 /Applications/MAMP/htdocs/segu/system/CodeIgniter.php(351): CodeIgniter\CodeIgniter->handleRequest(NULL, Object(Config\Cache), false)
#9 /Applications/MAMP/htdocs/segu/public/index.php(67): CodeIgniter\CodeIgniter->run()
#10 /Applications/MAMP/htdocs/segu/index.php(6): require_once('/Applications/M...')
#11 {main}
CRITICAL - 2022-12-18 17:23:48 --> Unknown column 'username' in 'field list'
in SYSTEMPATH/Database/MySQLi/Connection.php on line 292.
 1 SYSTEMPATH/Database/MySQLi/Connection.php(292): mysqli->query('INSERT INTO `client` (`jenis_client`, `nama`, `nama_perusahaan`, `telepon`, `email`, `username`, `password`, `password_hint`, `tanggal_post`) VALUES (\'Client\', \'Andoyo Andoyo\', \'Java Web Media\', \'+6285715100485\', \'andoyoandoyo@gmail.com\', NULL, \'1ac1f34abe8fcced2ab68edfd4418405f8cc47ce\', \'rasulullah\', \'2022-12-18 17:23:48\')', 0)
 2 SYSTEMPATH/Database/BaseConnection.php(666): CodeIgniter\Database\MySQLi\Connection->execute('INSERT INTO `client` (`jenis_client`, `nama`, `nama_perusahaan`, `telepon`, `email`, `username`, `password`, `password_hint`, `tanggal_post`) VALUES (\'Client\', \'Andoyo Andoyo\', \'Java Web Media\', \'+6285715100485\', \'andoyoandoyo@gmail.com\', NULL, \'1ac1f34abe8fcced2ab68edfd4418405f8cc47ce\', \'rasulullah\', \'2022-12-18 17:23:48\')')
 3 SYSTEMPATH/Database/BaseConnection.php(593): CodeIgniter\Database\BaseConnection->simpleQuery('INSERT INTO `client` (`jenis_client`, `nama`, `nama_perusahaan`, `telepon`, `email`, `username`, `password`, `password_hint`, `tanggal_post`) VALUES (\'Client\', \'Andoyo Andoyo\', \'Java Web Media\', \'+6285715100485\', \'andoyoandoyo@gmail.com\', NULL, \'1ac1f34abe8fcced2ab68edfd4418405f8cc47ce\', \'rasulullah\', \'2022-12-18 17:23:48\')')
 4 SYSTEMPATH/Database/BaseBuilder.php(1916): CodeIgniter\Database\BaseConnection->query('INSERT INTO `client` (`jenis_client`, `nama`, `nama_perusahaan`, `telepon`, `email`, `username`, `password`, `password_hint`, `tanggal_post`) VALUES (:jenis_client:, :nama:, :nama_perusahaan:, :telepon:, :email:, :username:, :password:, :password_hint:, :tanggal_post:)', [...], false)
 5 APPPATH/Models/Client_model.php(72): CodeIgniter\Database\BaseBuilder->insert([...])
 6 APPPATH/Controllers/Register.php(72): App\Models\Client_model->tambah([...])
 7 SYSTEMPATH/CodeIgniter.php(927): App\Controllers\Register->index()
 8 SYSTEMPATH/CodeIgniter.php(482): CodeIgniter\CodeIgniter->runController(Object(App\Controllers\Register))
 9 SYSTEMPATH/CodeIgniter.php(351): CodeIgniter\CodeIgniter->handleRequest(null, Object(Config\Cache), false)
10 FCPATH/index.php(67): CodeIgniter\CodeIgniter->run()
11 ROOTPATH/index.php(6): require_once('FCPATH/index.php')
CRITICAL - 2022-12-18 17:26:46 --> Undefined variable: description
in APPPATH/Views/layout/head.php on line 10.
 1 APPPATH/Views/layout/head.php(10): CodeIgniter\Debug\Exceptions->errorHandler(8, 'Undefined variable: description', 'APPPATH/Views/layout/head.php', 10, [...])
 2 APPPATH/Views/layout/wrapper.php(6): include('APPPATH/Views/layout/head.php')
 3 SYSTEMPATH/View/View.php(213): include('APPPATH/Views/layout/wrapper.php')
 4 SYSTEMPATH/View/View.php(216): CodeIgniter\View\View->CodeIgniter\View\{closure}()
 5 SYSTEMPATH/Common.php(1134): CodeIgniter\View\View->render('layout/wrapper', [], true)
 6 APPPATH/Controllers/Client/Dasbor.php(13): view('layout/wrapper', [...])
 7 SYSTEMPATH/CodeIgniter.php(927): App\Controllers\Client\Dasbor->index()
 8 SYSTEMPATH/CodeIgniter.php(482): CodeIgniter\CodeIgniter->runController(Object(App\Controllers\Client\Dasbor))
 9 SYSTEMPATH/CodeIgniter.php(351): CodeIgniter\CodeIgniter->handleRequest(null, Object(Config\Cache), false)
10 FCPATH/index.php(67): CodeIgniter\CodeIgniter->run()
11 ROOTPATH/index.php(6): require_once('FCPATH/index.php')
CRITICAL - 2022-12-18 17:28:26 --> Invalid file: client/layout/wrapper.php
in SYSTEMPATH/Exceptions/FrameworkException.php on line 33.
 1 SYSTEMPATH/View/View.php(201): CodeIgniter\Exceptions\FrameworkException::forInvalidFile('client/layout/wrapper.php')
 2 SYSTEMPATH/Common.php(1134): CodeIgniter\View\View->render('client/layout/wrapper', [], true)
 3 APPPATH/Controllers/Client/Dasbor.php(15): view('client/layout/wrapper', [...])
 4 SYSTEMPATH/CodeIgniter.php(927): App\Controllers\Client\Dasbor->index()
 5 SYSTEMPATH/CodeIgniter.php(482): CodeIgniter\CodeIgniter->runController(Object(App\Controllers\Client\Dasbor))
 6 SYSTEMPATH/CodeIgniter.php(351): CodeIgniter\CodeIgniter->handleRequest(null, Object(Config\Cache), false)
 7 FCPATH/index.php(67): CodeIgniter\CodeIgniter->run()
 8 ROOTPATH/index.php(6): require_once('FCPATH/index.php')
CRITICAL - 2022-12-18 17:29:55 --> include(menu.php): failed to open stream: No such file or directory
in APPPATH/Views/client/layout/wrapper.php on line 10.
 1 APPPATH/Views/client/layout/wrapper.php(10): CodeIgniter\Debug\Exceptions->errorHandler(2, 'include(menu.php): failed to open stream: No such file or directory', 'APPPATH/Views/client/layout/wrapper.php', 10, [...])
 2 APPPATH/Views/client/layout/wrapper.php(10): include()
 3 SYSTEMPATH/View/View.php(213): include('APPPATH/Views/client/layout/wrapper.php')
 4 SYSTEMPATH/View/View.php(216): CodeIgniter\View\View->CodeIgniter\View\{closure}()
 5 SYSTEMPATH/Common.php(1134): CodeIgniter\View\View->render('client/layout/wrapper', [], true)
 6 APPPATH/Controllers/Client/Dasbor.php(15): view('client/layout/wrapper', [...])
 7 SYSTEMPATH/CodeIgniter.php(927): App\Controllers\Client\Dasbor->index()
 8 SYSTEMPATH/CodeIgniter.php(482): CodeIgniter\CodeIgniter->runController(Object(App\Controllers\Client\Dasbor))
 9 SYSTEMPATH/CodeIgniter.php(351): CodeIgniter\CodeIgniter->handleRequest(null, Object(Config\Cache), false)
10 FCPATH/index.php(67): CodeIgniter\CodeIgniter->run()
11 ROOTPATH/index.php(6): require_once('FCPATH/index.php')
