CRITICAL - 2022-09-28 03:19:49 --> Trying to get property 'id_agama' of non-object
in APPPATH/Views/admin/siswa/tambah.php on line 206.
 1 APPPATH/Views/admin/siswa/tambah.php(206): CodeIgniter\Debug\Exceptions->errorHandler(8, 'Trying to get property \'id_agama\' of non-object', 'APPPATH/Views/admin/siswa/tambah.php', 206, [...])
 2 SYSTEMPATH/View/View.php(213): include('APPPATH/Views/admin/siswa/tambah.php')
 3 SYSTEMPATH/View/View.php(216): CodeIgniter\View\View->CodeIgniter\View\{closure}()
 4 SYSTEMPATH/Common.php(1142): CodeIgniter\View\View->render('admin/siswa/tambah', [], true)
 5 APPPATH/Views/admin/layout/wrapper.php(13): view('admin/siswa/tambah')
 6 SYSTEMPATH/View/View.php(213): include('APPPATH/Views/admin/layout/wrapper.php')
 7 SYSTEMPATH/View/View.php(216): CodeIgniter\View\View->CodeIgniter\View\{closure}()
 8 SYSTEMPATH/Common.php(1142): CodeIgniter\View\View->render('admin/layout/wrapper', [], true)
 9 APPPATH/Controllers/Admin/Siswa.php(160): view('admin/layout/wrapper', [...])
10 SYSTEMPATH/CodeIgniter.php(907): App\Controllers\Admin\Siswa->tambah()
11 SYSTEMPATH/CodeIgniter.php(457): CodeIgniter\CodeIgniter->runController(Object(App\Controllers\Admin\Siswa))
12 SYSTEMPATH/CodeIgniter.php(340): CodeIgniter\CodeIgniter->handleRequest(null, Object(Config\Cache), false)
13 FCPATH/index.php(67): CodeIgniter\CodeIgniter->run()
14 ROOTPATH/index.php(6): require_once('FCPATH/index.php')
CRITICAL - 2022-09-28 03:20:00 --> Trying to get property 'id_pekerjaan' of non-object
in APPPATH/Views/admin/siswa/tambah.php on line 206.
 1 APPPATH/Views/admin/siswa/tambah.php(206): CodeIgniter\Debug\Exceptions->errorHandler(8, 'Trying to get property \'id_pekerjaan\' of non-object', 'APPPATH/Views/admin/siswa/tambah.php', 206, [...])
 2 SYSTEMPATH/View/View.php(213): include('APPPATH/Views/admin/siswa/tambah.php')
 3 SYSTEMPATH/View/View.php(216): CodeIgniter\View\View->CodeIgniter\View\{closure}()
 4 SYSTEMPATH/Common.php(1142): CodeIgniter\View\View->render('admin/siswa/tambah', [], true)
 5 APPPATH/Views/admin/layout/wrapper.php(13): view('admin/siswa/tambah')
 6 SYSTEMPATH/View/View.php(213): include('APPPATH/Views/admin/layout/wrapper.php')
 7 SYSTEMPATH/View/View.php(216): CodeIgniter\View\View->CodeIgniter\View\{closure}()
 8 SYSTEMPATH/Common.php(1142): CodeIgniter\View\View->render('admin/layout/wrapper', [], true)
 9 APPPATH/Controllers/Admin/Siswa.php(160): view('admin/layout/wrapper', [...])
10 SYSTEMPATH/CodeIgniter.php(907): App\Controllers\Admin\Siswa->tambah()
11 SYSTEMPATH/CodeIgniter.php(457): CodeIgniter\CodeIgniter->runController(Object(App\Controllers\Admin\Siswa))
12 SYSTEMPATH/CodeIgniter.php(340): CodeIgniter\CodeIgniter->handleRequest(null, Object(Config\Cache), false)
13 FCPATH/index.php(67): CodeIgniter\CodeIgniter->run()
14 ROOTPATH/index.php(6): require_once('FCPATH/index.php')
CRITICAL - 2022-09-28 03:24:16 --> Undefined variable: m_pendidikan
in APPPATH/Views/admin/siswa/tambah.php on line 219.
 1 APPPATH/Views/admin/siswa/tambah.php(219): CodeIgniter\Debug\Exceptions->errorHandler(8, 'Undefined variable: m_pendidikan', 'APPPATH/Views/admin/siswa/tambah.php', 219, [...])
 2 SYSTEMPATH/View/View.php(213): include('APPPATH/Views/admin/siswa/tambah.php')
 3 SYSTEMPATH/View/View.php(216): CodeIgniter\View\View->CodeIgniter\View\{closure}()
 4 SYSTEMPATH/Common.php(1142): CodeIgniter\View\View->render('admin/siswa/tambah', [], true)
 5 APPPATH/Views/admin/layout/wrapper.php(13): view('admin/siswa/tambah')
 6 SYSTEMPATH/View/View.php(213): include('APPPATH/Views/admin/layout/wrapper.php')
 7 SYSTEMPATH/View/View.php(216): CodeIgniter\View\View->CodeIgniter\View\{closure}()
 8 SYSTEMPATH/Common.php(1142): CodeIgniter\View\View->render('admin/layout/wrapper', [], true)
 9 APPPATH/Controllers/Admin/Siswa.php(160): view('admin/layout/wrapper', [...])
10 SYSTEMPATH/CodeIgniter.php(907): App\Controllers\Admin\Siswa->tambah()
11 SYSTEMPATH/CodeIgniter.php(457): CodeIgniter\CodeIgniter->runController(Object(App\Controllers\Admin\Siswa))
12 SYSTEMPATH/CodeIgniter.php(340): CodeIgniter\CodeIgniter->handleRequest(null, Object(Config\Cache), false)
13 FCPATH/index.php(67): CodeIgniter\CodeIgniter->run()
14 ROOTPATH/index.php(6): require_once('FCPATH/index.php')
CRITICAL - 2022-09-28 03:25:20 --> Undefined variable: pendidikan
in APPPATH/Views/admin/siswa/tambah.php on line 223.
 1 APPPATH/Views/admin/siswa/tambah.php(223): CodeIgniter\Debug\Exceptions->errorHandler(8, 'Undefined variable: pendidikan', 'APPPATH/Views/admin/siswa/tambah.php', 223, [...])
 2 SYSTEMPATH/View/View.php(213): include('APPPATH/Views/admin/siswa/tambah.php')
 3 SYSTEMPATH/View/View.php(216): CodeIgniter\View\View->CodeIgniter\View\{closure}()
 4 SYSTEMPATH/Common.php(1142): CodeIgniter\View\View->render('admin/siswa/tambah', [], true)
 5 APPPATH/Views/admin/layout/wrapper.php(13): view('admin/siswa/tambah')
 6 SYSTEMPATH/View/View.php(213): include('APPPATH/Views/admin/layout/wrapper.php')
 7 SYSTEMPATH/View/View.php(216): CodeIgniter\View\View->CodeIgniter\View\{closure}()
 8 SYSTEMPATH/Common.php(1142): CodeIgniter\View\View->render('admin/layout/wrapper', [], true)
 9 APPPATH/Controllers/Admin/Siswa.php(160): view('admin/layout/wrapper', [...])
10 SYSTEMPATH/CodeIgniter.php(907): App\Controllers\Admin\Siswa->tambah()
11 SYSTEMPATH/CodeIgniter.php(457): CodeIgniter\CodeIgniter->runController(Object(App\Controllers\Admin\Siswa))
12 SYSTEMPATH/CodeIgniter.php(340): CodeIgniter\CodeIgniter->handleRequest(null, Object(Config\Cache), false)
13 FCPATH/index.php(67): CodeIgniter\CodeIgniter->run()
14 ROOTPATH/index.php(6): require_once('FCPATH/index.php')
CRITICAL - 2022-09-28 04:51:48 --> Undefined property: stdClass::$id_tahun
in APPPATH/Views/admin/siswa/tambah.php on line 204.
 1 APPPATH/Views/admin/siswa/tambah.php(204): CodeIgniter\Debug\Exceptions->errorHandler(8, 'Undefined property: stdClass::$id_tahun', 'APPPATH/Views/admin/siswa/tambah.php', 204, [...])
 2 SYSTEMPATH/View/View.php(213): include('APPPATH/Views/admin/siswa/tambah.php')
 3 SYSTEMPATH/View/View.php(216): CodeIgniter\View\View->CodeIgniter\View\{closure}()
 4 SYSTEMPATH/Common.php(1142): CodeIgniter\View\View->render('admin/siswa/tambah', [], true)
 5 APPPATH/Views/admin/layout/wrapper.php(13): view('admin/siswa/tambah')
 6 SYSTEMPATH/View/View.php(213): include('APPPATH/Views/admin/layout/wrapper.php')
 7 SYSTEMPATH/View/View.php(216): CodeIgniter\View\View->CodeIgniter\View\{closure}()
 8 SYSTEMPATH/Common.php(1142): CodeIgniter\View\View->render('admin/layout/wrapper', [], true)
 9 APPPATH/Controllers/Admin/Siswa.php(174): view('admin/layout/wrapper', [...])
10 SYSTEMPATH/CodeIgniter.php(907): App\Controllers\Admin\Siswa->tambah()
11 SYSTEMPATH/CodeIgniter.php(457): CodeIgniter\CodeIgniter->runController(Object(App\Controllers\Admin\Siswa))
12 SYSTEMPATH/CodeIgniter.php(340): CodeIgniter\CodeIgniter->handleRequest(null, Object(Config\Cache), false)
13 FCPATH/index.php(67): CodeIgniter\CodeIgniter->run()
14 ROOTPATH/index.php(6): require_once('FCPATH/index.php')
CRITICAL - 2022-09-28 04:53:06 --> Undefined property: stdClass::$id_tahun
in APPPATH/Views/admin/siswa/tambah.php on line 204.
 1 APPPATH/Views/admin/siswa/tambah.php(204): CodeIgniter\Debug\Exceptions->errorHandler(8, 'Undefined property: stdClass::$id_tahun', 'APPPATH/Views/admin/siswa/tambah.php', 204, [...])
 2 SYSTEMPATH/View/View.php(213): include('APPPATH/Views/admin/siswa/tambah.php')
 3 SYSTEMPATH/View/View.php(216): CodeIgniter\View\View->CodeIgniter\View\{closure}()
 4 SYSTEMPATH/Common.php(1142): CodeIgniter\View\View->render('admin/siswa/tambah', [], true)
 5 APPPATH/Views/admin/layout/wrapper.php(13): view('admin/siswa/tambah')
 6 SYSTEMPATH/View/View.php(213): include('APPPATH/Views/admin/layout/wrapper.php')
 7 SYSTEMPATH/View/View.php(216): CodeIgniter\View\View->CodeIgniter\View\{closure}()
 8 SYSTEMPATH/Common.php(1142): CodeIgniter\View\View->render('admin/layout/wrapper', [], true)
 9 APPPATH/Controllers/Admin/Siswa.php(174): view('admin/layout/wrapper', [...])
10 SYSTEMPATH/CodeIgniter.php(907): App\Controllers\Admin\Siswa->tambah()
11 SYSTEMPATH/CodeIgniter.php(457): CodeIgniter\CodeIgniter->runController(Object(App\Controllers\Admin\Siswa))
12 SYSTEMPATH/CodeIgniter.php(340): CodeIgniter\CodeIgniter->handleRequest(null, Object(Config\Cache), false)
13 FCPATH/index.php(67): CodeIgniter\CodeIgniter->run()
14 ROOTPATH/index.php(6): require_once('FCPATH/index.php')
CRITICAL - 2022-09-28 04:55:25 --> Undefined property: stdClass::$id_kelas
in APPPATH/Views/admin/siswa/tambah.php on line 235.
 1 APPPATH/Views/admin/siswa/tambah.php(235): CodeIgniter\Debug\Exceptions->errorHandler(8, 'Undefined property: stdClass::$id_kelas', 'APPPATH/Views/admin/siswa/tambah.php', 235, [...])
 2 SYSTEMPATH/View/View.php(213): include('APPPATH/Views/admin/siswa/tambah.php')
 3 SYSTEMPATH/View/View.php(216): CodeIgniter\View\View->CodeIgniter\View\{closure}()
 4 SYSTEMPATH/Common.php(1142): CodeIgniter\View\View->render('admin/siswa/tambah', [], true)
 5 APPPATH/Views/admin/layout/wrapper.php(13): view('admin/siswa/tambah')
 6 SYSTEMPATH/View/View.php(213): include('APPPATH/Views/admin/layout/wrapper.php')
 7 SYSTEMPATH/View/View.php(216): CodeIgniter\View\View->CodeIgniter\View\{closure}()
 8 SYSTEMPATH/Common.php(1142): CodeIgniter\View\View->render('admin/layout/wrapper', [], true)
 9 APPPATH/Controllers/Admin/Siswa.php(174): view('admin/layout/wrapper', [...])
10 SYSTEMPATH/CodeIgniter.php(907): App\Controllers\Admin\Siswa->tambah()
11 SYSTEMPATH/CodeIgniter.php(457): CodeIgniter\CodeIgniter->runController(Object(App\Controllers\Admin\Siswa))
12 SYSTEMPATH/CodeIgniter.php(340): CodeIgniter\CodeIgniter->handleRequest(null, Object(Config\Cache), false)
13 FCPATH/index.php(67): CodeIgniter\CodeIgniter->run()
14 ROOTPATH/index.php(6): require_once('FCPATH/index.php')
CRITICAL - 2022-09-28 04:55:39 --> Undefined property: stdClass::$nama_kelas
in APPPATH/Views/admin/siswa/tambah.php on line 236.
 1 APPPATH/Views/admin/siswa/tambah.php(236): CodeIgniter\Debug\Exceptions->errorHandler(8, 'Undefined property: stdClass::$nama_kelas', 'APPPATH/Views/admin/siswa/tambah.php', 236, [...])
 2 SYSTEMPATH/View/View.php(213): include('APPPATH/Views/admin/siswa/tambah.php')
 3 SYSTEMPATH/View/View.php(216): CodeIgniter\View\View->CodeIgniter\View\{closure}()
 4 SYSTEMPATH/Common.php(1142): CodeIgniter\View\View->render('admin/siswa/tambah', [], true)
 5 APPPATH/Views/admin/layout/wrapper.php(13): view('admin/siswa/tambah')
 6 SYSTEMPATH/View/View.php(213): include('APPPATH/Views/admin/layout/wrapper.php')
 7 SYSTEMPATH/View/View.php(216): CodeIgniter\View\View->CodeIgniter\View\{closure}()
 8 SYSTEMPATH/Common.php(1142): CodeIgniter\View\View->render('admin/layout/wrapper', [], true)
 9 APPPATH/Controllers/Admin/Siswa.php(174): view('admin/layout/wrapper', [...])
10 SYSTEMPATH/CodeIgniter.php(907): App\Controllers\Admin\Siswa->tambah()
11 SYSTEMPATH/CodeIgniter.php(457): CodeIgniter\CodeIgniter->runController(Object(App\Controllers\Admin\Siswa))
12 SYSTEMPATH/CodeIgniter.php(340): CodeIgniter\CodeIgniter->handleRequest(null, Object(Config\Cache), false)
13 FCPATH/index.php(67): CodeIgniter\CodeIgniter->run()
14 ROOTPATH/index.php(6): require_once('FCPATH/index.php')
CRITICAL - 2022-09-28 05:20:53 --> syntax error, unexpected '0' (T_LNUMBER), expecting ')'
in APPPATH/Controllers/Admin/Siswa.php on line 130.
 1 SYSTEMPATH/Router/Router.php(499): CodeIgniter\Router\AutoRouter->getRoute('admin/siswa/tambah')
 2 SYSTEMPATH/Router/Router.php(205): CodeIgniter\Router\Router->autoRoute('admin/siswa/tambah')
 3 SYSTEMPATH/CodeIgniter.php(782): CodeIgniter\Router\Router->handle('admin/siswa/tambah')
 4 SYSTEMPATH/CodeIgniter.php(406): CodeIgniter\CodeIgniter->tryToRouteIt(Object(CodeIgniter\Router\RouteCollection))
 5 SYSTEMPATH/CodeIgniter.php(340): CodeIgniter\CodeIgniter->handleRequest(null, Object(Config\Cache), false)
 6 FCPATH/index.php(67): CodeIgniter\CodeIgniter->run()
 7 ROOTPATH/index.php(6): require_once('FCPATH/index.php')
CRITICAL - 2022-09-28 05:24:07 --> Undefined property: stdClass::$urutan
in APPPATH/Views/admin/siswa/index.php on line 106.
 1 APPPATH/Views/admin/siswa/index.php(106): CodeIgniter\Debug\Exceptions->errorHandler(8, 'Undefined property: stdClass::$urutan', 'APPPATH/Views/admin/siswa/index.php', 106, [...])
 2 SYSTEMPATH/View/View.php(213): include('APPPATH/Views/admin/siswa/index.php')
 3 SYSTEMPATH/View/View.php(216): CodeIgniter\View\View->CodeIgniter\View\{closure}()
 4 SYSTEMPATH/Common.php(1142): CodeIgniter\View\View->render('admin/siswa/index', [], true)
 5 APPPATH/Views/admin/layout/wrapper.php(13): view('admin/siswa/index')
 6 SYSTEMPATH/View/View.php(213): include('APPPATH/Views/admin/layout/wrapper.php')
 7 SYSTEMPATH/View/View.php(216): CodeIgniter\View\View->CodeIgniter\View\{closure}()
 8 SYSTEMPATH/Common.php(1142): CodeIgniter\View\View->render('admin/layout/wrapper', [], true)
 9 APPPATH/Controllers/Admin/Siswa.php(47): view('admin/layout/wrapper', [...])
10 SYSTEMPATH/CodeIgniter.php(907): App\Controllers\Admin\Siswa->index()
11 SYSTEMPATH/CodeIgniter.php(457): CodeIgniter\CodeIgniter->runController(Object(App\Controllers\Admin\Siswa))
12 SYSTEMPATH/CodeIgniter.php(340): CodeIgniter\CodeIgniter->handleRequest(null, Object(Config\Cache), false)
13 FCPATH/index.php(67): CodeIgniter\CodeIgniter->run()
14 ROOTPATH/index.php(6): require_once('FCPATH/index.php')
CRITICAL - 2022-09-28 06:34:57 --> syntax error, unexpected end of file
in APPPATH/Views/admin/siswa/edit.php on line 674.
 1 SYSTEMPATH/View/View.php(216): CodeIgniter\View\View->CodeIgniter\View\{closure}()
 2 SYSTEMPATH/Common.php(1142): CodeIgniter\View\View->render('admin/siswa/edit', [], true)
 3 APPPATH/Views/admin/layout/wrapper.php(13): view('admin/siswa/edit')
 4 SYSTEMPATH/View/View.php(213): include('APPPATH/Views/admin/layout/wrapper.php')
 5 SYSTEMPATH/View/View.php(216): CodeIgniter\View\View->CodeIgniter\View\{closure}()
 6 SYSTEMPATH/Common.php(1142): CodeIgniter\View\View->render('admin/layout/wrapper', [], true)
 7 APPPATH/Controllers/Admin/Siswa.php(402): view('admin/layout/wrapper', [...])
 8 SYSTEMPATH/CodeIgniter.php(907): App\Controllers\Admin\Siswa->edit('1')
 9 SYSTEMPATH/CodeIgniter.php(457): CodeIgniter\CodeIgniter->runController(Object(App\Controllers\Admin\Siswa))
10 SYSTEMPATH/CodeIgniter.php(340): CodeIgniter\CodeIgniter->handleRequest(null, Object(Config\Cache), false)
11 FCPATH/index.php(67): CodeIgniter\CodeIgniter->run()
12 ROOTPATH/index.php(6): require_once('FCPATH/index.php')
CRITICAL - 2022-09-28 06:39:39 --> syntax error, unexpected end of file
in APPPATH/Views/admin/siswa/edit.php on line 674.
 1 SYSTEMPATH/View/View.php(216): CodeIgniter\View\View->CodeIgniter\View\{closure}()
 2 SYSTEMPATH/Common.php(1142): CodeIgniter\View\View->render('admin/siswa/edit', [], true)
 3 APPPATH/Views/admin/layout/wrapper.php(13): view('admin/siswa/edit')
 4 SYSTEMPATH/View/View.php(213): include('APPPATH/Views/admin/layout/wrapper.php')
 5 SYSTEMPATH/View/View.php(216): CodeIgniter\View\View->CodeIgniter\View\{closure}()
 6 SYSTEMPATH/Common.php(1142): CodeIgniter\View\View->render('admin/layout/wrapper', [], true)
 7 APPPATH/Controllers/Admin/Siswa.php(402): view('admin/layout/wrapper', [...])
 8 SYSTEMPATH/CodeIgniter.php(907): App\Controllers\Admin\Siswa->edit('1')
 9 SYSTEMPATH/CodeIgniter.php(457): CodeIgniter\CodeIgniter->runController(Object(App\Controllers\Admin\Siswa))
10 SYSTEMPATH/CodeIgniter.php(340): CodeIgniter\CodeIgniter->handleRequest(null, Object(Config\Cache), false)
11 FCPATH/index.php(67): CodeIgniter\CodeIgniter->run()
12 ROOTPATH/index.php(6): require_once('FCPATH/index.php')
CRITICAL - 2022-09-28 06:41:40 --> syntax error, unexpected end of file
in APPPATH/Views/admin/siswa/edit.php on line 674.
 1 SYSTEMPATH/View/View.php(216): CodeIgniter\View\View->CodeIgniter\View\{closure}()
 2 SYSTEMPATH/Common.php(1142): CodeIgniter\View\View->render('admin/siswa/edit', [], true)
 3 APPPATH/Views/admin/layout/wrapper.php(13): view('admin/siswa/edit')
 4 SYSTEMPATH/View/View.php(213): include('APPPATH/Views/admin/layout/wrapper.php')
 5 SYSTEMPATH/View/View.php(216): CodeIgniter\View\View->CodeIgniter\View\{closure}()
 6 SYSTEMPATH/Common.php(1142): CodeIgniter\View\View->render('admin/layout/wrapper', [], true)
 7 APPPATH/Controllers/Admin/Siswa.php(402): view('admin/layout/wrapper', [...])
 8 SYSTEMPATH/CodeIgniter.php(907): App\Controllers\Admin\Siswa->edit('1')
 9 SYSTEMPATH/CodeIgniter.php(457): CodeIgniter\CodeIgniter->runController(Object(App\Controllers\Admin\Siswa))
10 SYSTEMPATH/CodeIgniter.php(340): CodeIgniter\CodeIgniter->handleRequest(null, Object(Config\Cache), false)
11 FCPATH/index.php(67): CodeIgniter\CodeIgniter->run()
12 ROOTPATH/index.php(6): require_once('FCPATH/index.php')
CRITICAL - 2022-09-28 06:42:25 --> syntax error, unexpected end of file
in APPPATH/Views/admin/siswa/edit.php on line 491.
 1 SYSTEMPATH/View/View.php(216): CodeIgniter\View\View->CodeIgniter\View\{closure}()
 2 SYSTEMPATH/Common.php(1142): CodeIgniter\View\View->render('admin/siswa/edit', [], true)
 3 APPPATH/Views/admin/layout/wrapper.php(13): view('admin/siswa/edit')
 4 SYSTEMPATH/View/View.php(213): include('APPPATH/Views/admin/layout/wrapper.php')
 5 SYSTEMPATH/View/View.php(216): CodeIgniter\View\View->CodeIgniter\View\{closure}()
 6 SYSTEMPATH/Common.php(1142): CodeIgniter\View\View->render('admin/layout/wrapper', [], true)
 7 APPPATH/Controllers/Admin/Siswa.php(402): view('admin/layout/wrapper', [...])
 8 SYSTEMPATH/CodeIgniter.php(907): App\Controllers\Admin\Siswa->edit('1')
 9 SYSTEMPATH/CodeIgniter.php(457): CodeIgniter\CodeIgniter->runController(Object(App\Controllers\Admin\Siswa))
10 SYSTEMPATH/CodeIgniter.php(340): CodeIgniter\CodeIgniter->handleRequest(null, Object(Config\Cache), false)
11 FCPATH/index.php(67): CodeIgniter\CodeIgniter->run()
12 ROOTPATH/index.php(6): require_once('FCPATH/index.php')
CRITICAL - 2022-09-28 06:42:46 --> syntax error, unexpected end of file
in APPPATH/Views/admin/siswa/edit.php on line 595.
 1 SYSTEMPATH/View/View.php(216): CodeIgniter\View\View->CodeIgniter\View\{closure}()
 2 SYSTEMPATH/Common.php(1142): CodeIgniter\View\View->render('admin/siswa/edit', [], true)
 3 APPPATH/Views/admin/layout/wrapper.php(13): view('admin/siswa/edit')
 4 SYSTEMPATH/View/View.php(213): include('APPPATH/Views/admin/layout/wrapper.php')
 5 SYSTEMPATH/View/View.php(216): CodeIgniter\View\View->CodeIgniter\View\{closure}()
 6 SYSTEMPATH/Common.php(1142): CodeIgniter\View\View->render('admin/layout/wrapper', [], true)
 7 APPPATH/Controllers/Admin/Siswa.php(402): view('admin/layout/wrapper', [...])
 8 SYSTEMPATH/CodeIgniter.php(907): App\Controllers\Admin\Siswa->edit('1')
 9 SYSTEMPATH/CodeIgniter.php(457): CodeIgniter\CodeIgniter->runController(Object(App\Controllers\Admin\Siswa))
10 SYSTEMPATH/CodeIgniter.php(340): CodeIgniter\CodeIgniter->handleRequest(null, Object(Config\Cache), false)
11 FCPATH/index.php(67): CodeIgniter\CodeIgniter->run()
12 ROOTPATH/index.php(6): require_once('FCPATH/index.php')
CRITICAL - 2022-09-28 06:42:57 --> syntax error, unexpected end of file
in APPPATH/Views/admin/siswa/edit.php on line 600.
 1 SYSTEMPATH/View/View.php(216): CodeIgniter\View\View->CodeIgniter\View\{closure}()
 2 SYSTEMPATH/Common.php(1142): CodeIgniter\View\View->render('admin/siswa/edit', [], true)
 3 APPPATH/Views/admin/layout/wrapper.php(13): view('admin/siswa/edit')
 4 SYSTEMPATH/View/View.php(213): include('APPPATH/Views/admin/layout/wrapper.php')
 5 SYSTEMPATH/View/View.php(216): CodeIgniter\View\View->CodeIgniter\View\{closure}()
 6 SYSTEMPATH/Common.php(1142): CodeIgniter\View\View->render('admin/layout/wrapper', [], true)
 7 APPPATH/Controllers/Admin/Siswa.php(402): view('admin/layout/wrapper', [...])
 8 SYSTEMPATH/CodeIgniter.php(907): App\Controllers\Admin\Siswa->edit('1')
 9 SYSTEMPATH/CodeIgniter.php(457): CodeIgniter\CodeIgniter->runController(Object(App\Controllers\Admin\Siswa))
10 SYSTEMPATH/CodeIgniter.php(340): CodeIgniter\CodeIgniter->handleRequest(null, Object(Config\Cache), false)
11 FCPATH/index.php(67): CodeIgniter\CodeIgniter->run()
12 ROOTPATH/index.php(6): require_once('FCPATH/index.php')
CRITICAL - 2022-09-28 06:43:11 --> syntax error, unexpected end of file
in APPPATH/Views/admin/siswa/edit.php on line 547.
 1 SYSTEMPATH/View/View.php(216): CodeIgniter\View\View->CodeIgniter\View\{closure}()
 2 SYSTEMPATH/Common.php(1142): CodeIgniter\View\View->render('admin/siswa/edit', [], true)
 3 APPPATH/Views/admin/layout/wrapper.php(13): view('admin/siswa/edit')
 4 SYSTEMPATH/View/View.php(213): include('APPPATH/Views/admin/layout/wrapper.php')
 5 SYSTEMPATH/View/View.php(216): CodeIgniter\View\View->CodeIgniter\View\{closure}()
 6 SYSTEMPATH/Common.php(1142): CodeIgniter\View\View->render('admin/layout/wrapper', [], true)
 7 APPPATH/Controllers/Admin/Siswa.php(402): view('admin/layout/wrapper', [...])
 8 SYSTEMPATH/CodeIgniter.php(907): App\Controllers\Admin\Siswa->edit('1')
 9 SYSTEMPATH/CodeIgniter.php(457): CodeIgniter\CodeIgniter->runController(Object(App\Controllers\Admin\Siswa))
10 SYSTEMPATH/CodeIgniter.php(340): CodeIgniter\CodeIgniter->handleRequest(null, Object(Config\Cache), false)
11 FCPATH/index.php(67): CodeIgniter\CodeIgniter->run()
12 ROOTPATH/index.php(6): require_once('FCPATH/index.php')
CRITICAL - 2022-09-28 07:28:48 --> Undefined variable: id_agama_wali
in APPPATH/Controllers/Admin/Siswa.php on line 340.
 1 APPPATH/Controllers/Admin/Siswa.php(340): CodeIgniter\Debug\Exceptions->errorHandler(8, 'Undefined variable: id_agama_wali', 'APPPATH/Controllers/Admin/Siswa.php', 340, [...])
 2 SYSTEMPATH/CodeIgniter.php(907): App\Controllers\Admin\Siswa->edit('1')
 3 SYSTEMPATH/CodeIgniter.php(457): CodeIgniter\CodeIgniter->runController(Object(App\Controllers\Admin\Siswa))
 4 SYSTEMPATH/CodeIgniter.php(340): CodeIgniter\CodeIgniter->handleRequest(null, Object(Config\Cache), false)
 5 FCPATH/index.php(67): CodeIgniter\CodeIgniter->run()
 6 ROOTPATH/index.php(6): require_once('FCPATH/index.php')
CRITICAL - 2022-09-28 07:52:53 --> Call to undefined method App\Libraries\Website::tanggal_simpeg_beda()
in APPPATH/Views/admin/siswa/index.php on line 107.
 1 SYSTEMPATH/View/View.php(213): include()
 2 SYSTEMPATH/View/View.php(216): CodeIgniter\View\View->CodeIgniter\View\{closure}()
 3 SYSTEMPATH/Common.php(1142): CodeIgniter\View\View->render('admin/siswa/index', [], true)
 4 APPPATH/Views/admin/layout/wrapper.php(13): view('admin/siswa/index')
 5 SYSTEMPATH/View/View.php(213): include('APPPATH/Views/admin/layout/wrapper.php')
 6 SYSTEMPATH/View/View.php(216): CodeIgniter\View\View->CodeIgniter\View\{closure}()
 7 SYSTEMPATH/Common.php(1142): CodeIgniter\View\View->render('admin/layout/wrapper', [], true)
 8 APPPATH/Controllers/Admin/Siswa.php(47): view('admin/layout/wrapper', [...])
 9 SYSTEMPATH/CodeIgniter.php(907): App\Controllers\Admin\Siswa->index()
10 SYSTEMPATH/CodeIgniter.php(457): CodeIgniter\CodeIgniter->runController(Object(App\Controllers\Admin\Siswa))
11 SYSTEMPATH/CodeIgniter.php(340): CodeIgniter\CodeIgniter->handleRequest(null, Object(Config\Cache), false)
12 FCPATH/index.php(67): CodeIgniter\CodeIgniter->run()
13 ROOTPATH/index.php(6): require_once('FCPATH/index.php')
ERROR - 2022-09-28 09:01:37 --> mysqli_sql_exception: Table 'client_tk.produk' doesn't exist in /Applications/MAMP/htdocs/tk/system/Database/MySQLi/Connection.php:292
Stack trace:
#0 /Applications/MAMP/htdocs/tk/system/Database/MySQLi/Connection.php(292): mysqli->query('SELECT COUNT(*)...', 0)
#1 /Applications/MAMP/htdocs/tk/system/Database/BaseConnection.php(693): CodeIgniter\Database\MySQLi\Connection->execute('SELECT COUNT(*)...')
#2 /Applications/MAMP/htdocs/tk/system/Database/BaseConnection.php(620): CodeIgniter\Database\BaseConnection->simpleQuery('SELECT COUNT(*)...')
#3 /Applications/MAMP/htdocs/tk/system/Database/BaseBuilder.php(1585): CodeIgniter\Database\BaseConnection->query('SELECT COUNT(*)...', Array, false)
#4 /Applications/MAMP/htdocs/tk/app/Models/Ekstrakurikuler_model.php(35): CodeIgniter\Database\BaseBuilder->get()
#5 /Applications/MAMP/htdocs/tk/app/Views/admin/ekstrakurikuler/index.php(17): App\Models\Ekstrakurikuler_model->produk('1')
#6 /Applications/MAMP/htdocs/tk/system/View/View.php(213): include('/Applications/M...')
#7 /Applications/MAMP/htdocs/tk/system/View/View.php(216): CodeIgniter\View\View->CodeIgniter\View\{closure}()
#8 /Applications/MAMP/htdocs/tk/system/Common.php(1142): CodeIgniter\View\View->render('admin/ekstrakur...', Array, true)
#9 /Applications/MAMP/htdocs/tk/app/Views/admin/layout/wrapper.php(13): view('admin/ekstrakur...')
#10 /Applications/MAMP/htdocs/tk/system/View/View.php(213): include('/Applications/M...')
#11 /Applications/MAMP/htdocs/tk/system/View/View.php(216): CodeIgniter\View\View->CodeIgniter\View\{closure}()
#12 /Applications/MAMP/htdocs/tk/system/Common.php(1142): CodeIgniter\View\View->render('admin/layout/wr...', Array, true)
#13 /Applications/MAMP/htdocs/tk/app/Controllers/Admin/Ekstrakurikuler.php(76): view('admin/layout/wr...', Array)
#14 /Applications/MAMP/htdocs/tk/system/CodeIgniter.php(907): App\Controllers\Admin\Ekstrakurikuler->index()
#15 /Applications/MAMP/htdocs/tk/system/CodeIgniter.php(457): CodeIgniter\CodeIgniter->runController(Object(App\Controllers\Admin\Ekstrakurikuler))
#16 /Applications/MAMP/htdocs/tk/system/CodeIgniter.php(340): CodeIgniter\CodeIgniter->handleRequest(NULL, Object(Config\Cache), false)
#17 /Applications/MAMP/htdocs/tk/public/index.php(67): CodeIgniter\CodeIgniter->run()
#18 /Applications/MAMP/htdocs/tk/index.php(6): require_once('/Applications/M...')
#19 {main}
CRITICAL - 2022-09-28 09:01:37 --> Table 'client_tk.produk' doesn't exist
in SYSTEMPATH/Database/MySQLi/Connection.php on line 292.
 1 SYSTEMPATH/Database/MySQLi/Connection.php(292): mysqli->query('SELECT COUNT(*) AS total
FROM `produk`
WHERE `id_ekstrakurikuler` = \'1\'', 0)
 2 SYSTEMPATH/Database/BaseConnection.php(693): CodeIgniter\Database\MySQLi\Connection->execute('SELECT COUNT(*) AS total
FROM `produk`
WHERE `id_ekstrakurikuler` = \'1\'')
 3 SYSTEMPATH/Database/BaseConnection.php(620): CodeIgniter\Database\BaseConnection->simpleQuery('SELECT COUNT(*) AS total
FROM `produk`
WHERE `id_ekstrakurikuler` = \'1\'')
 4 SYSTEMPATH/Database/BaseBuilder.php(1585): CodeIgniter\Database\BaseConnection->query('SELECT COUNT(*) AS total
FROM `produk`
WHERE `id_ekstrakurikuler` = :id_ekstrakurikuler:', [...], false)
 5 APPPATH/Models/Ekstrakurikuler_model.php(35): CodeIgniter\Database\BaseBuilder->get()
 6 APPPATH/Views/admin/ekstrakurikuler/index.php(17): App\Models\Ekstrakurikuler_model->produk('1')
 7 SYSTEMPATH/View/View.php(213): include('APPPATH/Views/admin/ekstrakurikuler/index.php')
 8 SYSTEMPATH/View/View.php(216): CodeIgniter\View\View->CodeIgniter\View\{closure}()
 9 SYSTEMPATH/Common.php(1142): CodeIgniter\View\View->render('admin/ekstrakurikuler/index', [], true)
10 APPPATH/Views/admin/layout/wrapper.php(13): view('admin/ekstrakurikuler/index')
11 SYSTEMPATH/View/View.php(213): include('APPPATH/Views/admin/layout/wrapper.php')
12 SYSTEMPATH/View/View.php(216): CodeIgniter\View\View->CodeIgniter\View\{closure}()
13 SYSTEMPATH/Common.php(1142): CodeIgniter\View\View->render('admin/layout/wrapper', [], true)
14 APPPATH/Controllers/Admin/Ekstrakurikuler.php(76): view('admin/layout/wrapper', [...])
15 SYSTEMPATH/CodeIgniter.php(907): App\Controllers\Admin\Ekstrakurikuler->index()
16 SYSTEMPATH/CodeIgniter.php(457): CodeIgniter\CodeIgniter->runController(Object(App\Controllers\Admin\Ekstrakurikuler))
17 SYSTEMPATH/CodeIgniter.php(340): CodeIgniter\CodeIgniter->handleRequest(null, Object(Config\Cache), false)
18 FCPATH/index.php(67): CodeIgniter\CodeIgniter->run()
19 ROOTPATH/index.php(6): require_once('FCPATH/index.php')
CRITICAL - 2022-09-28 09:02:07 --> Undefined variable: produk
in APPPATH/Views/admin/ekstrakurikuler/index.php on line 31.
 1 APPPATH/Views/admin/ekstrakurikuler/index.php(31): CodeIgniter\Debug\Exceptions->errorHandler(8, 'Undefined variable: produk', 'APPPATH/Views/admin/ekstrakurikuler/index.php', 31, [...])
 2 SYSTEMPATH/View/View.php(213): include('APPPATH/Views/admin/ekstrakurikuler/index.php')
 3 SYSTEMPATH/View/View.php(216): CodeIgniter\View\View->CodeIgniter\View\{closure}()
 4 SYSTEMPATH/Common.php(1142): CodeIgniter\View\View->render('admin/ekstrakurikuler/index', [], true)
 5 APPPATH/Views/admin/layout/wrapper.php(13): view('admin/ekstrakurikuler/index')
 6 SYSTEMPATH/View/View.php(213): include('APPPATH/Views/admin/layout/wrapper.php')
 7 SYSTEMPATH/View/View.php(216): CodeIgniter\View\View->CodeIgniter\View\{closure}()
 8 SYSTEMPATH/Common.php(1142): CodeIgniter\View\View->render('admin/layout/wrapper', [], true)
 9 APPPATH/Controllers/Admin/Ekstrakurikuler.php(76): view('admin/layout/wrapper', [...])
10 SYSTEMPATH/CodeIgniter.php(907): App\Controllers\Admin\Ekstrakurikuler->index()
11 SYSTEMPATH/CodeIgniter.php(457): CodeIgniter\CodeIgniter->runController(Object(App\Controllers\Admin\Ekstrakurikuler))
12 SYSTEMPATH/CodeIgniter.php(340): CodeIgniter\CodeIgniter->handleRequest(null, Object(Config\Cache), false)
13 FCPATH/index.php(67): CodeIgniter\CodeIgniter->run()
14 ROOTPATH/index.php(6): require_once('FCPATH/index.php')
