CRITICAL - 2023-09-16 11:20:23 --> Undefined variable: keywords
in APPPATH/Controllers/Admin/Vaccine_booking.php on line 21.
 1 APPPATH/Controllers/Admin/Vaccine_booking.php(21): CodeIgniter\Debug\Exceptions->errorHandler(8, 'Undefined variable: keywords', '/Applications/MAMP/htdocs/keluargasehat/app/Controllers/Admin/Vaccine_booking.php', 21, [...])
 2 SYSTEMPATH/CodeIgniter.php(932): App\Controllers\Admin\Vaccine_booking->index()
 3 SYSTEMPATH/CodeIgniter.php(497): CodeIgniter\CodeIgniter->runController(Object(App\Controllers\Admin\Vaccine_booking))
 4 SYSTEMPATH/CodeIgniter.php(366): CodeIgniter\CodeIgniter->handleRequest(null, Object(Config\Cache), false)
 5 FCPATH/index.php(67): CodeIgniter\CodeIgniter->run()
 6 ROOTPATH/index.php(6): require_once('/Applications/MAMP/htdocs/keluargasehat/public/index.php')
CRITICAL - 2023-09-16 11:29:56 --> Invalid file: "admin/vaccine_type/index.php"
in SYSTEMPATH/Exceptions/FrameworkException.php on line 33.
 1 SYSTEMPATH/View/View.php(212): CodeIgniter\Exceptions\FrameworkException::forInvalidFile('admin/vaccine_type/index.php')
 2 SYSTEMPATH/Common.php(1176): CodeIgniter\View\View->render('admin/vaccine_type/index', [], true)
 3 APPPATH/Views/admin/layout/wrapper.php(13): view('admin/vaccine_type/index')
 4 SYSTEMPATH/View/View.php(224): include('/Applications/MAMP/htdocs/keluargasehat/app/Views/admin/layout/wrapper.php')
 5 SYSTEMPATH/View/View.php(227): CodeIgniter\View\View->CodeIgniter\View\{closure}()
 6 SYSTEMPATH/Common.php(1176): CodeIgniter\View\View->render('admin/layout/wrapper', [], true)
 7 APPPATH/Controllers/Admin/Vaccine_type.php(39): view('admin/layout/wrapper', [...])
 8 SYSTEMPATH/CodeIgniter.php(932): App\Controllers\Admin\Vaccine_type->index()
 9 SYSTEMPATH/CodeIgniter.php(497): CodeIgniter\CodeIgniter->runController(Object(App\Controllers\Admin\Vaccine_type))
10 SYSTEMPATH/CodeIgniter.php(366): CodeIgniter\CodeIgniter->handleRequest(null, Object(Config\Cache), false)
11 FCPATH/index.php(67): CodeIgniter\CodeIgniter->run()
12 ROOTPATH/index.php(6): require_once('/Applications/MAMP/htdocs/keluargasehat/public/index.php')
CRITICAL - 2023-09-16 11:31:16 --> Undefined variable: kategori
in APPPATH/Views/admin/vaccine_type/index.php on line 13.
 1 APPPATH/Views/admin/vaccine_type/index.php(13): CodeIgniter\Debug\Exceptions->errorHandler(8, 'Undefined variable: kategori', '/Applications/MAMP/htdocs/keluargasehat/app/Views/admin/vaccine_type/index.php', 13, [...])
 2 SYSTEMPATH/View/View.php(224): include('/Applications/MAMP/htdocs/keluargasehat/app/Views/admin/vaccine_type/index.php')
 3 SYSTEMPATH/View/View.php(227): CodeIgniter\View\View->CodeIgniter\View\{closure}()
 4 SYSTEMPATH/Common.php(1176): CodeIgniter\View\View->render('admin/vaccine_type/index', [], true)
 5 APPPATH/Views/admin/layout/wrapper.php(13): view('admin/vaccine_type/index')
 6 SYSTEMPATH/View/View.php(224): include('/Applications/MAMP/htdocs/keluargasehat/app/Views/admin/layout/wrapper.php')
 7 SYSTEMPATH/View/View.php(227): CodeIgniter\View\View->CodeIgniter\View\{closure}()
 8 SYSTEMPATH/Common.php(1176): CodeIgniter\View\View->render('admin/layout/wrapper', [], true)
 9 APPPATH/Controllers/Admin/Vaccine_type.php(39): view('admin/layout/wrapper', [...])
10 SYSTEMPATH/CodeIgniter.php(932): App\Controllers\Admin\Vaccine_type->index()
11 SYSTEMPATH/CodeIgniter.php(497): CodeIgniter\CodeIgniter->runController(Object(App\Controllers\Admin\Vaccine_type))
12 SYSTEMPATH/CodeIgniter.php(366): CodeIgniter\CodeIgniter->handleRequest(null, Object(Config\Cache), false)
13 FCPATH/index.php(67): CodeIgniter\CodeIgniter->run()
14 ROOTPATH/index.php(6): require_once('/Applications/MAMP/htdocs/keluargasehat/public/index.php')
CRITICAL - 2023-09-16 11:33:14 --> Undefined variable: vaccine
in APPPATH/Views/admin/vaccine_type/index.php on line 13.
 1 APPPATH/Views/admin/vaccine_type/index.php(13): CodeIgniter\Debug\Exceptions->errorHandler(8, 'Undefined variable: vaccine', '/Applications/MAMP/htdocs/keluargasehat/app/Views/admin/vaccine_type/index.php', 13, [...])
 2 SYSTEMPATH/View/View.php(224): include('/Applications/MAMP/htdocs/keluargasehat/app/Views/admin/vaccine_type/index.php')
 3 SYSTEMPATH/View/View.php(227): CodeIgniter\View\View->CodeIgniter\View\{closure}()
 4 SYSTEMPATH/Common.php(1176): CodeIgniter\View\View->render('admin/vaccine_type/index', [], true)
 5 APPPATH/Views/admin/layout/wrapper.php(13): view('admin/vaccine_type/index')
 6 SYSTEMPATH/View/View.php(224): include('/Applications/MAMP/htdocs/keluargasehat/app/Views/admin/layout/wrapper.php')
 7 SYSTEMPATH/View/View.php(227): CodeIgniter\View\View->CodeIgniter\View\{closure}()
 8 SYSTEMPATH/Common.php(1176): CodeIgniter\View\View->render('admin/layout/wrapper', [], true)
 9 APPPATH/Controllers/Admin/Vaccine_type.php(39): view('admin/layout/wrapper', [...])
10 SYSTEMPATH/CodeIgniter.php(932): App\Controllers\Admin\Vaccine_type->index()
11 SYSTEMPATH/CodeIgniter.php(497): CodeIgniter\CodeIgniter->runController(Object(App\Controllers\Admin\Vaccine_type))
12 SYSTEMPATH/CodeIgniter.php(366): CodeIgniter\CodeIgniter->handleRequest(null, Object(Config\Cache), false)
13 FCPATH/index.php(67): CodeIgniter\CodeIgniter->run()
14 ROOTPATH/index.php(6): require_once('/Applications/MAMP/htdocs/keluargasehat/public/index.php')
CRITICAL - 2023-09-16 12:00:02 --> Undefined property: stdClass::$nama_vaccine_type
in APPPATH/Controllers/Admin/Vaccine_type.php on line 71.
 1 APPPATH/Controllers/Admin/Vaccine_type.php(71): CodeIgniter\Debug\Exceptions->errorHandler(8, 'Undefined property: stdClass::$nama_vaccine_type', '/Applications/MAMP/htdocs/keluargasehat/app/Controllers/Admin/Vaccine_type.php', 71, [...])
 2 SYSTEMPATH/CodeIgniter.php(932): App\Controllers\Admin\Vaccine_type->edit('3')
 3 SYSTEMPATH/CodeIgniter.php(497): CodeIgniter\CodeIgniter->runController(Object(App\Controllers\Admin\Vaccine_type))
 4 SYSTEMPATH/CodeIgniter.php(366): CodeIgniter\CodeIgniter->handleRequest(null, Object(Config\Cache), false)
 5 FCPATH/index.php(67): CodeIgniter\CodeIgniter->run()
 6 ROOTPATH/index.php(6): require_once('/Applications/MAMP/htdocs/keluargasehat/public/index.php')
CRITICAL - 2023-09-16 12:05:55 --> Undefined variable: vaccine
in APPPATH/Views/admin/vaccine_type/edit.php on line 2.
 1 APPPATH/Views/admin/vaccine_type/edit.php(2): CodeIgniter\Debug\Exceptions->errorHandler(8, 'Undefined variable: vaccine', '/Applications/MAMP/htdocs/keluargasehat/app/Views/admin/vaccine_type/edit.php', 2, [...])
 2 SYSTEMPATH/View/View.php(224): include('/Applications/MAMP/htdocs/keluargasehat/app/Views/admin/vaccine_type/edit.php')
 3 SYSTEMPATH/View/View.php(227): CodeIgniter\View\View->CodeIgniter\View\{closure}()
 4 SYSTEMPATH/Common.php(1176): CodeIgniter\View\View->render('admin/vaccine_type/edit', [], true)
 5 APPPATH/Views/admin/layout/wrapper.php(13): view('admin/vaccine_type/edit')
 6 SYSTEMPATH/View/View.php(224): include('/Applications/MAMP/htdocs/keluargasehat/app/Views/admin/layout/wrapper.php')
 7 SYSTEMPATH/View/View.php(227): CodeIgniter\View\View->CodeIgniter\View\{closure}()
 8 SYSTEMPATH/Common.php(1176): CodeIgniter\View\View->render('admin/layout/wrapper', [], true)
 9 APPPATH/Controllers/Admin/Vaccine_type.php(75): view('admin/layout/wrapper', [...])
10 SYSTEMPATH/CodeIgniter.php(932): App\Controllers\Admin\Vaccine_type->edit('3')
11 SYSTEMPATH/CodeIgniter.php(497): CodeIgniter\CodeIgniter->runController(Object(App\Controllers\Admin\Vaccine_type))
12 SYSTEMPATH/CodeIgniter.php(366): CodeIgniter\CodeIgniter->handleRequest(null, Object(Config\Cache), false)
13 FCPATH/index.php(67): CodeIgniter\CodeIgniter->run()
14 ROOTPATH/index.php(6): require_once('/Applications/MAMP/htdocs/keluargasehat/public/index.php')
CRITICAL - 2023-09-16 12:06:15 --> Undefined variable: vaccine
in APPPATH/Views/admin/vaccine_type/edit.php on line 2.
 1 APPPATH/Views/admin/vaccine_type/edit.php(2): CodeIgniter\Debug\Exceptions->errorHandler(8, 'Undefined variable: vaccine', '/Applications/MAMP/htdocs/keluargasehat/app/Views/admin/vaccine_type/edit.php', 2, [...])
 2 SYSTEMPATH/View/View.php(224): include('/Applications/MAMP/htdocs/keluargasehat/app/Views/admin/vaccine_type/edit.php')
 3 SYSTEMPATH/View/View.php(227): CodeIgniter\View\View->CodeIgniter\View\{closure}()
 4 SYSTEMPATH/Common.php(1176): CodeIgniter\View\View->render('admin/vaccine_type/edit', [], true)
 5 APPPATH/Views/admin/layout/wrapper.php(13): view('admin/vaccine_type/edit')
 6 SYSTEMPATH/View/View.php(224): include('/Applications/MAMP/htdocs/keluargasehat/app/Views/admin/layout/wrapper.php')
 7 SYSTEMPATH/View/View.php(227): CodeIgniter\View\View->CodeIgniter\View\{closure}()
 8 SYSTEMPATH/Common.php(1176): CodeIgniter\View\View->render('admin/layout/wrapper', [], true)
 9 APPPATH/Controllers/Admin/Vaccine_type.php(75): view('admin/layout/wrapper', [...])
10 SYSTEMPATH/CodeIgniter.php(932): App\Controllers\Admin\Vaccine_type->edit('3')
11 SYSTEMPATH/CodeIgniter.php(497): CodeIgniter\CodeIgniter->runController(Object(App\Controllers\Admin\Vaccine_type))
12 SYSTEMPATH/CodeIgniter.php(366): CodeIgniter\CodeIgniter->handleRequest(null, Object(Config\Cache), false)
13 FCPATH/index.php(67): CodeIgniter\CodeIgniter->run()
14 ROOTPATH/index.php(6): require_once('/Applications/MAMP/htdocs/keluargasehat/public/index.php')
CRITICAL - 2023-09-16 12:16:34 --> Invalid file: "admin/vaccine_location/index.php"
in SYSTEMPATH/Exceptions/FrameworkException.php on line 33.
 1 SYSTEMPATH/View/View.php(212): CodeIgniter\Exceptions\FrameworkException::forInvalidFile('admin/vaccine_location/index.php')
 2 SYSTEMPATH/Common.php(1176): CodeIgniter\View\View->render('admin/vaccine_location/index', [], true)
 3 APPPATH/Views/admin/layout/wrapper.php(13): view('admin/vaccine_location/index')
 4 SYSTEMPATH/View/View.php(224): include('/Applications/MAMP/htdocs/keluargasehat/app/Views/admin/layout/wrapper.php')
 5 SYSTEMPATH/View/View.php(227): CodeIgniter\View\View->CodeIgniter\View\{closure}()
 6 SYSTEMPATH/Common.php(1176): CodeIgniter\View\View->render('admin/layout/wrapper', [], true)
 7 APPPATH/Controllers/Admin/Vaccine_location.php(41): view('admin/layout/wrapper', [...])
 8 SYSTEMPATH/CodeIgniter.php(932): App\Controllers\Admin\Vaccine_location->index()
 9 SYSTEMPATH/CodeIgniter.php(497): CodeIgniter\CodeIgniter->runController(Object(App\Controllers\Admin\Vaccine_location))
10 SYSTEMPATH/CodeIgniter.php(366): CodeIgniter\CodeIgniter->handleRequest(null, Object(Config\Cache), false)
11 FCPATH/index.php(67): CodeIgniter\CodeIgniter->run()
12 ROOTPATH/index.php(6): require_once('/Applications/MAMP/htdocs/keluargasehat/public/index.php')
CRITICAL - 2023-09-16 12:18:47 --> Undefined property: stdClass::$vaccine_location_origin
in APPPATH/Views/admin/vaccine_location/index.php on line 17.
 1 APPPATH/Views/admin/vaccine_location/index.php(17): CodeIgniter\Debug\Exceptions->errorHandler(8, 'Undefined property: stdClass::$vaccine_location_origin', '/Applications/MAMP/htdocs/keluargasehat/app/Views/admin/vaccine_location/index.php', 17, [...])
 2 SYSTEMPATH/View/View.php(224): include('/Applications/MAMP/htdocs/keluargasehat/app/Views/admin/vaccine_location/index.php')
 3 SYSTEMPATH/View/View.php(227): CodeIgniter\View\View->CodeIgniter\View\{closure}()
 4 SYSTEMPATH/Common.php(1176): CodeIgniter\View\View->render('admin/vaccine_location/index', [], true)
 5 APPPATH/Views/admin/layout/wrapper.php(13): view('admin/vaccine_location/index')
 6 SYSTEMPATH/View/View.php(224): include('/Applications/MAMP/htdocs/keluargasehat/app/Views/admin/layout/wrapper.php')
 7 SYSTEMPATH/View/View.php(227): CodeIgniter\View\View->CodeIgniter\View\{closure}()
 8 SYSTEMPATH/Common.php(1176): CodeIgniter\View\View->render('admin/layout/wrapper', [], true)
 9 APPPATH/Controllers/Admin/Vaccine_location.php(41): view('admin/layout/wrapper', [...])
10 SYSTEMPATH/CodeIgniter.php(932): App\Controllers\Admin\Vaccine_location->index()
11 SYSTEMPATH/CodeIgniter.php(497): CodeIgniter\CodeIgniter->runController(Object(App\Controllers\Admin\Vaccine_location))
12 SYSTEMPATH/CodeIgniter.php(366): CodeIgniter\CodeIgniter->handleRequest(null, Object(Config\Cache), false)
13 FCPATH/index.php(67): CodeIgniter\CodeIgniter->run()
14 ROOTPATH/index.php(6): require_once('/Applications/MAMP/htdocs/keluargasehat/public/index.php')
