CRITICAL - 2022-09-06 06:52:33 --> Trying to get property 'email' of non-object
in APPPATH/Views/admin/user/index.php on line 19.
 1 APPPATH/Views/admin/user/index.php(19): CodeIgniter\Debug\Exceptions->errorHandler(8, 'Trying to get property \'email\' of non-object', 'APPPATH/Views/admin/user/index.php', 19, [...])
 2 SYSTEMPATH/View/View.php(213): include('APPPATH/Views/admin/user/index.php')
 3 SYSTEMPATH/View/View.php(216): CodeIgniter\View\View->CodeIgniter\View\{closure}()
 4 SYSTEMPATH/Common.php(1142): CodeIgniter\View\View->render('admin/user/index', [], true)
 5 APPPATH/Views/admin/layout/wrapper.php(13): view('admin/user/index')
 6 SYSTEMPATH/View/View.php(213): include('APPPATH/Views/admin/layout/wrapper.php')
 7 SYSTEMPATH/View/View.php(216): CodeIgniter\View\View->CodeIgniter\View\{closure}()
 8 SYSTEMPATH/Common.php(1142): CodeIgniter\View\View->render('admin/layout/wrapper', [], true)
 9 APPPATH/Controllers/Admin/User.php(41): view('admin/layout/wrapper', [...])
10 SYSTEMPATH/CodeIgniter.php(907): App\Controllers\Admin\User->index()
11 SYSTEMPATH/CodeIgniter.php(457): CodeIgniter\CodeIgniter->runController(Object(App\Controllers\Admin\User))
12 SYSTEMPATH/CodeIgniter.php(340): CodeIgniter\CodeIgniter->handleRequest(null, Object(Config\Cache), false)
13 FCPATH/index.php(67): CodeIgniter\CodeIgniter->run()
14 ROOTPATH/index.php(6): require_once('FCPATH/index.php')
CRITICAL - 2022-09-06 06:53:23 --> syntax error, unexpected '']) ?>" class="btn btn-success' (T_CONSTANT_ENCAPSED_STRING), expecting ')'
in APPPATH/Views/admin/user/index.php on line 23.
 1 SYSTEMPATH/View/View.php(216): CodeIgniter\View\View->CodeIgniter\View\{closure}()
 2 SYSTEMPATH/Common.php(1142): CodeIgniter\View\View->render('admin/user/index', [], true)
 3 APPPATH/Views/admin/layout/wrapper.php(13): view('admin/user/index')
 4 SYSTEMPATH/View/View.php(213): include('APPPATH/Views/admin/layout/wrapper.php')
 5 SYSTEMPATH/View/View.php(216): CodeIgniter\View\View->CodeIgniter\View\{closure}()
 6 SYSTEMPATH/Common.php(1142): CodeIgniter\View\View->render('admin/layout/wrapper', [], true)
 7 APPPATH/Controllers/Admin/User.php(41): view('admin/layout/wrapper', [...])
 8 SYSTEMPATH/CodeIgniter.php(907): App\Controllers\Admin\User->index()
 9 SYSTEMPATH/CodeIgniter.php(457): CodeIgniter\CodeIgniter->runController(Object(App\Controllers\Admin\User))
10 SYSTEMPATH/CodeIgniter.php(340): CodeIgniter\CodeIgniter->handleRequest(null, Object(Config\Cache), false)
11 FCPATH/index.php(67): CodeIgniter\CodeIgniter->run()
12 ROOTPATH/index.php(6): require_once('FCPATH/index.php')
CRITICAL - 2022-09-06 06:53:38 --> Trying to get property 'nama' of non-object
in APPPATH/Views/admin/user/index.php on line 17.
 1 APPPATH/Views/admin/user/index.php(17): CodeIgniter\Debug\Exceptions->errorHandler(8, 'Trying to get property \'nama\' of non-object', 'APPPATH/Views/admin/user/index.php', 17, [...])
 2 SYSTEMPATH/View/View.php(213): include('APPPATH/Views/admin/user/index.php')
 3 SYSTEMPATH/View/View.php(216): CodeIgniter\View\View->CodeIgniter\View\{closure}()
 4 SYSTEMPATH/Common.php(1142): CodeIgniter\View\View->render('admin/user/index', [], true)
 5 APPPATH/Views/admin/layout/wrapper.php(13): view('admin/user/index')
 6 SYSTEMPATH/View/View.php(213): include('APPPATH/Views/admin/layout/wrapper.php')
 7 SYSTEMPATH/View/View.php(216): CodeIgniter\View\View->CodeIgniter\View\{closure}()
 8 SYSTEMPATH/Common.php(1142): CodeIgniter\View\View->render('admin/layout/wrapper', [], true)
 9 APPPATH/Controllers/Admin/User.php(41): view('admin/layout/wrapper', [...])
10 SYSTEMPATH/CodeIgniter.php(907): App\Controllers\Admin\User->index()
11 SYSTEMPATH/CodeIgniter.php(457): CodeIgniter\CodeIgniter->runController(Object(App\Controllers\Admin\User))
12 SYSTEMPATH/CodeIgniter.php(340): CodeIgniter\CodeIgniter->handleRequest(null, Object(Config\Cache), false)
13 FCPATH/index.php(67): CodeIgniter\CodeIgniter->run()
14 ROOTPATH/index.php(6): require_once('FCPATH/index.php')
CRITICAL - 2022-09-06 06:55:44 --> There is no data to insert.
in SYSTEMPATH/BaseModel.php on line 718.
 1 SYSTEMPATH/BaseModel.php(718): CodeIgniter\Database\Exceptions\DataException::forEmptyDataset('insert')
 2 SYSTEMPATH/Model.php(667): CodeIgniter\BaseModel->insert([], false)
 3 SYSTEMPATH/BaseModel.php(658): CodeIgniter\Model->insert([...], false)
 4 APPPATH/Controllers/Admin/User.php(32): CodeIgniter\BaseModel->save([...])
 5 SYSTEMPATH/CodeIgniter.php(907): App\Controllers\Admin\User->index()
 6 SYSTEMPATH/CodeIgniter.php(457): CodeIgniter\CodeIgniter->runController(Object(App\Controllers\Admin\User))
 7 SYSTEMPATH/CodeIgniter.php(340): CodeIgniter\CodeIgniter->handleRequest(null, Object(Config\Cache), false)
 8 FCPATH/index.php(67): CodeIgniter\CodeIgniter->run()
 9 ROOTPATH/index.php(6): require_once('FCPATH/index.php')
CRITICAL - 2022-09-06 06:57:38 --> Trying to get property 'email' of non-object
in APPPATH/Views/admin/user/edit.php on line 16.
 1 APPPATH/Views/admin/user/edit.php(16): CodeIgniter\Debug\Exceptions->errorHandler(8, 'Trying to get property \'email\' of non-object', 'APPPATH/Views/admin/user/edit.php', 16, [...])
 2 SYSTEMPATH/View/View.php(213): include('APPPATH/Views/admin/user/edit.php')
 3 SYSTEMPATH/View/View.php(216): CodeIgniter\View\View->CodeIgniter\View\{closure}()
 4 SYSTEMPATH/Common.php(1142): CodeIgniter\View\View->render('admin/user/edit', [], true)
 5 APPPATH/Views/admin/layout/wrapper.php(13): view('admin/user/edit')
 6 SYSTEMPATH/View/View.php(213): include('APPPATH/Views/admin/layout/wrapper.php')
 7 SYSTEMPATH/View/View.php(216): CodeIgniter\View\View->CodeIgniter\View\{closure}()
 8 SYSTEMPATH/Common.php(1142): CodeIgniter\View\View->render('admin/layout/wrapper', [], true)
 9 APPPATH/Controllers/Admin/User.php(81): view('admin/layout/wrapper', [...])
10 SYSTEMPATH/CodeIgniter.php(907): App\Controllers\Admin\User->edit('5')
11 SYSTEMPATH/CodeIgniter.php(457): CodeIgniter\CodeIgniter->runController(Object(App\Controllers\Admin\User))
12 SYSTEMPATH/CodeIgniter.php(340): CodeIgniter\CodeIgniter->handleRequest(null, Object(Config\Cache), false)
13 FCPATH/index.php(67): CodeIgniter\CodeIgniter->run()
14 ROOTPATH/index.php(6): require_once('FCPATH/index.php')
CRITICAL - 2022-09-06 06:57:39 --> Trying to access array offset on value of type null
in APPPATH/Controllers/Admin/User.php on line 77.
 1 APPPATH/Controllers/Admin/User.php(77): CodeIgniter\Debug\Exceptions->errorHandler(8, 'Trying to access array offset on value of type null', 'APPPATH/Controllers/Admin/User.php', 77, [...])
 2 SYSTEMPATH/CodeIgniter.php(907): App\Controllers\Admin\User->edit('ajax.php')
 3 SYSTEMPATH/CodeIgniter.php(457): CodeIgniter\CodeIgniter->runController(Object(App\Controllers\Admin\User))
 4 SYSTEMPATH/CodeIgniter.php(340): CodeIgniter\CodeIgniter->handleRequest(null, Object(Config\Cache), false)
 5 FCPATH/index.php(67): CodeIgniter\CodeIgniter->run()
 6 ROOTPATH/index.php(6): require_once('FCPATH/index.php')
CRITICAL - 2022-09-06 06:58:52 --> Trying to get property 'nama' of non-object
in APPPATH/Controllers/Admin/User.php on line 77.
 1 APPPATH/Controllers/Admin/User.php(77): CodeIgniter\Debug\Exceptions->errorHandler(8, 'Trying to get property \'nama\' of non-object', 'APPPATH/Controllers/Admin/User.php', 77, [...])
 2 SYSTEMPATH/CodeIgniter.php(907): App\Controllers\Admin\User->edit('5')
 3 SYSTEMPATH/CodeIgniter.php(457): CodeIgniter\CodeIgniter->runController(Object(App\Controllers\Admin\User))
 4 SYSTEMPATH/CodeIgniter.php(340): CodeIgniter\CodeIgniter->handleRequest(null, Object(Config\Cache), false)
 5 FCPATH/index.php(67): CodeIgniter\CodeIgniter->run()
 6 ROOTPATH/index.php(6): require_once('FCPATH/index.php')
CRITICAL - 2022-09-06 06:58:52 --> Trying to get property 'nama' of non-object
in APPPATH/Controllers/Admin/User.php on line 77.
 1 APPPATH/Controllers/Admin/User.php(77): CodeIgniter\Debug\Exceptions->errorHandler(8, 'Trying to get property \'nama\' of non-object', 'APPPATH/Controllers/Admin/User.php', 77, [...])
 2 SYSTEMPATH/CodeIgniter.php(907): App\Controllers\Admin\User->edit('ajax.php')
 3 SYSTEMPATH/CodeIgniter.php(457): CodeIgniter\CodeIgniter->runController(Object(App\Controllers\Admin\User))
 4 SYSTEMPATH/CodeIgniter.php(340): CodeIgniter\CodeIgniter->handleRequest(null, Object(Config\Cache), false)
 5 FCPATH/index.php(67): CodeIgniter\CodeIgniter->run()
 6 ROOTPATH/index.php(6): require_once('FCPATH/index.php')
CRITICAL - 2022-09-06 06:59:06 --> Trying to get property 'nama' of non-object
in APPPATH/Controllers/Admin/User.php on line 77.
 1 APPPATH/Controllers/Admin/User.php(77): CodeIgniter\Debug\Exceptions->errorHandler(8, 'Trying to get property \'nama\' of non-object', 'APPPATH/Controllers/Admin/User.php', 77, [...])
 2 SYSTEMPATH/CodeIgniter.php(907): App\Controllers\Admin\User->edit('ajax.php')
 3 SYSTEMPATH/CodeIgniter.php(457): CodeIgniter\CodeIgniter->runController(Object(App\Controllers\Admin\User))
 4 SYSTEMPATH/CodeIgniter.php(340): CodeIgniter\CodeIgniter->handleRequest(null, Object(Config\Cache), false)
 5 FCPATH/index.php(67): CodeIgniter\CodeIgniter->run()
 6 ROOTPATH/index.php(6): require_once('FCPATH/index.php')
CRITICAL - 2022-09-06 07:00:04 --> Trying to get property 'nama' of non-object
in APPPATH/Controllers/Admin/User.php on line 77.
 1 APPPATH/Controllers/Admin/User.php(77): CodeIgniter\Debug\Exceptions->errorHandler(8, 'Trying to get property \'nama\' of non-object', 'APPPATH/Controllers/Admin/User.php', 77, [...])
 2 SYSTEMPATH/CodeIgniter.php(907): App\Controllers\Admin\User->edit('ajax.php')
 3 SYSTEMPATH/CodeIgniter.php(457): CodeIgniter\CodeIgniter->runController(Object(App\Controllers\Admin\User))
 4 SYSTEMPATH/CodeIgniter.php(340): CodeIgniter\CodeIgniter->handleRequest(null, Object(Config\Cache), false)
 5 FCPATH/index.php(67): CodeIgniter\CodeIgniter->run()
 6 ROOTPATH/index.php(6): require_once('FCPATH/index.php')
CRITICAL - 2022-09-06 07:00:09 --> There is no data to update.
in SYSTEMPATH/BaseModel.php on line 846.
 1 SYSTEMPATH/BaseModel.php(846): CodeIgniter\Database\Exceptions\DataException::forEmptyDataset('update')
 2 SYSTEMPATH/Model.php(693): CodeIgniter\BaseModel->update([...], [])
 3 APPPATH/Controllers/Admin/User.php(72): CodeIgniter\Model->update('5', [...])
 4 SYSTEMPATH/CodeIgniter.php(907): App\Controllers\Admin\User->edit('5')
 5 SYSTEMPATH/CodeIgniter.php(457): CodeIgniter\CodeIgniter->runController(Object(App\Controllers\Admin\User))
 6 SYSTEMPATH/CodeIgniter.php(340): CodeIgniter\CodeIgniter->handleRequest(null, Object(Config\Cache), false)
 7 FCPATH/index.php(67): CodeIgniter\CodeIgniter->run()
 8 ROOTPATH/index.php(6): require_once('FCPATH/index.php')
CRITICAL - 2022-09-06 07:00:09 --> Trying to get property 'nama' of non-object
in APPPATH/Controllers/Admin/User.php on line 77.
 1 APPPATH/Controllers/Admin/User.php(77): CodeIgniter\Debug\Exceptions->errorHandler(8, 'Trying to get property \'nama\' of non-object', 'APPPATH/Controllers/Admin/User.php', 77, [...])
 2 SYSTEMPATH/CodeIgniter.php(907): App\Controllers\Admin\User->edit('ajax.php')
 3 SYSTEMPATH/CodeIgniter.php(457): CodeIgniter\CodeIgniter->runController(Object(App\Controllers\Admin\User))
 4 SYSTEMPATH/CodeIgniter.php(340): CodeIgniter\CodeIgniter->handleRequest(null, Object(Config\Cache), false)
 5 FCPATH/index.php(67): CodeIgniter\CodeIgniter->run()
 6 ROOTPATH/index.php(6): require_once('FCPATH/index.php')
CRITICAL - 2022-09-06 07:00:54 --> Illegal string offset 'id_user'
in APPPATH/Models/User_model.php on line 64.
 1 APPPATH/Models/User_model.php(64): CodeIgniter\Debug\Exceptions->errorHandler(2, 'Illegal string offset \'id_user\'', 'APPPATH/Models/User_model.php', 64, [...])
 2 APPPATH/Controllers/Admin/User.php(74): App\Models\User_model->edit('5', [...])
 3 SYSTEMPATH/CodeIgniter.php(907): App\Controllers\Admin\User->edit('5')
 4 SYSTEMPATH/CodeIgniter.php(457): CodeIgniter\CodeIgniter->runController(Object(App\Controllers\Admin\User))
 5 SYSTEMPATH/CodeIgniter.php(340): CodeIgniter\CodeIgniter->handleRequest(null, Object(Config\Cache), false)
 6 FCPATH/index.php(67): CodeIgniter\CodeIgniter->run()
 7 ROOTPATH/index.php(6): require_once('FCPATH/index.php')
CRITICAL - 2022-09-06 07:00:55 --> Trying to get property 'nama' of non-object
in APPPATH/Controllers/Admin/User.php on line 79.
 1 APPPATH/Controllers/Admin/User.php(79): CodeIgniter\Debug\Exceptions->errorHandler(8, 'Trying to get property \'nama\' of non-object', 'APPPATH/Controllers/Admin/User.php', 79, [...])
 2 SYSTEMPATH/CodeIgniter.php(907): App\Controllers\Admin\User->edit('ajax.php')
 3 SYSTEMPATH/CodeIgniter.php(457): CodeIgniter\CodeIgniter->runController(Object(App\Controllers\Admin\User))
 4 SYSTEMPATH/CodeIgniter.php(340): CodeIgniter\CodeIgniter->handleRequest(null, Object(Config\Cache), false)
 5 FCPATH/index.php(67): CodeIgniter\CodeIgniter->run()
 6 ROOTPATH/index.php(6): require_once('FCPATH/index.php')
CRITICAL - 2022-09-06 07:06:06 --> Class 'App\Models\Kategori_model' not found
in APPPATH/Controllers/Admin/Berita.php on line 17.
 1 SYSTEMPATH/CodeIgniter.php(907): App\Controllers\Admin\Berita->index()
 2 SYSTEMPATH/CodeIgniter.php(457): CodeIgniter\CodeIgniter->runController(Object(App\Controllers\Admin\Berita))
 3 SYSTEMPATH/CodeIgniter.php(340): CodeIgniter\CodeIgniter->handleRequest(null, Object(Config\Cache), false)
 4 FCPATH/index.php(67): CodeIgniter\CodeIgniter->run()
 5 ROOTPATH/index.php(6): require_once('FCPATH/index.php')
CRITICAL - 2022-09-06 07:06:31 --> Class 'App\Models\Kategori_model' not found
in APPPATH/Controllers/Admin/Kategori.php on line 14.
 1 SYSTEMPATH/CodeIgniter.php(907): App\Controllers\Admin\Kategori->index()
 2 SYSTEMPATH/CodeIgniter.php(457): CodeIgniter\CodeIgniter->runController(Object(App\Controllers\Admin\Kategori))
 3 SYSTEMPATH/CodeIgniter.php(340): CodeIgniter\CodeIgniter->handleRequest(null, Object(Config\Cache), false)
 4 FCPATH/index.php(67): CodeIgniter\CodeIgniter->run()
 5 ROOTPATH/index.php(6): require_once('FCPATH/index.php')
CRITICAL - 2022-09-06 07:07:23 --> Cannot use object of type stdClass as array
in APPPATH/Controllers/Admin/Kategori.php on line 35.
 1 SYSTEMPATH/CodeIgniter.php(907): App\Controllers\Admin\Kategori->index()
 2 SYSTEMPATH/CodeIgniter.php(457): CodeIgniter\CodeIgniter->runController(Object(App\Controllers\Admin\Kategori))
 3 SYSTEMPATH/CodeIgniter.php(340): CodeIgniter\CodeIgniter->handleRequest(null, Object(Config\Cache), false)
 4 FCPATH/index.php(67): CodeIgniter\CodeIgniter->run()
 5 ROOTPATH/index.php(6): require_once('FCPATH/index.php')
CRITICAL - 2022-09-06 07:08:04 --> Cannot use object of type stdClass as array
in APPPATH/Views/admin/kategori/index.php on line 16.
 1 SYSTEMPATH/View/View.php(213): include()
 2 SYSTEMPATH/View/View.php(216): CodeIgniter\View\View->CodeIgniter\View\{closure}()
 3 SYSTEMPATH/Common.php(1142): CodeIgniter\View\View->render('admin/kategori/index', [], true)
 4 APPPATH/Views/admin/layout/wrapper.php(13): view('admin/kategori/index')
 5 SYSTEMPATH/View/View.php(213): include('APPPATH/Views/admin/layout/wrapper.php')
 6 SYSTEMPATH/View/View.php(216): CodeIgniter\View\View->CodeIgniter\View\{closure}()
 7 SYSTEMPATH/Common.php(1142): CodeIgniter\View\View->render('admin/layout/wrapper', [], true)
 8 APPPATH/Controllers/Admin/Kategori.php(39): view('admin/layout/wrapper', [...])
 9 SYSTEMPATH/CodeIgniter.php(907): App\Controllers\Admin\Kategori->index()
10 SYSTEMPATH/CodeIgniter.php(457): CodeIgniter\CodeIgniter->runController(Object(App\Controllers\Admin\Kategori))
11 SYSTEMPATH/CodeIgniter.php(340): CodeIgniter\CodeIgniter->handleRequest(null, Object(Config\Cache), false)
12 FCPATH/index.php(67): CodeIgniter\CodeIgniter->run()
13 ROOTPATH/index.php(6): require_once('FCPATH/index.php')
CRITICAL - 2022-09-06 07:09:06 --> syntax error, unexpected '']) ?>" class="btn btn-success' (T_CONSTANT_ENCAPSED_STRING), expecting ')'
in APPPATH/Views/admin/kategori/index.php on line 21.
 1 SYSTEMPATH/View/View.php(216): CodeIgniter\View\View->CodeIgniter\View\{closure}()
 2 SYSTEMPATH/Common.php(1142): CodeIgniter\View\View->render('admin/kategori/index', [], true)
 3 APPPATH/Views/admin/layout/wrapper.php(13): view('admin/kategori/index')
 4 SYSTEMPATH/View/View.php(213): include('APPPATH/Views/admin/layout/wrapper.php')
 5 SYSTEMPATH/View/View.php(216): CodeIgniter\View\View->CodeIgniter\View\{closure}()
 6 SYSTEMPATH/Common.php(1142): CodeIgniter\View\View->render('admin/layout/wrapper', [], true)
 7 APPPATH/Controllers/Admin/Kategori.php(39): view('admin/layout/wrapper', [...])
 8 SYSTEMPATH/CodeIgniter.php(907): App\Controllers\Admin\Kategori->index()
 9 SYSTEMPATH/CodeIgniter.php(457): CodeIgniter\CodeIgniter->runController(Object(App\Controllers\Admin\Kategori))
10 SYSTEMPATH/CodeIgniter.php(340): CodeIgniter\CodeIgniter->handleRequest(null, Object(Config\Cache), false)
11 FCPATH/index.php(67): CodeIgniter\CodeIgniter->run()
12 ROOTPATH/index.php(6): require_once('FCPATH/index.php')
CRITICAL - 2022-09-06 07:10:19 --> Cannot use object of type stdClass as array
in APPPATH/Controllers/Admin/Kategori.php on line 68.
 1 SYSTEMPATH/CodeIgniter.php(907): App\Controllers\Admin\Kategori->edit('10')
 2 SYSTEMPATH/CodeIgniter.php(457): CodeIgniter\CodeIgniter->runController(Object(App\Controllers\Admin\Kategori))
 3 SYSTEMPATH/CodeIgniter.php(340): CodeIgniter\CodeIgniter->handleRequest(null, Object(Config\Cache), false)
 4 FCPATH/index.php(67): CodeIgniter\CodeIgniter->run()
 5 ROOTPATH/index.php(6): require_once('FCPATH/index.php')
CRITICAL - 2022-09-06 07:10:19 --> Trying to access array offset on value of type null
in APPPATH/Controllers/Admin/Kategori.php on line 68.
 1 APPPATH/Controllers/Admin/Kategori.php(68): CodeIgniter\Debug\Exceptions->errorHandler(8, 'Trying to access array offset on value of type null', 'APPPATH/Controllers/Admin/Kategori.php', 68, [...])
 2 SYSTEMPATH/CodeIgniter.php(907): App\Controllers\Admin\Kategori->edit('ajax.php')
 3 SYSTEMPATH/CodeIgniter.php(457): CodeIgniter\CodeIgniter->runController(Object(App\Controllers\Admin\Kategori))
 4 SYSTEMPATH/CodeIgniter.php(340): CodeIgniter\CodeIgniter->handleRequest(null, Object(Config\Cache), false)
 5 FCPATH/index.php(67): CodeIgniter\CodeIgniter->run()
 6 ROOTPATH/index.php(6): require_once('FCPATH/index.php')
CRITICAL - 2022-09-06 07:10:36 --> Cannot use object of type stdClass as array
in APPPATH/Controllers/Admin/Kategori.php on line 68.
 1 SYSTEMPATH/CodeIgniter.php(907): App\Controllers\Admin\Kategori->edit('10')
 2 SYSTEMPATH/CodeIgniter.php(457): CodeIgniter\CodeIgniter->runController(Object(App\Controllers\Admin\Kategori))
 3 SYSTEMPATH/CodeIgniter.php(340): CodeIgniter\CodeIgniter->handleRequest(null, Object(Config\Cache), false)
 4 FCPATH/index.php(67): CodeIgniter\CodeIgniter->run()
 5 ROOTPATH/index.php(6): require_once('FCPATH/index.php')
CRITICAL - 2022-09-06 07:10:36 --> Trying to access array offset on value of type null
in APPPATH/Controllers/Admin/Kategori.php on line 68.
 1 APPPATH/Controllers/Admin/Kategori.php(68): CodeIgniter\Debug\Exceptions->errorHandler(8, 'Trying to access array offset on value of type null', 'APPPATH/Controllers/Admin/Kategori.php', 68, [...])
 2 SYSTEMPATH/CodeIgniter.php(907): App\Controllers\Admin\Kategori->edit('ajax.php')
 3 SYSTEMPATH/CodeIgniter.php(457): CodeIgniter\CodeIgniter->runController(Object(App\Controllers\Admin\Kategori))
 4 SYSTEMPATH/CodeIgniter.php(340): CodeIgniter\CodeIgniter->handleRequest(null, Object(Config\Cache), false)
 5 FCPATH/index.php(67): CodeIgniter\CodeIgniter->run()
 6 ROOTPATH/index.php(6): require_once('FCPATH/index.php')
CRITICAL - 2022-09-06 07:11:30 --> Trying to get property 'nama_kategori' of non-object
in APPPATH/Controllers/Admin/Kategori.php on line 69.
 1 APPPATH/Controllers/Admin/Kategori.php(69): CodeIgniter\Debug\Exceptions->errorHandler(8, 'Trying to get property \'nama_kategori\' of non-object', 'APPPATH/Controllers/Admin/Kategori.php', 69, [...])
 2 SYSTEMPATH/CodeIgniter.php(907): App\Controllers\Admin\Kategori->edit('ajax.php')
 3 SYSTEMPATH/CodeIgniter.php(457): CodeIgniter\CodeIgniter->runController(Object(App\Controllers\Admin\Kategori))
 4 SYSTEMPATH/CodeIgniter.php(340): CodeIgniter\CodeIgniter->handleRequest(null, Object(Config\Cache), false)
 5 FCPATH/index.php(67): CodeIgniter\CodeIgniter->run()
 6 ROOTPATH/index.php(6): require_once('FCPATH/index.php')
CRITICAL - 2022-09-06 07:12:24 --> syntax error, unexpected 'admin' (T_STRING), expecting ']'
in APPPATH/Views/admin/berita/index.php on line 27.
 1 SYSTEMPATH/View/View.php(216): CodeIgniter\View\View->CodeIgniter\View\{closure}()
 2 SYSTEMPATH/Common.php(1142): CodeIgniter\View\View->render('admin/berita/index', [], true)
 3 APPPATH/Views/admin/layout/wrapper.php(13): view('admin/berita/index')
 4 SYSTEMPATH/View/View.php(213): include('APPPATH/Views/admin/layout/wrapper.php')
 5 SYSTEMPATH/View/View.php(216): CodeIgniter\View\View->CodeIgniter\View\{closure}()
 6 SYSTEMPATH/Common.php(1142): CodeIgniter\View\View->render('admin/layout/wrapper', [], true)
 7 APPPATH/Controllers/Admin/Berita.php(25): view('admin/layout/wrapper', [...])
 8 SYSTEMPATH/CodeIgniter.php(907): App\Controllers\Admin\Berita->index()
 9 SYSTEMPATH/CodeIgniter.php(457): CodeIgniter\CodeIgniter->runController(Object(App\Controllers\Admin\Berita))
10 SYSTEMPATH/CodeIgniter.php(340): CodeIgniter\CodeIgniter->handleRequest(null, Object(Config\Cache), false)
11 FCPATH/index.php(67): CodeIgniter\CodeIgniter->run()
12 ROOTPATH/index.php(6): require_once('FCPATH/index.php')
CRITICAL - 2022-09-06 07:13:12 --> Trying to get property 'gambar' of non-object
in APPPATH/Views/admin/berita/index.php on line 23.
 1 APPPATH/Views/admin/berita/index.php(23): CodeIgniter\Debug\Exceptions->errorHandler(8, 'Trying to get property \'gambar\' of non-object', 'APPPATH/Views/admin/berita/index.php', 23, [...])
 2 SYSTEMPATH/View/View.php(213): include('APPPATH/Views/admin/berita/index.php')
 3 SYSTEMPATH/View/View.php(216): CodeIgniter\View\View->CodeIgniter\View\{closure}()
 4 SYSTEMPATH/Common.php(1142): CodeIgniter\View\View->render('admin/berita/index', [], true)
 5 APPPATH/Views/admin/layout/wrapper.php(13): view('admin/berita/index')
 6 SYSTEMPATH/View/View.php(213): include('APPPATH/Views/admin/layout/wrapper.php')
 7 SYSTEMPATH/View/View.php(216): CodeIgniter\View\View->CodeIgniter\View\{closure}()
 8 SYSTEMPATH/Common.php(1142): CodeIgniter\View\View->render('admin/layout/wrapper', [], true)
 9 APPPATH/Controllers/Admin/Berita.php(25): view('admin/layout/wrapper', [...])
10 SYSTEMPATH/CodeIgniter.php(907): App\Controllers\Admin\Berita->index()
11 SYSTEMPATH/CodeIgniter.php(457): CodeIgniter\CodeIgniter->runController(Object(App\Controllers\Admin\Berita))
12 SYSTEMPATH/CodeIgniter.php(340): CodeIgniter\CodeIgniter->handleRequest(null, Object(Config\Cache), false)
13 FCPATH/index.php(67): CodeIgniter\CodeIgniter->run()
14 ROOTPATH/index.php(6): require_once('FCPATH/index.php')
CRITICAL - 2022-09-06 07:13:52 --> Call to undefined function tanggal_bulan_menit()
in APPPATH/Views/admin/berita/index.php on line 33.
 1 SYSTEMPATH/View/View.php(213): include()
 2 SYSTEMPATH/View/View.php(216): CodeIgniter\View\View->CodeIgniter\View\{closure}()
 3 SYSTEMPATH/Common.php(1142): CodeIgniter\View\View->render('admin/berita/index', [], true)
 4 APPPATH/Views/admin/layout/wrapper.php(13): view('admin/berita/index')
 5 SYSTEMPATH/View/View.php(213): include('APPPATH/Views/admin/layout/wrapper.php')
 6 SYSTEMPATH/View/View.php(216): CodeIgniter\View\View->CodeIgniter\View\{closure}()
 7 SYSTEMPATH/Common.php(1142): CodeIgniter\View\View->render('admin/layout/wrapper', [], true)
 8 APPPATH/Controllers/Admin/Berita.php(25): view('admin/layout/wrapper', [...])
 9 SYSTEMPATH/CodeIgniter.php(907): App\Controllers\Admin\Berita->index()
10 SYSTEMPATH/CodeIgniter.php(457): CodeIgniter\CodeIgniter->runController(Object(App\Controllers\Admin\Berita))
11 SYSTEMPATH/CodeIgniter.php(340): CodeIgniter\CodeIgniter->handleRequest(null, Object(Config\Cache), false)
12 FCPATH/index.php(67): CodeIgniter\CodeIgniter->run()
13 ROOTPATH/index.php(6): require_once('FCPATH/index.php')
CRITICAL - 2022-09-06 07:15:00 --> Call to undefined function tanggal_bulan_menit()
in APPPATH/Views/admin/berita/index.php on line 33.
 1 SYSTEMPATH/View/View.php(213): include()
 2 SYSTEMPATH/View/View.php(216): CodeIgniter\View\View->CodeIgniter\View\{closure}()
 3 SYSTEMPATH/Common.php(1142): CodeIgniter\View\View->render('admin/berita/index', [], true)
 4 APPPATH/Views/admin/layout/wrapper.php(13): view('admin/berita/index')
 5 SYSTEMPATH/View/View.php(213): include('APPPATH/Views/admin/layout/wrapper.php')
 6 SYSTEMPATH/View/View.php(216): CodeIgniter\View\View->CodeIgniter\View\{closure}()
 7 SYSTEMPATH/Common.php(1142): CodeIgniter\View\View->render('admin/layout/wrapper', [], true)
 8 APPPATH/Controllers/Admin/Berita.php(25): view('admin/layout/wrapper', [...])
 9 SYSTEMPATH/CodeIgniter.php(907): App\Controllers\Admin\Berita->index()
10 SYSTEMPATH/CodeIgniter.php(457): CodeIgniter\CodeIgniter->runController(Object(App\Controllers\Admin\Berita))
11 SYSTEMPATH/CodeIgniter.php(340): CodeIgniter\CodeIgniter->handleRequest(null, Object(Config\Cache), false)
12 FCPATH/index.php(67): CodeIgniter\CodeIgniter->run()
13 ROOTPATH/index.php(6): require_once('FCPATH/index.php')
CRITICAL - 2022-09-06 07:16:50 --> syntax error, unexpected ';', expecting ')'
in APPPATH/Libraries/Website.php on line 327.
 1 SYSTEMPATH/Autoloader/Autoloader.php(259): CodeIgniter\Autoloader\Autoloader->includeFile('APPPATH/Libraries/Website.php')
 2 SYSTEMPATH/Autoloader/Autoloader.php(237): CodeIgniter\Autoloader\Autoloader->loadInNamespace('App\\Libraries\\Website')
 3 [internal function]: CodeIgniter\Autoloader\Autoloader->loadClass('App\\Libraries\\Website')
 4 APPPATH/Controllers/Admin/BaseController.php(58): spl_autoload_call('App\\Libraries\\Website')
 5 SYSTEMPATH/CodeIgniter.php(870): App\Controllers\Admin\BaseController->initController(Object(CodeIgniter\HTTP\IncomingRequest), Object(CodeIgniter\HTTP\Response), Object(CodeIgniter\Log\Logger))
 6 SYSTEMPATH/CodeIgniter.php(448): CodeIgniter\CodeIgniter->createController()
 7 SYSTEMPATH/CodeIgniter.php(340): CodeIgniter\CodeIgniter->handleRequest(null, Object(Config\Cache), false)
 8 FCPATH/index.php(67): CodeIgniter\CodeIgniter->run()
 9 ROOTPATH/index.php(6): require_once('FCPATH/index.php')
CRITICAL - 2022-09-06 07:24:15 --> Undefined variable: id_kategori
in APPPATH/Controllers/Admin/Berita.php on line 67.
 1 APPPATH/Controllers/Admin/Berita.php(67): CodeIgniter\Debug\Exceptions->errorHandler(8, 'Undefined variable: id_kategori', 'APPPATH/Controllers/Admin/Berita.php', 67, [...])
 2 SYSTEMPATH/CodeIgniter.php(907): App\Controllers\Admin\Berita->status_berita('Publish')
 3 SYSTEMPATH/CodeIgniter.php(457): CodeIgniter\CodeIgniter->runController(Object(App\Controllers\Admin\Berita))
 4 SYSTEMPATH/CodeIgniter.php(340): CodeIgniter\CodeIgniter->handleRequest(null, Object(Config\Cache), false)
 5 FCPATH/index.php(67): CodeIgniter\CodeIgniter->run()
 6 ROOTPATH/index.php(6): require_once('FCPATH/index.php')
CRITICAL - 2022-09-06 07:24:15 --> Undefined variable: id_kategori
in APPPATH/Controllers/Admin/Berita.php on line 67.
 1 APPPATH/Controllers/Admin/Berita.php(67): CodeIgniter\Debug\Exceptions->errorHandler(8, 'Undefined variable: id_kategori', 'APPPATH/Controllers/Admin/Berita.php', 67, [...])
 2 SYSTEMPATH/CodeIgniter.php(907): App\Controllers\Admin\Berita->status_berita('ajax.php')
 3 SYSTEMPATH/CodeIgniter.php(457): CodeIgniter\CodeIgniter->runController(Object(App\Controllers\Admin\Berita))
 4 SYSTEMPATH/CodeIgniter.php(340): CodeIgniter\CodeIgniter->handleRequest(null, Object(Config\Cache), false)
 5 FCPATH/index.php(67): CodeIgniter\CodeIgniter->run()
 6 ROOTPATH/index.php(6): require_once('FCPATH/index.php')
CRITICAL - 2022-09-06 07:24:36 --> Cannot use object of type stdClass as array
in APPPATH/Controllers/Admin/Berita.php on line 38.
 1 SYSTEMPATH/CodeIgniter.php(907): App\Controllers\Admin\Berita->kategori('7')
 2 SYSTEMPATH/CodeIgniter.php(457): CodeIgniter\CodeIgniter->runController(Object(App\Controllers\Admin\Berita))
 3 SYSTEMPATH/CodeIgniter.php(340): CodeIgniter\CodeIgniter->handleRequest(null, Object(Config\Cache), false)
 4 FCPATH/index.php(67): CodeIgniter\CodeIgniter->run()
 5 ROOTPATH/index.php(6): require_once('FCPATH/index.php')
CRITICAL - 2022-09-06 07:24:36 --> Trying to access array offset on value of type null
in APPPATH/Controllers/Admin/Berita.php on line 38.
 1 APPPATH/Controllers/Admin/Berita.php(38): CodeIgniter\Debug\Exceptions->errorHandler(8, 'Trying to access array offset on value of type null', 'APPPATH/Controllers/Admin/Berita.php', 38, [...])
 2 SYSTEMPATH/CodeIgniter.php(907): App\Controllers\Admin\Berita->kategori('ajax.php')
 3 SYSTEMPATH/CodeIgniter.php(457): CodeIgniter\CodeIgniter->runController(Object(App\Controllers\Admin\Berita))
 4 SYSTEMPATH/CodeIgniter.php(340): CodeIgniter\CodeIgniter->handleRequest(null, Object(Config\Cache), false)
 5 FCPATH/index.php(67): CodeIgniter\CodeIgniter->run()
 6 ROOTPATH/index.php(6): require_once('FCPATH/index.php')
CRITICAL - 2022-09-06 07:25:27 --> Trying to get property 'nama_kategori' of non-object
in APPPATH/Controllers/Admin/Berita.php on line 38.
 1 APPPATH/Controllers/Admin/Berita.php(38): CodeIgniter\Debug\Exceptions->errorHandler(8, 'Trying to get property \'nama_kategori\' of non-object', 'APPPATH/Controllers/Admin/Berita.php', 38, [...])
 2 SYSTEMPATH/CodeIgniter.php(907): App\Controllers\Admin\Berita->kategori('ajax.php')
 3 SYSTEMPATH/CodeIgniter.php(457): CodeIgniter\CodeIgniter->runController(Object(App\Controllers\Admin\Berita))
 4 SYSTEMPATH/CodeIgniter.php(340): CodeIgniter\CodeIgniter->handleRequest(null, Object(Config\Cache), false)
 5 FCPATH/index.php(67): CodeIgniter\CodeIgniter->run()
 6 ROOTPATH/index.php(6): require_once('FCPATH/index.php')
CRITICAL - 2022-09-06 07:25:32 --> Trying to get property 'nama' of non-object
in APPPATH/Controllers/Admin/Berita.php on line 89.
 1 APPPATH/Controllers/Admin/Berita.php(89): CodeIgniter\Debug\Exceptions->errorHandler(8, 'Trying to get property \'nama\' of non-object', 'APPPATH/Controllers/Admin/Berita.php', 89, [...])
 2 SYSTEMPATH/CodeIgniter.php(907): App\Controllers\Admin\Berita->author('ajax.php')
 3 SYSTEMPATH/CodeIgniter.php(457): CodeIgniter\CodeIgniter->runController(Object(App\Controllers\Admin\Berita))
 4 SYSTEMPATH/CodeIgniter.php(340): CodeIgniter\CodeIgniter->handleRequest(null, Object(Config\Cache), false)
 5 FCPATH/index.php(67): CodeIgniter\CodeIgniter->run()
 6 ROOTPATH/index.php(6): require_once('FCPATH/index.php')
CRITICAL - 2022-09-06 07:25:33 --> Undefined variable: id_kategori
in APPPATH/Controllers/Admin/Berita.php on line 67.
 1 APPPATH/Controllers/Admin/Berita.php(67): CodeIgniter\Debug\Exceptions->errorHandler(8, 'Undefined variable: id_kategori', 'APPPATH/Controllers/Admin/Berita.php', 67, [...])
 2 SYSTEMPATH/CodeIgniter.php(907): App\Controllers\Admin\Berita->status_berita('Publish')
 3 SYSTEMPATH/CodeIgniter.php(457): CodeIgniter\CodeIgniter->runController(Object(App\Controllers\Admin\Berita))
 4 SYSTEMPATH/CodeIgniter.php(340): CodeIgniter\CodeIgniter->handleRequest(null, Object(Config\Cache), false)
 5 FCPATH/index.php(67): CodeIgniter\CodeIgniter->run()
 6 ROOTPATH/index.php(6): require_once('FCPATH/index.php')
CRITICAL - 2022-09-06 07:25:34 --> Undefined variable: id_kategori
in APPPATH/Controllers/Admin/Berita.php on line 67.
 1 APPPATH/Controllers/Admin/Berita.php(67): CodeIgniter\Debug\Exceptions->errorHandler(8, 'Undefined variable: id_kategori', 'APPPATH/Controllers/Admin/Berita.php', 67, [...])
 2 SYSTEMPATH/CodeIgniter.php(907): App\Controllers\Admin\Berita->status_berita('ajax.php')
 3 SYSTEMPATH/CodeIgniter.php(457): CodeIgniter\CodeIgniter->runController(Object(App\Controllers\Admin\Berita))
 4 SYSTEMPATH/CodeIgniter.php(340): CodeIgniter\CodeIgniter->handleRequest(null, Object(Config\Cache), false)
 5 FCPATH/index.php(67): CodeIgniter\CodeIgniter->run()
 6 ROOTPATH/index.php(6): require_once('FCPATH/index.php')
CRITICAL - 2022-09-06 23:05:53 --> Trying to get property 'nama_kategori' of non-object
in APPPATH/Controllers/Admin/Kategori.php on line 69.
 1 APPPATH/Controllers/Admin/Kategori.php(69): CodeIgniter\Debug\Exceptions->errorHandler(8, 'Trying to get property \'nama_kategori\' of non-object', 'APPPATH/Controllers/Admin/Kategori.php', 69, [...])
 2 SYSTEMPATH/CodeIgniter.php(907): App\Controllers\Admin\Kategori->edit('ajax.php')
 3 SYSTEMPATH/CodeIgniter.php(457): CodeIgniter\CodeIgniter->runController(Object(App\Controllers\Admin\Kategori))
 4 SYSTEMPATH/CodeIgniter.php(340): CodeIgniter\CodeIgniter->handleRequest(null, Object(Config\Cache), false)
 5 FCPATH/index.php(67): CodeIgniter\CodeIgniter->run()
 6 ROOTPATH/index.php(6): require_once('FCPATH/index.php')
CRITICAL - 2022-09-06 23:10:40 --> Cannot use object of type stdClass as array
in APPPATH/Controllers/Admin/Berita.php on line 237.
 1 SYSTEMPATH/CodeIgniter.php(907): App\Controllers\Admin\Berita->edit('114')
 2 SYSTEMPATH/CodeIgniter.php(457): CodeIgniter\CodeIgniter->runController(Object(App\Controllers\Admin\Berita))
 3 SYSTEMPATH/CodeIgniter.php(340): CodeIgniter\CodeIgniter->handleRequest(null, Object(Config\Cache), false)
 4 FCPATH/index.php(67): CodeIgniter\CodeIgniter->run()
 5 ROOTPATH/index.php(6): require_once('FCPATH/index.php')
CRITICAL - 2022-09-06 23:10:40 --> Trying to access array offset on value of type null
in APPPATH/Controllers/Admin/Berita.php on line 237.
 1 APPPATH/Controllers/Admin/Berita.php(237): CodeIgniter\Debug\Exceptions->errorHandler(8, 'Trying to access array offset on value of type null', 'APPPATH/Controllers/Admin/Berita.php', 237, [...])
 2 SYSTEMPATH/CodeIgniter.php(907): App\Controllers\Admin\Berita->edit('ajax.php')
 3 SYSTEMPATH/CodeIgniter.php(457): CodeIgniter\CodeIgniter->runController(Object(App\Controllers\Admin\Berita))
 4 SYSTEMPATH/CodeIgniter.php(340): CodeIgniter\CodeIgniter->handleRequest(null, Object(Config\Cache), false)
 5 FCPATH/index.php(67): CodeIgniter\CodeIgniter->run()
 6 ROOTPATH/index.php(6): require_once('FCPATH/index.php')
CRITICAL - 2022-09-06 23:22:49 --> Cannot use object of type stdClass as array
in APPPATH/Controllers/Admin/Berita.php on line 237.
 1 SYSTEMPATH/CodeIgniter.php(907): App\Controllers\Admin\Berita->edit('111')
 2 SYSTEMPATH/CodeIgniter.php(457): CodeIgniter\CodeIgniter->runController(Object(App\Controllers\Admin\Berita))
 3 SYSTEMPATH/CodeIgniter.php(340): CodeIgniter\CodeIgniter->handleRequest(null, Object(Config\Cache), false)
 4 FCPATH/index.php(67): CodeIgniter\CodeIgniter->run()
 5 ROOTPATH/index.php(6): require_once('FCPATH/index.php')
CRITICAL - 2022-09-06 23:22:49 --> Trying to access array offset on value of type null
in APPPATH/Controllers/Admin/Berita.php on line 237.
 1 APPPATH/Controllers/Admin/Berita.php(237): CodeIgniter\Debug\Exceptions->errorHandler(8, 'Trying to access array offset on value of type null', 'APPPATH/Controllers/Admin/Berita.php', 237, [...])
 2 SYSTEMPATH/CodeIgniter.php(907): App\Controllers\Admin\Berita->edit('ajax.php')
 3 SYSTEMPATH/CodeIgniter.php(457): CodeIgniter\CodeIgniter->runController(Object(App\Controllers\Admin\Berita))
 4 SYSTEMPATH/CodeIgniter.php(340): CodeIgniter\CodeIgniter->handleRequest(null, Object(Config\Cache), false)
 5 FCPATH/index.php(67): CodeIgniter\CodeIgniter->run()
 6 ROOTPATH/index.php(6): require_once('FCPATH/index.php')
CRITICAL - 2022-09-06 23:23:22 --> syntax error, unexpected '']==$kategori->id_kategori'' (T_CONSTANT_ENCAPSED_STRING)
in APPPATH/Views/admin/berita/edit.php on line 32.
 1 SYSTEMPATH/View/View.php(216): CodeIgniter\View\View->CodeIgniter\View\{closure}()
 2 SYSTEMPATH/Common.php(1142): CodeIgniter\View\View->render('admin/berita/edit', [], true)
 3 APPPATH/Views/admin/layout/wrapper.php(13): view('admin/berita/edit')
 4 SYSTEMPATH/View/View.php(213): include('APPPATH/Views/admin/layout/wrapper.php')
 5 SYSTEMPATH/View/View.php(216): CodeIgniter\View\View->CodeIgniter\View\{closure}()
 6 SYSTEMPATH/Common.php(1142): CodeIgniter\View\View->render('admin/layout/wrapper', [], true)
 7 APPPATH/Controllers/Admin/Berita.php(242): view('admin/layout/wrapper', [...])
 8 SYSTEMPATH/CodeIgniter.php(907): App\Controllers\Admin\Berita->edit('111')
 9 SYSTEMPATH/CodeIgniter.php(457): CodeIgniter\CodeIgniter->runController(Object(App\Controllers\Admin\Berita))
10 SYSTEMPATH/CodeIgniter.php(340): CodeIgniter\CodeIgniter->handleRequest(null, Object(Config\Cache), false)
11 FCPATH/index.php(67): CodeIgniter\CodeIgniter->run()
12 ROOTPATH/index.php(6): require_once('FCPATH/index.php')
CRITICAL - 2022-09-06 23:23:23 --> Trying to get property 'judul_berita' of non-object
in APPPATH/Controllers/Admin/Berita.php on line 237.
 1 APPPATH/Controllers/Admin/Berita.php(237): CodeIgniter\Debug\Exceptions->errorHandler(8, 'Trying to get property \'judul_berita\' of non-object', 'APPPATH/Controllers/Admin/Berita.php', 237, [...])
 2 SYSTEMPATH/CodeIgniter.php(907): App\Controllers\Admin\Berita->edit('ajax.php')
 3 SYSTEMPATH/CodeIgniter.php(457): CodeIgniter\CodeIgniter->runController(Object(App\Controllers\Admin\Berita))
 4 SYSTEMPATH/CodeIgniter.php(340): CodeIgniter\CodeIgniter->handleRequest(null, Object(Config\Cache), false)
 5 FCPATH/index.php(67): CodeIgniter\CodeIgniter->run()
 6 ROOTPATH/index.php(6): require_once('FCPATH/index.php')
CRITICAL - 2022-09-06 23:25:04 --> Trying to get property 'judul_berita' of non-object
in APPPATH/Controllers/Admin/Berita.php on line 237.
 1 APPPATH/Controllers/Admin/Berita.php(237): CodeIgniter\Debug\Exceptions->errorHandler(8, 'Trying to get property \'judul_berita\' of non-object', 'APPPATH/Controllers/Admin/Berita.php', 237, [...])
 2 SYSTEMPATH/CodeIgniter.php(907): App\Controllers\Admin\Berita->edit('ajax.php')
 3 SYSTEMPATH/CodeIgniter.php(457): CodeIgniter\CodeIgniter->runController(Object(App\Controllers\Admin\Berita))
 4 SYSTEMPATH/CodeIgniter.php(340): CodeIgniter\CodeIgniter->handleRequest(null, Object(Config\Cache), false)
 5 FCPATH/index.php(67): CodeIgniter\CodeIgniter->run()
 6 ROOTPATH/index.php(6): require_once('FCPATH/index.php')
CRITICAL - 2022-09-06 23:25:25 --> Trying to get property 'judul_berita' of non-object
in APPPATH/Controllers/Admin/Berita.php on line 237.
 1 APPPATH/Controllers/Admin/Berita.php(237): CodeIgniter\Debug\Exceptions->errorHandler(8, 'Trying to get property \'judul_berita\' of non-object', 'APPPATH/Controllers/Admin/Berita.php', 237, [...])
 2 SYSTEMPATH/CodeIgniter.php(907): App\Controllers\Admin\Berita->edit('ajax.php')
 3 SYSTEMPATH/CodeIgniter.php(457): CodeIgniter\CodeIgniter->runController(Object(App\Controllers\Admin\Berita))
 4 SYSTEMPATH/CodeIgniter.php(340): CodeIgniter\CodeIgniter->handleRequest(null, Object(Config\Cache), false)
 5 FCPATH/index.php(67): CodeIgniter\CodeIgniter->run()
 6 ROOTPATH/index.php(6): require_once('FCPATH/index.php')
CRITICAL - 2022-09-06 23:28:12 --> Cannot redeclare App\Models\Berita_model::paginasi()
in APPPATH/Models/Berita_model.php on line 64.
 1 [internal function]: CodeIgniter\Debug\Exceptions->shutdownHandler()
CRITICAL - 2022-09-06 23:28:12 --> Cannot redeclare App\Models\Berita_model::paginasi()
in APPPATH/Models/Berita_model.php on line 64.
 1 [internal function]: CodeIgniter\Debug\Exceptions->shutdownHandler()
CRITICAL - 2022-09-06 23:30:55 --> Trying to get property 'gambar' of non-object
in APPPATH/Views/admin/berita/index.php on line 23.
 1 APPPATH/Views/admin/berita/index.php(23): CodeIgniter\Debug\Exceptions->errorHandler(8, 'Trying to get property \'gambar\' of non-object', 'APPPATH/Views/admin/berita/index.php', 23, [...])
 2 SYSTEMPATH/View/View.php(213): include('APPPATH/Views/admin/berita/index.php')
 3 SYSTEMPATH/View/View.php(216): CodeIgniter\View\View->CodeIgniter\View\{closure}()
 4 SYSTEMPATH/Common.php(1142): CodeIgniter\View\View->render('admin/berita/index', [], true)
 5 APPPATH/Views/admin/layout/wrapper.php(13): view('admin/berita/index')
 6 SYSTEMPATH/View/View.php(213): include('APPPATH/Views/admin/layout/wrapper.php')
 7 SYSTEMPATH/View/View.php(216): CodeIgniter\View\View->CodeIgniter\View\{closure}()
 8 SYSTEMPATH/Common.php(1142): CodeIgniter\View\View->render('admin/layout/wrapper', [], true)
 9 APPPATH/Controllers/Admin/Berita.php(25): view('admin/layout/wrapper', [...])
10 SYSTEMPATH/CodeIgniter.php(907): App\Controllers\Admin\Berita->index()
11 SYSTEMPATH/CodeIgniter.php(457): CodeIgniter\CodeIgniter->runController(Object(App\Controllers\Admin\Berita))
12 SYSTEMPATH/CodeIgniter.php(340): CodeIgniter\CodeIgniter->handleRequest(null, Object(Config\Cache), false)
13 FCPATH/index.php(67): CodeIgniter\CodeIgniter->run()
14 ROOTPATH/index.php(6): require_once('FCPATH/index.php')
CRITICAL - 2022-09-06 23:31:02 --> Call to a member function paginate() on null
in APPPATH/Controllers/Admin/Berita.php on line 18.
 1 SYSTEMPATH/CodeIgniter.php(907): App\Controllers\Admin\Berita->index()
 2 SYSTEMPATH/CodeIgniter.php(457): CodeIgniter\CodeIgniter->runController(Object(App\Controllers\Admin\Berita))
 3 SYSTEMPATH/CodeIgniter.php(340): CodeIgniter\CodeIgniter->handleRequest(null, Object(Config\Cache), false)
 4 FCPATH/index.php(67): CodeIgniter\CodeIgniter->run()
 5 ROOTPATH/index.php(6): require_once('FCPATH/index.php')
CRITICAL - 2022-09-06 23:31:38 --> Trying to get property 'gambar' of non-object
in APPPATH/Views/admin/berita/index.php on line 23.
 1 APPPATH/Views/admin/berita/index.php(23): CodeIgniter\Debug\Exceptions->errorHandler(8, 'Trying to get property \'gambar\' of non-object', 'APPPATH/Views/admin/berita/index.php', 23, [...])
 2 SYSTEMPATH/View/View.php(213): include('APPPATH/Views/admin/berita/index.php')
 3 SYSTEMPATH/View/View.php(216): CodeIgniter\View\View->CodeIgniter\View\{closure}()
 4 SYSTEMPATH/Common.php(1142): CodeIgniter\View\View->render('admin/berita/index', [], true)
 5 APPPATH/Views/admin/layout/wrapper.php(13): view('admin/berita/index')
 6 SYSTEMPATH/View/View.php(213): include('APPPATH/Views/admin/layout/wrapper.php')
 7 SYSTEMPATH/View/View.php(216): CodeIgniter\View\View->CodeIgniter\View\{closure}()
 8 SYSTEMPATH/Common.php(1142): CodeIgniter\View\View->render('admin/layout/wrapper', [], true)
 9 APPPATH/Controllers/Admin/Berita.php(25): view('admin/layout/wrapper', [...])
10 SYSTEMPATH/CodeIgniter.php(907): App\Controllers\Admin\Berita->index()
11 SYSTEMPATH/CodeIgniter.php(457): CodeIgniter\CodeIgniter->runController(Object(App\Controllers\Admin\Berita))
12 SYSTEMPATH/CodeIgniter.php(340): CodeIgniter\CodeIgniter->handleRequest(null, Object(Config\Cache), false)
13 FCPATH/index.php(67): CodeIgniter\CodeIgniter->run()
14 ROOTPATH/index.php(6): require_once('FCPATH/index.php')
CRITICAL - 2022-09-06 23:36:30 --> Call to undefined method CodeIgniter\Database\MySQLi\Builder::paginate()
in APPPATH/Models/Berita_model.php on line 33.
 1 APPPATH/Controllers/Admin/Berita.php(18): App\Models\Berita_model->paginasi_admin(10)
 2 SYSTEMPATH/CodeIgniter.php(907): App\Controllers\Admin\Berita->index()
 3 SYSTEMPATH/CodeIgniter.php(457): CodeIgniter\CodeIgniter->runController(Object(App\Controllers\Admin\Berita))
 4 SYSTEMPATH/CodeIgniter.php(340): CodeIgniter\CodeIgniter->handleRequest(null, Object(Config\Cache), false)
 5 FCPATH/index.php(67): CodeIgniter\CodeIgniter->run()
 6 ROOTPATH/index.php(6): require_once('FCPATH/index.php')
CRITICAL - 2022-09-06 23:37:36 --> Call to undefined method CodeIgniter\Database\MySQLi\Connection::select()
in APPPATH/Models/Berita_model.php on line 29.
 1 APPPATH/Controllers/Admin/Berita.php(18): App\Models\Berita_model->paginasi_admin(10)
 2 SYSTEMPATH/CodeIgniter.php(907): App\Controllers\Admin\Berita->index()
 3 SYSTEMPATH/CodeIgniter.php(457): CodeIgniter\CodeIgniter->runController(Object(App\Controllers\Admin\Berita))
 4 SYSTEMPATH/CodeIgniter.php(340): CodeIgniter\CodeIgniter->handleRequest(null, Object(Config\Cache), false)
 5 FCPATH/index.php(67): CodeIgniter\CodeIgniter->run()
 6 ROOTPATH/index.php(6): require_once('FCPATH/index.php')
CRITICAL - 2022-09-06 23:37:51 --> Call to undefined method CodeIgniter\Database\MySQLi\Connection::from()
in APPPATH/Models/Berita_model.php on line 28.
 1 APPPATH/Controllers/Admin/Berita.php(18): App\Models\Berita_model->paginasi_admin(10)
 2 SYSTEMPATH/CodeIgniter.php(907): App\Controllers\Admin\Berita->index()
 3 SYSTEMPATH/CodeIgniter.php(457): CodeIgniter\CodeIgniter->runController(Object(App\Controllers\Admin\Berita))
 4 SYSTEMPATH/CodeIgniter.php(340): CodeIgniter\CodeIgniter->handleRequest(null, Object(Config\Cache), false)
 5 FCPATH/index.php(67): CodeIgniter\CodeIgniter->run()
 6 ROOTPATH/index.php(6): require_once('FCPATH/index.php')
CRITICAL - 2022-09-06 23:45:07 --> Trying to get property 'gambar' of non-object
in APPPATH/Views/admin/berita/index.php on line 23.
 1 APPPATH/Views/admin/berita/index.php(23): CodeIgniter\Debug\Exceptions->errorHandler(8, 'Trying to get property \'gambar\' of non-object', 'APPPATH/Views/admin/berita/index.php', 23, [...])
 2 SYSTEMPATH/View/View.php(213): include('APPPATH/Views/admin/berita/index.php')
 3 SYSTEMPATH/View/View.php(216): CodeIgniter\View\View->CodeIgniter\View\{closure}()
 4 SYSTEMPATH/Common.php(1142): CodeIgniter\View\View->render('admin/berita/index', [], true)
 5 APPPATH/Views/admin/layout/wrapper.php(13): view('admin/berita/index')
 6 SYSTEMPATH/View/View.php(213): include('APPPATH/Views/admin/layout/wrapper.php')
 7 SYSTEMPATH/View/View.php(216): CodeIgniter\View\View->CodeIgniter\View\{closure}()
 8 SYSTEMPATH/Common.php(1142): CodeIgniter\View\View->render('admin/layout/wrapper', [], true)
 9 APPPATH/Controllers/Admin/Berita.php(25): view('admin/layout/wrapper', [...])
10 SYSTEMPATH/CodeIgniter.php(907): App\Controllers\Admin\Berita->index()
11 SYSTEMPATH/CodeIgniter.php(457): CodeIgniter\CodeIgniter->runController(Object(App\Controllers\Admin\Berita))
12 SYSTEMPATH/CodeIgniter.php(340): CodeIgniter\CodeIgniter->handleRequest(null, Object(Config\Cache), false)
13 FCPATH/index.php(67): CodeIgniter\CodeIgniter->run()
14 ROOTPATH/index.php(6): require_once('FCPATH/index.php')
ERROR - 2022-09-06 23:45:28 --> mysqli_sql_exception: Not unique table/alias: 'berita' in /Applications/MAMP/htdocs/jw/system/Database/MySQLi/Connection.php:292
Stack trace:
#0 /Applications/MAMP/htdocs/jw/system/Database/MySQLi/Connection.php(292): mysqli->query('SELECT COUNT(*)...', 0)
#1 /Applications/MAMP/htdocs/jw/system/Database/BaseConnection.php(693): CodeIgniter\Database\MySQLi\Connection->execute('SELECT COUNT(*)...')
#2 /Applications/MAMP/htdocs/jw/system/Database/BaseConnection.php(620): CodeIgniter\Database\BaseConnection->simpleQuery('SELECT COUNT(*)...')
#3 /Applications/MAMP/htdocs/jw/system/Database/BaseBuilder.php(1669): CodeIgniter\Database\BaseConnection->query('SELECT COUNT(*)...', Array, false)
#4 /Applications/MAMP/htdocs/jw/system/Model.php(551): CodeIgniter\Database\BaseBuilder->countAllResults(false)
#5 /Applications/MAMP/htdocs/jw/system/BaseModel.php(1085): CodeIgniter\Model->countAllResults(false)
#6 /Applications/MAMP/htdocs/jw/app/Models/Berita_model.php(33): CodeIgniter\BaseModel->paginate(10)
#7 /Applications/MAMP/htdocs/jw/app/Controllers/Admin/Berita.php(18): App\Models\Berita_model->paginasi_admin(10)
#8 /Applications/MAMP/htdocs/jw/system/CodeIgniter.php(907): App\Controllers\Admin\Berita->index()
#9 /Applications/MAMP/htdocs/jw/system/CodeIgniter.php(457): CodeIgniter\CodeIgniter->runController(Object(App\Controllers\Admin\Berita))
#10 /Applications/MAMP/htdocs/jw/system/CodeIgniter.php(340): CodeIgniter\CodeIgniter->handleRequest(NULL, Object(Config\Cache), false)
#11 /Applications/MAMP/htdocs/jw/public/index.php(67): CodeIgniter\CodeIgniter->run()
#12 /Applications/MAMP/htdocs/jw/index.php(6): require_once('/Applications/M...')
#13 {main}
CRITICAL - 2022-09-06 23:45:28 --> Not unique table/alias: 'berita'
in SYSTEMPATH/Database/MySQLi/Connection.php on line 292.
 1 SYSTEMPATH/Database/MySQLi/Connection.php(292): mysqli->query('SELECT COUNT(*) AS `numrows`
FROM (`berita`, `berita`)
LEFT JOIN `kategori` ON `kategori`.`id_kategori` = `berita`.`id_kategori`
LEFT JOIN `users` ON `users`.`id_user` = `berita`.`id_user`', 0)
 2 SYSTEMPATH/Database/BaseConnection.php(693): CodeIgniter\Database\MySQLi\Connection->execute('SELECT COUNT(*) AS `numrows`
FROM (`berita`, `berita`)
LEFT JOIN `kategori` ON `kategori`.`id_kategori` = `berita`.`id_kategori`
LEFT JOIN `users` ON `users`.`id_user` = `berita`.`id_user`')
 3 SYSTEMPATH/Database/BaseConnection.php(620): CodeIgniter\Database\BaseConnection->simpleQuery('SELECT COUNT(*) AS `numrows`
FROM (`berita`, `berita`)
LEFT JOIN `kategori` ON `kategori`.`id_kategori` = `berita`.`id_kategori`
LEFT JOIN `users` ON `users`.`id_user` = `berita`.`id_user`')
 4 SYSTEMPATH/Database/BaseBuilder.php(1669): CodeIgniter\Database\BaseConnection->query('SELECT COUNT(*) AS `numrows`
FROM (`berita`, `berita`)
LEFT JOIN `kategori` ON `kategori`.`id_kategori` = `berita`.`id_kategori`
LEFT JOIN `users` ON `users`.`id_user` = `berita`.`id_user`', [], false)
 5 SYSTEMPATH/Model.php(551): CodeIgniter\Database\BaseBuilder->countAllResults(false)
 6 SYSTEMPATH/BaseModel.php(1085): CodeIgniter\Model->countAllResults(false)
 7 APPPATH/Models/Berita_model.php(33): CodeIgniter\BaseModel->paginate(10)
 8 APPPATH/Controllers/Admin/Berita.php(18): App\Models\Berita_model->paginasi_admin(10)
 9 SYSTEMPATH/CodeIgniter.php(907): App\Controllers\Admin\Berita->index()
10 SYSTEMPATH/CodeIgniter.php(457): CodeIgniter\CodeIgniter->runController(Object(App\Controllers\Admin\Berita))
11 SYSTEMPATH/CodeIgniter.php(340): CodeIgniter\CodeIgniter->handleRequest(null, Object(Config\Cache), false)
12 FCPATH/index.php(67): CodeIgniter\CodeIgniter->run()
13 ROOTPATH/index.php(6): require_once('FCPATH/index.php')
CRITICAL - 2022-09-06 23:45:38 --> Trying to get property 'gambar' of non-object
in APPPATH/Views/admin/berita/index.php on line 23.
 1 APPPATH/Views/admin/berita/index.php(23): CodeIgniter\Debug\Exceptions->errorHandler(8, 'Trying to get property \'gambar\' of non-object', 'APPPATH/Views/admin/berita/index.php', 23, [...])
 2 SYSTEMPATH/View/View.php(213): include('APPPATH/Views/admin/berita/index.php')
 3 SYSTEMPATH/View/View.php(216): CodeIgniter\View\View->CodeIgniter\View\{closure}()
 4 SYSTEMPATH/Common.php(1142): CodeIgniter\View\View->render('admin/berita/index', [], true)
 5 APPPATH/Views/admin/layout/wrapper.php(13): view('admin/berita/index')
 6 SYSTEMPATH/View/View.php(213): include('APPPATH/Views/admin/layout/wrapper.php')
 7 SYSTEMPATH/View/View.php(216): CodeIgniter\View\View->CodeIgniter\View\{closure}()
 8 SYSTEMPATH/Common.php(1142): CodeIgniter\View\View->render('admin/layout/wrapper', [], true)
 9 APPPATH/Controllers/Admin/Berita.php(25): view('admin/layout/wrapper', [...])
10 SYSTEMPATH/CodeIgniter.php(907): App\Controllers\Admin\Berita->index()
11 SYSTEMPATH/CodeIgniter.php(457): CodeIgniter\CodeIgniter->runController(Object(App\Controllers\Admin\Berita))
12 SYSTEMPATH/CodeIgniter.php(340): CodeIgniter\CodeIgniter->handleRequest(null, Object(Config\Cache), false)
13 FCPATH/index.php(67): CodeIgniter\CodeIgniter->run()
14 ROOTPATH/index.php(6): require_once('FCPATH/index.php')
CRITICAL - 2022-09-06 23:47:19 --> Trying to get property 'gambar' of non-object
in APPPATH/Views/admin/berita/index.php on line 24.
 1 APPPATH/Views/admin/berita/index.php(24): CodeIgniter\Debug\Exceptions->errorHandler(8, 'Trying to get property \'gambar\' of non-object', 'APPPATH/Views/admin/berita/index.php', 24, [...])
 2 SYSTEMPATH/View/View.php(213): include('APPPATH/Views/admin/berita/index.php')
 3 SYSTEMPATH/View/View.php(216): CodeIgniter\View\View->CodeIgniter\View\{closure}()
 4 SYSTEMPATH/Common.php(1142): CodeIgniter\View\View->render('admin/berita/index', [], true)
 5 APPPATH/Views/admin/layout/wrapper.php(13): view('admin/berita/index')
 6 SYSTEMPATH/View/View.php(213): include('APPPATH/Views/admin/layout/wrapper.php')
 7 SYSTEMPATH/View/View.php(216): CodeIgniter\View\View->CodeIgniter\View\{closure}()
 8 SYSTEMPATH/Common.php(1142): CodeIgniter\View\View->render('admin/layout/wrapper', [], true)
 9 APPPATH/Controllers/Admin/Berita.php(25): view('admin/layout/wrapper', [...])
10 SYSTEMPATH/CodeIgniter.php(907): App\Controllers\Admin\Berita->index()
11 SYSTEMPATH/CodeIgniter.php(457): CodeIgniter\CodeIgniter->runController(Object(App\Controllers\Admin\Berita))
12 SYSTEMPATH/CodeIgniter.php(340): CodeIgniter\CodeIgniter->handleRequest(null, Object(Config\Cache), false)
13 FCPATH/index.php(67): CodeIgniter\CodeIgniter->run()
14 ROOTPATH/index.php(6): require_once('FCPATH/index.php')
CRITICAL - 2022-09-06 23:47:33 --> Trying to get property 'id_berita' of non-object
in APPPATH/Views/admin/berita/index.php on line 27.
 1 APPPATH/Views/admin/berita/index.php(27): CodeIgniter\Debug\Exceptions->errorHandler(8, 'Trying to get property \'id_berita\' of non-object', 'APPPATH/Views/admin/berita/index.php', 27, [...])
 2 SYSTEMPATH/View/View.php(213): include('APPPATH/Views/admin/berita/index.php')
 3 SYSTEMPATH/View/View.php(216): CodeIgniter\View\View->CodeIgniter\View\{closure}()
 4 SYSTEMPATH/Common.php(1142): CodeIgniter\View\View->render('admin/berita/index', [], true)
 5 APPPATH/Views/admin/layout/wrapper.php(13): view('admin/berita/index')
 6 SYSTEMPATH/View/View.php(213): include('APPPATH/Views/admin/layout/wrapper.php')
 7 SYSTEMPATH/View/View.php(216): CodeIgniter\View\View->CodeIgniter\View\{closure}()
 8 SYSTEMPATH/Common.php(1142): CodeIgniter\View\View->render('admin/layout/wrapper', [], true)
 9 APPPATH/Controllers/Admin/Berita.php(25): view('admin/layout/wrapper', [...])
10 SYSTEMPATH/CodeIgniter.php(907): App\Controllers\Admin\Berita->index()
11 SYSTEMPATH/CodeIgniter.php(457): CodeIgniter\CodeIgniter->runController(Object(App\Controllers\Admin\Berita))
12 SYSTEMPATH/CodeIgniter.php(340): CodeIgniter\CodeIgniter->handleRequest(null, Object(Config\Cache), false)
13 FCPATH/index.php(67): CodeIgniter\CodeIgniter->run()
14 ROOTPATH/index.php(6): require_once('FCPATH/index.php')
CRITICAL - 2022-09-06 23:48:09 --> Call to a member function getResult() on array
in APPPATH/Controllers/Admin/Berita.php on line 22.
 1 SYSTEMPATH/CodeIgniter.php(907): App\Controllers\Admin\Berita->index()
 2 SYSTEMPATH/CodeIgniter.php(457): CodeIgniter\CodeIgniter->runController(Object(App\Controllers\Admin\Berita))
 3 SYSTEMPATH/CodeIgniter.php(340): CodeIgniter\CodeIgniter->handleRequest(null, Object(Config\Cache), false)
 4 FCPATH/index.php(67): CodeIgniter\CodeIgniter->run()
 5 ROOTPATH/index.php(6): require_once('FCPATH/index.php')
CRITICAL - 2022-09-06 23:48:30 --> Call to a member function getResult() on array
in APPPATH/Models/Berita_model.php on line 33.
 1 APPPATH/Controllers/Admin/Berita.php(18): App\Models\Berita_model->paginasi_admin(10)
 2 SYSTEMPATH/CodeIgniter.php(907): App\Controllers\Admin\Berita->index()
 3 SYSTEMPATH/CodeIgniter.php(457): CodeIgniter\CodeIgniter->runController(Object(App\Controllers\Admin\Berita))
 4 SYSTEMPATH/CodeIgniter.php(340): CodeIgniter\CodeIgniter->handleRequest(null, Object(Config\Cache), false)
 5 FCPATH/index.php(67): CodeIgniter\CodeIgniter->run()
 6 ROOTPATH/index.php(6): require_once('FCPATH/index.php')
CRITICAL - 2022-09-06 23:51:26 --> Call to undefined method App\Models\Berita_model::getResult
in SYSTEMPATH/Model.php on line 774.
 1 APPPATH/Models/Berita_model.php(32): CodeIgniter\Model->__call('getResult', [])
 2 APPPATH/Controllers/Admin/Berita.php(18): App\Models\Berita_model->paginasi_admin(10)
 3 SYSTEMPATH/CodeIgniter.php(907): App\Controllers\Admin\Berita->index()
 4 SYSTEMPATH/CodeIgniter.php(457): CodeIgniter\CodeIgniter->runController(Object(App\Controllers\Admin\Berita))
 5 SYSTEMPATH/CodeIgniter.php(340): CodeIgniter\CodeIgniter->handleRequest(null, Object(Config\Cache), false)
 6 FCPATH/index.php(67): CodeIgniter\CodeIgniter->run()
 7 ROOTPATH/index.php(6): require_once('FCPATH/index.php')
CRITICAL - 2022-09-06 23:54:38 --> Trying to get property 'pager' of non-object
in APPPATH/Controllers/Admin/Berita.php on line 24.
 1 APPPATH/Controllers/Admin/Berita.php(24): CodeIgniter\Debug\Exceptions->errorHandler(8, 'Trying to get property \'pager\' of non-object', 'APPPATH/Controllers/Admin/Berita.php', 24, [...])
 2 SYSTEMPATH/CodeIgniter.php(907): App\Controllers\Admin\Berita->index()
 3 SYSTEMPATH/CodeIgniter.php(457): CodeIgniter\CodeIgniter->runController(Object(App\Controllers\Admin\Berita))
 4 SYSTEMPATH/CodeIgniter.php(340): CodeIgniter\CodeIgniter->handleRequest(null, Object(Config\Cache), false)
 5 FCPATH/index.php(67): CodeIgniter\CodeIgniter->run()
 6 ROOTPATH/index.php(6): require_once('FCPATH/index.php')
CRITICAL - 2022-09-06 23:57:14 --> Undefined variable: pager_links
in APPPATH/Views/admin/berita/index.php on line 6.
 1 APPPATH/Views/admin/berita/index.php(6): CodeIgniter\Debug\Exceptions->errorHandler(8, 'Undefined variable: pager_links', 'APPPATH/Views/admin/berita/index.php', 6, [...])
 2 SYSTEMPATH/View/View.php(213): include('APPPATH/Views/admin/berita/index.php')
 3 SYSTEMPATH/View/View.php(216): CodeIgniter\View\View->CodeIgniter\View\{closure}()
 4 SYSTEMPATH/Common.php(1142): CodeIgniter\View\View->render('admin/berita/index', [], true)
 5 APPPATH/Views/admin/layout/wrapper.php(13): view('admin/berita/index')
 6 SYSTEMPATH/View/View.php(213): include('APPPATH/Views/admin/layout/wrapper.php')
 7 SYSTEMPATH/View/View.php(216): CodeIgniter\View\View->CodeIgniter\View\{closure}()
 8 SYSTEMPATH/Common.php(1142): CodeIgniter\View\View->render('admin/layout/wrapper', [], true)
 9 APPPATH/Controllers/Admin/Berita.php(27): view('admin/layout/wrapper', [...])
10 SYSTEMPATH/CodeIgniter.php(907): App\Controllers\Admin\Berita->index()
11 SYSTEMPATH/CodeIgniter.php(457): CodeIgniter\CodeIgniter->runController(Object(App\Controllers\Admin\Berita))
12 SYSTEMPATH/CodeIgniter.php(340): CodeIgniter\CodeIgniter->handleRequest(null, Object(Config\Cache), false)
13 FCPATH/index.php(67): CodeIgniter\CodeIgniter->run()
14 ROOTPATH/index.php(6): require_once('FCPATH/index.php')
CRITICAL - 2022-09-06 23:57:32 --> Array to string conversion
in APPPATH/Views/admin/berita/index.php on line 6.
 1 APPPATH/Views/admin/berita/index.php(6): CodeIgniter\Debug\Exceptions->errorHandler(8, 'Array to string conversion', 'APPPATH/Views/admin/berita/index.php', 6, [...])
 2 SYSTEMPATH/View/View.php(213): include('APPPATH/Views/admin/berita/index.php')
 3 SYSTEMPATH/View/View.php(216): CodeIgniter\View\View->CodeIgniter\View\{closure}()
 4 SYSTEMPATH/Common.php(1142): CodeIgniter\View\View->render('admin/berita/index', [], true)
 5 APPPATH/Views/admin/layout/wrapper.php(13): view('admin/berita/index')
 6 SYSTEMPATH/View/View.php(213): include('APPPATH/Views/admin/layout/wrapper.php')
 7 SYSTEMPATH/View/View.php(216): CodeIgniter\View\View->CodeIgniter\View\{closure}()
 8 SYSTEMPATH/Common.php(1142): CodeIgniter\View\View->render('admin/layout/wrapper', [], true)
 9 APPPATH/Controllers/Admin/Berita.php(27): view('admin/layout/wrapper', [...])
10 SYSTEMPATH/CodeIgniter.php(907): App\Controllers\Admin\Berita->index()
11 SYSTEMPATH/CodeIgniter.php(457): CodeIgniter\CodeIgniter->runController(Object(App\Controllers\Admin\Berita))
12 SYSTEMPATH/CodeIgniter.php(340): CodeIgniter\CodeIgniter->handleRequest(null, Object(Config\Cache), false)
13 FCPATH/index.php(67): CodeIgniter\CodeIgniter->run()
14 ROOTPATH/index.php(6): require_once('FCPATH/index.php')
CRITICAL - 2022-09-06 23:58:36 --> Call to a member function links() on array
in APPPATH/Views/admin/berita/index.php on line 6.
 1 SYSTEMPATH/View/View.php(213): include()
 2 SYSTEMPATH/View/View.php(216): CodeIgniter\View\View->CodeIgniter\View\{closure}()
 3 SYSTEMPATH/Common.php(1142): CodeIgniter\View\View->render('admin/berita/index', [], true)
 4 APPPATH/Views/admin/layout/wrapper.php(13): view('admin/berita/index')
 5 SYSTEMPATH/View/View.php(213): include('APPPATH/Views/admin/layout/wrapper.php')
 6 SYSTEMPATH/View/View.php(216): CodeIgniter\View\View->CodeIgniter\View\{closure}()
 7 SYSTEMPATH/Common.php(1142): CodeIgniter\View\View->render('admin/layout/wrapper', [], true)
 8 APPPATH/Controllers/Admin/Berita.php(27): view('admin/layout/wrapper', [...])
 9 SYSTEMPATH/CodeIgniter.php(907): App\Controllers\Admin\Berita->index()
10 SYSTEMPATH/CodeIgniter.php(457): CodeIgniter\CodeIgniter->runController(Object(App\Controllers\Admin\Berita))
11 SYSTEMPATH/CodeIgniter.php(340): CodeIgniter\CodeIgniter->handleRequest(null, Object(Config\Cache), false)
12 FCPATH/index.php(67): CodeIgniter\CodeIgniter->run()
13 ROOTPATH/index.php(6): require_once('FCPATH/index.php')
