CRITICAL - 2023-04-26 04:10:33 --> Attempt to read property "id_berita" on null
in APPPATH/Controllers/Berita.php on line 100.
 1 APPPATH/Controllers/Berita.php(100): CodeIgniter\Debug\Exceptions->errorHandler(2, 'Attempt to read property "id_berita" on null', '/Applications/MAMP/htdocs/marketplace/companyprofile/app/Controllers/Berita.php', 100)
 2 SYSTEMPATH/CodeIgniter.php(934): App\Controllers\Berita->profil('assets', 'img', 'cart', 'cart_1_1.jpg')
 3 SYSTEMPATH/CodeIgniter.php(499): CodeIgniter\CodeIgniter->runController(Object(App\Controllers\Berita))
 4 SYSTEMPATH/CodeIgniter.php(368): CodeIgniter\CodeIgniter->handleRequest(null, Object(Config\Cache), false)
 5 FCPATH/index.php(67): CodeIgniter\CodeIgniter->run()
 6 ROOTPATH/index.php(6): require_once('/Applications/MAMP/htdocs/marketplace/companyprofile/public/index.php')
CRITICAL - 2023-04-26 04:10:33 --> Attempt to read property "id_berita" on null
in APPPATH/Controllers/Berita.php on line 100.
 1 APPPATH/Controllers/Berita.php(100): CodeIgniter\Debug\Exceptions->errorHandler(2, 'Attempt to read property "id_berita" on null', '/Applications/MAMP/htdocs/marketplace/companyprofile/app/Controllers/Berita.php', 100)
 2 SYSTEMPATH/CodeIgniter.php(934): App\Controllers\Berita->profil('assets', 'img', 'cart', 'cart_1_2.jpg')
 3 SYSTEMPATH/CodeIgniter.php(499): CodeIgniter\CodeIgniter->runController(Object(App\Controllers\Berita))
 4 SYSTEMPATH/CodeIgniter.php(368): CodeIgniter\CodeIgniter->handleRequest(null, Object(Config\Cache), false)
 5 FCPATH/index.php(67): CodeIgniter\CodeIgniter->run()
 6 ROOTPATH/index.php(6): require_once('/Applications/MAMP/htdocs/marketplace/companyprofile/public/index.php')
CRITICAL - 2023-04-26 04:10:33 --> Attempt to read property "id_berita" on null
in APPPATH/Controllers/Berita.php on line 100.
 1 APPPATH/Controllers/Berita.php(100): CodeIgniter\Debug\Exceptions->errorHandler(2, 'Attempt to read property "id_berita" on null', '/Applications/MAMP/htdocs/marketplace/companyprofile/app/Controllers/Berita.php', 100)
 2 SYSTEMPATH/CodeIgniter.php(934): App\Controllers\Berita->profil('assets', 'img', 'cart', 'cart_1_5.jpg')
 3 SYSTEMPATH/CodeIgniter.php(499): CodeIgniter\CodeIgniter->runController(Object(App\Controllers\Berita))
 4 SYSTEMPATH/CodeIgniter.php(368): CodeIgniter\CodeIgniter->handleRequest(null, Object(Config\Cache), false)
 5 FCPATH/index.php(67): CodeIgniter\CodeIgniter->run()
 6 ROOTPATH/index.php(6): require_once('/Applications/MAMP/htdocs/marketplace/companyprofile/public/index.php')
CRITICAL - 2023-04-26 04:10:33 --> Attempt to read property "id_berita" on null
in APPPATH/Controllers/Berita.php on line 100.
 1 APPPATH/Controllers/Berita.php(100): CodeIgniter\Debug\Exceptions->errorHandler(2, 'Attempt to read property "id_berita" on null', '/Applications/MAMP/htdocs/marketplace/companyprofile/app/Controllers/Berita.php', 100)
 2 SYSTEMPATH/CodeIgniter.php(934): App\Controllers\Berita->profil('assets', 'img', 'cart', 'cart_1_4.jpg')
 3 SYSTEMPATH/CodeIgniter.php(499): CodeIgniter\CodeIgniter->runController(Object(App\Controllers\Berita))
 4 SYSTEMPATH/CodeIgniter.php(368): CodeIgniter\CodeIgniter->handleRequest(null, Object(Config\Cache), false)
 5 FCPATH/index.php(67): CodeIgniter\CodeIgniter->run()
 6 ROOTPATH/index.php(6): require_once('/Applications/MAMP/htdocs/marketplace/companyprofile/public/index.php')
CRITICAL - 2023-04-26 04:10:33 --> Attempt to read property "id_berita" on null
in APPPATH/Controllers/Berita.php on line 100.
 1 APPPATH/Controllers/Berita.php(100): CodeIgniter\Debug\Exceptions->errorHandler(2, 'Attempt to read property "id_berita" on null', '/Applications/MAMP/htdocs/marketplace/companyprofile/app/Controllers/Berita.php', 100)
 2 SYSTEMPATH/CodeIgniter.php(934): App\Controllers\Berita->profil('assets', 'img', 'cart', 'cart_1_3.jpg')
 3 SYSTEMPATH/CodeIgniter.php(499): CodeIgniter\CodeIgniter->runController(Object(App\Controllers\Berita))
 4 SYSTEMPATH/CodeIgniter.php(368): CodeIgniter\CodeIgniter->handleRequest(null, Object(Config\Cache), false)
 5 FCPATH/index.php(67): CodeIgniter\CodeIgniter->run()
 6 ROOTPATH/index.php(6): require_once('/Applications/MAMP/htdocs/marketplace/companyprofile/public/index.php')
CRITICAL - 2023-04-26 04:13:15 --> syntax error, unexpected token ";", expecting ")"
in APPPATH/Views/staff/index.php on line 32.
 1 SYSTEMPATH/View/View.php(216): CodeIgniter\View\View->CodeIgniter\View\{closure}()
 2 SYSTEMPATH/Common.php(1184): CodeIgniter\View\View->render('staff/index', [], true)
 3 APPPATH/Views/layout/wrapper.php(10): view('staff/index')
 4 SYSTEMPATH/View/View.php(213): include('/Applications/MAMP/htdocs/marketplace/companyprofile/app/Views/layout/wrapper.php')
 5 SYSTEMPATH/View/View.php(216): CodeIgniter\View\View->CodeIgniter\View\{closure}()
 6 SYSTEMPATH/Common.php(1184): CodeIgniter\View\View->render('layout/wrapper', [], true)
 7 APPPATH/Controllers/Staff.php(28): view('layout/wrapper', [...])
 8 SYSTEMPATH/CodeIgniter.php(934): App\Controllers\Staff->index()
 9 SYSTEMPATH/CodeIgniter.php(499): CodeIgniter\CodeIgniter->runController(Object(App\Controllers\Staff))
10 SYSTEMPATH/CodeIgniter.php(368): CodeIgniter\CodeIgniter->handleRequest(null, Object(Config\Cache), false)
11 FCPATH/index.php(67): CodeIgniter\CodeIgniter->run()
12 ROOTPATH/index.php(6): require_once('/Applications/MAMP/htdocs/marketplace/companyprofile/public/index.php')
CRITICAL - 2023-04-26 04:16:03 --> Attempt to read property "id_berita" on null
in APPPATH/Controllers/Berita.php on line 100.
 1 APPPATH/Controllers/Berita.php(100): CodeIgniter\Debug\Exceptions->errorHandler(2, 'Attempt to read property "id_berita" on null', '/Applications/MAMP/htdocs/marketplace/companyprofile/app/Controllers/Berita.php', 100)
 2 SYSTEMPATH/CodeIgniter.php(934): App\Controllers\Berita->profil('assets', 'img', 'cart', 'cart_1_1.jpg')
 3 SYSTEMPATH/CodeIgniter.php(499): CodeIgniter\CodeIgniter->runController(Object(App\Controllers\Berita))
 4 SYSTEMPATH/CodeIgniter.php(368): CodeIgniter\CodeIgniter->handleRequest(null, Object(Config\Cache), false)
 5 FCPATH/index.php(67): CodeIgniter\CodeIgniter->run()
 6 ROOTPATH/index.php(6): require_once('/Applications/MAMP/htdocs/marketplace/companyprofile/public/index.php')
CRITICAL - 2023-04-26 04:16:03 --> Attempt to read property "id_berita" on null
in APPPATH/Controllers/Berita.php on line 100.
 1 APPPATH/Controllers/Berita.php(100): CodeIgniter\Debug\Exceptions->errorHandler(2, 'Attempt to read property "id_berita" on null', '/Applications/MAMP/htdocs/marketplace/companyprofile/app/Controllers/Berita.php', 100)
 2 SYSTEMPATH/CodeIgniter.php(934): App\Controllers\Berita->profil('assets', 'img', 'cart', 'cart_1_5.jpg')
 3 SYSTEMPATH/CodeIgniter.php(499): CodeIgniter\CodeIgniter->runController(Object(App\Controllers\Berita))
 4 SYSTEMPATH/CodeIgniter.php(368): CodeIgniter\CodeIgniter->handleRequest(null, Object(Config\Cache), false)
 5 FCPATH/index.php(67): CodeIgniter\CodeIgniter->run()
 6 ROOTPATH/index.php(6): require_once('/Applications/MAMP/htdocs/marketplace/companyprofile/public/index.php')
CRITICAL - 2023-04-26 04:16:03 --> Attempt to read property "id_berita" on null
in APPPATH/Controllers/Berita.php on line 100.
 1 APPPATH/Controllers/Berita.php(100): CodeIgniter\Debug\Exceptions->errorHandler(2, 'Attempt to read property "id_berita" on null', '/Applications/MAMP/htdocs/marketplace/companyprofile/app/Controllers/Berita.php', 100)
 2 SYSTEMPATH/CodeIgniter.php(934): App\Controllers\Berita->profil('assets', 'img', 'cart', 'cart_1_4.jpg')
 3 SYSTEMPATH/CodeIgniter.php(499): CodeIgniter\CodeIgniter->runController(Object(App\Controllers\Berita))
 4 SYSTEMPATH/CodeIgniter.php(368): CodeIgniter\CodeIgniter->handleRequest(null, Object(Config\Cache), false)
 5 FCPATH/index.php(67): CodeIgniter\CodeIgniter->run()
 6 ROOTPATH/index.php(6): require_once('/Applications/MAMP/htdocs/marketplace/companyprofile/public/index.php')
CRITICAL - 2023-04-26 04:16:03 --> Attempt to read property "id_berita" on null
in APPPATH/Controllers/Berita.php on line 100.
 1 APPPATH/Controllers/Berita.php(100): CodeIgniter\Debug\Exceptions->errorHandler(2, 'Attempt to read property "id_berita" on null', '/Applications/MAMP/htdocs/marketplace/companyprofile/app/Controllers/Berita.php', 100)
 2 SYSTEMPATH/CodeIgniter.php(934): App\Controllers\Berita->profil('assets', 'img', 'cart', 'cart_1_2.jpg')
 3 SYSTEMPATH/CodeIgniter.php(499): CodeIgniter\CodeIgniter->runController(Object(App\Controllers\Berita))
 4 SYSTEMPATH/CodeIgniter.php(368): CodeIgniter\CodeIgniter->handleRequest(null, Object(Config\Cache), false)
 5 FCPATH/index.php(67): CodeIgniter\CodeIgniter->run()
 6 ROOTPATH/index.php(6): require_once('/Applications/MAMP/htdocs/marketplace/companyprofile/public/index.php')
CRITICAL - 2023-04-26 04:16:03 --> Attempt to read property "id_berita" on null
in APPPATH/Controllers/Berita.php on line 100.
 1 APPPATH/Controllers/Berita.php(100): CodeIgniter\Debug\Exceptions->errorHandler(2, 'Attempt to read property "id_berita" on null', '/Applications/MAMP/htdocs/marketplace/companyprofile/app/Controllers/Berita.php', 100)
 2 SYSTEMPATH/CodeIgniter.php(934): App\Controllers\Berita->profil('assets', 'img', 'cart', 'cart_1_3.jpg')
 3 SYSTEMPATH/CodeIgniter.php(499): CodeIgniter\CodeIgniter->runController(Object(App\Controllers\Berita))
 4 SYSTEMPATH/CodeIgniter.php(368): CodeIgniter\CodeIgniter->handleRequest(null, Object(Config\Cache), false)
 5 FCPATH/index.php(67): CodeIgniter\CodeIgniter->run()
 6 ROOTPATH/index.php(6): require_once('/Applications/MAMP/htdocs/marketplace/companyprofile/public/index.php')
CRITICAL - 2023-04-26 04:18:02 --> Undefined variable $staff
in APPPATH/Views/staff/detail.php on line 18.
 1 APPPATH/Views/staff/detail.php(18): CodeIgniter\Debug\Exceptions->errorHandler(2, 'Undefined variable $staff', '/Applications/MAMP/htdocs/marketplace/companyprofile/app/Views/staff/detail.php', 18)
 2 SYSTEMPATH/View/View.php(213): include('/Applications/MAMP/htdocs/marketplace/companyprofile/app/Views/staff/detail.php')
 3 SYSTEMPATH/View/View.php(216): CodeIgniter\View\View->CodeIgniter\View\{closure}()
 4 SYSTEMPATH/Common.php(1184): CodeIgniter\View\View->render('staff/detail', [], true)
 5 APPPATH/Views/layout/wrapper.php(10): view('staff/detail')
 6 SYSTEMPATH/View/View.php(213): include('/Applications/MAMP/htdocs/marketplace/companyprofile/app/Views/layout/wrapper.php')
 7 SYSTEMPATH/View/View.php(216): CodeIgniter\View\View->CodeIgniter\View\{closure}()
 8 SYSTEMPATH/Common.php(1184): CodeIgniter\View\View->render('layout/wrapper', [], true)
 9 APPPATH/Controllers/Staff.php(49): view('layout/wrapper', [...])
10 SYSTEMPATH/CodeIgniter.php(934): App\Controllers\Staff->detail('4', 'fitri-aryati-s-pdi')
11 SYSTEMPATH/CodeIgniter.php(499): CodeIgniter\CodeIgniter->runController(Object(App\Controllers\Staff))
12 SYSTEMPATH/CodeIgniter.php(368): CodeIgniter\CodeIgniter->handleRequest(null, Object(Config\Cache), false)
13 FCPATH/index.php(67): CodeIgniter\CodeIgniter->run()
14 ROOTPATH/index.php(6): require_once('/Applications/MAMP/htdocs/marketplace/companyprofile/public/index.php')
CRITICAL - 2023-04-26 04:18:02 --> Undefined variable $staff
in APPPATH/Views/staff/detail.php on line 18.
 1 APPPATH/Views/staff/detail.php(18): CodeIgniter\Debug\Exceptions->errorHandler(2, 'Undefined variable $staff', '/Applications/MAMP/htdocs/marketplace/companyprofile/app/Views/staff/detail.php', 18)
 2 SYSTEMPATH/View/View.php(213): include('/Applications/MAMP/htdocs/marketplace/companyprofile/app/Views/staff/detail.php')
 3 SYSTEMPATH/View/View.php(216): CodeIgniter\View\View->CodeIgniter\View\{closure}()
 4 SYSTEMPATH/Common.php(1184): CodeIgniter\View\View->render('staff/detail', [], true)
 5 APPPATH/Views/layout/wrapper.php(10): view('staff/detail')
 6 SYSTEMPATH/View/View.php(213): include('/Applications/MAMP/htdocs/marketplace/companyprofile/app/Views/layout/wrapper.php')
 7 SYSTEMPATH/View/View.php(216): CodeIgniter\View\View->CodeIgniter\View\{closure}()
 8 SYSTEMPATH/Common.php(1184): CodeIgniter\View\View->render('layout/wrapper', [], true)
 9 APPPATH/Controllers/Staff.php(49): view('layout/wrapper', [...])
10 SYSTEMPATH/CodeIgniter.php(934): App\Controllers\Staff->detail('4', 'assets', 'img', 'cart', 'cart_1_5.jpg')
11 SYSTEMPATH/CodeIgniter.php(499): CodeIgniter\CodeIgniter->runController(Object(App\Controllers\Staff))
12 SYSTEMPATH/CodeIgniter.php(368): CodeIgniter\CodeIgniter->handleRequest(null, Object(Config\Cache), false)
13 FCPATH/index.php(67): CodeIgniter\CodeIgniter->run()
14 ROOTPATH/index.php(6): require_once('/Applications/MAMP/htdocs/marketplace/companyprofile/public/index.php')
CRITICAL - 2023-04-26 04:18:02 --> Undefined variable $staff
in APPPATH/Views/staff/detail.php on line 18.
 1 APPPATH/Views/staff/detail.php(18): CodeIgniter\Debug\Exceptions->errorHandler(2, 'Undefined variable $staff', '/Applications/MAMP/htdocs/marketplace/companyprofile/app/Views/staff/detail.php', 18)
 2 SYSTEMPATH/View/View.php(213): include('/Applications/MAMP/htdocs/marketplace/companyprofile/app/Views/staff/detail.php')
 3 SYSTEMPATH/View/View.php(216): CodeIgniter\View\View->CodeIgniter\View\{closure}()
 4 SYSTEMPATH/Common.php(1184): CodeIgniter\View\View->render('staff/detail', [], true)
 5 APPPATH/Views/layout/wrapper.php(10): view('staff/detail')
 6 SYSTEMPATH/View/View.php(213): include('/Applications/MAMP/htdocs/marketplace/companyprofile/app/Views/layout/wrapper.php')
 7 SYSTEMPATH/View/View.php(216): CodeIgniter\View\View->CodeIgniter\View\{closure}()
 8 SYSTEMPATH/Common.php(1184): CodeIgniter\View\View->render('layout/wrapper', [], true)
 9 APPPATH/Controllers/Staff.php(49): view('layout/wrapper', [...])
10 SYSTEMPATH/CodeIgniter.php(934): App\Controllers\Staff->detail('4', 'assets', 'img', 'cart', 'cart_1_4.jpg')
11 SYSTEMPATH/CodeIgniter.php(499): CodeIgniter\CodeIgniter->runController(Object(App\Controllers\Staff))
12 SYSTEMPATH/CodeIgniter.php(368): CodeIgniter\CodeIgniter->handleRequest(null, Object(Config\Cache), false)
13 FCPATH/index.php(67): CodeIgniter\CodeIgniter->run()
14 ROOTPATH/index.php(6): require_once('/Applications/MAMP/htdocs/marketplace/companyprofile/public/index.php')
CRITICAL - 2023-04-26 04:18:02 --> Undefined variable $staff
in APPPATH/Views/staff/detail.php on line 18.
 1 APPPATH/Views/staff/detail.php(18): CodeIgniter\Debug\Exceptions->errorHandler(2, 'Undefined variable $staff', '/Applications/MAMP/htdocs/marketplace/companyprofile/app/Views/staff/detail.php', 18)
 2 SYSTEMPATH/View/View.php(213): include('/Applications/MAMP/htdocs/marketplace/companyprofile/app/Views/staff/detail.php')
 3 SYSTEMPATH/View/View.php(216): CodeIgniter\View\View->CodeIgniter\View\{closure}()
 4 SYSTEMPATH/Common.php(1184): CodeIgniter\View\View->render('staff/detail', [], true)
 5 APPPATH/Views/layout/wrapper.php(10): view('staff/detail')
 6 SYSTEMPATH/View/View.php(213): include('/Applications/MAMP/htdocs/marketplace/companyprofile/app/Views/layout/wrapper.php')
 7 SYSTEMPATH/View/View.php(216): CodeIgniter\View\View->CodeIgniter\View\{closure}()
 8 SYSTEMPATH/Common.php(1184): CodeIgniter\View\View->render('layout/wrapper', [], true)
 9 APPPATH/Controllers/Staff.php(49): view('layout/wrapper', [...])
10 SYSTEMPATH/CodeIgniter.php(934): App\Controllers\Staff->detail('4', 'assets', 'img', 'cart', 'cart_1_2.jpg')
11 SYSTEMPATH/CodeIgniter.php(499): CodeIgniter\CodeIgniter->runController(Object(App\Controllers\Staff))
12 SYSTEMPATH/CodeIgniter.php(368): CodeIgniter\CodeIgniter->handleRequest(null, Object(Config\Cache), false)
13 FCPATH/index.php(67): CodeIgniter\CodeIgniter->run()
14 ROOTPATH/index.php(6): require_once('/Applications/MAMP/htdocs/marketplace/companyprofile/public/index.php')
CRITICAL - 2023-04-26 04:18:02 --> Undefined variable $staff
in APPPATH/Views/staff/detail.php on line 18.
 1 APPPATH/Views/staff/detail.php(18): CodeIgniter\Debug\Exceptions->errorHandler(2, 'Undefined variable $staff', '/Applications/MAMP/htdocs/marketplace/companyprofile/app/Views/staff/detail.php', 18)
 2 SYSTEMPATH/View/View.php(213): include('/Applications/MAMP/htdocs/marketplace/companyprofile/app/Views/staff/detail.php')
 3 SYSTEMPATH/View/View.php(216): CodeIgniter\View\View->CodeIgniter\View\{closure}()
 4 SYSTEMPATH/Common.php(1184): CodeIgniter\View\View->render('staff/detail', [], true)
 5 APPPATH/Views/layout/wrapper.php(10): view('staff/detail')
 6 SYSTEMPATH/View/View.php(213): include('/Applications/MAMP/htdocs/marketplace/companyprofile/app/Views/layout/wrapper.php')
 7 SYSTEMPATH/View/View.php(216): CodeIgniter\View\View->CodeIgniter\View\{closure}()
 8 SYSTEMPATH/Common.php(1184): CodeIgniter\View\View->render('layout/wrapper', [], true)
 9 APPPATH/Controllers/Staff.php(49): view('layout/wrapper', [...])
10 SYSTEMPATH/CodeIgniter.php(934): App\Controllers\Staff->detail('4', 'assets', 'img', 'cart', 'cart_1_1.jpg')
11 SYSTEMPATH/CodeIgniter.php(499): CodeIgniter\CodeIgniter->runController(Object(App\Controllers\Staff))
12 SYSTEMPATH/CodeIgniter.php(368): CodeIgniter\CodeIgniter->handleRequest(null, Object(Config\Cache), false)
13 FCPATH/index.php(67): CodeIgniter\CodeIgniter->run()
14 ROOTPATH/index.php(6): require_once('/Applications/MAMP/htdocs/marketplace/companyprofile/public/index.php')
CRITICAL - 2023-04-26 04:18:03 --> Undefined variable $staff
in APPPATH/Views/staff/detail.php on line 18.
 1 APPPATH/Views/staff/detail.php(18): CodeIgniter\Debug\Exceptions->errorHandler(2, 'Undefined variable $staff', '/Applications/MAMP/htdocs/marketplace/companyprofile/app/Views/staff/detail.php', 18)
 2 SYSTEMPATH/View/View.php(213): include('/Applications/MAMP/htdocs/marketplace/companyprofile/app/Views/staff/detail.php')
 3 SYSTEMPATH/View/View.php(216): CodeIgniter\View\View->CodeIgniter\View\{closure}()
 4 SYSTEMPATH/Common.php(1184): CodeIgniter\View\View->render('staff/detail', [], true)
 5 APPPATH/Views/layout/wrapper.php(10): view('staff/detail')
 6 SYSTEMPATH/View/View.php(213): include('/Applications/MAMP/htdocs/marketplace/companyprofile/app/Views/layout/wrapper.php')
 7 SYSTEMPATH/View/View.php(216): CodeIgniter\View\View->CodeIgniter\View\{closure}()
 8 SYSTEMPATH/Common.php(1184): CodeIgniter\View\View->render('layout/wrapper', [], true)
 9 APPPATH/Controllers/Staff.php(49): view('layout/wrapper', [...])
10 SYSTEMPATH/CodeIgniter.php(934): App\Controllers\Staff->detail('4', 'assets', 'img', 'cart', 'cart_1_3.jpg')
11 SYSTEMPATH/CodeIgniter.php(499): CodeIgniter\CodeIgniter->runController(Object(App\Controllers\Staff))
12 SYSTEMPATH/CodeIgniter.php(368): CodeIgniter\CodeIgniter->handleRequest(null, Object(Config\Cache), false)
13 FCPATH/index.php(67): CodeIgniter\CodeIgniter->run()
14 ROOTPATH/index.php(6): require_once('/Applications/MAMP/htdocs/marketplace/companyprofile/public/index.php')
CRITICAL - 2023-04-26 04:18:03 --> Undefined variable $staff
in APPPATH/Views/staff/detail.php on line 18.
 1 APPPATH/Views/staff/detail.php(18): CodeIgniter\Debug\Exceptions->errorHandler(2, 'Undefined variable $staff', '/Applications/MAMP/htdocs/marketplace/companyprofile/app/Views/staff/detail.php', 18)
 2 SYSTEMPATH/View/View.php(213): include('/Applications/MAMP/htdocs/marketplace/companyprofile/app/Views/staff/detail.php')
 3 SYSTEMPATH/View/View.php(216): CodeIgniter\View\View->CodeIgniter\View\{closure}()
 4 SYSTEMPATH/Common.php(1184): CodeIgniter\View\View->render('staff/detail', [], true)
 5 APPPATH/Views/layout/wrapper.php(10): view('staff/detail')
 6 SYSTEMPATH/View/View.php(213): include('/Applications/MAMP/htdocs/marketplace/companyprofile/app/Views/layout/wrapper.php')
 7 SYSTEMPATH/View/View.php(216): CodeIgniter\View\View->CodeIgniter\View\{closure}()
 8 SYSTEMPATH/Common.php(1184): CodeIgniter\View\View->render('layout/wrapper', [], true)
 9 APPPATH/Controllers/Staff.php(49): view('layout/wrapper', [...])
10 SYSTEMPATH/CodeIgniter.php(934): App\Controllers\Staff->detail('4', 'ajax.php')
11 SYSTEMPATH/CodeIgniter.php(499): CodeIgniter\CodeIgniter->runController(Object(App\Controllers\Staff))
12 SYSTEMPATH/CodeIgniter.php(368): CodeIgniter\CodeIgniter->handleRequest(null, Object(Config\Cache), false)
13 FCPATH/index.php(67): CodeIgniter\CodeIgniter->run()
14 ROOTPATH/index.php(6): require_once('/Applications/MAMP/htdocs/marketplace/companyprofile/public/index.php')
CRITICAL - 2023-04-26 04:24:52 --> Attempt to read property "nama" on null
in APPPATH/Controllers/Admin/Staff.php on line 267.
 1 APPPATH/Controllers/Admin/Staff.php(267): CodeIgniter\Debug\Exceptions->errorHandler(2, 'Attempt to read property "nama" on null', '/Applications/MAMP/htdocs/marketplace/companyprofile/app/Controllers/Admin/Staff.php', 267)
 2 SYSTEMPATH/CodeIgniter.php(934): App\Controllers\Admin\Staff->edit('ajax.php')
 3 SYSTEMPATH/CodeIgniter.php(499): CodeIgniter\CodeIgniter->runController(Object(App\Controllers\Admin\Staff))
 4 SYSTEMPATH/CodeIgniter.php(368): CodeIgniter\CodeIgniter->handleRequest(null, Object(Config\Cache), false)
 5 FCPATH/index.php(67): CodeIgniter\CodeIgniter->run()
 6 ROOTPATH/index.php(6): require_once('/Applications/MAMP/htdocs/marketplace/companyprofile/public/index.php')
CRITICAL - 2023-04-26 04:26:57 --> Attempt to read property "id_berita" on null
in APPPATH/Controllers/Berita.php on line 77.
 1 APPPATH/Controllers/Berita.php(77): CodeIgniter\Debug\Exceptions->errorHandler(2, 'Attempt to read property "id_berita" on null', '/Applications/MAMP/htdocs/marketplace/companyprofile/app/Controllers/Berita.php', 77)
 2 SYSTEMPATH/CodeIgniter.php(934): App\Controllers\Berita->read('assets', 'img', 'cart', 'cart_1_1.jpg')
 3 SYSTEMPATH/CodeIgniter.php(499): CodeIgniter\CodeIgniter->runController(Object(App\Controllers\Berita))
 4 SYSTEMPATH/CodeIgniter.php(368): CodeIgniter\CodeIgniter->handleRequest(null, Object(Config\Cache), false)
 5 FCPATH/index.php(67): CodeIgniter\CodeIgniter->run()
 6 ROOTPATH/index.php(6): require_once('/Applications/MAMP/htdocs/marketplace/companyprofile/public/index.php')
CRITICAL - 2023-04-26 04:26:57 --> Attempt to read property "id_berita" on null
in APPPATH/Controllers/Berita.php on line 77.
 1 APPPATH/Controllers/Berita.php(77): CodeIgniter\Debug\Exceptions->errorHandler(2, 'Attempt to read property "id_berita" on null', '/Applications/MAMP/htdocs/marketplace/companyprofile/app/Controllers/Berita.php', 77)
 2 SYSTEMPATH/CodeIgniter.php(934): App\Controllers\Berita->read('assets', 'img', 'cart', 'cart_1_2.jpg')
 3 SYSTEMPATH/CodeIgniter.php(499): CodeIgniter\CodeIgniter->runController(Object(App\Controllers\Berita))
 4 SYSTEMPATH/CodeIgniter.php(368): CodeIgniter\CodeIgniter->handleRequest(null, Object(Config\Cache), false)
 5 FCPATH/index.php(67): CodeIgniter\CodeIgniter->run()
 6 ROOTPATH/index.php(6): require_once('/Applications/MAMP/htdocs/marketplace/companyprofile/public/index.php')
CRITICAL - 2023-04-26 04:26:57 --> Attempt to read property "id_berita" on null
in APPPATH/Controllers/Berita.php on line 77.
 1 APPPATH/Controllers/Berita.php(77): CodeIgniter\Debug\Exceptions->errorHandler(2, 'Attempt to read property "id_berita" on null', '/Applications/MAMP/htdocs/marketplace/companyprofile/app/Controllers/Berita.php', 77)
 2 SYSTEMPATH/CodeIgniter.php(934): App\Controllers\Berita->read('assets', 'img', 'cart', 'cart_1_5.jpg')
 3 SYSTEMPATH/CodeIgniter.php(499): CodeIgniter\CodeIgniter->runController(Object(App\Controllers\Berita))
 4 SYSTEMPATH/CodeIgniter.php(368): CodeIgniter\CodeIgniter->handleRequest(null, Object(Config\Cache), false)
 5 FCPATH/index.php(67): CodeIgniter\CodeIgniter->run()
 6 ROOTPATH/index.php(6): require_once('/Applications/MAMP/htdocs/marketplace/companyprofile/public/index.php')
CRITICAL - 2023-04-26 04:26:58 --> Attempt to read property "id_berita" on null
in APPPATH/Controllers/Berita.php on line 77.
 1 APPPATH/Controllers/Berita.php(77): CodeIgniter\Debug\Exceptions->errorHandler(2, 'Attempt to read property "id_berita" on null', '/Applications/MAMP/htdocs/marketplace/companyprofile/app/Controllers/Berita.php', 77)
 2 SYSTEMPATH/CodeIgniter.php(934): App\Controllers\Berita->read('assets', 'img', 'cart', 'cart_1_3.jpg')
 3 SYSTEMPATH/CodeIgniter.php(499): CodeIgniter\CodeIgniter->runController(Object(App\Controllers\Berita))
 4 SYSTEMPATH/CodeIgniter.php(368): CodeIgniter\CodeIgniter->handleRequest(null, Object(Config\Cache), false)
 5 FCPATH/index.php(67): CodeIgniter\CodeIgniter->run()
 6 ROOTPATH/index.php(6): require_once('/Applications/MAMP/htdocs/marketplace/companyprofile/public/index.php')
CRITICAL - 2023-04-26 04:26:58 --> Attempt to read property "id_berita" on null
in APPPATH/Controllers/Berita.php on line 77.
 1 APPPATH/Controllers/Berita.php(77): CodeIgniter\Debug\Exceptions->errorHandler(2, 'Attempt to read property "id_berita" on null', '/Applications/MAMP/htdocs/marketplace/companyprofile/app/Controllers/Berita.php', 77)
 2 SYSTEMPATH/CodeIgniter.php(934): App\Controllers\Berita->read('assets', 'img', 'cart', 'cart_1_4.jpg')
 3 SYSTEMPATH/CodeIgniter.php(499): CodeIgniter\CodeIgniter->runController(Object(App\Controllers\Berita))
 4 SYSTEMPATH/CodeIgniter.php(368): CodeIgniter\CodeIgniter->handleRequest(null, Object(Config\Cache), false)
 5 FCPATH/index.php(67): CodeIgniter\CodeIgniter->run()
 6 ROOTPATH/index.php(6): require_once('/Applications/MAMP/htdocs/marketplace/companyprofile/public/index.php')
CRITICAL - 2023-04-26 04:26:58 --> Attempt to read property "id_berita" on null
in APPPATH/Controllers/Berita.php on line 77.
 1 APPPATH/Controllers/Berita.php(77): CodeIgniter\Debug\Exceptions->errorHandler(2, 'Attempt to read property "id_berita" on null', '/Applications/MAMP/htdocs/marketplace/companyprofile/app/Controllers/Berita.php', 77)
 2 SYSTEMPATH/CodeIgniter.php(934): App\Controllers\Berita->read('ajax.php')
 3 SYSTEMPATH/CodeIgniter.php(499): CodeIgniter\CodeIgniter->runController(Object(App\Controllers\Berita))
 4 SYSTEMPATH/CodeIgniter.php(368): CodeIgniter\CodeIgniter->handleRequest(null, Object(Config\Cache), false)
 5 FCPATH/index.php(67): CodeIgniter\CodeIgniter->run()
 6 ROOTPATH/index.php(6): require_once('/Applications/MAMP/htdocs/marketplace/companyprofile/public/index.php')
CRITICAL - 2023-04-26 04:27:09 --> Attempt to read property "id_kategori" on null
in APPPATH/Controllers/Berita.php on line 47.
 1 APPPATH/Controllers/Berita.php(47): CodeIgniter\Debug\Exceptions->errorHandler(2, 'Attempt to read property "id_kategori" on null', '/Applications/MAMP/htdocs/marketplace/companyprofile/app/Controllers/Berita.php', 47)
 2 SYSTEMPATH/CodeIgniter.php(934): App\Controllers\Berita->kategori('assets', 'img', 'cart', 'cart_1_1.jpg')
 3 SYSTEMPATH/CodeIgniter.php(499): CodeIgniter\CodeIgniter->runController(Object(App\Controllers\Berita))
 4 SYSTEMPATH/CodeIgniter.php(368): CodeIgniter\CodeIgniter->handleRequest(null, Object(Config\Cache), false)
 5 FCPATH/index.php(67): CodeIgniter\CodeIgniter->run()
 6 ROOTPATH/index.php(6): require_once('/Applications/MAMP/htdocs/marketplace/companyprofile/public/index.php')
CRITICAL - 2023-04-26 04:27:09 --> Attempt to read property "id_kategori" on null
in APPPATH/Controllers/Berita.php on line 47.
 1 APPPATH/Controllers/Berita.php(47): CodeIgniter\Debug\Exceptions->errorHandler(2, 'Attempt to read property "id_kategori" on null', '/Applications/MAMP/htdocs/marketplace/companyprofile/app/Controllers/Berita.php', 47)
 2 SYSTEMPATH/CodeIgniter.php(934): App\Controllers\Berita->kategori('assets', 'img', 'cart', 'cart_1_3.jpg')
 3 SYSTEMPATH/CodeIgniter.php(499): CodeIgniter\CodeIgniter->runController(Object(App\Controllers\Berita))
 4 SYSTEMPATH/CodeIgniter.php(368): CodeIgniter\CodeIgniter->handleRequest(null, Object(Config\Cache), false)
 5 FCPATH/index.php(67): CodeIgniter\CodeIgniter->run()
 6 ROOTPATH/index.php(6): require_once('/Applications/MAMP/htdocs/marketplace/companyprofile/public/index.php')
CRITICAL - 2023-04-26 04:27:10 --> Attempt to read property "id_kategori" on null
in APPPATH/Controllers/Berita.php on line 47.
 1 APPPATH/Controllers/Berita.php(47): CodeIgniter\Debug\Exceptions->errorHandler(2, 'Attempt to read property "id_kategori" on null', '/Applications/MAMP/htdocs/marketplace/companyprofile/app/Controllers/Berita.php', 47)
 2 SYSTEMPATH/CodeIgniter.php(934): App\Controllers\Berita->kategori('assets', 'img', 'cart', 'cart_1_2.jpg')
 3 SYSTEMPATH/CodeIgniter.php(499): CodeIgniter\CodeIgniter->runController(Object(App\Controllers\Berita))
 4 SYSTEMPATH/CodeIgniter.php(368): CodeIgniter\CodeIgniter->handleRequest(null, Object(Config\Cache), false)
 5 FCPATH/index.php(67): CodeIgniter\CodeIgniter->run()
 6 ROOTPATH/index.php(6): require_once('/Applications/MAMP/htdocs/marketplace/companyprofile/public/index.php')
CRITICAL - 2023-04-26 04:27:10 --> Attempt to read property "id_kategori" on null
in APPPATH/Controllers/Berita.php on line 47.
 1 APPPATH/Controllers/Berita.php(47): CodeIgniter\Debug\Exceptions->errorHandler(2, 'Attempt to read property "id_kategori" on null', '/Applications/MAMP/htdocs/marketplace/companyprofile/app/Controllers/Berita.php', 47)
 2 SYSTEMPATH/CodeIgniter.php(934): App\Controllers\Berita->kategori('assets', 'img', 'cart', 'cart_1_4.jpg')
 3 SYSTEMPATH/CodeIgniter.php(499): CodeIgniter\CodeIgniter->runController(Object(App\Controllers\Berita))
 4 SYSTEMPATH/CodeIgniter.php(368): CodeIgniter\CodeIgniter->handleRequest(null, Object(Config\Cache), false)
 5 FCPATH/index.php(67): CodeIgniter\CodeIgniter->run()
 6 ROOTPATH/index.php(6): require_once('/Applications/MAMP/htdocs/marketplace/companyprofile/public/index.php')
CRITICAL - 2023-04-26 04:27:10 --> Attempt to read property "id_kategori" on null
in APPPATH/Controllers/Berita.php on line 47.
 1 APPPATH/Controllers/Berita.php(47): CodeIgniter\Debug\Exceptions->errorHandler(2, 'Attempt to read property "id_kategori" on null', '/Applications/MAMP/htdocs/marketplace/companyprofile/app/Controllers/Berita.php', 47)
 2 SYSTEMPATH/CodeIgniter.php(934): App\Controllers\Berita->kategori('assets', 'img', 'cart', 'cart_1_5.jpg')
 3 SYSTEMPATH/CodeIgniter.php(499): CodeIgniter\CodeIgniter->runController(Object(App\Controllers\Berita))
 4 SYSTEMPATH/CodeIgniter.php(368): CodeIgniter\CodeIgniter->handleRequest(null, Object(Config\Cache), false)
 5 FCPATH/index.php(67): CodeIgniter\CodeIgniter->run()
 6 ROOTPATH/index.php(6): require_once('/Applications/MAMP/htdocs/marketplace/companyprofile/public/index.php')
CRITICAL - 2023-04-26 04:27:11 --> Attempt to read property "id_kategori" on null
in APPPATH/Controllers/Berita.php on line 47.
 1 APPPATH/Controllers/Berita.php(47): CodeIgniter\Debug\Exceptions->errorHandler(2, 'Attempt to read property "id_kategori" on null', '/Applications/MAMP/htdocs/marketplace/companyprofile/app/Controllers/Berita.php', 47)
 2 SYSTEMPATH/CodeIgniter.php(934): App\Controllers\Berita->kategori('ajax.php')
 3 SYSTEMPATH/CodeIgniter.php(499): CodeIgniter\CodeIgniter->runController(Object(App\Controllers\Berita))
 4 SYSTEMPATH/CodeIgniter.php(368): CodeIgniter\CodeIgniter->handleRequest(null, Object(Config\Cache), false)
 5 FCPATH/index.php(67): CodeIgniter\CodeIgniter->run()
 6 ROOTPATH/index.php(6): require_once('/Applications/MAMP/htdocs/marketplace/companyprofile/public/index.php')
CRITICAL - 2023-04-26 04:27:14 --> Attempt to read property "id_kategori" on null
in APPPATH/Controllers/Berita.php on line 47.
 1 APPPATH/Controllers/Berita.php(47): CodeIgniter\Debug\Exceptions->errorHandler(2, 'Attempt to read property "id_kategori" on null', '/Applications/MAMP/htdocs/marketplace/companyprofile/app/Controllers/Berita.php', 47)
 2 SYSTEMPATH/CodeIgniter.php(934): App\Controllers\Berita->kategori('assets', 'img', 'cart', 'cart_1_1.jpg')
 3 SYSTEMPATH/CodeIgniter.php(499): CodeIgniter\CodeIgniter->runController(Object(App\Controllers\Berita))
 4 SYSTEMPATH/CodeIgniter.php(368): CodeIgniter\CodeIgniter->handleRequest(null, Object(Config\Cache), false)
 5 FCPATH/index.php(67): CodeIgniter\CodeIgniter->run()
 6 ROOTPATH/index.php(6): require_once('/Applications/MAMP/htdocs/marketplace/companyprofile/public/index.php')
CRITICAL - 2023-04-26 04:27:14 --> Attempt to read property "id_kategori" on null
in APPPATH/Controllers/Berita.php on line 47.
 1 APPPATH/Controllers/Berita.php(47): CodeIgniter\Debug\Exceptions->errorHandler(2, 'Attempt to read property "id_kategori" on null', '/Applications/MAMP/htdocs/marketplace/companyprofile/app/Controllers/Berita.php', 47)
 2 SYSTEMPATH/CodeIgniter.php(934): App\Controllers\Berita->kategori('assets', 'img', 'cart', 'cart_1_5.jpg')
 3 SYSTEMPATH/CodeIgniter.php(499): CodeIgniter\CodeIgniter->runController(Object(App\Controllers\Berita))
 4 SYSTEMPATH/CodeIgniter.php(368): CodeIgniter\CodeIgniter->handleRequest(null, Object(Config\Cache), false)
 5 FCPATH/index.php(67): CodeIgniter\CodeIgniter->run()
 6 ROOTPATH/index.php(6): require_once('/Applications/MAMP/htdocs/marketplace/companyprofile/public/index.php')
CRITICAL - 2023-04-26 04:27:14 --> Attempt to read property "id_kategori" on null
in APPPATH/Controllers/Berita.php on line 47.
 1 APPPATH/Controllers/Berita.php(47): CodeIgniter\Debug\Exceptions->errorHandler(2, 'Attempt to read property "id_kategori" on null', '/Applications/MAMP/htdocs/marketplace/companyprofile/app/Controllers/Berita.php', 47)
 2 SYSTEMPATH/CodeIgniter.php(934): App\Controllers\Berita->kategori('assets', 'img', 'cart', 'cart_1_3.jpg')
 3 SYSTEMPATH/CodeIgniter.php(499): CodeIgniter\CodeIgniter->runController(Object(App\Controllers\Berita))
 4 SYSTEMPATH/CodeIgniter.php(368): CodeIgniter\CodeIgniter->handleRequest(null, Object(Config\Cache), false)
 5 FCPATH/index.php(67): CodeIgniter\CodeIgniter->run()
 6 ROOTPATH/index.php(6): require_once('/Applications/MAMP/htdocs/marketplace/companyprofile/public/index.php')
CRITICAL - 2023-04-26 04:27:14 --> Attempt to read property "id_kategori" on null
in APPPATH/Controllers/Berita.php on line 47.
 1 APPPATH/Controllers/Berita.php(47): CodeIgniter\Debug\Exceptions->errorHandler(2, 'Attempt to read property "id_kategori" on null', '/Applications/MAMP/htdocs/marketplace/companyprofile/app/Controllers/Berita.php', 47)
 2 SYSTEMPATH/CodeIgniter.php(934): App\Controllers\Berita->kategori('assets', 'img', 'cart', 'cart_1_4.jpg')
 3 SYSTEMPATH/CodeIgniter.php(499): CodeIgniter\CodeIgniter->runController(Object(App\Controllers\Berita))
 4 SYSTEMPATH/CodeIgniter.php(368): CodeIgniter\CodeIgniter->handleRequest(null, Object(Config\Cache), false)
 5 FCPATH/index.php(67): CodeIgniter\CodeIgniter->run()
 6 ROOTPATH/index.php(6): require_once('/Applications/MAMP/htdocs/marketplace/companyprofile/public/index.php')
CRITICAL - 2023-04-26 04:27:14 --> Attempt to read property "id_kategori" on null
in APPPATH/Controllers/Berita.php on line 47.
 1 APPPATH/Controllers/Berita.php(47): CodeIgniter\Debug\Exceptions->errorHandler(2, 'Attempt to read property "id_kategori" on null', '/Applications/MAMP/htdocs/marketplace/companyprofile/app/Controllers/Berita.php', 47)
 2 SYSTEMPATH/CodeIgniter.php(934): App\Controllers\Berita->kategori('assets', 'img', 'cart', 'cart_1_2.jpg')
 3 SYSTEMPATH/CodeIgniter.php(499): CodeIgniter\CodeIgniter->runController(Object(App\Controllers\Berita))
 4 SYSTEMPATH/CodeIgniter.php(368): CodeIgniter\CodeIgniter->handleRequest(null, Object(Config\Cache), false)
 5 FCPATH/index.php(67): CodeIgniter\CodeIgniter->run()
 6 ROOTPATH/index.php(6): require_once('/Applications/MAMP/htdocs/marketplace/companyprofile/public/index.php')
CRITICAL - 2023-04-26 04:27:15 --> Attempt to read property "id_kategori" on null
in APPPATH/Controllers/Berita.php on line 47.
 1 APPPATH/Controllers/Berita.php(47): CodeIgniter\Debug\Exceptions->errorHandler(2, 'Attempt to read property "id_kategori" on null', '/Applications/MAMP/htdocs/marketplace/companyprofile/app/Controllers/Berita.php', 47)
 2 SYSTEMPATH/CodeIgniter.php(934): App\Controllers\Berita->kategori('ajax.php')
 3 SYSTEMPATH/CodeIgniter.php(499): CodeIgniter\CodeIgniter->runController(Object(App\Controllers\Berita))
 4 SYSTEMPATH/CodeIgniter.php(368): CodeIgniter\CodeIgniter->handleRequest(null, Object(Config\Cache), false)
 5 FCPATH/index.php(67): CodeIgniter\CodeIgniter->run()
 6 ROOTPATH/index.php(6): require_once('/Applications/MAMP/htdocs/marketplace/companyprofile/public/index.php')
CRITICAL - 2023-04-26 04:57:11 --> Attempt to read property "id_kategori" on null
in APPPATH/Controllers/Berita.php on line 47.
 1 APPPATH/Controllers/Berita.php(47): CodeIgniter\Debug\Exceptions->errorHandler(2, 'Attempt to read property "id_kategori" on null', '/Applications/MAMP/htdocs/marketplace/companyprofile/app/Controllers/Berita.php', 47)
 2 SYSTEMPATH/CodeIgniter.php(934): App\Controllers\Berita->kategori('assets', 'img', 'cart', 'cart_1_1.jpg')
 3 SYSTEMPATH/CodeIgniter.php(499): CodeIgniter\CodeIgniter->runController(Object(App\Controllers\Berita))
 4 SYSTEMPATH/CodeIgniter.php(368): CodeIgniter\CodeIgniter->handleRequest(null, Object(Config\Cache), false)
 5 FCPATH/index.php(67): CodeIgniter\CodeIgniter->run()
 6 ROOTPATH/index.php(6): require_once('/Applications/MAMP/htdocs/marketplace/companyprofile/public/index.php')
CRITICAL - 2023-04-26 04:57:11 --> Attempt to read property "id_kategori" on null
in APPPATH/Controllers/Berita.php on line 47.
 1 APPPATH/Controllers/Berita.php(47): CodeIgniter\Debug\Exceptions->errorHandler(2, 'Attempt to read property "id_kategori" on null', '/Applications/MAMP/htdocs/marketplace/companyprofile/app/Controllers/Berita.php', 47)
 2 SYSTEMPATH/CodeIgniter.php(934): App\Controllers\Berita->kategori('assets', 'img', 'cart', 'cart_1_2.jpg')
 3 SYSTEMPATH/CodeIgniter.php(499): CodeIgniter\CodeIgniter->runController(Object(App\Controllers\Berita))
 4 SYSTEMPATH/CodeIgniter.php(368): CodeIgniter\CodeIgniter->handleRequest(null, Object(Config\Cache), false)
 5 FCPATH/index.php(67): CodeIgniter\CodeIgniter->run()
 6 ROOTPATH/index.php(6): require_once('/Applications/MAMP/htdocs/marketplace/companyprofile/public/index.php')
CRITICAL - 2023-04-26 04:57:11 --> Attempt to read property "id_kategori" on null
in APPPATH/Controllers/Berita.php on line 47.
 1 APPPATH/Controllers/Berita.php(47): CodeIgniter\Debug\Exceptions->errorHandler(2, 'Attempt to read property "id_kategori" on null', '/Applications/MAMP/htdocs/marketplace/companyprofile/app/Controllers/Berita.php', 47)
 2 SYSTEMPATH/CodeIgniter.php(934): App\Controllers\Berita->kategori('assets', 'img', 'cart', 'cart_1_4.jpg')
 3 SYSTEMPATH/CodeIgniter.php(499): CodeIgniter\CodeIgniter->runController(Object(App\Controllers\Berita))
 4 SYSTEMPATH/CodeIgniter.php(368): CodeIgniter\CodeIgniter->handleRequest(null, Object(Config\Cache), false)
 5 FCPATH/index.php(67): CodeIgniter\CodeIgniter->run()
 6 ROOTPATH/index.php(6): require_once('/Applications/MAMP/htdocs/marketplace/companyprofile/public/index.php')
CRITICAL - 2023-04-26 04:57:11 --> Attempt to read property "id_kategori" on null
in APPPATH/Controllers/Berita.php on line 47.
 1 APPPATH/Controllers/Berita.php(47): CodeIgniter\Debug\Exceptions->errorHandler(2, 'Attempt to read property "id_kategori" on null', '/Applications/MAMP/htdocs/marketplace/companyprofile/app/Controllers/Berita.php', 47)
 2 SYSTEMPATH/CodeIgniter.php(934): App\Controllers\Berita->kategori('assets', 'img', 'cart', 'cart_1_5.jpg')
 3 SYSTEMPATH/CodeIgniter.php(499): CodeIgniter\CodeIgniter->runController(Object(App\Controllers\Berita))
 4 SYSTEMPATH/CodeIgniter.php(368): CodeIgniter\CodeIgniter->handleRequest(null, Object(Config\Cache), false)
 5 FCPATH/index.php(67): CodeIgniter\CodeIgniter->run()
 6 ROOTPATH/index.php(6): require_once('/Applications/MAMP/htdocs/marketplace/companyprofile/public/index.php')
CRITICAL - 2023-04-26 04:57:11 --> Attempt to read property "id_kategori" on null
in APPPATH/Controllers/Berita.php on line 47.
 1 APPPATH/Controllers/Berita.php(47): CodeIgniter\Debug\Exceptions->errorHandler(2, 'Attempt to read property "id_kategori" on null', '/Applications/MAMP/htdocs/marketplace/companyprofile/app/Controllers/Berita.php', 47)
 2 SYSTEMPATH/CodeIgniter.php(934): App\Controllers\Berita->kategori('assets', 'img', 'cart', 'cart_1_3.jpg')
 3 SYSTEMPATH/CodeIgniter.php(499): CodeIgniter\CodeIgniter->runController(Object(App\Controllers\Berita))
 4 SYSTEMPATH/CodeIgniter.php(368): CodeIgniter\CodeIgniter->handleRequest(null, Object(Config\Cache), false)
 5 FCPATH/index.php(67): CodeIgniter\CodeIgniter->run()
 6 ROOTPATH/index.php(6): require_once('/Applications/MAMP/htdocs/marketplace/companyprofile/public/index.php')
CRITICAL - 2023-04-26 04:57:12 --> Attempt to read property "id_kategori" on null
in APPPATH/Controllers/Berita.php on line 47.
 1 APPPATH/Controllers/Berita.php(47): CodeIgniter\Debug\Exceptions->errorHandler(2, 'Attempt to read property "id_kategori" on null', '/Applications/MAMP/htdocs/marketplace/companyprofile/app/Controllers/Berita.php', 47)
 2 SYSTEMPATH/CodeIgniter.php(934): App\Controllers\Berita->kategori('ajax.php')
 3 SYSTEMPATH/CodeIgniter.php(499): CodeIgniter\CodeIgniter->runController(Object(App\Controllers\Berita))
 4 SYSTEMPATH/CodeIgniter.php(368): CodeIgniter\CodeIgniter->handleRequest(null, Object(Config\Cache), false)
 5 FCPATH/index.php(67): CodeIgniter\CodeIgniter->run()
 6 ROOTPATH/index.php(6): require_once('/Applications/MAMP/htdocs/marketplace/companyprofile/public/index.php')
CRITICAL - 2023-04-26 04:59:59 --> Too few arguments to function App\Models\Menu_model::profil(), 0 passed in /Applications/MAMP/htdocs/marketplace/companyprofile/app/Views/layout/footer.php on line 4 and exactly 1 expected
in APPPATH/Models/Menu_model.php on line 23.
 1 APPPATH/Views/layout/footer.php(4): App\Models\Menu_model->profil()
 2 APPPATH/Views/layout/wrapper.php(12): include('/Applications/MAMP/htdocs/marketplace/companyprofile/app/Views/layout/footer.php')
 3 SYSTEMPATH/View/View.php(213): include('/Applications/MAMP/htdocs/marketplace/companyprofile/app/Views/layout/wrapper.php')
 4 SYSTEMPATH/View/View.php(216): CodeIgniter\View\View->CodeIgniter\View\{closure}()
 5 SYSTEMPATH/Common.php(1184): CodeIgniter\View\View->render('layout/wrapper', [], true)
 6 APPPATH/Controllers/Berita.php(67): view('layout/wrapper', [...])
 7 SYSTEMPATH/CodeIgniter.php(934): App\Controllers\Berita->kategori('teknologi')
 8 SYSTEMPATH/CodeIgniter.php(499): CodeIgniter\CodeIgniter->runController(Object(App\Controllers\Berita))
 9 SYSTEMPATH/CodeIgniter.php(368): CodeIgniter\CodeIgniter->handleRequest(null, Object(Config\Cache), false)
10 FCPATH/index.php(67): CodeIgniter\CodeIgniter->run()
11 ROOTPATH/index.php(6): require_once('/Applications/MAMP/htdocs/marketplace/companyprofile/public/index.php')
CRITICAL - 2023-04-26 04:59:59 --> Attempt to read property "id_kategori" on null
in APPPATH/Controllers/Berita.php on line 47.
 1 APPPATH/Controllers/Berita.php(47): CodeIgniter\Debug\Exceptions->errorHandler(2, 'Attempt to read property "id_kategori" on null', '/Applications/MAMP/htdocs/marketplace/companyprofile/app/Controllers/Berita.php', 47)
 2 SYSTEMPATH/CodeIgniter.php(934): App\Controllers\Berita->kategori('ajax.php')
 3 SYSTEMPATH/CodeIgniter.php(499): CodeIgniter\CodeIgniter->runController(Object(App\Controllers\Berita))
 4 SYSTEMPATH/CodeIgniter.php(368): CodeIgniter\CodeIgniter->handleRequest(null, Object(Config\Cache), false)
 5 FCPATH/index.php(67): CodeIgniter\CodeIgniter->run()
 6 ROOTPATH/index.php(6): require_once('/Applications/MAMP/htdocs/marketplace/companyprofile/public/index.php')
CRITICAL - 2023-04-26 05:00:33 --> Attempt to read property "id_kategori" on null
in APPPATH/Controllers/Berita.php on line 47.
 1 APPPATH/Controllers/Berita.php(47): CodeIgniter\Debug\Exceptions->errorHandler(2, 'Attempt to read property "id_kategori" on null', '/Applications/MAMP/htdocs/marketplace/companyprofile/app/Controllers/Berita.php', 47)
 2 SYSTEMPATH/CodeIgniter.php(934): App\Controllers\Berita->kategori('assets', 'img', 'cart', 'cart_1_1.jpg')
 3 SYSTEMPATH/CodeIgniter.php(499): CodeIgniter\CodeIgniter->runController(Object(App\Controllers\Berita))
 4 SYSTEMPATH/CodeIgniter.php(368): CodeIgniter\CodeIgniter->handleRequest(null, Object(Config\Cache), false)
 5 FCPATH/index.php(67): CodeIgniter\CodeIgniter->run()
 6 ROOTPATH/index.php(6): require_once('/Applications/MAMP/htdocs/marketplace/companyprofile/public/index.php')
CRITICAL - 2023-04-26 05:00:33 --> Attempt to read property "id_kategori" on null
in APPPATH/Controllers/Berita.php on line 47.
 1 APPPATH/Controllers/Berita.php(47): CodeIgniter\Debug\Exceptions->errorHandler(2, 'Attempt to read property "id_kategori" on null', '/Applications/MAMP/htdocs/marketplace/companyprofile/app/Controllers/Berita.php', 47)
 2 SYSTEMPATH/CodeIgniter.php(934): App\Controllers\Berita->kategori('assets', 'img', 'cart', 'cart_1_2.jpg')
 3 SYSTEMPATH/CodeIgniter.php(499): CodeIgniter\CodeIgniter->runController(Object(App\Controllers\Berita))
 4 SYSTEMPATH/CodeIgniter.php(368): CodeIgniter\CodeIgniter->handleRequest(null, Object(Config\Cache), false)
 5 FCPATH/index.php(67): CodeIgniter\CodeIgniter->run()
 6 ROOTPATH/index.php(6): require_once('/Applications/MAMP/htdocs/marketplace/companyprofile/public/index.php')
CRITICAL - 2023-04-26 05:00:33 --> Attempt to read property "id_kategori" on null
in APPPATH/Controllers/Berita.php on line 47.
 1 APPPATH/Controllers/Berita.php(47): CodeIgniter\Debug\Exceptions->errorHandler(2, 'Attempt to read property "id_kategori" on null', '/Applications/MAMP/htdocs/marketplace/companyprofile/app/Controllers/Berita.php', 47)
 2 SYSTEMPATH/CodeIgniter.php(934): App\Controllers\Berita->kategori('assets', 'img', 'cart', 'cart_1_5.jpg')
 3 SYSTEMPATH/CodeIgniter.php(499): CodeIgniter\CodeIgniter->runController(Object(App\Controllers\Berita))
 4 SYSTEMPATH/CodeIgniter.php(368): CodeIgniter\CodeIgniter->handleRequest(null, Object(Config\Cache), false)
 5 FCPATH/index.php(67): CodeIgniter\CodeIgniter->run()
 6 ROOTPATH/index.php(6): require_once('/Applications/MAMP/htdocs/marketplace/companyprofile/public/index.php')
CRITICAL - 2023-04-26 05:00:33 --> Attempt to read property "id_kategori" on null
in APPPATH/Controllers/Berita.php on line 47.
 1 APPPATH/Controllers/Berita.php(47): CodeIgniter\Debug\Exceptions->errorHandler(2, 'Attempt to read property "id_kategori" on null', '/Applications/MAMP/htdocs/marketplace/companyprofile/app/Controllers/Berita.php', 47)
 2 SYSTEMPATH/CodeIgniter.php(934): App\Controllers\Berita->kategori('assets', 'img', 'cart', 'cart_1_3.jpg')
 3 SYSTEMPATH/CodeIgniter.php(499): CodeIgniter\CodeIgniter->runController(Object(App\Controllers\Berita))
 4 SYSTEMPATH/CodeIgniter.php(368): CodeIgniter\CodeIgniter->handleRequest(null, Object(Config\Cache), false)
 5 FCPATH/index.php(67): CodeIgniter\CodeIgniter->run()
 6 ROOTPATH/index.php(6): require_once('/Applications/MAMP/htdocs/marketplace/companyprofile/public/index.php')
CRITICAL - 2023-04-26 05:00:33 --> Attempt to read property "id_kategori" on null
in APPPATH/Controllers/Berita.php on line 47.
 1 APPPATH/Controllers/Berita.php(47): CodeIgniter\Debug\Exceptions->errorHandler(2, 'Attempt to read property "id_kategori" on null', '/Applications/MAMP/htdocs/marketplace/companyprofile/app/Controllers/Berita.php', 47)
 2 SYSTEMPATH/CodeIgniter.php(934): App\Controllers\Berita->kategori('assets', 'img', 'cart', 'cart_1_4.jpg')
 3 SYSTEMPATH/CodeIgniter.php(499): CodeIgniter\CodeIgniter->runController(Object(App\Controllers\Berita))
 4 SYSTEMPATH/CodeIgniter.php(368): CodeIgniter\CodeIgniter->handleRequest(null, Object(Config\Cache), false)
 5 FCPATH/index.php(67): CodeIgniter\CodeIgniter->run()
 6 ROOTPATH/index.php(6): require_once('/Applications/MAMP/htdocs/marketplace/companyprofile/public/index.php')
CRITICAL - 2023-04-26 05:00:34 --> Attempt to read property "id_kategori" on null
in APPPATH/Controllers/Berita.php on line 47.
 1 APPPATH/Controllers/Berita.php(47): CodeIgniter\Debug\Exceptions->errorHandler(2, 'Attempt to read property "id_kategori" on null', '/Applications/MAMP/htdocs/marketplace/companyprofile/app/Controllers/Berita.php', 47)
 2 SYSTEMPATH/CodeIgniter.php(934): App\Controllers\Berita->kategori('ajax.php')
 3 SYSTEMPATH/CodeIgniter.php(499): CodeIgniter\CodeIgniter->runController(Object(App\Controllers\Berita))
 4 SYSTEMPATH/CodeIgniter.php(368): CodeIgniter\CodeIgniter->handleRequest(null, Object(Config\Cache), false)
 5 FCPATH/index.php(67): CodeIgniter\CodeIgniter->run()
 6 ROOTPATH/index.php(6): require_once('/Applications/MAMP/htdocs/marketplace/companyprofile/public/index.php')
CRITICAL - 2023-04-26 05:00:57 --> Attempt to read property "id_kategori" on null
in APPPATH/Controllers/Berita.php on line 47.
 1 APPPATH/Controllers/Berita.php(47): CodeIgniter\Debug\Exceptions->errorHandler(2, 'Attempt to read property "id_kategori" on null', '/Applications/MAMP/htdocs/marketplace/companyprofile/app/Controllers/Berita.php', 47)
 2 SYSTEMPATH/CodeIgniter.php(934): App\Controllers\Berita->kategori('assets', 'img', 'cart', 'cart_1_1.jpg')
 3 SYSTEMPATH/CodeIgniter.php(499): CodeIgniter\CodeIgniter->runController(Object(App\Controllers\Berita))
 4 SYSTEMPATH/CodeIgniter.php(368): CodeIgniter\CodeIgniter->handleRequest(null, Object(Config\Cache), false)
 5 FCPATH/index.php(67): CodeIgniter\CodeIgniter->run()
 6 ROOTPATH/index.php(6): require_once('/Applications/MAMP/htdocs/marketplace/companyprofile/public/index.php')
CRITICAL - 2023-04-26 05:00:57 --> Attempt to read property "id_kategori" on null
in APPPATH/Controllers/Berita.php on line 47.
 1 APPPATH/Controllers/Berita.php(47): CodeIgniter\Debug\Exceptions->errorHandler(2, 'Attempt to read property "id_kategori" on null', '/Applications/MAMP/htdocs/marketplace/companyprofile/app/Controllers/Berita.php', 47)
 2 SYSTEMPATH/CodeIgniter.php(934): App\Controllers\Berita->kategori('assets', 'img', 'cart', 'cart_1_2.jpg')
 3 SYSTEMPATH/CodeIgniter.php(499): CodeIgniter\CodeIgniter->runController(Object(App\Controllers\Berita))
 4 SYSTEMPATH/CodeIgniter.php(368): CodeIgniter\CodeIgniter->handleRequest(null, Object(Config\Cache), false)
 5 FCPATH/index.php(67): CodeIgniter\CodeIgniter->run()
 6 ROOTPATH/index.php(6): require_once('/Applications/MAMP/htdocs/marketplace/companyprofile/public/index.php')
CRITICAL - 2023-04-26 05:00:57 --> Attempt to read property "id_kategori" on null
in APPPATH/Controllers/Berita.php on line 47.
 1 APPPATH/Controllers/Berita.php(47): CodeIgniter\Debug\Exceptions->errorHandler(2, 'Attempt to read property "id_kategori" on null', '/Applications/MAMP/htdocs/marketplace/companyprofile/app/Controllers/Berita.php', 47)
 2 SYSTEMPATH/CodeIgniter.php(934): App\Controllers\Berita->kategori('assets', 'img', 'cart', 'cart_1_3.jpg')
 3 SYSTEMPATH/CodeIgniter.php(499): CodeIgniter\CodeIgniter->runController(Object(App\Controllers\Berita))
 4 SYSTEMPATH/CodeIgniter.php(368): CodeIgniter\CodeIgniter->handleRequest(null, Object(Config\Cache), false)
 5 FCPATH/index.php(67): CodeIgniter\CodeIgniter->run()
 6 ROOTPATH/index.php(6): require_once('/Applications/MAMP/htdocs/marketplace/companyprofile/public/index.php')
CRITICAL - 2023-04-26 05:00:57 --> Attempt to read property "id_kategori" on null
in APPPATH/Controllers/Berita.php on line 47.
 1 APPPATH/Controllers/Berita.php(47): CodeIgniter\Debug\Exceptions->errorHandler(2, 'Attempt to read property "id_kategori" on null', '/Applications/MAMP/htdocs/marketplace/companyprofile/app/Controllers/Berita.php', 47)
 2 SYSTEMPATH/CodeIgniter.php(934): App\Controllers\Berita->kategori('assets', 'img', 'cart', 'cart_1_5.jpg')
 3 SYSTEMPATH/CodeIgniter.php(499): CodeIgniter\CodeIgniter->runController(Object(App\Controllers\Berita))
 4 SYSTEMPATH/CodeIgniter.php(368): CodeIgniter\CodeIgniter->handleRequest(null, Object(Config\Cache), false)
 5 FCPATH/index.php(67): CodeIgniter\CodeIgniter->run()
 6 ROOTPATH/index.php(6): require_once('/Applications/MAMP/htdocs/marketplace/companyprofile/public/index.php')
CRITICAL - 2023-04-26 05:00:58 --> Attempt to read property "id_kategori" on null
in APPPATH/Controllers/Berita.php on line 47.
 1 APPPATH/Controllers/Berita.php(47): CodeIgniter\Debug\Exceptions->errorHandler(2, 'Attempt to read property "id_kategori" on null', '/Applications/MAMP/htdocs/marketplace/companyprofile/app/Controllers/Berita.php', 47)
 2 SYSTEMPATH/CodeIgniter.php(934): App\Controllers\Berita->kategori('assets', 'img', 'cart', 'cart_1_4.jpg')
 3 SYSTEMPATH/CodeIgniter.php(499): CodeIgniter\CodeIgniter->runController(Object(App\Controllers\Berita))
 4 SYSTEMPATH/CodeIgniter.php(368): CodeIgniter\CodeIgniter->handleRequest(null, Object(Config\Cache), false)
 5 FCPATH/index.php(67): CodeIgniter\CodeIgniter->run()
 6 ROOTPATH/index.php(6): require_once('/Applications/MAMP/htdocs/marketplace/companyprofile/public/index.php')
CRITICAL - 2023-04-26 05:00:58 --> Attempt to read property "id_kategori" on null
in APPPATH/Controllers/Berita.php on line 47.
 1 APPPATH/Controllers/Berita.php(47): CodeIgniter\Debug\Exceptions->errorHandler(2, 'Attempt to read property "id_kategori" on null', '/Applications/MAMP/htdocs/marketplace/companyprofile/app/Controllers/Berita.php', 47)
 2 SYSTEMPATH/CodeIgniter.php(934): App\Controllers\Berita->kategori('ajax.php')
 3 SYSTEMPATH/CodeIgniter.php(499): CodeIgniter\CodeIgniter->runController(Object(App\Controllers\Berita))
 4 SYSTEMPATH/CodeIgniter.php(368): CodeIgniter\CodeIgniter->handleRequest(null, Object(Config\Cache), false)
 5 FCPATH/index.php(67): CodeIgniter\CodeIgniter->run()
 6 ROOTPATH/index.php(6): require_once('/Applications/MAMP/htdocs/marketplace/companyprofile/public/index.php')
CRITICAL - 2023-04-26 05:02:14 --> Too few arguments to function App\Models\Menu_model::profil(), 0 passed in /Applications/MAMP/htdocs/marketplace/companyprofile/app/Controllers/Berita.php on line 121 and exactly 1 expected
in APPPATH/Models/Menu_model.php on line 23.
 1 APPPATH/Controllers/Berita.php(121): App\Models\Menu_model->profil()
 2 SYSTEMPATH/CodeIgniter.php(934): App\Controllers\Berita->layanan('pembuatan-website-profil')
 3 SYSTEMPATH/CodeIgniter.php(499): CodeIgniter\CodeIgniter->runController(Object(App\Controllers\Berita))
 4 SYSTEMPATH/CodeIgniter.php(368): CodeIgniter\CodeIgniter->handleRequest(null, Object(Config\Cache), false)
 5 FCPATH/index.php(67): CodeIgniter\CodeIgniter->run()
 6 ROOTPATH/index.php(6): require_once('/Applications/MAMP/htdocs/marketplace/companyprofile/public/index.php')
CRITICAL - 2023-04-26 05:02:34 --> Attempt to read property "id_berita" on null
in APPPATH/Controllers/Berita.php on line 123.
 1 APPPATH/Controllers/Berita.php(123): CodeIgniter\Debug\Exceptions->errorHandler(2, 'Attempt to read property "id_berita" on null', '/Applications/MAMP/htdocs/marketplace/companyprofile/app/Controllers/Berita.php', 123)
 2 SYSTEMPATH/CodeIgniter.php(934): App\Controllers\Berita->layanan('assets', 'img', 'cart', 'cart_1_1.jpg')
 3 SYSTEMPATH/CodeIgniter.php(499): CodeIgniter\CodeIgniter->runController(Object(App\Controllers\Berita))
 4 SYSTEMPATH/CodeIgniter.php(368): CodeIgniter\CodeIgniter->handleRequest(null, Object(Config\Cache), false)
 5 FCPATH/index.php(67): CodeIgniter\CodeIgniter->run()
 6 ROOTPATH/index.php(6): require_once('/Applications/MAMP/htdocs/marketplace/companyprofile/public/index.php')
CRITICAL - 2023-04-26 05:02:35 --> Attempt to read property "id_berita" on null
in APPPATH/Controllers/Berita.php on line 123.
 1 APPPATH/Controllers/Berita.php(123): CodeIgniter\Debug\Exceptions->errorHandler(2, 'Attempt to read property "id_berita" on null', '/Applications/MAMP/htdocs/marketplace/companyprofile/app/Controllers/Berita.php', 123)
 2 SYSTEMPATH/CodeIgniter.php(934): App\Controllers\Berita->layanan('assets', 'img', 'cart', 'cart_1_2.jpg')
 3 SYSTEMPATH/CodeIgniter.php(499): CodeIgniter\CodeIgniter->runController(Object(App\Controllers\Berita))
 4 SYSTEMPATH/CodeIgniter.php(368): CodeIgniter\CodeIgniter->handleRequest(null, Object(Config\Cache), false)
 5 FCPATH/index.php(67): CodeIgniter\CodeIgniter->run()
 6 ROOTPATH/index.php(6): require_once('/Applications/MAMP/htdocs/marketplace/companyprofile/public/index.php')
CRITICAL - 2023-04-26 05:02:35 --> Attempt to read property "id_berita" on null
in APPPATH/Controllers/Berita.php on line 123.
 1 APPPATH/Controllers/Berita.php(123): CodeIgniter\Debug\Exceptions->errorHandler(2, 'Attempt to read property "id_berita" on null', '/Applications/MAMP/htdocs/marketplace/companyprofile/app/Controllers/Berita.php', 123)
 2 SYSTEMPATH/CodeIgniter.php(934): App\Controllers\Berita->layanan('assets', 'img', 'cart', 'cart_1_4.jpg')
 3 SYSTEMPATH/CodeIgniter.php(499): CodeIgniter\CodeIgniter->runController(Object(App\Controllers\Berita))
 4 SYSTEMPATH/CodeIgniter.php(368): CodeIgniter\CodeIgniter->handleRequest(null, Object(Config\Cache), false)
 5 FCPATH/index.php(67): CodeIgniter\CodeIgniter->run()
 6 ROOTPATH/index.php(6): require_once('/Applications/MAMP/htdocs/marketplace/companyprofile/public/index.php')
CRITICAL - 2023-04-26 05:02:35 --> Attempt to read property "id_berita" on null
in APPPATH/Controllers/Berita.php on line 123.
 1 APPPATH/Controllers/Berita.php(123): CodeIgniter\Debug\Exceptions->errorHandler(2, 'Attempt to read property "id_berita" on null', '/Applications/MAMP/htdocs/marketplace/companyprofile/app/Controllers/Berita.php', 123)
 2 SYSTEMPATH/CodeIgniter.php(934): App\Controllers\Berita->layanan('assets', 'img', 'cart', 'cart_1_5.jpg')
 3 SYSTEMPATH/CodeIgniter.php(499): CodeIgniter\CodeIgniter->runController(Object(App\Controllers\Berita))
 4 SYSTEMPATH/CodeIgniter.php(368): CodeIgniter\CodeIgniter->handleRequest(null, Object(Config\Cache), false)
 5 FCPATH/index.php(67): CodeIgniter\CodeIgniter->run()
 6 ROOTPATH/index.php(6): require_once('/Applications/MAMP/htdocs/marketplace/companyprofile/public/index.php')
CRITICAL - 2023-04-26 05:02:35 --> Attempt to read property "id_berita" on null
in APPPATH/Controllers/Berita.php on line 123.
 1 APPPATH/Controllers/Berita.php(123): CodeIgniter\Debug\Exceptions->errorHandler(2, 'Attempt to read property "id_berita" on null', '/Applications/MAMP/htdocs/marketplace/companyprofile/app/Controllers/Berita.php', 123)
 2 SYSTEMPATH/CodeIgniter.php(934): App\Controllers\Berita->layanan('assets', 'img', 'cart', 'cart_1_3.jpg')
 3 SYSTEMPATH/CodeIgniter.php(499): CodeIgniter\CodeIgniter->runController(Object(App\Controllers\Berita))
 4 SYSTEMPATH/CodeIgniter.php(368): CodeIgniter\CodeIgniter->handleRequest(null, Object(Config\Cache), false)
 5 FCPATH/index.php(67): CodeIgniter\CodeIgniter->run()
 6 ROOTPATH/index.php(6): require_once('/Applications/MAMP/htdocs/marketplace/companyprofile/public/index.php')
CRITICAL - 2023-04-26 05:03:20 --> Attempt to read property "id_berita" on null
in APPPATH/Controllers/Berita.php on line 123.
 1 APPPATH/Controllers/Berita.php(123): CodeIgniter\Debug\Exceptions->errorHandler(2, 'Attempt to read property "id_berita" on null', '/Applications/MAMP/htdocs/marketplace/companyprofile/app/Controllers/Berita.php', 123)
 2 SYSTEMPATH/CodeIgniter.php(934): App\Controllers\Berita->layanan('assets', 'img', 'cart', 'cart_1_1.jpg')
 3 SYSTEMPATH/CodeIgniter.php(499): CodeIgniter\CodeIgniter->runController(Object(App\Controllers\Berita))
 4 SYSTEMPATH/CodeIgniter.php(368): CodeIgniter\CodeIgniter->handleRequest(null, Object(Config\Cache), false)
 5 FCPATH/index.php(67): CodeIgniter\CodeIgniter->run()
 6 ROOTPATH/index.php(6): require_once('/Applications/MAMP/htdocs/marketplace/companyprofile/public/index.php')
CRITICAL - 2023-04-26 05:03:20 --> Attempt to read property "id_berita" on null
in APPPATH/Controllers/Berita.php on line 123.
 1 APPPATH/Controllers/Berita.php(123): CodeIgniter\Debug\Exceptions->errorHandler(2, 'Attempt to read property "id_berita" on null', '/Applications/MAMP/htdocs/marketplace/companyprofile/app/Controllers/Berita.php', 123)
 2 SYSTEMPATH/CodeIgniter.php(934): App\Controllers\Berita->layanan('assets', 'img', 'cart', 'cart_1_2.jpg')
 3 SYSTEMPATH/CodeIgniter.php(499): CodeIgniter\CodeIgniter->runController(Object(App\Controllers\Berita))
 4 SYSTEMPATH/CodeIgniter.php(368): CodeIgniter\CodeIgniter->handleRequest(null, Object(Config\Cache), false)
 5 FCPATH/index.php(67): CodeIgniter\CodeIgniter->run()
 6 ROOTPATH/index.php(6): require_once('/Applications/MAMP/htdocs/marketplace/companyprofile/public/index.php')
CRITICAL - 2023-04-26 05:03:20 --> Attempt to read property "id_berita" on null
in APPPATH/Controllers/Berita.php on line 123.
 1 APPPATH/Controllers/Berita.php(123): CodeIgniter\Debug\Exceptions->errorHandler(2, 'Attempt to read property "id_berita" on null', '/Applications/MAMP/htdocs/marketplace/companyprofile/app/Controllers/Berita.php', 123)
 2 SYSTEMPATH/CodeIgniter.php(934): App\Controllers\Berita->layanan('assets', 'img', 'cart', 'cart_1_5.jpg')
 3 SYSTEMPATH/CodeIgniter.php(499): CodeIgniter\CodeIgniter->runController(Object(App\Controllers\Berita))
 4 SYSTEMPATH/CodeIgniter.php(368): CodeIgniter\CodeIgniter->handleRequest(null, Object(Config\Cache), false)
 5 FCPATH/index.php(67): CodeIgniter\CodeIgniter->run()
 6 ROOTPATH/index.php(6): require_once('/Applications/MAMP/htdocs/marketplace/companyprofile/public/index.php')
CRITICAL - 2023-04-26 05:03:20 --> Attempt to read property "id_berita" on null
in APPPATH/Controllers/Berita.php on line 123.
 1 APPPATH/Controllers/Berita.php(123): CodeIgniter\Debug\Exceptions->errorHandler(2, 'Attempt to read property "id_berita" on null', '/Applications/MAMP/htdocs/marketplace/companyprofile/app/Controllers/Berita.php', 123)
 2 SYSTEMPATH/CodeIgniter.php(934): App\Controllers\Berita->layanan('assets', 'img', 'cart', 'cart_1_3.jpg')
 3 SYSTEMPATH/CodeIgniter.php(499): CodeIgniter\CodeIgniter->runController(Object(App\Controllers\Berita))
 4 SYSTEMPATH/CodeIgniter.php(368): CodeIgniter\CodeIgniter->handleRequest(null, Object(Config\Cache), false)
 5 FCPATH/index.php(67): CodeIgniter\CodeIgniter->run()
 6 ROOTPATH/index.php(6): require_once('/Applications/MAMP/htdocs/marketplace/companyprofile/public/index.php')
CRITICAL - 2023-04-26 05:03:20 --> Attempt to read property "id_berita" on null
in APPPATH/Controllers/Berita.php on line 123.
 1 APPPATH/Controllers/Berita.php(123): CodeIgniter\Debug\Exceptions->errorHandler(2, 'Attempt to read property "id_berita" on null', '/Applications/MAMP/htdocs/marketplace/companyprofile/app/Controllers/Berita.php', 123)
 2 SYSTEMPATH/CodeIgniter.php(934): App\Controllers\Berita->layanan('assets', 'img', 'cart', 'cart_1_4.jpg')
 3 SYSTEMPATH/CodeIgniter.php(499): CodeIgniter\CodeIgniter->runController(Object(App\Controllers\Berita))
 4 SYSTEMPATH/CodeIgniter.php(368): CodeIgniter\CodeIgniter->handleRequest(null, Object(Config\Cache), false)
 5 FCPATH/index.php(67): CodeIgniter\CodeIgniter->run()
 6 ROOTPATH/index.php(6): require_once('/Applications/MAMP/htdocs/marketplace/companyprofile/public/index.php')
CRITICAL - 2023-04-26 05:04:02 --> Attempt to read property "id_berita" on null
in APPPATH/Controllers/Berita.php on line 123.
 1 APPPATH/Controllers/Berita.php(123): CodeIgniter\Debug\Exceptions->errorHandler(2, 'Attempt to read property "id_berita" on null', '/Applications/MAMP/htdocs/marketplace/companyprofile/app/Controllers/Berita.php', 123)
 2 SYSTEMPATH/CodeIgniter.php(934): App\Controllers\Berita->layanan('assets', 'img', 'cart', 'cart_1_1.jpg')
 3 SYSTEMPATH/CodeIgniter.php(499): CodeIgniter\CodeIgniter->runController(Object(App\Controllers\Berita))
 4 SYSTEMPATH/CodeIgniter.php(368): CodeIgniter\CodeIgniter->handleRequest(null, Object(Config\Cache), false)
 5 FCPATH/index.php(67): CodeIgniter\CodeIgniter->run()
 6 ROOTPATH/index.php(6): require_once('/Applications/MAMP/htdocs/marketplace/companyprofile/public/index.php')
CRITICAL - 2023-04-26 05:04:02 --> Attempt to read property "id_berita" on null
in APPPATH/Controllers/Berita.php on line 123.
 1 APPPATH/Controllers/Berita.php(123): CodeIgniter\Debug\Exceptions->errorHandler(2, 'Attempt to read property "id_berita" on null', '/Applications/MAMP/htdocs/marketplace/companyprofile/app/Controllers/Berita.php', 123)
 2 SYSTEMPATH/CodeIgniter.php(934): App\Controllers\Berita->layanan('assets', 'img', 'cart', 'cart_1_3.jpg')
 3 SYSTEMPATH/CodeIgniter.php(499): CodeIgniter\CodeIgniter->runController(Object(App\Controllers\Berita))
 4 SYSTEMPATH/CodeIgniter.php(368): CodeIgniter\CodeIgniter->handleRequest(null, Object(Config\Cache), false)
 5 FCPATH/index.php(67): CodeIgniter\CodeIgniter->run()
 6 ROOTPATH/index.php(6): require_once('/Applications/MAMP/htdocs/marketplace/companyprofile/public/index.php')
CRITICAL - 2023-04-26 05:04:02 --> Attempt to read property "id_berita" on null
in APPPATH/Controllers/Berita.php on line 123.
 1 APPPATH/Controllers/Berita.php(123): CodeIgniter\Debug\Exceptions->errorHandler(2, 'Attempt to read property "id_berita" on null', '/Applications/MAMP/htdocs/marketplace/companyprofile/app/Controllers/Berita.php', 123)
 2 SYSTEMPATH/CodeIgniter.php(934): App\Controllers\Berita->layanan('assets', 'img', 'cart', 'cart_1_5.jpg')
 3 SYSTEMPATH/CodeIgniter.php(499): CodeIgniter\CodeIgniter->runController(Object(App\Controllers\Berita))
 4 SYSTEMPATH/CodeIgniter.php(368): CodeIgniter\CodeIgniter->handleRequest(null, Object(Config\Cache), false)
 5 FCPATH/index.php(67): CodeIgniter\CodeIgniter->run()
 6 ROOTPATH/index.php(6): require_once('/Applications/MAMP/htdocs/marketplace/companyprofile/public/index.php')
CRITICAL - 2023-04-26 05:04:02 --> Attempt to read property "id_berita" on null
in APPPATH/Controllers/Berita.php on line 123.
 1 APPPATH/Controllers/Berita.php(123): CodeIgniter\Debug\Exceptions->errorHandler(2, 'Attempt to read property "id_berita" on null', '/Applications/MAMP/htdocs/marketplace/companyprofile/app/Controllers/Berita.php', 123)
 2 SYSTEMPATH/CodeIgniter.php(934): App\Controllers\Berita->layanan('assets', 'img', 'cart', 'cart_1_4.jpg')
 3 SYSTEMPATH/CodeIgniter.php(499): CodeIgniter\CodeIgniter->runController(Object(App\Controllers\Berita))
 4 SYSTEMPATH/CodeIgniter.php(368): CodeIgniter\CodeIgniter->handleRequest(null, Object(Config\Cache), false)
 5 FCPATH/index.php(67): CodeIgniter\CodeIgniter->run()
 6 ROOTPATH/index.php(6): require_once('/Applications/MAMP/htdocs/marketplace/companyprofile/public/index.php')
CRITICAL - 2023-04-26 05:04:02 --> Attempt to read property "id_berita" on null
in APPPATH/Controllers/Berita.php on line 123.
 1 APPPATH/Controllers/Berita.php(123): CodeIgniter\Debug\Exceptions->errorHandler(2, 'Attempt to read property "id_berita" on null', '/Applications/MAMP/htdocs/marketplace/companyprofile/app/Controllers/Berita.php', 123)
 2 SYSTEMPATH/CodeIgniter.php(934): App\Controllers\Berita->layanan('assets', 'img', 'cart', 'cart_1_2.jpg')
 3 SYSTEMPATH/CodeIgniter.php(499): CodeIgniter\CodeIgniter->runController(Object(App\Controllers\Berita))
 4 SYSTEMPATH/CodeIgniter.php(368): CodeIgniter\CodeIgniter->handleRequest(null, Object(Config\Cache), false)
 5 FCPATH/index.php(67): CodeIgniter\CodeIgniter->run()
 6 ROOTPATH/index.php(6): require_once('/Applications/MAMP/htdocs/marketplace/companyprofile/public/index.php')
CRITICAL - 2023-04-26 05:04:10 --> Too few arguments to function App\Models\Menu_model::profil(), 0 passed in /Applications/MAMP/htdocs/marketplace/companyprofile/app/Views/layout/header-2.php on line 4 and exactly 1 expected
in APPPATH/Models/Menu_model.php on line 23.
 1 APPPATH/Views/layout/header-2.php(4): App\Models\Menu_model->profil()
 2 APPPATH/Views/layout/wrapper-2.php(7): include('/Applications/MAMP/htdocs/marketplace/companyprofile/app/Views/layout/header-2.php')
 3 SYSTEMPATH/View/View.php(213): include('/Applications/MAMP/htdocs/marketplace/companyprofile/app/Views/layout/wrapper-2.php')
 4 SYSTEMPATH/View/View.php(216): CodeIgniter\View\View->CodeIgniter\View\{closure}()
 5 SYSTEMPATH/Common.php(1184): CodeIgniter\View\View->render('layout/wrapper-2', [], true)
 6 APPPATH/Controllers/Signin.php(46): view('layout/wrapper-2', [...])
 7 SYSTEMPATH/CodeIgniter.php(934): App\Controllers\Signin->index()
 8 SYSTEMPATH/CodeIgniter.php(499): CodeIgniter\CodeIgniter->runController(Object(App\Controllers\Signin))
 9 SYSTEMPATH/CodeIgniter.php(368): CodeIgniter\CodeIgniter->handleRequest(null, Object(Config\Cache), false)
10 FCPATH/index.php(67): CodeIgniter\CodeIgniter->run()
11 ROOTPATH/index.php(6): require_once('/Applications/MAMP/htdocs/marketplace/companyprofile/public/index.php')
CRITICAL - 2023-04-26 05:08:27 --> Attempt to read property "id_berita" on null
in APPPATH/Controllers/Berita.php on line 123.
 1 APPPATH/Controllers/Berita.php(123): CodeIgniter\Debug\Exceptions->errorHandler(2, 'Attempt to read property "id_berita" on null', '/Applications/MAMP/htdocs/marketplace/companyprofile/app/Controllers/Berita.php', 123)
 2 SYSTEMPATH/CodeIgniter.php(934): App\Controllers\Berita->layanan('assets', 'img', 'cart', 'cart_1_1.jpg')
 3 SYSTEMPATH/CodeIgniter.php(499): CodeIgniter\CodeIgniter->runController(Object(App\Controllers\Berita))
 4 SYSTEMPATH/CodeIgniter.php(368): CodeIgniter\CodeIgniter->handleRequest(null, Object(Config\Cache), false)
 5 FCPATH/index.php(67): CodeIgniter\CodeIgniter->run()
 6 ROOTPATH/index.php(6): require_once('/Applications/MAMP/htdocs/marketplace/companyprofile/public/index.php')
CRITICAL - 2023-04-26 05:08:27 --> Attempt to read property "id_berita" on null
in APPPATH/Controllers/Berita.php on line 123.
 1 APPPATH/Controllers/Berita.php(123): CodeIgniter\Debug\Exceptions->errorHandler(2, 'Attempt to read property "id_berita" on null', '/Applications/MAMP/htdocs/marketplace/companyprofile/app/Controllers/Berita.php', 123)
 2 SYSTEMPATH/CodeIgniter.php(934): App\Controllers\Berita->layanan('assets', 'img', 'cart', 'cart_1_2.jpg')
 3 SYSTEMPATH/CodeIgniter.php(499): CodeIgniter\CodeIgniter->runController(Object(App\Controllers\Berita))
 4 SYSTEMPATH/CodeIgniter.php(368): CodeIgniter\CodeIgniter->handleRequest(null, Object(Config\Cache), false)
 5 FCPATH/index.php(67): CodeIgniter\CodeIgniter->run()
 6 ROOTPATH/index.php(6): require_once('/Applications/MAMP/htdocs/marketplace/companyprofile/public/index.php')
CRITICAL - 2023-04-26 05:08:28 --> Attempt to read property "id_berita" on null
in APPPATH/Controllers/Berita.php on line 123.
 1 APPPATH/Controllers/Berita.php(123): CodeIgniter\Debug\Exceptions->errorHandler(2, 'Attempt to read property "id_berita" on null', '/Applications/MAMP/htdocs/marketplace/companyprofile/app/Controllers/Berita.php', 123)
 2 SYSTEMPATH/CodeIgniter.php(934): App\Controllers\Berita->layanan('assets', 'img', 'cart', 'cart_1_4.jpg')
 3 SYSTEMPATH/CodeIgniter.php(499): CodeIgniter\CodeIgniter->runController(Object(App\Controllers\Berita))
 4 SYSTEMPATH/CodeIgniter.php(368): CodeIgniter\CodeIgniter->handleRequest(null, Object(Config\Cache), false)
 5 FCPATH/index.php(67): CodeIgniter\CodeIgniter->run()
 6 ROOTPATH/index.php(6): require_once('/Applications/MAMP/htdocs/marketplace/companyprofile/public/index.php')
CRITICAL - 2023-04-26 05:08:28 --> Attempt to read property "id_berita" on null
in APPPATH/Controllers/Berita.php on line 123.
 1 APPPATH/Controllers/Berita.php(123): CodeIgniter\Debug\Exceptions->errorHandler(2, 'Attempt to read property "id_berita" on null', '/Applications/MAMP/htdocs/marketplace/companyprofile/app/Controllers/Berita.php', 123)
 2 SYSTEMPATH/CodeIgniter.php(934): App\Controllers\Berita->layanan('assets', 'img', 'cart', 'cart_1_3.jpg')
 3 SYSTEMPATH/CodeIgniter.php(499): CodeIgniter\CodeIgniter->runController(Object(App\Controllers\Berita))
 4 SYSTEMPATH/CodeIgniter.php(368): CodeIgniter\CodeIgniter->handleRequest(null, Object(Config\Cache), false)
 5 FCPATH/index.php(67): CodeIgniter\CodeIgniter->run()
 6 ROOTPATH/index.php(6): require_once('/Applications/MAMP/htdocs/marketplace/companyprofile/public/index.php')
CRITICAL - 2023-04-26 05:08:28 --> Attempt to read property "id_berita" on null
in APPPATH/Controllers/Berita.php on line 123.
 1 APPPATH/Controllers/Berita.php(123): CodeIgniter\Debug\Exceptions->errorHandler(2, 'Attempt to read property "id_berita" on null', '/Applications/MAMP/htdocs/marketplace/companyprofile/app/Controllers/Berita.php', 123)
 2 SYSTEMPATH/CodeIgniter.php(934): App\Controllers\Berita->layanan('assets', 'img', 'cart', 'cart_1_5.jpg')
 3 SYSTEMPATH/CodeIgniter.php(499): CodeIgniter\CodeIgniter->runController(Object(App\Controllers\Berita))
 4 SYSTEMPATH/CodeIgniter.php(368): CodeIgniter\CodeIgniter->handleRequest(null, Object(Config\Cache), false)
 5 FCPATH/index.php(67): CodeIgniter\CodeIgniter->run()
 6 ROOTPATH/index.php(6): require_once('/Applications/MAMP/htdocs/marketplace/companyprofile/public/index.php')
ERROR - 2023-04-26 05:36:11 --> Email: Unable to send email using PHP mail(). Your server might not be configured to send mail using this method.
ERROR - 2023-04-26 05:36:11 --> 
