CRITICAL - 2022-10-05 04:07:59 --> Undefined index: id_tahun
in APPPATH/Controllers/Admin/Rombel.php on line 48.
 1 APPPATH/Controllers/Admin/Rombel.php(48): CodeIgniter\Debug\Exceptions->errorHandler(8, 'Undefined index: id_tahun', 'APPPATH/Controllers/Admin/Rombel.php', 48, [])
 2 SYSTEMPATH/CodeIgniter.php(907): App\Controllers\Admin\Rombel->kelola()
 3 SYSTEMPATH/CodeIgniter.php(457): CodeIgniter\CodeIgniter->runController(Object(App\Controllers\Admin\Rombel))
 4 SYSTEMPATH/CodeIgniter.php(340): CodeIgniter\CodeIgniter->handleRequest(null, Object(Config\Cache), false)
 5 FCPATH/index.php(67): CodeIgniter\CodeIgniter->run()
 6 ROOTPATH/index.php(6): require_once('FCPATH/index.php')
CRITICAL - 2022-10-05 04:09:19 --> Trying to get property 'id_tahun' of non-object
in APPPATH/Views/admin/rombel/kelola.php on line 20.
 1 APPPATH/Views/admin/rombel/kelola.php(20): CodeIgniter\Debug\Exceptions->errorHandler(8, 'Trying to get property \'id_tahun\' of non-object', 'APPPATH/Views/admin/rombel/kelola.php', 20, [...])
 2 SYSTEMPATH/View/View.php(213): include('APPPATH/Views/admin/rombel/kelola.php')
 3 SYSTEMPATH/View/View.php(216): CodeIgniter\View\View->CodeIgniter\View\{closure}()
 4 SYSTEMPATH/Common.php(1142): CodeIgniter\View\View->render('admin/rombel/kelola', [], true)
 5 APPPATH/Views/admin/layout/wrapper.php(13): view('admin/rombel/kelola')
 6 SYSTEMPATH/View/View.php(213): include('APPPATH/Views/admin/layout/wrapper.php')
 7 SYSTEMPATH/View/View.php(216): CodeIgniter\View\View->CodeIgniter\View\{closure}()
 8 SYSTEMPATH/Common.php(1142): CodeIgniter\View\View->render('admin/layout/wrapper', [], true)
 9 APPPATH/Controllers/Admin/Rombel.php(92): view('admin/layout/wrapper', [...])
10 SYSTEMPATH/CodeIgniter.php(907): App\Controllers\Admin\Rombel->kelola()
11 SYSTEMPATH/CodeIgniter.php(457): CodeIgniter\CodeIgniter->runController(Object(App\Controllers\Admin\Rombel))
12 SYSTEMPATH/CodeIgniter.php(340): CodeIgniter\CodeIgniter->handleRequest(null, Object(Config\Cache), false)
13 FCPATH/index.php(67): CodeIgniter\CodeIgniter->run()
14 ROOTPATH/index.php(6): require_once('FCPATH/index.php')
CRITICAL - 2022-10-05 04:43:19 --> Class 'App\Controllers\Admin\Siswa_model' not found
in APPPATH/Controllers/Admin/Rombel.php on line 52.
 1 SYSTEMPATH/CodeIgniter.php(907): App\Controllers\Admin\Rombel->anggota('1')
 2 SYSTEMPATH/CodeIgniter.php(457): CodeIgniter\CodeIgniter->runController(Object(App\Controllers\Admin\Rombel))
 3 SYSTEMPATH/CodeIgniter.php(340): CodeIgniter\CodeIgniter->handleRequest(null, Object(Config\Cache), false)
 4 FCPATH/index.php(67): CodeIgniter\CodeIgniter->run()
 5 ROOTPATH/index.php(6): require_once('FCPATH/index.php')
CRITICAL - 2022-10-05 04:43:19 --> Class 'App\Controllers\Admin\Siswa_model' not found
in APPPATH/Controllers/Admin/Rombel.php on line 52.
 1 SYSTEMPATH/CodeIgniter.php(907): App\Controllers\Admin\Rombel->anggota('ajax.php')
 2 SYSTEMPATH/CodeIgniter.php(457): CodeIgniter\CodeIgniter->runController(Object(App\Controllers\Admin\Rombel))
 3 SYSTEMPATH/CodeIgniter.php(340): CodeIgniter\CodeIgniter->handleRequest(null, Object(Config\Cache), false)
 4 FCPATH/index.php(67): CodeIgniter\CodeIgniter->run()
 5 ROOTPATH/index.php(6): require_once('FCPATH/index.php')
CRITICAL - 2022-10-05 04:54:53 --> Trying to get property 'nama_kategori_staff' of non-object
in APPPATH/Controllers/Admin/Kategori_staff.php on line 136.
 1 APPPATH/Controllers/Admin/Kategori_staff.php(136): CodeIgniter\Debug\Exceptions->errorHandler(8, 'Trying to get property \'nama_kategori_staff\' of non-object', 'APPPATH/Controllers/Admin/Kategori_staff.php', 136, [...])
 2 SYSTEMPATH/CodeIgniter.php(907): App\Controllers\Admin\Kategori_staff->edit('ajax.php')
 3 SYSTEMPATH/CodeIgniter.php(457): CodeIgniter\CodeIgniter->runController(Object(App\Controllers\Admin\Kategori_staff))
 4 SYSTEMPATH/CodeIgniter.php(340): CodeIgniter\CodeIgniter->handleRequest(null, Object(Config\Cache), false)
 5 FCPATH/index.php(67): CodeIgniter\CodeIgniter->run()
 6 ROOTPATH/index.php(6): require_once('FCPATH/index.php')
CRITICAL - 2022-10-05 04:55:03 --> Trying to get property 'nama_kategori_staff' of non-object
in APPPATH/Controllers/Admin/Kategori_staff.php on line 136.
 1 APPPATH/Controllers/Admin/Kategori_staff.php(136): CodeIgniter\Debug\Exceptions->errorHandler(8, 'Trying to get property \'nama_kategori_staff\' of non-object', 'APPPATH/Controllers/Admin/Kategori_staff.php', 136, [...])
 2 SYSTEMPATH/CodeIgniter.php(907): App\Controllers\Admin\Kategori_staff->edit('ajax.php')
 3 SYSTEMPATH/CodeIgniter.php(457): CodeIgniter\CodeIgniter->runController(Object(App\Controllers\Admin\Kategori_staff))
 4 SYSTEMPATH/CodeIgniter.php(340): CodeIgniter\CodeIgniter->handleRequest(null, Object(Config\Cache), false)
 5 FCPATH/index.php(67): CodeIgniter\CodeIgniter->run()
 6 ROOTPATH/index.php(6): require_once('FCPATH/index.php')
CRITICAL - 2022-10-05 05:07:39 --> Trying to get property 'nama' of non-object
in APPPATH/Controllers/Admin/Staff.php on line 267.
 1 APPPATH/Controllers/Admin/Staff.php(267): CodeIgniter\Debug\Exceptions->errorHandler(8, 'Trying to get property \'nama\' of non-object', 'APPPATH/Controllers/Admin/Staff.php', 267, [...])
 2 SYSTEMPATH/CodeIgniter.php(907): App\Controllers\Admin\Staff->edit('ajax.php')
 3 SYSTEMPATH/CodeIgniter.php(457): CodeIgniter\CodeIgniter->runController(Object(App\Controllers\Admin\Staff))
 4 SYSTEMPATH/CodeIgniter.php(340): CodeIgniter\CodeIgniter->handleRequest(null, Object(Config\Cache), false)
 5 FCPATH/index.php(67): CodeIgniter\CodeIgniter->run()
 6 ROOTPATH/index.php(6): require_once('FCPATH/index.php')
CRITICAL - 2022-10-05 05:08:16 --> Trying to get property 'nama' of non-object
in APPPATH/Controllers/Admin/Staff.php on line 267.
 1 APPPATH/Controllers/Admin/Staff.php(267): CodeIgniter\Debug\Exceptions->errorHandler(8, 'Trying to get property \'nama\' of non-object', 'APPPATH/Controllers/Admin/Staff.php', 267, [...])
 2 SYSTEMPATH/CodeIgniter.php(907): App\Controllers\Admin\Staff->edit('ajax.php')
 3 SYSTEMPATH/CodeIgniter.php(457): CodeIgniter\CodeIgniter->runController(Object(App\Controllers\Admin\Staff))
 4 SYSTEMPATH/CodeIgniter.php(340): CodeIgniter\CodeIgniter->handleRequest(null, Object(Config\Cache), false)
 5 FCPATH/index.php(67): CodeIgniter\CodeIgniter->run()
 6 ROOTPATH/index.php(6): require_once('FCPATH/index.php')
CRITICAL - 2022-10-05 06:26:27 --> Trying to get property 'nama' of non-object
in APPPATH/Controllers/Admin/User.php on line 88.
 1 APPPATH/Controllers/Admin/User.php(88): CodeIgniter\Debug\Exceptions->errorHandler(8, 'Trying to get property \'nama\' of non-object', 'APPPATH/Controllers/Admin/User.php', 88, [...])
 2 SYSTEMPATH/CodeIgniter.php(907): App\Controllers\Admin\User->edit('ajax.php')
 3 SYSTEMPATH/CodeIgniter.php(457): CodeIgniter\CodeIgniter->runController(Object(App\Controllers\Admin\User))
 4 SYSTEMPATH/CodeIgniter.php(340): CodeIgniter\CodeIgniter->handleRequest(null, Object(Config\Cache), false)
 5 FCPATH/index.php(67): CodeIgniter\CodeIgniter->run()
 6 ROOTPATH/index.php(6): require_once('FCPATH/index.php')
CRITICAL - 2022-10-05 06:26:33 --> Trying to get property 'nama' of non-object
in APPPATH/Controllers/Admin/User.php on line 88.
 1 APPPATH/Controllers/Admin/User.php(88): CodeIgniter\Debug\Exceptions->errorHandler(8, 'Trying to get property \'nama\' of non-object', 'APPPATH/Controllers/Admin/User.php', 88, [...])
 2 SYSTEMPATH/CodeIgniter.php(907): App\Controllers\Admin\User->edit('ajax.php')
 3 SYSTEMPATH/CodeIgniter.php(457): CodeIgniter\CodeIgniter->runController(Object(App\Controllers\Admin\User))
 4 SYSTEMPATH/CodeIgniter.php(340): CodeIgniter\CodeIgniter->handleRequest(null, Object(Config\Cache), false)
 5 FCPATH/index.php(67): CodeIgniter\CodeIgniter->run()
 6 ROOTPATH/index.php(6): require_once('FCPATH/index.php')
CRITICAL - 2022-10-05 06:26:36 --> Trying to get property 'nama' of non-object
in APPPATH/Controllers/Admin/User.php on line 88.
 1 APPPATH/Controllers/Admin/User.php(88): CodeIgniter\Debug\Exceptions->errorHandler(8, 'Trying to get property \'nama\' of non-object', 'APPPATH/Controllers/Admin/User.php', 88, [...])
 2 SYSTEMPATH/CodeIgniter.php(907): App\Controllers\Admin\User->edit('ajax.php')
 3 SYSTEMPATH/CodeIgniter.php(457): CodeIgniter\CodeIgniter->runController(Object(App\Controllers\Admin\User))
 4 SYSTEMPATH/CodeIgniter.php(340): CodeIgniter\CodeIgniter->handleRequest(null, Object(Config\Cache), false)
 5 FCPATH/index.php(67): CodeIgniter\CodeIgniter->run()
 6 ROOTPATH/index.php(6): require_once('FCPATH/index.php')
CRITICAL - 2022-10-05 06:26:51 --> Trying to get property 'nama' of non-object
in APPPATH/Controllers/Admin/User.php on line 88.
 1 APPPATH/Controllers/Admin/User.php(88): CodeIgniter\Debug\Exceptions->errorHandler(8, 'Trying to get property \'nama\' of non-object', 'APPPATH/Controllers/Admin/User.php', 88, [...])
 2 SYSTEMPATH/CodeIgniter.php(907): App\Controllers\Admin\User->edit('ajax.php')
 3 SYSTEMPATH/CodeIgniter.php(457): CodeIgniter\CodeIgniter->runController(Object(App\Controllers\Admin\User))
 4 SYSTEMPATH/CodeIgniter.php(340): CodeIgniter\CodeIgniter->handleRequest(null, Object(Config\Cache), false)
 5 FCPATH/index.php(67): CodeIgniter\CodeIgniter->run()
 6 ROOTPATH/index.php(6): require_once('FCPATH/index.php')
CRITICAL - 2022-10-05 06:26:55 --> Trying to get property 'nama' of non-object
in APPPATH/Controllers/Admin/User.php on line 88.
 1 APPPATH/Controllers/Admin/User.php(88): CodeIgniter\Debug\Exceptions->errorHandler(8, 'Trying to get property \'nama\' of non-object', 'APPPATH/Controllers/Admin/User.php', 88, [...])
 2 SYSTEMPATH/CodeIgniter.php(907): App\Controllers\Admin\User->edit('ajax.php')
 3 SYSTEMPATH/CodeIgniter.php(457): CodeIgniter\CodeIgniter->runController(Object(App\Controllers\Admin\User))
 4 SYSTEMPATH/CodeIgniter.php(340): CodeIgniter\CodeIgniter->handleRequest(null, Object(Config\Cache), false)
 5 FCPATH/index.php(67): CodeIgniter\CodeIgniter->run()
 6 ROOTPATH/index.php(6): require_once('FCPATH/index.php')
CRITICAL - 2022-10-05 07:26:28 --> syntax error, unexpected ';'
in APPPATH/Controllers/Admin/Akun.php on line 65.
 1 SYSTEMPATH/Router/Router.php(499): CodeIgniter\Router\AutoRouter->getRoute('admin/akun')
 2 SYSTEMPATH/Router/Router.php(205): CodeIgniter\Router\Router->autoRoute('admin/akun')
 3 SYSTEMPATH/CodeIgniter.php(782): CodeIgniter\Router\Router->handle('admin/akun')
 4 SYSTEMPATH/CodeIgniter.php(406): CodeIgniter\CodeIgniter->tryToRouteIt(Object(CodeIgniter\Router\RouteCollection))
 5 SYSTEMPATH/CodeIgniter.php(340): CodeIgniter\CodeIgniter->handleRequest(null, Object(Config\Cache), false)
 6 FCPATH/index.php(67): CodeIgniter\CodeIgniter->run()
 7 ROOTPATH/index.php(6): require_once('FCPATH/index.php')
CRITICAL - 2022-10-05 07:26:50 --> syntax error, unexpected ';'
in APPPATH/Controllers/Admin/Akun.php on line 65.
 1 SYSTEMPATH/Router/Router.php(499): CodeIgniter\Router\AutoRouter->getRoute('admin/akun')
 2 SYSTEMPATH/Router/Router.php(205): CodeIgniter\Router\Router->autoRoute('admin/akun')
 3 SYSTEMPATH/CodeIgniter.php(782): CodeIgniter\Router\Router->handle('admin/akun')
 4 SYSTEMPATH/CodeIgniter.php(406): CodeIgniter\CodeIgniter->tryToRouteIt(Object(CodeIgniter\Router\RouteCollection))
 5 SYSTEMPATH/CodeIgniter.php(340): CodeIgniter\CodeIgniter->handleRequest(null, Object(Config\Cache), false)
 6 FCPATH/index.php(67): CodeIgniter\CodeIgniter->run()
 7 ROOTPATH/index.php(6): require_once('FCPATH/index.php')
CRITICAL - 2022-10-05 07:30:05 --> Trying to get property 'nama' of non-object
in APPPATH/Views/admin/akun/index.php on line 120.
 1 APPPATH/Views/admin/akun/index.php(120): CodeIgniter\Debug\Exceptions->errorHandler(8, 'Trying to get property \'nama\' of non-object', 'APPPATH/Views/admin/akun/index.php', 120, [...])
 2 SYSTEMPATH/View/View.php(213): include('APPPATH/Views/admin/akun/index.php')
 3 SYSTEMPATH/View/View.php(216): CodeIgniter\View\View->CodeIgniter\View\{closure}()
 4 SYSTEMPATH/Common.php(1142): CodeIgniter\View\View->render('admin/akun/index', [], true)
 5 APPPATH/Views/admin/layout/wrapper.php(13): view('admin/akun/index')
 6 SYSTEMPATH/View/View.php(213): include('APPPATH/Views/admin/layout/wrapper.php')
 7 SYSTEMPATH/View/View.php(216): CodeIgniter\View\View->CodeIgniter\View\{closure}()
 8 SYSTEMPATH/Common.php(1142): CodeIgniter\View\View->render('admin/layout/wrapper', [], true)
 9 APPPATH/Controllers/Admin/Akun.php(91): view('admin/layout/wrapper', [...])
10 SYSTEMPATH/CodeIgniter.php(907): App\Controllers\Admin\Akun->index()
11 SYSTEMPATH/CodeIgniter.php(457): CodeIgniter\CodeIgniter->runController(Object(App\Controllers\Admin\Akun))
12 SYSTEMPATH/CodeIgniter.php(340): CodeIgniter\CodeIgniter->handleRequest(null, Object(Config\Cache), false)
13 FCPATH/index.php(67): CodeIgniter\CodeIgniter->run()
14 ROOTPATH/index.php(6): require_once('FCPATH/index.php')
CRITICAL - 2022-10-05 07:34:57 --> Undefined variable: namabaru
in APPPATH/Controllers/Admin/Akun.php on line 111.
 1 APPPATH/Controllers/Admin/Akun.php(111): CodeIgniter\Debug\Exceptions->errorHandler(8, 'Undefined variable: namabaru', 'APPPATH/Controllers/Admin/Akun.php', 111, [...])
 2 SYSTEMPATH/CodeIgniter.php(907): App\Controllers\Admin\Akun->index()
 3 SYSTEMPATH/CodeIgniter.php(457): CodeIgniter\CodeIgniter->runController(Object(App\Controllers\Admin\Akun))
 4 SYSTEMPATH/CodeIgniter.php(340): CodeIgniter\CodeIgniter->handleRequest(null, Object(Config\Cache), false)
 5 FCPATH/index.php(67): CodeIgniter\CodeIgniter->run()
 6 ROOTPATH/index.php(6): require_once('FCPATH/index.php')
CRITICAL - 2022-10-05 07:39:46 --> Trying to get property 'nama' of non-object
in APPPATH/Controllers/Admin/Staff.php on line 267.
 1 APPPATH/Controllers/Admin/Staff.php(267): CodeIgniter\Debug\Exceptions->errorHandler(8, 'Trying to get property \'nama\' of non-object', 'APPPATH/Controllers/Admin/Staff.php', 267, [...])
 2 SYSTEMPATH/CodeIgniter.php(907): App\Controllers\Admin\Staff->edit('ajax.php')
 3 SYSTEMPATH/CodeIgniter.php(457): CodeIgniter\CodeIgniter->runController(Object(App\Controllers\Admin\Staff))
 4 SYSTEMPATH/CodeIgniter.php(340): CodeIgniter\CodeIgniter->handleRequest(null, Object(Config\Cache), false)
 5 FCPATH/index.php(67): CodeIgniter\CodeIgniter->run()
 6 ROOTPATH/index.php(6): require_once('FCPATH/index.php')
CRITICAL - 2022-10-05 07:40:49 --> Too few arguments to function App\Models\Rombel_model::tahun(), 0 passed in /Applications/MAMP/htdocs/tk/app/Controllers/Admin/Rombel.php on line 26 and exactly 1 expected
in APPPATH/Models/Rombel_model.php on line 37.
 1 APPPATH/Controllers/Admin/Rombel.php(26): App\Models\Rombel_model->tahun()
 2 SYSTEMPATH/CodeIgniter.php(907): App\Controllers\Admin\Rombel->index()
 3 SYSTEMPATH/CodeIgniter.php(457): CodeIgniter\CodeIgniter->runController(Object(App\Controllers\Admin\Rombel))
 4 SYSTEMPATH/CodeIgniter.php(340): CodeIgniter\CodeIgniter->handleRequest(null, Object(Config\Cache), false)
 5 FCPATH/index.php(67): CodeIgniter\CodeIgniter->run()
 6 ROOTPATH/index.php(6): require_once('FCPATH/index.php')
CRITICAL - 2022-10-05 07:42:01 --> Object of class stdClass could not be converted to string
in APPPATH/Controllers/Admin/Rombel.php on line 35.
 1 SYSTEMPATH/CodeIgniter.php(907): App\Controllers\Admin\Rombel->index()
 2 SYSTEMPATH/CodeIgniter.php(457): CodeIgniter\CodeIgniter->runController(Object(App\Controllers\Admin\Rombel))
 3 SYSTEMPATH/CodeIgniter.php(340): CodeIgniter\CodeIgniter->handleRequest(null, Object(Config\Cache), false)
 4 FCPATH/index.php(67): CodeIgniter\CodeIgniter->run()
 5 ROOTPATH/index.php(6): require_once('FCPATH/index.php')
CRITICAL - 2022-10-05 07:42:19 --> Trying to get property 'id_jenjang' of non-object
in APPPATH/Views/admin/rombel/index.php on line 44.
 1 APPPATH/Views/admin/rombel/index.php(44): CodeIgniter\Debug\Exceptions->errorHandler(8, 'Trying to get property \'id_jenjang\' of non-object', 'APPPATH/Views/admin/rombel/index.php', 44, [...])
 2 SYSTEMPATH/View/View.php(213): include('APPPATH/Views/admin/rombel/index.php')
 3 SYSTEMPATH/View/View.php(216): CodeIgniter\View\View->CodeIgniter\View\{closure}()
 4 SYSTEMPATH/Common.php(1142): CodeIgniter\View\View->render('admin/rombel/index', [], true)
 5 APPPATH/Views/admin/layout/wrapper.php(13): view('admin/rombel/index')
 6 SYSTEMPATH/View/View.php(213): include('APPPATH/Views/admin/layout/wrapper.php')
 7 SYSTEMPATH/View/View.php(216): CodeIgniter\View\View->CodeIgniter\View\{closure}()
 8 SYSTEMPATH/Common.php(1142): CodeIgniter\View\View->render('admin/layout/wrapper', [], true)
 9 APPPATH/Controllers/Admin/Rombel.php(42): view('admin/layout/wrapper', [...])
10 SYSTEMPATH/CodeIgniter.php(907): App\Controllers\Admin\Rombel->index()
11 SYSTEMPATH/CodeIgniter.php(457): CodeIgniter\CodeIgniter->runController(Object(App\Controllers\Admin\Rombel))
12 SYSTEMPATH/CodeIgniter.php(340): CodeIgniter\CodeIgniter->handleRequest(null, Object(Config\Cache), false)
13 FCPATH/index.php(67): CodeIgniter\CodeIgniter->run()
14 ROOTPATH/index.php(6): require_once('FCPATH/index.php')
CRITICAL - 2022-10-05 07:45:24 --> Trying to get property 'id_jenjang' of non-object
in APPPATH/Views/admin/rombel/index.php on line 44.
 1 APPPATH/Views/admin/rombel/index.php(44): CodeIgniter\Debug\Exceptions->errorHandler(8, 'Trying to get property \'id_jenjang\' of non-object', 'APPPATH/Views/admin/rombel/index.php', 44, [...])
 2 SYSTEMPATH/View/View.php(213): include('APPPATH/Views/admin/rombel/index.php')
 3 SYSTEMPATH/View/View.php(216): CodeIgniter\View\View->CodeIgniter\View\{closure}()
 4 SYSTEMPATH/Common.php(1142): CodeIgniter\View\View->render('admin/rombel/index', [], true)
 5 APPPATH/Views/admin/layout/wrapper.php(13): view('admin/rombel/index')
 6 SYSTEMPATH/View/View.php(213): include('APPPATH/Views/admin/layout/wrapper.php')
 7 SYSTEMPATH/View/View.php(216): CodeIgniter\View\View->CodeIgniter\View\{closure}()
 8 SYSTEMPATH/Common.php(1142): CodeIgniter\View\View->render('admin/layout/wrapper', [], true)
 9 APPPATH/Controllers/Admin/Rombel.php(42): view('admin/layout/wrapper', [...])
10 SYSTEMPATH/CodeIgniter.php(907): App\Controllers\Admin\Rombel->index()
11 SYSTEMPATH/CodeIgniter.php(457): CodeIgniter\CodeIgniter->runController(Object(App\Controllers\Admin\Rombel))
12 SYSTEMPATH/CodeIgniter.php(340): CodeIgniter\CodeIgniter->handleRequest(null, Object(Config\Cache), false)
13 FCPATH/index.php(67): CodeIgniter\CodeIgniter->run()
14 ROOTPATH/index.php(6): require_once('FCPATH/index.php')
CRITICAL - 2022-10-05 07:47:01 --> Trying to get property 'id_jenjang' of non-object
in APPPATH/Views/admin/rombel/index.php on line 44.
 1 APPPATH/Views/admin/rombel/index.php(44): CodeIgniter\Debug\Exceptions->errorHandler(8, 'Trying to get property \'id_jenjang\' of non-object', 'APPPATH/Views/admin/rombel/index.php', 44, [...])
 2 SYSTEMPATH/View/View.php(213): include('APPPATH/Views/admin/rombel/index.php')
 3 SYSTEMPATH/View/View.php(216): CodeIgniter\View\View->CodeIgniter\View\{closure}()
 4 SYSTEMPATH/Common.php(1142): CodeIgniter\View\View->render('admin/rombel/index', [], true)
 5 APPPATH/Views/admin/layout/wrapper.php(13): view('admin/rombel/index')
 6 SYSTEMPATH/View/View.php(213): include('APPPATH/Views/admin/layout/wrapper.php')
 7 SYSTEMPATH/View/View.php(216): CodeIgniter\View\View->CodeIgniter\View\{closure}()
 8 SYSTEMPATH/Common.php(1142): CodeIgniter\View\View->render('admin/layout/wrapper', [], true)
 9 APPPATH/Controllers/Admin/Rombel.php(42): view('admin/layout/wrapper', [...])
10 SYSTEMPATH/CodeIgniter.php(907): App\Controllers\Admin\Rombel->index()
11 SYSTEMPATH/CodeIgniter.php(457): CodeIgniter\CodeIgniter->runController(Object(App\Controllers\Admin\Rombel))
12 SYSTEMPATH/CodeIgniter.php(340): CodeIgniter\CodeIgniter->handleRequest(null, Object(Config\Cache), false)
13 FCPATH/index.php(67): CodeIgniter\CodeIgniter->run()
14 ROOTPATH/index.php(6): require_once('FCPATH/index.php')
CRITICAL - 2022-10-05 08:03:48 --> Undefined property: stdClass::$nama_rombel
in APPPATH/Views/admin/rombel/index.php on line 31.
 1 APPPATH/Views/admin/rombel/index.php(31): CodeIgniter\Debug\Exceptions->errorHandler(8, 'Undefined property: stdClass::$nama_rombel', 'APPPATH/Views/admin/rombel/index.php', 31, [...])
 2 SYSTEMPATH/View/View.php(213): include('APPPATH/Views/admin/rombel/index.php')
 3 SYSTEMPATH/View/View.php(216): CodeIgniter\View\View->CodeIgniter\View\{closure}()
 4 SYSTEMPATH/Common.php(1142): CodeIgniter\View\View->render('admin/rombel/index', [], true)
 5 APPPATH/Views/admin/layout/wrapper.php(13): view('admin/rombel/index')
 6 SYSTEMPATH/View/View.php(213): include('APPPATH/Views/admin/layout/wrapper.php')
 7 SYSTEMPATH/View/View.php(216): CodeIgniter\View\View->CodeIgniter\View\{closure}()
 8 SYSTEMPATH/Common.php(1142): CodeIgniter\View\View->render('admin/layout/wrapper', [], true)
 9 APPPATH/Controllers/Admin/Rombel.php(42): view('admin/layout/wrapper', [...])
10 SYSTEMPATH/CodeIgniter.php(907): App\Controllers\Admin\Rombel->index()
11 SYSTEMPATH/CodeIgniter.php(457): CodeIgniter\CodeIgniter->runController(Object(App\Controllers\Admin\Rombel))
12 SYSTEMPATH/CodeIgniter.php(340): CodeIgniter\CodeIgniter->handleRequest(null, Object(Config\Cache), false)
13 FCPATH/index.php(67): CodeIgniter\CodeIgniter->run()
14 ROOTPATH/index.php(6): require_once('FCPATH/index.php')
CRITICAL - 2022-10-05 08:06:10 --> Undefined variable: m_kelas
in APPPATH/Controllers/Admin/Rombel.php on line 28.
 1 APPPATH/Controllers/Admin/Rombel.php(28): CodeIgniter\Debug\Exceptions->errorHandler(8, 'Undefined variable: m_kelas', 'APPPATH/Controllers/Admin/Rombel.php', 28, [...])
 2 SYSTEMPATH/CodeIgniter.php(907): App\Controllers\Admin\Rombel->index()
 3 SYSTEMPATH/CodeIgniter.php(457): CodeIgniter\CodeIgniter->runController(Object(App\Controllers\Admin\Rombel))
 4 SYSTEMPATH/CodeIgniter.php(340): CodeIgniter\CodeIgniter->handleRequest(null, Object(Config\Cache), false)
 5 FCPATH/index.php(67): CodeIgniter\CodeIgniter->run()
 6 ROOTPATH/index.php(6): require_once('FCPATH/index.php')
CRITICAL - 2022-10-05 08:07:50 --> Undefined variable: kelas
in APPPATH/Views/admin/rombel/index.php on line 48.
 1 APPPATH/Views/admin/rombel/index.php(48): CodeIgniter\Debug\Exceptions->errorHandler(8, 'Undefined variable: kelas', 'APPPATH/Views/admin/rombel/index.php', 48, [...])
 2 SYSTEMPATH/View/View.php(213): include('APPPATH/Views/admin/rombel/index.php')
 3 SYSTEMPATH/View/View.php(216): CodeIgniter\View\View->CodeIgniter\View\{closure}()
 4 SYSTEMPATH/Common.php(1142): CodeIgniter\View\View->render('admin/rombel/index', [], true)
 5 APPPATH/Views/admin/layout/wrapper.php(13): view('admin/rombel/index')
 6 SYSTEMPATH/View/View.php(213): include('APPPATH/Views/admin/layout/wrapper.php')
 7 SYSTEMPATH/View/View.php(216): CodeIgniter\View\View->CodeIgniter\View\{closure}()
 8 SYSTEMPATH/Common.php(1142): CodeIgniter\View\View->render('admin/layout/wrapper', [], true)
 9 APPPATH/Controllers/Admin/Rombel.php(45): view('admin/layout/wrapper', [...])
10 SYSTEMPATH/CodeIgniter.php(907): App\Controllers\Admin\Rombel->index()
11 SYSTEMPATH/CodeIgniter.php(457): CodeIgniter\CodeIgniter->runController(Object(App\Controllers\Admin\Rombel))
12 SYSTEMPATH/CodeIgniter.php(340): CodeIgniter\CodeIgniter->handleRequest(null, Object(Config\Cache), false)
13 FCPATH/index.php(67): CodeIgniter\CodeIgniter->run()
14 ROOTPATH/index.php(6): require_once('FCPATH/index.php')
CRITICAL - 2022-10-05 08:08:07 --> Undefined variable: tahun_ajaran
in APPPATH/Views/admin/rombel/index.php on line 60.
 1 APPPATH/Views/admin/rombel/index.php(60): CodeIgniter\Debug\Exceptions->errorHandler(8, 'Undefined variable: tahun_ajaran', 'APPPATH/Views/admin/rombel/index.php', 60, [...])
 2 SYSTEMPATH/View/View.php(213): include('APPPATH/Views/admin/rombel/index.php')
 3 SYSTEMPATH/View/View.php(216): CodeIgniter\View\View->CodeIgniter\View\{closure}()
 4 SYSTEMPATH/Common.php(1142): CodeIgniter\View\View->render('admin/rombel/index', [], true)
 5 APPPATH/Views/admin/layout/wrapper.php(13): view('admin/rombel/index')
 6 SYSTEMPATH/View/View.php(213): include('APPPATH/Views/admin/layout/wrapper.php')
 7 SYSTEMPATH/View/View.php(216): CodeIgniter\View\View->CodeIgniter\View\{closure}()
 8 SYSTEMPATH/Common.php(1142): CodeIgniter\View\View->render('admin/layout/wrapper', [], true)
 9 APPPATH/Controllers/Admin/Rombel.php(46): view('admin/layout/wrapper', [...])
10 SYSTEMPATH/CodeIgniter.php(907): App\Controllers\Admin\Rombel->index()
11 SYSTEMPATH/CodeIgniter.php(457): CodeIgniter\CodeIgniter->runController(Object(App\Controllers\Admin\Rombel))
12 SYSTEMPATH/CodeIgniter.php(340): CodeIgniter\CodeIgniter->handleRequest(null, Object(Config\Cache), false)
13 FCPATH/index.php(67): CodeIgniter\CodeIgniter->run()
14 ROOTPATH/index.php(6): require_once('FCPATH/index.php')
CRITICAL - 2022-10-05 08:12:20 --> Undefined variable: id_tahun
in APPPATH/Controllers/Admin/Rombel.php on line 75.
 1 APPPATH/Controllers/Admin/Rombel.php(75): CodeIgniter\Debug\Exceptions->errorHandler(8, 'Undefined variable: id_tahun', 'APPPATH/Controllers/Admin/Rombel.php', 75, [])
 2 SYSTEMPATH/CodeIgniter.php(907): App\Controllers\Admin\Rombel->kelola()
 3 SYSTEMPATH/CodeIgniter.php(457): CodeIgniter\CodeIgniter->runController(Object(App\Controllers\Admin\Rombel))
 4 SYSTEMPATH/CodeIgniter.php(340): CodeIgniter\CodeIgniter->handleRequest(null, Object(Config\Cache), false)
 5 FCPATH/index.php(67): CodeIgniter\CodeIgniter->run()
 6 ROOTPATH/index.php(6): require_once('FCPATH/index.php')
CRITICAL - 2022-10-05 08:16:21 --> Trying to get property 'id_tahun' of non-object
in APPPATH/Controllers/Admin/Rombel.php on line 27.
 1 APPPATH/Controllers/Admin/Rombel.php(27): CodeIgniter\Debug\Exceptions->errorHandler(8, 'Trying to get property \'id_tahun\' of non-object', 'APPPATH/Controllers/Admin/Rombel.php', 27, [...])
 2 SYSTEMPATH/CodeIgniter.php(907): App\Controllers\Admin\Rombel->index()
 3 SYSTEMPATH/CodeIgniter.php(457): CodeIgniter\CodeIgniter->runController(Object(App\Controllers\Admin\Rombel))
 4 SYSTEMPATH/CodeIgniter.php(340): CodeIgniter\CodeIgniter->handleRequest(null, Object(Config\Cache), false)
 5 FCPATH/index.php(67): CodeIgniter\CodeIgniter->run()
 6 ROOTPATH/index.php(6): require_once('FCPATH/index.php')
CRITICAL - 2022-10-05 08:16:56 --> syntax error, unexpected ';', expecting ')'
in APPPATH/Controllers/Admin/Rombel.php on line 27.
 1 SYSTEMPATH/Router/Router.php(499): CodeIgniter\Router\AutoRouter->getRoute('admin/rombel')
 2 SYSTEMPATH/Router/Router.php(205): CodeIgniter\Router\Router->autoRoute('admin/rombel')
 3 SYSTEMPATH/CodeIgniter.php(782): CodeIgniter\Router\Router->handle('admin/rombel')
 4 SYSTEMPATH/CodeIgniter.php(406): CodeIgniter\CodeIgniter->tryToRouteIt(Object(CodeIgniter\Router\RouteCollection))
 5 SYSTEMPATH/CodeIgniter.php(340): CodeIgniter\CodeIgniter->handleRequest(null, Object(Config\Cache), false)
 6 FCPATH/index.php(67): CodeIgniter\CodeIgniter->run()
 7 ROOTPATH/index.php(6): require_once('FCPATH/index.php')
CRITICAL - 2022-10-05 08:17:04 --> Trying to get property 'total' of non-object
in APPPATH/Controllers/Admin/Rombel.php on line 46.
 1 APPPATH/Controllers/Admin/Rombel.php(46): CodeIgniter\Debug\Exceptions->errorHandler(8, 'Trying to get property \'total\' of non-object', 'APPPATH/Controllers/Admin/Rombel.php', 46, [...])
 2 SYSTEMPATH/CodeIgniter.php(907): App\Controllers\Admin\Rombel->index()
 3 SYSTEMPATH/CodeIgniter.php(457): CodeIgniter\CodeIgniter->runController(Object(App\Controllers\Admin\Rombel))
 4 SYSTEMPATH/CodeIgniter.php(340): CodeIgniter\CodeIgniter->handleRequest(null, Object(Config\Cache), false)
 5 FCPATH/index.php(67): CodeIgniter\CodeIgniter->run()
 6 ROOTPATH/index.php(6): require_once('FCPATH/index.php')
CRITICAL - 2022-10-05 09:08:53 --> Trying to get property 'id_rombel' of non-object
in APPPATH/Views/admin/rombel/anggota.php on line 8.
 1 APPPATH/Views/admin/rombel/anggota.php(8): CodeIgniter\Debug\Exceptions->errorHandler(8, 'Trying to get property \'id_rombel\' of non-object', 'APPPATH/Views/admin/rombel/anggota.php', 8, [...])
 2 SYSTEMPATH/View/View.php(213): include('APPPATH/Views/admin/rombel/anggota.php')
 3 SYSTEMPATH/View/View.php(216): CodeIgniter\View\View->CodeIgniter\View\{closure}()
 4 SYSTEMPATH/Common.php(1142): CodeIgniter\View\View->render('admin/rombel/anggota', [], true)
 5 APPPATH/Views/admin/layout/wrapper.php(13): view('admin/rombel/anggota')
 6 SYSTEMPATH/View/View.php(213): include('APPPATH/Views/admin/layout/wrapper.php')
 7 SYSTEMPATH/View/View.php(216): CodeIgniter\View\View->CodeIgniter\View\{closure}()
 8 SYSTEMPATH/Common.php(1142): CodeIgniter\View\View->render('admin/layout/wrapper', [], true)
 9 APPPATH/Controllers/Admin/Rombel.php(78): view('admin/layout/wrapper', [...])
10 SYSTEMPATH/CodeIgniter.php(907): App\Controllers\Admin\Rombel->anggota('1')
11 SYSTEMPATH/CodeIgniter.php(457): CodeIgniter\CodeIgniter->runController(Object(App\Controllers\Admin\Rombel))
12 SYSTEMPATH/CodeIgniter.php(340): CodeIgniter\CodeIgniter->handleRequest(null, Object(Config\Cache), false)
13 FCPATH/index.php(67): CodeIgniter\CodeIgniter->run()
14 ROOTPATH/index.php(6): require_once('FCPATH/index.php')
CRITICAL - 2022-10-05 09:08:53 --> Trying to get property 'id_rombel' of non-object
in APPPATH/Views/admin/rombel/anggota.php on line 8.
 1 APPPATH/Views/admin/rombel/anggota.php(8): CodeIgniter\Debug\Exceptions->errorHandler(8, 'Trying to get property \'id_rombel\' of non-object', 'APPPATH/Views/admin/rombel/anggota.php', 8, [...])
 2 SYSTEMPATH/View/View.php(213): include('APPPATH/Views/admin/rombel/anggota.php')
 3 SYSTEMPATH/View/View.php(216): CodeIgniter\View\View->CodeIgniter\View\{closure}()
 4 SYSTEMPATH/Common.php(1142): CodeIgniter\View\View->render('admin/rombel/anggota', [], true)
 5 APPPATH/Views/admin/layout/wrapper.php(13): view('admin/rombel/anggota')
 6 SYSTEMPATH/View/View.php(213): include('APPPATH/Views/admin/layout/wrapper.php')
 7 SYSTEMPATH/View/View.php(216): CodeIgniter\View\View->CodeIgniter\View\{closure}()
 8 SYSTEMPATH/Common.php(1142): CodeIgniter\View\View->render('admin/layout/wrapper', [], true)
 9 APPPATH/Controllers/Admin/Rombel.php(78): view('admin/layout/wrapper', [...])
10 SYSTEMPATH/CodeIgniter.php(907): App\Controllers\Admin\Rombel->anggota('ajax.php')
11 SYSTEMPATH/CodeIgniter.php(457): CodeIgniter\CodeIgniter->runController(Object(App\Controllers\Admin\Rombel))
12 SYSTEMPATH/CodeIgniter.php(340): CodeIgniter\CodeIgniter->handleRequest(null, Object(Config\Cache), false)
13 FCPATH/index.php(67): CodeIgniter\CodeIgniter->run()
14 ROOTPATH/index.php(6): require_once('FCPATH/index.php')
CRITICAL - 2022-10-05 10:32:40 --> Trying to get property 'nama' of non-object
in APPPATH/Controllers/Admin/User.php on line 88.
 1 APPPATH/Controllers/Admin/User.php(88): CodeIgniter\Debug\Exceptions->errorHandler(8, 'Trying to get property \'nama\' of non-object', 'APPPATH/Controllers/Admin/User.php', 88, [...])
 2 SYSTEMPATH/CodeIgniter.php(907): App\Controllers\Admin\User->edit('ajax.php')
 3 SYSTEMPATH/CodeIgniter.php(457): CodeIgniter\CodeIgniter->runController(Object(App\Controllers\Admin\User))
 4 SYSTEMPATH/CodeIgniter.php(340): CodeIgniter\CodeIgniter->handleRequest(null, Object(Config\Cache), false)
 5 FCPATH/index.php(67): CodeIgniter\CodeIgniter->run()
 6 ROOTPATH/index.php(6): require_once('FCPATH/index.php')
