CRITICAL - 2022-12-31 05:31:05 --> Trying to get property 'id_kategori' of non-object
in APPPATH/Controllers/Berita.php on line 47.
 1 APPPATH/Controllers/Berita.php(47): CodeIgniter\Debug\Exceptions->errorHandler(8, 'Trying to get property \'id_kategori\' of non-object', 'APPPATH/Controllers/Berita.php', 47, [...])
 2 SYSTEMPATH/CodeIgniter.php(927): App\Controllers\Berita->kategori('assets', 'img', 'cart', 'cart_1_1.jpg')
 3 SYSTEMPATH/CodeIgniter.php(482): CodeIgniter\CodeIgniter->runController(Object(App\Controllers\Berita))
 4 SYSTEMPATH/CodeIgniter.php(351): CodeIgniter\CodeIgniter->handleRequest(null, Object(Config\Cache), false)
 5 FCPATH/index.php(67): CodeIgniter\CodeIgniter->run()
 6 ROOTPATH/index.php(6): require_once('FCPATH/index.php')
CRITICAL - 2022-12-31 05:31:05 --> Trying to get property 'id_kategori' of non-object
in APPPATH/Controllers/Berita.php on line 47.
 1 APPPATH/Controllers/Berita.php(47): CodeIgniter\Debug\Exceptions->errorHandler(8, 'Trying to get property \'id_kategori\' of non-object', 'APPPATH/Controllers/Berita.php', 47, [...])
 2 SYSTEMPATH/CodeIgniter.php(927): App\Controllers\Berita->kategori('assets', 'img', 'cart', 'cart_1_5.jpg')
 3 SYSTEMPATH/CodeIgniter.php(482): CodeIgniter\CodeIgniter->runController(Object(App\Controllers\Berita))
 4 SYSTEMPATH/CodeIgniter.php(351): CodeIgniter\CodeIgniter->handleRequest(null, Object(Config\Cache), false)
 5 FCPATH/index.php(67): CodeIgniter\CodeIgniter->run()
 6 ROOTPATH/index.php(6): require_once('FCPATH/index.php')
CRITICAL - 2022-12-31 05:31:05 --> Trying to get property 'id_kategori' of non-object
in APPPATH/Controllers/Berita.php on line 47.
 1 APPPATH/Controllers/Berita.php(47): CodeIgniter\Debug\Exceptions->errorHandler(8, 'Trying to get property \'id_kategori\' of non-object', 'APPPATH/Controllers/Berita.php', 47, [...])
 2 SYSTEMPATH/CodeIgniter.php(927): App\Controllers\Berita->kategori('assets', 'img', 'cart', 'cart_1_2.jpg')
 3 SYSTEMPATH/CodeIgniter.php(482): CodeIgniter\CodeIgniter->runController(Object(App\Controllers\Berita))
 4 SYSTEMPATH/CodeIgniter.php(351): CodeIgniter\CodeIgniter->handleRequest(null, Object(Config\Cache), false)
 5 FCPATH/index.php(67): CodeIgniter\CodeIgniter->run()
 6 ROOTPATH/index.php(6): require_once('FCPATH/index.php')
CRITICAL - 2022-12-31 05:31:05 --> Trying to get property 'id_kategori' of non-object
in APPPATH/Controllers/Berita.php on line 47.
 1 APPPATH/Controllers/Berita.php(47): CodeIgniter\Debug\Exceptions->errorHandler(8, 'Trying to get property \'id_kategori\' of non-object', 'APPPATH/Controllers/Berita.php', 47, [...])
 2 SYSTEMPATH/CodeIgniter.php(927): App\Controllers\Berita->kategori('assets', 'img', 'cart', 'cart_1_3.jpg')
 3 SYSTEMPATH/CodeIgniter.php(482): CodeIgniter\CodeIgniter->runController(Object(App\Controllers\Berita))
 4 SYSTEMPATH/CodeIgniter.php(351): CodeIgniter\CodeIgniter->handleRequest(null, Object(Config\Cache), false)
 5 FCPATH/index.php(67): CodeIgniter\CodeIgniter->run()
 6 ROOTPATH/index.php(6): require_once('FCPATH/index.php')
CRITICAL - 2022-12-31 05:31:05 --> Trying to get property 'id_kategori' of non-object
in APPPATH/Controllers/Berita.php on line 47.
 1 APPPATH/Controllers/Berita.php(47): CodeIgniter\Debug\Exceptions->errorHandler(8, 'Trying to get property \'id_kategori\' of non-object', 'APPPATH/Controllers/Berita.php', 47, [...])
 2 SYSTEMPATH/CodeIgniter.php(927): App\Controllers\Berita->kategori('assets', 'img', 'cart', 'cart_1_4.jpg')
 3 SYSTEMPATH/CodeIgniter.php(482): CodeIgniter\CodeIgniter->runController(Object(App\Controllers\Berita))
 4 SYSTEMPATH/CodeIgniter.php(351): CodeIgniter\CodeIgniter->handleRequest(null, Object(Config\Cache), false)
 5 FCPATH/index.php(67): CodeIgniter\CodeIgniter->run()
 6 ROOTPATH/index.php(6): require_once('FCPATH/index.php')
CRITICAL - 2022-12-31 05:31:06 --> Trying to get property 'id_kategori' of non-object
in APPPATH/Controllers/Berita.php on line 47.
 1 APPPATH/Controllers/Berita.php(47): CodeIgniter\Debug\Exceptions->errorHandler(8, 'Trying to get property \'id_kategori\' of non-object', 'APPPATH/Controllers/Berita.php', 47, [...])
 2 SYSTEMPATH/CodeIgniter.php(927): App\Controllers\Berita->kategori('ajax.php')
 3 SYSTEMPATH/CodeIgniter.php(482): CodeIgniter\CodeIgniter->runController(Object(App\Controllers\Berita))
 4 SYSTEMPATH/CodeIgniter.php(351): CodeIgniter\CodeIgniter->handleRequest(null, Object(Config\Cache), false)
 5 FCPATH/index.php(67): CodeIgniter\CodeIgniter->run()
 6 ROOTPATH/index.php(6): require_once('FCPATH/index.php')
CRITICAL - 2022-12-31 05:31:17 --> Trying to get property 'id_berita' of non-object
in APPPATH/Controllers/Berita.php on line 77.
 1 APPPATH/Controllers/Berita.php(77): CodeIgniter\Debug\Exceptions->errorHandler(8, 'Trying to get property \'id_berita\' of non-object', 'APPPATH/Controllers/Berita.php', 77, [...])
 2 SYSTEMPATH/CodeIgniter.php(927): App\Controllers\Berita->read('assets', 'img', 'cart', 'cart_1_1.jpg')
 3 SYSTEMPATH/CodeIgniter.php(482): CodeIgniter\CodeIgniter->runController(Object(App\Controllers\Berita))
 4 SYSTEMPATH/CodeIgniter.php(351): CodeIgniter\CodeIgniter->handleRequest(null, Object(Config\Cache), false)
 5 FCPATH/index.php(67): CodeIgniter\CodeIgniter->run()
 6 ROOTPATH/index.php(6): require_once('FCPATH/index.php')
CRITICAL - 2022-12-31 05:31:17 --> Trying to get property 'id_berita' of non-object
in APPPATH/Controllers/Berita.php on line 77.
 1 APPPATH/Controllers/Berita.php(77): CodeIgniter\Debug\Exceptions->errorHandler(8, 'Trying to get property \'id_berita\' of non-object', 'APPPATH/Controllers/Berita.php', 77, [...])
 2 SYSTEMPATH/CodeIgniter.php(927): App\Controllers\Berita->read('assets', 'img', 'cart', 'cart_1_2.jpg')
 3 SYSTEMPATH/CodeIgniter.php(482): CodeIgniter\CodeIgniter->runController(Object(App\Controllers\Berita))
 4 SYSTEMPATH/CodeIgniter.php(351): CodeIgniter\CodeIgniter->handleRequest(null, Object(Config\Cache), false)
 5 FCPATH/index.php(67): CodeIgniter\CodeIgniter->run()
 6 ROOTPATH/index.php(6): require_once('FCPATH/index.php')
CRITICAL - 2022-12-31 05:31:17 --> Trying to get property 'id_berita' of non-object
in APPPATH/Controllers/Berita.php on line 77.
 1 APPPATH/Controllers/Berita.php(77): CodeIgniter\Debug\Exceptions->errorHandler(8, 'Trying to get property \'id_berita\' of non-object', 'APPPATH/Controllers/Berita.php', 77, [...])
 2 SYSTEMPATH/CodeIgniter.php(927): App\Controllers\Berita->read('assets', 'img', 'cart', 'cart_1_4.jpg')
 3 SYSTEMPATH/CodeIgniter.php(482): CodeIgniter\CodeIgniter->runController(Object(App\Controllers\Berita))
 4 SYSTEMPATH/CodeIgniter.php(351): CodeIgniter\CodeIgniter->handleRequest(null, Object(Config\Cache), false)
 5 FCPATH/index.php(67): CodeIgniter\CodeIgniter->run()
 6 ROOTPATH/index.php(6): require_once('FCPATH/index.php')
CRITICAL - 2022-12-31 05:31:17 --> Trying to get property 'id_berita' of non-object
in APPPATH/Controllers/Berita.php on line 77.
 1 APPPATH/Controllers/Berita.php(77): CodeIgniter\Debug\Exceptions->errorHandler(8, 'Trying to get property \'id_berita\' of non-object', 'APPPATH/Controllers/Berita.php', 77, [...])
 2 SYSTEMPATH/CodeIgniter.php(927): App\Controllers\Berita->read('assets', 'img', 'cart', 'cart_1_3.jpg')
 3 SYSTEMPATH/CodeIgniter.php(482): CodeIgniter\CodeIgniter->runController(Object(App\Controllers\Berita))
 4 SYSTEMPATH/CodeIgniter.php(351): CodeIgniter\CodeIgniter->handleRequest(null, Object(Config\Cache), false)
 5 FCPATH/index.php(67): CodeIgniter\CodeIgniter->run()
 6 ROOTPATH/index.php(6): require_once('FCPATH/index.php')
CRITICAL - 2022-12-31 05:31:17 --> Trying to get property 'id_berita' of non-object
in APPPATH/Controllers/Berita.php on line 77.
 1 APPPATH/Controllers/Berita.php(77): CodeIgniter\Debug\Exceptions->errorHandler(8, 'Trying to get property \'id_berita\' of non-object', 'APPPATH/Controllers/Berita.php', 77, [...])
 2 SYSTEMPATH/CodeIgniter.php(927): App\Controllers\Berita->read('assets', 'img', 'cart', 'cart_1_5.jpg')
 3 SYSTEMPATH/CodeIgniter.php(482): CodeIgniter\CodeIgniter->runController(Object(App\Controllers\Berita))
 4 SYSTEMPATH/CodeIgniter.php(351): CodeIgniter\CodeIgniter->handleRequest(null, Object(Config\Cache), false)
 5 FCPATH/index.php(67): CodeIgniter\CodeIgniter->run()
 6 ROOTPATH/index.php(6): require_once('FCPATH/index.php')
CRITICAL - 2022-12-31 05:31:18 --> Trying to get property 'id_berita' of non-object
in APPPATH/Controllers/Berita.php on line 77.
 1 APPPATH/Controllers/Berita.php(77): CodeIgniter\Debug\Exceptions->errorHandler(8, 'Trying to get property \'id_berita\' of non-object', 'APPPATH/Controllers/Berita.php', 77, [...])
 2 SYSTEMPATH/CodeIgniter.php(927): App\Controllers\Berita->read('ajax.php')
 3 SYSTEMPATH/CodeIgniter.php(482): CodeIgniter\CodeIgniter->runController(Object(App\Controllers\Berita))
 4 SYSTEMPATH/CodeIgniter.php(351): CodeIgniter\CodeIgniter->handleRequest(null, Object(Config\Cache), false)
 5 FCPATH/index.php(67): CodeIgniter\CodeIgniter->run()
 6 ROOTPATH/index.php(6): require_once('FCPATH/index.php')
CRITICAL - 2022-12-31 05:31:27 --> Trying to get property 'id_berita' of non-object
in APPPATH/Controllers/Berita.php on line 100.
 1 APPPATH/Controllers/Berita.php(100): CodeIgniter\Debug\Exceptions->errorHandler(8, 'Trying to get property \'id_berita\' of non-object', 'APPPATH/Controllers/Berita.php', 100, [...])
 2 SYSTEMPATH/CodeIgniter.php(927): App\Controllers\Berita->profil('assets', 'img', 'cart', 'cart_1_1.jpg')
 3 SYSTEMPATH/CodeIgniter.php(482): CodeIgniter\CodeIgniter->runController(Object(App\Controllers\Berita))
 4 SYSTEMPATH/CodeIgniter.php(351): CodeIgniter\CodeIgniter->handleRequest(null, Object(Config\Cache), false)
 5 FCPATH/index.php(67): CodeIgniter\CodeIgniter->run()
 6 ROOTPATH/index.php(6): require_once('FCPATH/index.php')
CRITICAL - 2022-12-31 05:31:28 --> Trying to get property 'id_berita' of non-object
in APPPATH/Controllers/Berita.php on line 100.
 1 APPPATH/Controllers/Berita.php(100): CodeIgniter\Debug\Exceptions->errorHandler(8, 'Trying to get property \'id_berita\' of non-object', 'APPPATH/Controllers/Berita.php', 100, [...])
 2 SYSTEMPATH/CodeIgniter.php(927): App\Controllers\Berita->profil('assets', 'img', 'cart', 'cart_1_2.jpg')
 3 SYSTEMPATH/CodeIgniter.php(482): CodeIgniter\CodeIgniter->runController(Object(App\Controllers\Berita))
 4 SYSTEMPATH/CodeIgniter.php(351): CodeIgniter\CodeIgniter->handleRequest(null, Object(Config\Cache), false)
 5 FCPATH/index.php(67): CodeIgniter\CodeIgniter->run()
 6 ROOTPATH/index.php(6): require_once('FCPATH/index.php')
CRITICAL - 2022-12-31 05:31:28 --> Trying to get property 'id_berita' of non-object
in APPPATH/Controllers/Berita.php on line 100.
 1 APPPATH/Controllers/Berita.php(100): CodeIgniter\Debug\Exceptions->errorHandler(8, 'Trying to get property \'id_berita\' of non-object', 'APPPATH/Controllers/Berita.php', 100, [...])
 2 SYSTEMPATH/CodeIgniter.php(927): App\Controllers\Berita->profil('assets', 'img', 'cart', 'cart_1_4.jpg')
 3 SYSTEMPATH/CodeIgniter.php(482): CodeIgniter\CodeIgniter->runController(Object(App\Controllers\Berita))
 4 SYSTEMPATH/CodeIgniter.php(351): CodeIgniter\CodeIgniter->handleRequest(null, Object(Config\Cache), false)
 5 FCPATH/index.php(67): CodeIgniter\CodeIgniter->run()
 6 ROOTPATH/index.php(6): require_once('FCPATH/index.php')
CRITICAL - 2022-12-31 05:31:28 --> Trying to get property 'id_berita' of non-object
in APPPATH/Controllers/Berita.php on line 100.
 1 APPPATH/Controllers/Berita.php(100): CodeIgniter\Debug\Exceptions->errorHandler(8, 'Trying to get property \'id_berita\' of non-object', 'APPPATH/Controllers/Berita.php', 100, [...])
 2 SYSTEMPATH/CodeIgniter.php(927): App\Controllers\Berita->profil('assets', 'img', 'cart', 'cart_1_5.jpg')
 3 SYSTEMPATH/CodeIgniter.php(482): CodeIgniter\CodeIgniter->runController(Object(App\Controllers\Berita))
 4 SYSTEMPATH/CodeIgniter.php(351): CodeIgniter\CodeIgniter->handleRequest(null, Object(Config\Cache), false)
 5 FCPATH/index.php(67): CodeIgniter\CodeIgniter->run()
 6 ROOTPATH/index.php(6): require_once('FCPATH/index.php')
CRITICAL - 2022-12-31 05:31:28 --> Trying to get property 'id_berita' of non-object
in APPPATH/Controllers/Berita.php on line 100.
 1 APPPATH/Controllers/Berita.php(100): CodeIgniter\Debug\Exceptions->errorHandler(8, 'Trying to get property \'id_berita\' of non-object', 'APPPATH/Controllers/Berita.php', 100, [...])
 2 SYSTEMPATH/CodeIgniter.php(927): App\Controllers\Berita->profil('assets', 'img', 'cart', 'cart_1_3.jpg')
 3 SYSTEMPATH/CodeIgniter.php(482): CodeIgniter\CodeIgniter->runController(Object(App\Controllers\Berita))
 4 SYSTEMPATH/CodeIgniter.php(351): CodeIgniter\CodeIgniter->handleRequest(null, Object(Config\Cache), false)
 5 FCPATH/index.php(67): CodeIgniter\CodeIgniter->run()
 6 ROOTPATH/index.php(6): require_once('FCPATH/index.php')
CRITICAL - 2022-12-31 05:31:33 --> Class 'App\Models\Video_model' not found
in APPPATH/Controllers/Video.php on line 14.
 1 SYSTEMPATH/CodeIgniter.php(927): App\Controllers\Video->index()
 2 SYSTEMPATH/CodeIgniter.php(482): CodeIgniter\CodeIgniter->runController(Object(App\Controllers\Video))
 3 SYSTEMPATH/CodeIgniter.php(351): CodeIgniter\CodeIgniter->handleRequest(null, Object(Config\Cache), false)
 4 FCPATH/index.php(67): CodeIgniter\CodeIgniter->run()
 5 ROOTPATH/index.php(6): require_once('FCPATH/index.php')
CRITICAL - 2022-12-31 05:31:37 --> Trying to get property 'id_berita' of non-object
in APPPATH/Controllers/Berita.php on line 100.
 1 APPPATH/Controllers/Berita.php(100): CodeIgniter\Debug\Exceptions->errorHandler(8, 'Trying to get property \'id_berita\' of non-object', 'APPPATH/Controllers/Berita.php', 100, [...])
 2 SYSTEMPATH/CodeIgniter.php(927): App\Controllers\Berita->profil('assets', 'img', 'cart', 'cart_1_5.jpg')
 3 SYSTEMPATH/CodeIgniter.php(482): CodeIgniter\CodeIgniter->runController(Object(App\Controllers\Berita))
 4 SYSTEMPATH/CodeIgniter.php(351): CodeIgniter\CodeIgniter->handleRequest(null, Object(Config\Cache), false)
 5 FCPATH/index.php(67): CodeIgniter\CodeIgniter->run()
 6 ROOTPATH/index.php(6): require_once('FCPATH/index.php')
CRITICAL - 2022-12-31 05:31:37 --> Trying to get property 'id_berita' of non-object
in APPPATH/Controllers/Berita.php on line 100.
 1 APPPATH/Controllers/Berita.php(100): CodeIgniter\Debug\Exceptions->errorHandler(8, 'Trying to get property \'id_berita\' of non-object', 'APPPATH/Controllers/Berita.php', 100, [...])
 2 SYSTEMPATH/CodeIgniter.php(927): App\Controllers\Berita->profil('assets', 'img', 'cart', 'cart_1_4.jpg')
 3 SYSTEMPATH/CodeIgniter.php(482): CodeIgniter\CodeIgniter->runController(Object(App\Controllers\Berita))
 4 SYSTEMPATH/CodeIgniter.php(351): CodeIgniter\CodeIgniter->handleRequest(null, Object(Config\Cache), false)
 5 FCPATH/index.php(67): CodeIgniter\CodeIgniter->run()
 6 ROOTPATH/index.php(6): require_once('FCPATH/index.php')
CRITICAL - 2022-12-31 05:31:37 --> Trying to get property 'id_berita' of non-object
in APPPATH/Controllers/Berita.php on line 100.
 1 APPPATH/Controllers/Berita.php(100): CodeIgniter\Debug\Exceptions->errorHandler(8, 'Trying to get property \'id_berita\' of non-object', 'APPPATH/Controllers/Berita.php', 100, [...])
 2 SYSTEMPATH/CodeIgniter.php(927): App\Controllers\Berita->profil('assets', 'img', 'cart', 'cart_1_2.jpg')
 3 SYSTEMPATH/CodeIgniter.php(482): CodeIgniter\CodeIgniter->runController(Object(App\Controllers\Berita))
 4 SYSTEMPATH/CodeIgniter.php(351): CodeIgniter\CodeIgniter->handleRequest(null, Object(Config\Cache), false)
 5 FCPATH/index.php(67): CodeIgniter\CodeIgniter->run()
 6 ROOTPATH/index.php(6): require_once('FCPATH/index.php')
CRITICAL - 2022-12-31 05:31:37 --> Trying to get property 'id_berita' of non-object
in APPPATH/Controllers/Berita.php on line 100.
 1 APPPATH/Controllers/Berita.php(100): CodeIgniter\Debug\Exceptions->errorHandler(8, 'Trying to get property \'id_berita\' of non-object', 'APPPATH/Controllers/Berita.php', 100, [...])
 2 SYSTEMPATH/CodeIgniter.php(927): App\Controllers\Berita->profil('assets', 'img', 'cart', 'cart_1_3.jpg')
 3 SYSTEMPATH/CodeIgniter.php(482): CodeIgniter\CodeIgniter->runController(Object(App\Controllers\Berita))
 4 SYSTEMPATH/CodeIgniter.php(351): CodeIgniter\CodeIgniter->handleRequest(null, Object(Config\Cache), false)
 5 FCPATH/index.php(67): CodeIgniter\CodeIgniter->run()
 6 ROOTPATH/index.php(6): require_once('FCPATH/index.php')
CRITICAL - 2022-12-31 05:31:37 --> Trying to get property 'id_berita' of non-object
in APPPATH/Controllers/Berita.php on line 100.
 1 APPPATH/Controllers/Berita.php(100): CodeIgniter\Debug\Exceptions->errorHandler(8, 'Trying to get property \'id_berita\' of non-object', 'APPPATH/Controllers/Berita.php', 100, [...])
 2 SYSTEMPATH/CodeIgniter.php(927): App\Controllers\Berita->profil('assets', 'img', 'cart', 'cart_1_1.jpg')
 3 SYSTEMPATH/CodeIgniter.php(482): CodeIgniter\CodeIgniter->runController(Object(App\Controllers\Berita))
 4 SYSTEMPATH/CodeIgniter.php(351): CodeIgniter\CodeIgniter->handleRequest(null, Object(Config\Cache), false)
 5 FCPATH/index.php(67): CodeIgniter\CodeIgniter->run()
 6 ROOTPATH/index.php(6): require_once('FCPATH/index.php')
CRITICAL - 2022-12-31 05:33:01 --> Call to undefined method App\Models\Download_model::jenis_download
in SYSTEMPATH/Model.php on line 774.
 1 APPPATH/Controllers/Download.php(16): CodeIgniter\Model->__call('jenis_download', [...])
 2 SYSTEMPATH/CodeIgniter.php(927): App\Controllers\Download->index()
 3 SYSTEMPATH/CodeIgniter.php(482): CodeIgniter\CodeIgniter->runController(Object(App\Controllers\Download))
 4 SYSTEMPATH/CodeIgniter.php(351): CodeIgniter\CodeIgniter->handleRequest(null, Object(Config\Cache), false)
 5 FCPATH/index.php(67): CodeIgniter\CodeIgniter->run()
 6 ROOTPATH/index.php(6): require_once('FCPATH/index.php')
CRITICAL - 2022-12-31 05:37:00 --> Call to undefined method App\Models\Download_model::jenis_download
in SYSTEMPATH/Model.php on line 774.
 1 APPPATH/Controllers/Download.php(23): CodeIgniter\Model->__call('jenis_download', [...])
 2 SYSTEMPATH/CodeIgniter.php(927): App\Controllers\Download->index()
 3 SYSTEMPATH/CodeIgniter.php(482): CodeIgniter\CodeIgniter->runController(Object(App\Controllers\Download))
 4 SYSTEMPATH/CodeIgniter.php(351): CodeIgniter\CodeIgniter->handleRequest(null, Object(Config\Cache), false)
 5 FCPATH/index.php(67): CodeIgniter\CodeIgniter->run()
 6 ROOTPATH/index.php(6): require_once('FCPATH/index.php')
CRITICAL - 2022-12-31 05:38:11 --> Invalid file: download/index.php
in SYSTEMPATH/Exceptions/FrameworkException.php on line 33.
 1 SYSTEMPATH/View/View.php(201): CodeIgniter\Exceptions\FrameworkException::forInvalidFile('download/index.php')
 2 SYSTEMPATH/Common.php(1134): CodeIgniter\View\View->render('download/index', [], true)
 3 APPPATH/Views/layout/wrapper.php(10): view('download/index')
 4 SYSTEMPATH/View/View.php(213): include('APPPATH/Views/layout/wrapper.php')
 5 SYSTEMPATH/View/View.php(216): CodeIgniter\View\View->CodeIgniter\View\{closure}()
 6 SYSTEMPATH/Common.php(1134): CodeIgniter\View\View->render('layout/wrapper', [], true)
 7 APPPATH/Controllers/Download.php(33): view('layout/wrapper', [...])
 8 SYSTEMPATH/CodeIgniter.php(927): App\Controllers\Download->index()
 9 SYSTEMPATH/CodeIgniter.php(482): CodeIgniter\CodeIgniter->runController(Object(App\Controllers\Download))
10 SYSTEMPATH/CodeIgniter.php(351): CodeIgniter\CodeIgniter->handleRequest(null, Object(Config\Cache), false)
11 FCPATH/index.php(67): CodeIgniter\CodeIgniter->run()
12 ROOTPATH/index.php(6): require_once('FCPATH/index.php')
CRITICAL - 2022-12-31 05:40:36 --> Undefined property: stdClass::$keterangan
in APPPATH/Views/download/index.php on line 43.
 1 APPPATH/Views/download/index.php(43): CodeIgniter\Debug\Exceptions->errorHandler(8, 'Undefined property: stdClass::$keterangan', 'APPPATH/Views/download/index.php', 43, [...])
 2 SYSTEMPATH/View/View.php(213): include('APPPATH/Views/download/index.php')
 3 SYSTEMPATH/View/View.php(216): CodeIgniter\View\View->CodeIgniter\View\{closure}()
 4 SYSTEMPATH/Common.php(1134): CodeIgniter\View\View->render('download/index', [], true)
 5 APPPATH/Views/layout/wrapper.php(10): view('download/index')
 6 SYSTEMPATH/View/View.php(213): include('APPPATH/Views/layout/wrapper.php')
 7 SYSTEMPATH/View/View.php(216): CodeIgniter\View\View->CodeIgniter\View\{closure}()
 8 SYSTEMPATH/Common.php(1134): CodeIgniter\View\View->render('layout/wrapper', [], true)
 9 APPPATH/Controllers/Download.php(33): view('layout/wrapper', [...])
10 SYSTEMPATH/CodeIgniter.php(927): App\Controllers\Download->index()
11 SYSTEMPATH/CodeIgniter.php(482): CodeIgniter\CodeIgniter->runController(Object(App\Controllers\Download))
12 SYSTEMPATH/CodeIgniter.php(351): CodeIgniter\CodeIgniter->handleRequest(null, Object(Config\Cache), false)
13 FCPATH/index.php(67): CodeIgniter\CodeIgniter->run()
14 ROOTPATH/index.php(6): require_once('FCPATH/index.php')
CRITICAL - 2022-12-31 05:43:29 --> Cannot use object of type stdClass as array
in APPPATH/Controllers/Download.php on line 65.
 1 SYSTEMPATH/CodeIgniter.php(927): App\Controllers\Download->unduh('1')
 2 SYSTEMPATH/CodeIgniter.php(482): CodeIgniter\CodeIgniter->runController(Object(App\Controllers\Download))
 3 SYSTEMPATH/CodeIgniter.php(351): CodeIgniter\CodeIgniter->handleRequest(null, Object(Config\Cache), false)
 4 FCPATH/index.php(67): CodeIgniter\CodeIgniter->run()
 5 ROOTPATH/index.php(6): require_once('FCPATH/index.php')
CRITICAL - 2022-12-31 05:43:29 --> Trying to access array offset on value of type null
in APPPATH/Controllers/Download.php on line 65.
 1 APPPATH/Controllers/Download.php(65): CodeIgniter\Debug\Exceptions->errorHandler(8, 'Trying to access array offset on value of type null', 'APPPATH/Controllers/Download.php', 65, [...])
 2 SYSTEMPATH/CodeIgniter.php(927): App\Controllers\Download->unduh('ajax.php')
 3 SYSTEMPATH/CodeIgniter.php(482): CodeIgniter\CodeIgniter->runController(Object(App\Controllers\Download))
 4 SYSTEMPATH/CodeIgniter.php(351): CodeIgniter\CodeIgniter->handleRequest(null, Object(Config\Cache), false)
 5 FCPATH/index.php(67): CodeIgniter\CodeIgniter->run()
 6 ROOTPATH/index.php(6): require_once('FCPATH/index.php')
CRITICAL - 2022-12-31 06:49:02 --> Class 'App\Models\Video_model' not found
in APPPATH/Controllers/Video.php on line 14.
 1 SYSTEMPATH/CodeIgniter.php(927): App\Controllers\Video->index()
 2 SYSTEMPATH/CodeIgniter.php(482): CodeIgniter\CodeIgniter->runController(Object(App\Controllers\Video))
 3 SYSTEMPATH/CodeIgniter.php(351): CodeIgniter\CodeIgniter->handleRequest(null, Object(Config\Cache), false)
 4 FCPATH/index.php(67): CodeIgniter\CodeIgniter->run()
 5 ROOTPATH/index.php(6): require_once('FCPATH/index.php')
CRITICAL - 2022-12-31 06:52:59 --> Invalid file: video/index.php
in SYSTEMPATH/Exceptions/FrameworkException.php on line 33.
 1 SYSTEMPATH/View/View.php(201): CodeIgniter\Exceptions\FrameworkException::forInvalidFile('video/index.php')
 2 SYSTEMPATH/Common.php(1134): CodeIgniter\View\View->render('video/index', [], true)
 3 APPPATH/Views/layout/wrapper.php(10): view('video/index')
 4 SYSTEMPATH/View/View.php(213): include('APPPATH/Views/layout/wrapper.php')
 5 SYSTEMPATH/View/View.php(216): CodeIgniter\View\View->CodeIgniter\View\{closure}()
 6 SYSTEMPATH/Common.php(1134): CodeIgniter\View\View->render('layout/wrapper', [], true)
 7 APPPATH/Controllers/Video.php(25): view('layout/wrapper', [...])
 8 SYSTEMPATH/CodeIgniter.php(927): App\Controllers\Video->index()
 9 SYSTEMPATH/CodeIgniter.php(482): CodeIgniter\CodeIgniter->runController(Object(App\Controllers\Video))
10 SYSTEMPATH/CodeIgniter.php(351): CodeIgniter\CodeIgniter->handleRequest(null, Object(Config\Cache), false)
11 FCPATH/index.php(67): CodeIgniter\CodeIgniter->run()
12 ROOTPATH/index.php(6): require_once('FCPATH/index.php')
CRITICAL - 2022-12-31 07:01:37 --> Undefined property: stdClass::$gambar
in APPPATH/Views/admin/kategori_galeri/index.php on line 22.
 1 APPPATH/Views/admin/kategori_galeri/index.php(22): CodeIgniter\Debug\Exceptions->errorHandler(8, 'Undefined property: stdClass::$gambar', 'APPPATH/Views/admin/kategori_galeri/index.php', 22, [...])
 2 SYSTEMPATH/View/View.php(213): include('APPPATH/Views/admin/kategori_galeri/index.php')
 3 SYSTEMPATH/View/View.php(216): CodeIgniter\View\View->CodeIgniter\View\{closure}()
 4 SYSTEMPATH/Common.php(1134): CodeIgniter\View\View->render('admin/kategori_galeri/index', [], true)
 5 APPPATH/Views/admin/layout/wrapper.php(13): view('admin/kategori_galeri/index')
 6 SYSTEMPATH/View/View.php(213): include('APPPATH/Views/admin/layout/wrapper.php')
 7 SYSTEMPATH/View/View.php(216): CodeIgniter\View\View->CodeIgniter\View\{closure}()
 8 SYSTEMPATH/Common.php(1134): CodeIgniter\View\View->render('admin/layout/wrapper', [], true)
 9 APPPATH/Controllers/Admin/Kategori_galeri.php(74): view('admin/layout/wrapper', [...])
10 SYSTEMPATH/CodeIgniter.php(927): App\Controllers\Admin\Kategori_galeri->index()
11 SYSTEMPATH/CodeIgniter.php(482): CodeIgniter\CodeIgniter->runController(Object(App\Controllers\Admin\Kategori_galeri))
12 SYSTEMPATH/CodeIgniter.php(351): CodeIgniter\CodeIgniter->handleRequest(null, Object(Config\Cache), false)
13 FCPATH/index.php(67): CodeIgniter\CodeIgniter->run()
14 ROOTPATH/index.php(6): require_once('FCPATH/index.php')
CRITICAL - 2022-12-31 07:02:03 --> Undefined property: stdClass::$keterangan
in APPPATH/Views/admin/kategori_galeri/index.php on line 31.
 1 APPPATH/Views/admin/kategori_galeri/index.php(31): CodeIgniter\Debug\Exceptions->errorHandler(8, 'Undefined property: stdClass::$keterangan', 'APPPATH/Views/admin/kategori_galeri/index.php', 31, [...])
 2 SYSTEMPATH/View/View.php(213): include('APPPATH/Views/admin/kategori_galeri/index.php')
 3 SYSTEMPATH/View/View.php(216): CodeIgniter\View\View->CodeIgniter\View\{closure}()
 4 SYSTEMPATH/Common.php(1134): CodeIgniter\View\View->render('admin/kategori_galeri/index', [], true)
 5 APPPATH/Views/admin/layout/wrapper.php(13): view('admin/kategori_galeri/index')
 6 SYSTEMPATH/View/View.php(213): include('APPPATH/Views/admin/layout/wrapper.php')
 7 SYSTEMPATH/View/View.php(216): CodeIgniter\View\View->CodeIgniter\View\{closure}()
 8 SYSTEMPATH/Common.php(1134): CodeIgniter\View\View->render('admin/layout/wrapper', [], true)
 9 APPPATH/Controllers/Admin/Kategori_galeri.php(74): view('admin/layout/wrapper', [...])
10 SYSTEMPATH/CodeIgniter.php(927): App\Controllers\Admin\Kategori_galeri->index()
11 SYSTEMPATH/CodeIgniter.php(482): CodeIgniter\CodeIgniter->runController(Object(App\Controllers\Admin\Kategori_galeri))
12 SYSTEMPATH/CodeIgniter.php(351): CodeIgniter\CodeIgniter->handleRequest(null, Object(Config\Cache), false)
13 FCPATH/index.php(67): CodeIgniter\CodeIgniter->run()
14 ROOTPATH/index.php(6): require_once('FCPATH/index.php')
CRITICAL - 2022-12-31 07:02:49 --> Undefined property: stdClass::$status_kategori_galeri
in APPPATH/Views/admin/kategori_galeri/edit.php on line 12.
 1 APPPATH/Views/admin/kategori_galeri/edit.php(12): CodeIgniter\Debug\Exceptions->errorHandler(8, 'Undefined property: stdClass::$status_kategori_galeri', 'APPPATH/Views/admin/kategori_galeri/edit.php', 12, [...])
 2 SYSTEMPATH/View/View.php(213): include('APPPATH/Views/admin/kategori_galeri/edit.php')
 3 SYSTEMPATH/View/View.php(216): CodeIgniter\View\View->CodeIgniter\View\{closure}()
 4 SYSTEMPATH/Common.php(1134): CodeIgniter\View\View->render('admin/kategori_galeri/edit', [], true)
 5 APPPATH/Views/admin/layout/wrapper.php(13): view('admin/kategori_galeri/edit')
 6 SYSTEMPATH/View/View.php(213): include('APPPATH/Views/admin/layout/wrapper.php')
 7 SYSTEMPATH/View/View.php(216): CodeIgniter\View\View->CodeIgniter\View\{closure}()
 8 SYSTEMPATH/Common.php(1134): CodeIgniter\View\View->render('admin/layout/wrapper', [], true)
 9 APPPATH/Controllers/Admin/Kategori_galeri.php(140): view('admin/layout/wrapper', [...])
10 SYSTEMPATH/CodeIgniter.php(927): App\Controllers\Admin\Kategori_galeri->edit('6')
11 SYSTEMPATH/CodeIgniter.php(482): CodeIgniter\CodeIgniter->runController(Object(App\Controllers\Admin\Kategori_galeri))
12 SYSTEMPATH/CodeIgniter.php(351): CodeIgniter\CodeIgniter->handleRequest(null, Object(Config\Cache), false)
13 FCPATH/index.php(67): CodeIgniter\CodeIgniter->run()
14 ROOTPATH/index.php(6): require_once('FCPATH/index.php')
CRITICAL - 2022-12-31 07:02:50 --> Trying to get property 'nama_kategori_galeri' of non-object
in APPPATH/Controllers/Admin/Kategori_galeri.php on line 136.
 1 APPPATH/Controllers/Admin/Kategori_galeri.php(136): CodeIgniter\Debug\Exceptions->errorHandler(8, 'Trying to get property \'nama_kategori_galeri\' of non-object', 'APPPATH/Controllers/Admin/Kategori_galeri.php', 136, [...])
 2 SYSTEMPATH/CodeIgniter.php(927): App\Controllers\Admin\Kategori_galeri->edit('ajax.php')
 3 SYSTEMPATH/CodeIgniter.php(482): CodeIgniter\CodeIgniter->runController(Object(App\Controllers\Admin\Kategori_galeri))
 4 SYSTEMPATH/CodeIgniter.php(351): CodeIgniter\CodeIgniter->handleRequest(null, Object(Config\Cache), false)
 5 FCPATH/index.php(67): CodeIgniter\CodeIgniter->run()
 6 ROOTPATH/index.php(6): require_once('FCPATH/index.php')
CRITICAL - 2022-12-31 07:03:08 --> Trying to get property 'nama_kategori_galeri' of non-object
in APPPATH/Controllers/Admin/Kategori_galeri.php on line 136.
 1 APPPATH/Controllers/Admin/Kategori_galeri.php(136): CodeIgniter\Debug\Exceptions->errorHandler(8, 'Trying to get property \'nama_kategori_galeri\' of non-object', 'APPPATH/Controllers/Admin/Kategori_galeri.php', 136, [...])
 2 SYSTEMPATH/CodeIgniter.php(927): App\Controllers\Admin\Kategori_galeri->edit('ajax.php')
 3 SYSTEMPATH/CodeIgniter.php(482): CodeIgniter\CodeIgniter->runController(Object(App\Controllers\Admin\Kategori_galeri))
 4 SYSTEMPATH/CodeIgniter.php(351): CodeIgniter\CodeIgniter->handleRequest(null, Object(Config\Cache), false)
 5 FCPATH/index.php(67): CodeIgniter\CodeIgniter->run()
 6 ROOTPATH/index.php(6): require_once('FCPATH/index.php')
CRITICAL - 2022-12-31 07:04:15 --> Invalid file: video/index.php
in SYSTEMPATH/Exceptions/FrameworkException.php on line 33.
 1 SYSTEMPATH/View/View.php(201): CodeIgniter\Exceptions\FrameworkException::forInvalidFile('video/index.php')
 2 SYSTEMPATH/Common.php(1134): CodeIgniter\View\View->render('video/index', [], true)
 3 APPPATH/Views/layout/wrapper.php(10): view('video/index')
 4 SYSTEMPATH/View/View.php(213): include('APPPATH/Views/layout/wrapper.php')
 5 SYSTEMPATH/View/View.php(216): CodeIgniter\View\View->CodeIgniter\View\{closure}()
 6 SYSTEMPATH/Common.php(1134): CodeIgniter\View\View->render('layout/wrapper', [], true)
 7 APPPATH/Controllers/Video.php(25): view('layout/wrapper', [...])
 8 SYSTEMPATH/CodeIgniter.php(927): App\Controllers\Video->index()
 9 SYSTEMPATH/CodeIgniter.php(482): CodeIgniter\CodeIgniter->runController(Object(App\Controllers\Video))
10 SYSTEMPATH/CodeIgniter.php(351): CodeIgniter\CodeIgniter->handleRequest(null, Object(Config\Cache), false)
11 FCPATH/index.php(67): CodeIgniter\CodeIgniter->run()
12 ROOTPATH/index.php(6): require_once('FCPATH/index.php')
CRITICAL - 2022-12-31 07:06:08 --> Invalid file: admin/video/index.php
in SYSTEMPATH/Exceptions/FrameworkException.php on line 33.
 1 SYSTEMPATH/View/View.php(201): CodeIgniter\Exceptions\FrameworkException::forInvalidFile('admin/video/index.php')
 2 SYSTEMPATH/Common.php(1134): CodeIgniter\View\View->render('admin/video/index', [], true)
 3 APPPATH/Views/admin/layout/wrapper.php(13): view('admin/video/index')
 4 SYSTEMPATH/View/View.php(213): include('APPPATH/Views/admin/layout/wrapper.php')
 5 SYSTEMPATH/View/View.php(216): CodeIgniter\View\View->CodeIgniter\View\{closure}()
 6 SYSTEMPATH/Common.php(1134): CodeIgniter\View\View->render('admin/layout/wrapper', [], true)
 7 APPPATH/Controllers/Admin/Video.php(74): view('admin/layout/wrapper', [...])
 8 SYSTEMPATH/CodeIgniter.php(927): App\Controllers\Admin\Video->index()
 9 SYSTEMPATH/CodeIgniter.php(482): CodeIgniter\CodeIgniter->runController(Object(App\Controllers\Admin\Video))
10 SYSTEMPATH/CodeIgniter.php(351): CodeIgniter\CodeIgniter->handleRequest(null, Object(Config\Cache), false)
11 FCPATH/index.php(67): CodeIgniter\CodeIgniter->run()
12 ROOTPATH/index.php(6): require_once('FCPATH/index.php')
CRITICAL - 2022-12-31 07:17:10 --> Call to undefined method App\Models\Video_model::galeri
in SYSTEMPATH/Model.php on line 807.
 1 APPPATH/Views/admin/video/index.php(17): CodeIgniter\Model->__call('galeri', [...])
 2 SYSTEMPATH/View/View.php(213): include('APPPATH/Views/admin/video/index.php')
 3 SYSTEMPATH/View/View.php(216): CodeIgniter\View\View->CodeIgniter\View\{closure}()
 4 SYSTEMPATH/Common.php(1135): CodeIgniter\View\View->render('admin/video/index', [], true)
 5 APPPATH/Views/admin/layout/wrapper.php(13): view('admin/video/index')
 6 SYSTEMPATH/View/View.php(213): include('APPPATH/Views/admin/layout/wrapper.php')
 7 SYSTEMPATH/View/View.php(216): CodeIgniter\View\View->CodeIgniter\View\{closure}()
 8 SYSTEMPATH/Common.php(1135): CodeIgniter\View\View->render('admin/layout/wrapper', [], true)
 9 APPPATH/Controllers/Admin/Video.php(74): view('admin/layout/wrapper', [...])
10 SYSTEMPATH/CodeIgniter.php(925): App\Controllers\Admin\Video->index()
11 SYSTEMPATH/CodeIgniter.php(480): CodeIgniter\CodeIgniter->runController(Object(App\Controllers\Admin\Video))
12 SYSTEMPATH/CodeIgniter.php(349): CodeIgniter\CodeIgniter->handleRequest(null, Object(Config\Cache), false)
13 FCPATH/index.php(67): CodeIgniter\CodeIgniter->run()
14 ROOTPATH/index.php(6): require_once('FCPATH/index.php')
CRITICAL - 2022-12-31 07:18:23 --> Call to undefined method App\Models\Video_model::galeri
in SYSTEMPATH/Model.php on line 807.
 1 APPPATH/Views/admin/video/index.php(17): CodeIgniter\Model->__call('galeri', [...])
 2 SYSTEMPATH/View/View.php(213): include('APPPATH/Views/admin/video/index.php')
 3 SYSTEMPATH/View/View.php(216): CodeIgniter\View\View->CodeIgniter\View\{closure}()
 4 SYSTEMPATH/Common.php(1135): CodeIgniter\View\View->render('admin/video/index', [], true)
 5 APPPATH/Views/admin/layout/wrapper.php(13): view('admin/video/index')
 6 SYSTEMPATH/View/View.php(213): include('APPPATH/Views/admin/layout/wrapper.php')
 7 SYSTEMPATH/View/View.php(216): CodeIgniter\View\View->CodeIgniter\View\{closure}()
 8 SYSTEMPATH/Common.php(1135): CodeIgniter\View\View->render('admin/layout/wrapper', [], true)
 9 APPPATH/Controllers/Admin/Video.php(74): view('admin/layout/wrapper', [...])
10 SYSTEMPATH/CodeIgniter.php(925): App\Controllers\Admin\Video->index()
11 SYSTEMPATH/CodeIgniter.php(480): CodeIgniter\CodeIgniter->runController(Object(App\Controllers\Admin\Video))
12 SYSTEMPATH/CodeIgniter.php(349): CodeIgniter\CodeIgniter->handleRequest(null, Object(Config\Cache), false)
13 FCPATH/index.php(67): CodeIgniter\CodeIgniter->run()
14 ROOTPATH/index.php(6): require_once('FCPATH/index.php')
CRITICAL - 2022-12-31 07:18:28 --> Call to undefined method App\Models\Video_model::galeri
in SYSTEMPATH/Model.php on line 807.
 1 APPPATH/Views/admin/video/index.php(17): CodeIgniter\Model->__call('galeri', [...])
 2 SYSTEMPATH/View/View.php(213): include('APPPATH/Views/admin/video/index.php')
 3 SYSTEMPATH/View/View.php(216): CodeIgniter\View\View->CodeIgniter\View\{closure}()
 4 SYSTEMPATH/Common.php(1135): CodeIgniter\View\View->render('admin/video/index', [], true)
 5 APPPATH/Views/admin/layout/wrapper.php(13): view('admin/video/index')
 6 SYSTEMPATH/View/View.php(213): include('APPPATH/Views/admin/layout/wrapper.php')
 7 SYSTEMPATH/View/View.php(216): CodeIgniter\View\View->CodeIgniter\View\{closure}()
 8 SYSTEMPATH/Common.php(1135): CodeIgniter\View\View->render('admin/layout/wrapper', [], true)
 9 APPPATH/Controllers/Admin/Video.php(74): view('admin/layout/wrapper', [...])
10 SYSTEMPATH/CodeIgniter.php(925): App\Controllers\Admin\Video->index()
11 SYSTEMPATH/CodeIgniter.php(480): CodeIgniter\CodeIgniter->runController(Object(App\Controllers\Admin\Video))
12 SYSTEMPATH/CodeIgniter.php(349): CodeIgniter\CodeIgniter->handleRequest(null, Object(Config\Cache), false)
13 FCPATH/index.php(67): CodeIgniter\CodeIgniter->run()
14 ROOTPATH/index.php(6): require_once('FCPATH/index.php')
CRITICAL - 2022-12-31 07:18:57 --> Undefined property: stdClass::$nama_video
in APPPATH/Views/admin/video/index.php on line 25.
 1 APPPATH/Views/admin/video/index.php(25): CodeIgniter\Debug\Exceptions->errorHandler(8, 'Undefined property: stdClass::$nama_video', 'APPPATH/Views/admin/video/index.php', 25, [...])
 2 SYSTEMPATH/View/View.php(213): include('APPPATH/Views/admin/video/index.php')
 3 SYSTEMPATH/View/View.php(216): CodeIgniter\View\View->CodeIgniter\View\{closure}()
 4 SYSTEMPATH/Common.php(1135): CodeIgniter\View\View->render('admin/video/index', [], true)
 5 APPPATH/Views/admin/layout/wrapper.php(13): view('admin/video/index')
 6 SYSTEMPATH/View/View.php(213): include('APPPATH/Views/admin/layout/wrapper.php')
 7 SYSTEMPATH/View/View.php(216): CodeIgniter\View\View->CodeIgniter\View\{closure}()
 8 SYSTEMPATH/Common.php(1135): CodeIgniter\View\View->render('admin/layout/wrapper', [], true)
 9 APPPATH/Controllers/Admin/Video.php(74): view('admin/layout/wrapper', [...])
10 SYSTEMPATH/CodeIgniter.php(925): App\Controllers\Admin\Video->index()
11 SYSTEMPATH/CodeIgniter.php(480): CodeIgniter\CodeIgniter->runController(Object(App\Controllers\Admin\Video))
12 SYSTEMPATH/CodeIgniter.php(349): CodeIgniter\CodeIgniter->handleRequest(null, Object(Config\Cache), false)
13 FCPATH/index.php(67): CodeIgniter\CodeIgniter->run()
14 ROOTPATH/index.php(6): require_once('FCPATH/index.php')
CRITICAL - 2022-12-31 07:34:20 --> Trying to get property 'judul' of non-object
in APPPATH/Controllers/Admin/Video.php on line 136.
 1 APPPATH/Controllers/Admin/Video.php(136): CodeIgniter\Debug\Exceptions->errorHandler(8, 'Trying to get property \'judul\' of non-object', 'APPPATH/Controllers/Admin/Video.php', 136, [...])
 2 SYSTEMPATH/CodeIgniter.php(925): App\Controllers\Admin\Video->edit('ajax.php')
 3 SYSTEMPATH/CodeIgniter.php(480): CodeIgniter\CodeIgniter->runController(Object(App\Controllers\Admin\Video))
 4 SYSTEMPATH/CodeIgniter.php(349): CodeIgniter\CodeIgniter->handleRequest(null, Object(Config\Cache), false)
 5 FCPATH/index.php(67): CodeIgniter\CodeIgniter->run()
 6 ROOTPATH/index.php(6): require_once('FCPATH/index.php')
CRITICAL - 2022-12-31 07:34:58 --> Trying to get property 'judul' of non-object
in APPPATH/Controllers/Admin/Video.php on line 136.
 1 APPPATH/Controllers/Admin/Video.php(136): CodeIgniter\Debug\Exceptions->errorHandler(8, 'Trying to get property \'judul\' of non-object', 'APPPATH/Controllers/Admin/Video.php', 136, [...])
 2 SYSTEMPATH/CodeIgniter.php(925): App\Controllers\Admin\Video->edit('ajax.php')
 3 SYSTEMPATH/CodeIgniter.php(480): CodeIgniter\CodeIgniter->runController(Object(App\Controllers\Admin\Video))
 4 SYSTEMPATH/CodeIgniter.php(349): CodeIgniter\CodeIgniter->handleRequest(null, Object(Config\Cache), false)
 5 FCPATH/index.php(67): CodeIgniter\CodeIgniter->run()
 6 ROOTPATH/index.php(6): require_once('FCPATH/index.php')
CRITICAL - 2022-12-31 07:41:34 --> Trying to get property 'judul' of non-object
in APPPATH/Controllers/Admin/Video.php on line 140.
 1 APPPATH/Controllers/Admin/Video.php(140): CodeIgniter\Debug\Exceptions->errorHandler(8, 'Trying to get property \'judul\' of non-object', 'APPPATH/Controllers/Admin/Video.php', 140, [...])
 2 SYSTEMPATH/CodeIgniter.php(925): App\Controllers\Admin\Video->edit('ajax.php')
 3 SYSTEMPATH/CodeIgniter.php(480): CodeIgniter\CodeIgniter->runController(Object(App\Controllers\Admin\Video))
 4 SYSTEMPATH/CodeIgniter.php(349): CodeIgniter\CodeIgniter->handleRequest(null, Object(Config\Cache), false)
 5 FCPATH/index.php(67): CodeIgniter\CodeIgniter->run()
 6 ROOTPATH/index.php(6): require_once('FCPATH/index.php')
CRITICAL - 2022-12-31 07:44:49 --> Trying to get property 'judul' of non-object
in APPPATH/Controllers/Admin/Video.php on line 140.
 1 APPPATH/Controllers/Admin/Video.php(140): CodeIgniter\Debug\Exceptions->errorHandler(8, 'Trying to get property \'judul\' of non-object', 'APPPATH/Controllers/Admin/Video.php', 140, [...])
 2 SYSTEMPATH/CodeIgniter.php(925): App\Controllers\Admin\Video->edit('ajax.php')
 3 SYSTEMPATH/CodeIgniter.php(480): CodeIgniter\CodeIgniter->runController(Object(App\Controllers\Admin\Video))
 4 SYSTEMPATH/CodeIgniter.php(349): CodeIgniter\CodeIgniter->handleRequest(null, Object(Config\Cache), false)
 5 FCPATH/index.php(67): CodeIgniter\CodeIgniter->run()
 6 ROOTPATH/index.php(6): require_once('FCPATH/index.php')
CRITICAL - 2022-12-31 07:45:42 --> Invalid file: video/index.php
in SYSTEMPATH/Exceptions/FrameworkException.php on line 33.
 1 SYSTEMPATH/View/View.php(201): CodeIgniter\Exceptions\FrameworkException::forInvalidFile('video/index.php')
 2 SYSTEMPATH/Common.php(1135): CodeIgniter\View\View->render('video/index', [], true)
 3 APPPATH/Views/layout/wrapper.php(10): view('video/index')
 4 SYSTEMPATH/View/View.php(213): include('APPPATH/Views/layout/wrapper.php')
 5 SYSTEMPATH/View/View.php(216): CodeIgniter\View\View->CodeIgniter\View\{closure}()
 6 SYSTEMPATH/Common.php(1135): CodeIgniter\View\View->render('layout/wrapper', [], true)
 7 APPPATH/Controllers/Video.php(25): view('layout/wrapper', [...])
 8 SYSTEMPATH/CodeIgniter.php(925): App\Controllers\Video->index()
 9 SYSTEMPATH/CodeIgniter.php(480): CodeIgniter\CodeIgniter->runController(Object(App\Controllers\Video))
10 SYSTEMPATH/CodeIgniter.php(349): CodeIgniter\CodeIgniter->handleRequest(null, Object(Config\Cache), false)
11 FCPATH/index.php(67): CodeIgniter\CodeIgniter->run()
12 ROOTPATH/index.php(6): require_once('FCPATH/index.php')
CRITICAL - 2022-12-31 07:55:09 --> Trying to get property 'judul' of non-object
in APPPATH/Controllers/Admin/Video.php on line 140.
 1 APPPATH/Controllers/Admin/Video.php(140): CodeIgniter\Debug\Exceptions->errorHandler(8, 'Trying to get property \'judul\' of non-object', 'APPPATH/Controllers/Admin/Video.php', 140, [...])
 2 SYSTEMPATH/CodeIgniter.php(925): App\Controllers\Admin\Video->edit('ajax.php')
 3 SYSTEMPATH/CodeIgniter.php(480): CodeIgniter\CodeIgniter->runController(Object(App\Controllers\Admin\Video))
 4 SYSTEMPATH/CodeIgniter.php(349): CodeIgniter\CodeIgniter->handleRequest(null, Object(Config\Cache), false)
 5 FCPATH/index.php(67): CodeIgniter\CodeIgniter->run()
 6 ROOTPATH/index.php(6): require_once('FCPATH/index.php')
CRITICAL - 2022-12-31 07:57:28 --> Trying to get property 'judul' of non-object
in APPPATH/Controllers/Video.php on line 36.
 1 APPPATH/Controllers/Video.php(36): CodeIgniter\Debug\Exceptions->errorHandler(8, 'Trying to get property \'judul\' of non-object', 'APPPATH/Controllers/Video.php', 36, [...])
 2 SYSTEMPATH/CodeIgniter.php(925): App\Controllers\Video->read('assets', 'img', 'cart', 'cart_1_1.jpg')
 3 SYSTEMPATH/CodeIgniter.php(480): CodeIgniter\CodeIgniter->runController(Object(App\Controllers\Video))
 4 SYSTEMPATH/CodeIgniter.php(349): CodeIgniter\CodeIgniter->handleRequest(null, Object(Config\Cache), false)
 5 FCPATH/index.php(67): CodeIgniter\CodeIgniter->run()
 6 ROOTPATH/index.php(6): require_once('FCPATH/index.php')
CRITICAL - 2022-12-31 07:57:28 --> Trying to get property 'judul' of non-object
in APPPATH/Controllers/Video.php on line 36.
 1 APPPATH/Controllers/Video.php(36): CodeIgniter\Debug\Exceptions->errorHandler(8, 'Trying to get property \'judul\' of non-object', 'APPPATH/Controllers/Video.php', 36, [...])
 2 SYSTEMPATH/CodeIgniter.php(925): App\Controllers\Video->read('assets', 'img', 'cart', 'cart_1_2.jpg')
 3 SYSTEMPATH/CodeIgniter.php(480): CodeIgniter\CodeIgniter->runController(Object(App\Controllers\Video))
 4 SYSTEMPATH/CodeIgniter.php(349): CodeIgniter\CodeIgniter->handleRequest(null, Object(Config\Cache), false)
 5 FCPATH/index.php(67): CodeIgniter\CodeIgniter->run()
 6 ROOTPATH/index.php(6): require_once('FCPATH/index.php')
CRITICAL - 2022-12-31 07:57:28 --> Trying to get property 'judul' of non-object
in APPPATH/Controllers/Video.php on line 36.
 1 APPPATH/Controllers/Video.php(36): CodeIgniter\Debug\Exceptions->errorHandler(8, 'Trying to get property \'judul\' of non-object', 'APPPATH/Controllers/Video.php', 36, [...])
 2 SYSTEMPATH/CodeIgniter.php(925): App\Controllers\Video->read('assets', 'img', 'cart', 'cart_1_3.jpg')
 3 SYSTEMPATH/CodeIgniter.php(480): CodeIgniter\CodeIgniter->runController(Object(App\Controllers\Video))
 4 SYSTEMPATH/CodeIgniter.php(349): CodeIgniter\CodeIgniter->handleRequest(null, Object(Config\Cache), false)
 5 FCPATH/index.php(67): CodeIgniter\CodeIgniter->run()
 6 ROOTPATH/index.php(6): require_once('FCPATH/index.php')
CRITICAL - 2022-12-31 07:57:28 --> Trying to get property 'judul' of non-object
in APPPATH/Controllers/Video.php on line 36.
 1 APPPATH/Controllers/Video.php(36): CodeIgniter\Debug\Exceptions->errorHandler(8, 'Trying to get property \'judul\' of non-object', 'APPPATH/Controllers/Video.php', 36, [...])
 2 SYSTEMPATH/CodeIgniter.php(925): App\Controllers\Video->read('assets', 'img', 'cart', 'cart_1_4.jpg')
 3 SYSTEMPATH/CodeIgniter.php(480): CodeIgniter\CodeIgniter->runController(Object(App\Controllers\Video))
 4 SYSTEMPATH/CodeIgniter.php(349): CodeIgniter\CodeIgniter->handleRequest(null, Object(Config\Cache), false)
 5 FCPATH/index.php(67): CodeIgniter\CodeIgniter->run()
 6 ROOTPATH/index.php(6): require_once('FCPATH/index.php')
CRITICAL - 2022-12-31 07:57:28 --> Trying to get property 'judul' of non-object
in APPPATH/Controllers/Video.php on line 36.
 1 APPPATH/Controllers/Video.php(36): CodeIgniter\Debug\Exceptions->errorHandler(8, 'Trying to get property \'judul\' of non-object', 'APPPATH/Controllers/Video.php', 36, [...])
 2 SYSTEMPATH/CodeIgniter.php(925): App\Controllers\Video->read('assets', 'img', 'cart', 'cart_1_5.jpg')
 3 SYSTEMPATH/CodeIgniter.php(480): CodeIgniter\CodeIgniter->runController(Object(App\Controllers\Video))
 4 SYSTEMPATH/CodeIgniter.php(349): CodeIgniter\CodeIgniter->handleRequest(null, Object(Config\Cache), false)
 5 FCPATH/index.php(67): CodeIgniter\CodeIgniter->run()
 6 ROOTPATH/index.php(6): require_once('FCPATH/index.php')
CRITICAL - 2022-12-31 07:57:29 --> Trying to get property 'judul' of non-object
in APPPATH/Controllers/Video.php on line 36.
 1 APPPATH/Controllers/Video.php(36): CodeIgniter\Debug\Exceptions->errorHandler(8, 'Trying to get property \'judul\' of non-object', 'APPPATH/Controllers/Video.php', 36, [...])
 2 SYSTEMPATH/CodeIgniter.php(925): App\Controllers\Video->read('ajax.php')
 3 SYSTEMPATH/CodeIgniter.php(480): CodeIgniter\CodeIgniter->runController(Object(App\Controllers\Video))
 4 SYSTEMPATH/CodeIgniter.php(349): CodeIgniter\CodeIgniter->handleRequest(null, Object(Config\Cache), false)
 5 FCPATH/index.php(67): CodeIgniter\CodeIgniter->run()
 6 ROOTPATH/index.php(6): require_once('FCPATH/index.php')
CRITICAL - 2022-12-31 08:08:40 --> Cannot redeclare App\Models\Video_model::total()
in APPPATH/Models/Video_model.php on line 72.
 1 [internal function]: CodeIgniter\Debug\Exceptions->shutdownHandler()
CRITICAL - 2022-12-31 08:09:07 --> Argument 3 passed to CodeIgniter\Pager\Pager::makeLinks() must be of the type int, object given, called in /Applications/MAMP/htdocs/segu/app/Controllers/Video.php on line 21
in SYSTEMPATH/Pager/Pager.php on line 104.
 1 APPPATH/Controllers/Video.php(21): CodeIgniter\Pager\Pager->makeLinks(1, 12, Object(stdClass), 'bootstrap_pagination')
 2 SYSTEMPATH/CodeIgniter.php(925): App\Controllers\Video->index()
 3 SYSTEMPATH/CodeIgniter.php(480): CodeIgniter\CodeIgniter->runController(Object(App\Controllers\Video))
 4 SYSTEMPATH/CodeIgniter.php(349): CodeIgniter\CodeIgniter->handleRequest(null, Object(Config\Cache), false)
 5 FCPATH/index.php(67): CodeIgniter\CodeIgniter->run()
 6 ROOTPATH/index.php(6): require_once('FCPATH/index.php')
CRITICAL - 2022-12-31 08:37:24 --> Trying to get property 'judul' of non-object
in APPPATH/Controllers/Video.php on line 44.
 1 APPPATH/Controllers/Video.php(44): CodeIgniter\Debug\Exceptions->errorHandler(8, 'Trying to get property \'judul\' of non-object', 'APPPATH/Controllers/Video.php', 44, [...])
 2 SYSTEMPATH/CodeIgniter.php(925): App\Controllers\Video->read('assets', 'img', 'cart', 'cart_1_1.jpg')
 3 SYSTEMPATH/CodeIgniter.php(480): CodeIgniter\CodeIgniter->runController(Object(App\Controllers\Video))
 4 SYSTEMPATH/CodeIgniter.php(349): CodeIgniter\CodeIgniter->handleRequest(null, Object(Config\Cache), false)
 5 FCPATH/index.php(67): CodeIgniter\CodeIgniter->run()
 6 ROOTPATH/index.php(6): require_once('FCPATH/index.php')
CRITICAL - 2022-12-31 08:37:24 --> Trying to get property 'judul' of non-object
in APPPATH/Controllers/Video.php on line 44.
 1 APPPATH/Controllers/Video.php(44): CodeIgniter\Debug\Exceptions->errorHandler(8, 'Trying to get property \'judul\' of non-object', 'APPPATH/Controllers/Video.php', 44, [...])
 2 SYSTEMPATH/CodeIgniter.php(925): App\Controllers\Video->read('assets', 'img', 'cart', 'cart_1_2.jpg')
 3 SYSTEMPATH/CodeIgniter.php(480): CodeIgniter\CodeIgniter->runController(Object(App\Controllers\Video))
 4 SYSTEMPATH/CodeIgniter.php(349): CodeIgniter\CodeIgniter->handleRequest(null, Object(Config\Cache), false)
 5 FCPATH/index.php(67): CodeIgniter\CodeIgniter->run()
 6 ROOTPATH/index.php(6): require_once('FCPATH/index.php')
CRITICAL - 2022-12-31 08:37:25 --> Trying to get property 'judul' of non-object
in APPPATH/Controllers/Video.php on line 44.
 1 APPPATH/Controllers/Video.php(44): CodeIgniter\Debug\Exceptions->errorHandler(8, 'Trying to get property \'judul\' of non-object', 'APPPATH/Controllers/Video.php', 44, [...])
 2 SYSTEMPATH/CodeIgniter.php(925): App\Controllers\Video->read('assets', 'img', 'cart', 'cart_1_4.jpg')
 3 SYSTEMPATH/CodeIgniter.php(480): CodeIgniter\CodeIgniter->runController(Object(App\Controllers\Video))
 4 SYSTEMPATH/CodeIgniter.php(349): CodeIgniter\CodeIgniter->handleRequest(null, Object(Config\Cache), false)
 5 FCPATH/index.php(67): CodeIgniter\CodeIgniter->run()
 6 ROOTPATH/index.php(6): require_once('FCPATH/index.php')
CRITICAL - 2022-12-31 08:37:25 --> Trying to get property 'judul' of non-object
in APPPATH/Controllers/Video.php on line 44.
 1 APPPATH/Controllers/Video.php(44): CodeIgniter\Debug\Exceptions->errorHandler(8, 'Trying to get property \'judul\' of non-object', 'APPPATH/Controllers/Video.php', 44, [...])
 2 SYSTEMPATH/CodeIgniter.php(925): App\Controllers\Video->read('assets', 'img', 'cart', 'cart_1_3.jpg')
 3 SYSTEMPATH/CodeIgniter.php(480): CodeIgniter\CodeIgniter->runController(Object(App\Controllers\Video))
 4 SYSTEMPATH/CodeIgniter.php(349): CodeIgniter\CodeIgniter->handleRequest(null, Object(Config\Cache), false)
 5 FCPATH/index.php(67): CodeIgniter\CodeIgniter->run()
 6 ROOTPATH/index.php(6): require_once('FCPATH/index.php')
CRITICAL - 2022-12-31 08:37:25 --> Trying to get property 'judul' of non-object
in APPPATH/Controllers/Video.php on line 44.
 1 APPPATH/Controllers/Video.php(44): CodeIgniter\Debug\Exceptions->errorHandler(8, 'Trying to get property \'judul\' of non-object', 'APPPATH/Controllers/Video.php', 44, [...])
 2 SYSTEMPATH/CodeIgniter.php(925): App\Controllers\Video->read('assets', 'img', 'cart', 'cart_1_5.jpg')
 3 SYSTEMPATH/CodeIgniter.php(480): CodeIgniter\CodeIgniter->runController(Object(App\Controllers\Video))
 4 SYSTEMPATH/CodeIgniter.php(349): CodeIgniter\CodeIgniter->handleRequest(null, Object(Config\Cache), false)
 5 FCPATH/index.php(67): CodeIgniter\CodeIgniter->run()
 6 ROOTPATH/index.php(6): require_once('FCPATH/index.php')
CRITICAL - 2022-12-31 08:37:25 --> Trying to get property 'judul' of non-object
in APPPATH/Controllers/Video.php on line 44.
 1 APPPATH/Controllers/Video.php(44): CodeIgniter\Debug\Exceptions->errorHandler(8, 'Trying to get property \'judul\' of non-object', 'APPPATH/Controllers/Video.php', 44, [...])
 2 SYSTEMPATH/CodeIgniter.php(925): App\Controllers\Video->read('ajax.php')
 3 SYSTEMPATH/CodeIgniter.php(480): CodeIgniter\CodeIgniter->runController(Object(App\Controllers\Video))
 4 SYSTEMPATH/CodeIgniter.php(349): CodeIgniter\CodeIgniter->handleRequest(null, Object(Config\Cache), false)
 5 FCPATH/index.php(67): CodeIgniter\CodeIgniter->run()
 6 ROOTPATH/index.php(6): require_once('FCPATH/index.php')
